[35m[1mScanning dependencies of target bot_control[0m
[ 50%] [32mBuilding CXX object CMakeFiles/bot_control.dir/src/processor.cpp.o[0m
[01m[K/home/olel/Projects/FPMagangBayu24/src/control/src/processor.cpp:[m[K In member function ‘[01m[Kbool ControllerTicTacToe::checkWin(std::vector<int>, int)[m[K’:
[01m[K/home/olel/Projects/FPMagangBayu24/src/control/src/processor.cpp:68:36:[m[K [01;35m[Kwarning: [m[Kunused parameter ‘[01m[KboardState[m[K’ [[01;35m[K-Wunused-parameter[m[K]
   68 |     bool checkWin([01;35m[Kstd::vector<int> boardState[m[K, int player)
      |                   [01;35m[K~~~~~~~~~~~~~~~~~^~~~~~~~~~[m[K
[01m[K/home/olel/Projects/FPMagangBayu24/src/control/src/processor.cpp:68:52:[m[K [01;35m[Kwarning: [m[Kunused parameter ‘[01m[Kplayer[m[K’ [[01;35m[K-Wunused-parameter[m[K]
   68 |     bool checkWin(std::vector<int> boardState, [01;35m[Kint player[m[K)
      |                                                [01;35m[K~~~~^~~~~~[m[K
[01m[K/home/olel/Projects/FPMagangBayu24/src/control/src/processor.cpp:[m[K In member function ‘[01m[Kint ControllerTicTacToe::moveScore(std::vector<int>, int)[m[K’:
[01m[K/home/olel/Projects/FPMagangBayu24/src/control/src/processor.cpp:74:36:[m[K [01;35m[Kwarning: [m[Kunused parameter ‘[01m[KboardState[m[K’ [[01;35m[K-Wunused-parameter[m[K]
   74 |     int moveScore([01;35m[Kstd::vector<int> boardState[m[K, int Player)
      |                   [01;35m[K~~~~~~~~~~~~~~~~~^~~~~~~~~~[m[K
[01m[K/home/olel/Projects/FPMagangBayu24/src/control/src/processor.cpp:74:52:[m[K [01;35m[Kwarning: [m[Kunused parameter ‘[01m[KPlayer[m[K’ [[01;35m[K-Wunused-parameter[m[K]
   74 |     int moveScore(std::vector<int> boardState, [01;35m[Kint Player[m[K)
      |                                                [01;35m[K~~~~^~~~~~[m[K
[01m[K/home/olel/Projects/FPMagangBayu24/src/control/src/processor.cpp:[m[K In member function ‘[01m[Kint ControllerTicTacToe::determine(std::vector<int>)[m[K’:
[01m[K/home/olel/Projects/FPMagangBayu24/src/control/src/processor.cpp:84:36:[m[K [01;35m[Kwarning: [m[Kunused parameter ‘[01m[KboardState[m[K’ [[01;35m[K-Wunused-parameter[m[K]
   84 |     int determine([01;35m[Kstd::vector<int> boardState[m[K)
      |                   [01;35m[K~~~~~~~~~~~~~~~~~^~~~~~~~~~[m[K
[100%] [32m[1mLinking CXX executable bot_control[0m
[100%] Built target bot_control
-- Install configuration: ""
-- Installing: /home/olel/Projects/FPMagangBayu24/install/control/lib/control/bot_control
-- Set runtime path of "/home/olel/Projects/FPMagangBayu24/install/control/lib/control/bot_control" to ""
-- Up-to-date: /home/olel/Projects/FPMagangBayu24/install/control/share/ament_index/resource_index/package_run_dependencies/control
-- Up-to-date: /home/olel/Projects/FPMagangBayu24/install/control/share/ament_index/resource_index/parent_prefix_path/control
-- Up-to-date: /home/olel/Projects/FPMagangBayu24/install/control/share/control/environment/ament_prefix_path.sh
-- Up-to-date: /home/olel/Projects/FPMagangBayu24/install/control/share/control/environment/ament_prefix_path.dsv
-- Up-to-date: /home/olel/Projects/FPMagangBayu24/install/control/share/control/environment/path.sh
-- Up-to-date: /home/olel/Projects/FPMagangBayu24/install/control/share/control/environment/path.dsv
-- Up-to-date: /home/olel/Projects/FPMagangBayu24/install/control/share/control/local_setup.bash
-- Up-to-date: /home/olel/Projects/FPMagangBayu24/install/control/share/control/local_setup.sh
-- Up-to-date: /home/olel/Projects/FPMagangBayu24/install/control/share/control/local_setup.zsh
-- Up-to-date: /home/olel/Projects/FPMagangBayu24/install/control/share/control/local_setup.dsv
-- Installing: /home/olel/Projects/FPMagangBayu24/install/control/share/control/package.dsv
-- Up-to-date: /home/olel/Projects/FPMagangBayu24/install/control/share/ament_index/resource_index/packages/control
-- Up-to-date: /home/olel/Projects/FPMagangBayu24/install/control/share/control/cmake/controlConfig.cmake
-- Up-to-date: /home/olel/Projects/FPMagangBayu24/install/control/share/control/cmake/controlConfig-version.cmake
-- Up-to-date: /home/olel/Projects/FPMagangBayu24/install/control/share/control/package.xml
