[0.485s] Invoking command in '/home/olel/Projects/FPMagangBayu24/build/control': CMAKE_PREFIX_PATH=/opt/ros/foxy /usr/bin/cmake /home/olel/Projects/FPMagangBayu24/src/control -DCMAKE_INSTALL_PREFIX=/home/olel/Projects/FPMagangBayu24/install/control
[0.591s] -- The C compiler identification is GNU 9.4.0
[0.673s] -- The CXX compiler identification is GNU 9.4.0
[0.680s] -- Check for working C compiler: /usr/bin/cc
[0.754s] -- Check for working C compiler: /usr/bin/cc -- works
[0.756s] -- Detecting C compiler ABI info
[0.836s] -- Detecting C compiler ABI info - done
[0.845s] -- Detecting C compile features
[0.845s] -- Detecting C compile features - done
[0.848s] -- Check for working CXX compiler: /usr/bin/c++
[0.945s] -- Check for working CXX compiler: /usr/bin/c++ -- works
[0.946s] -- Detecting CXX compiler ABI info
[1.035s] -- Detecting CXX compiler ABI info - done
[1.048s] -- Detecting CXX compile features
[1.048s] -- Detecting CXX compile features - done
[1.052s] -- Found ament_cmake: 0.9.12 (/opt/ros/foxy/share/ament_cmake/cmake)
[1.074s] -- Found PythonInterp: /usr/bin/python3 (found suitable version "3.8.10", minimum required is "3") 
[1.074s] -- Using PYTHON_EXECUTABLE: /usr/bin/python3
[1.239s] -- Found rclcpp: 2.4.3 (/opt/ros/foxy/share/rclcpp/cmake)
[1.278s] -- Using all available rosidl_typesupport_c: rosidl_typesupport_fastrtps_c;rosidl_typesupport_introspection_c
[1.284s] -- Found rosidl_adapter: 1.3.1 (/opt/ros/foxy/share/rosidl_adapter/cmake)
[1.348s] -- Found OpenSSL: /usr/lib/x86_64-linux-gnu/libcrypto.so (found version "1.1.1f")  
[1.372s] -- Found FastRTPS: /opt/ros/foxy/include  
[1.436s] -- Using all available rosidl_typesupport_cpp: rosidl_typesupport_fastrtps_cpp;rosidl_typesupport_introspection_cpp
[1.486s] -- Found rmw_implementation_cmake: 1.0.4 (/opt/ros/foxy/share/rmw_implementation_cmake/cmake)
[1.487s] -- Using RMW implementation 'rmw_fastrtps_cpp' as default
[1.488s] -- Looking for pthread.h
[1.565s] -- Looking for pthread.h - found
[1.565s] -- Performing Test CMAKE_HAVE_LIBC_PTHREAD
[1.639s] -- Performing Test CMAKE_HAVE_LIBC_PTHREAD - Failed
[1.640s] -- Looking for pthread_create in pthreads
[1.701s] -- Looking for pthread_create in pthreads - not found
[1.701s] -- Looking for pthread_create in pthread
[1.782s] -- Looking for pthread_create in pthread - found
[1.784s] -- Found Threads: TRUE  
[1.927s] CMake Error at /opt/ros/foxy/share/ament_cmake_target_dependencies/cmake/ament_target_dependencies.cmake:42 (message):
[1.927s]   ament_target_dependencies() the first argument must be a valid target name
[1.927s] Call Stack (most recent call first):
[1.927s]   CMakeLists.txt:27 (ament_target_dependencies)
[1.928s] 
[1.928s] 
[1.928s] -- Configuring incomplete, errors occurred!
[1.929s] See also "/home/olel/Projects/FPMagangBayu24/build/control/CMakeFiles/CMakeOutput.log".
[1.929s] See also "/home/olel/Projects/FPMagangBayu24/build/control/CMakeFiles/CMakeError.log".
[1.942s] Invoked command in '/home/olel/Projects/FPMagangBayu24/build/control' returned '1': CMAKE_PREFIX_PATH=/opt/ros/foxy /usr/bin/cmake /home/olel/Projects/FPMagangBayu24/src/control -DCMAKE_INSTALL_PREFIX=/home/olel/Projects/FPMagangBayu24/install/control
