[0.104s] Invoking command in '/home/olel/Projects/FPMagangBayu24/build/control': /usr/local/bin/cmake --build /home/olel/Projects/FPMagangBayu24/build/control -- -j16 -l16
[0.222s] [100%] Built target bot_control
[0.236s] Invoked command in '/home/olel/Projects/FPMagangBayu24/build/control' returned '0': /usr/local/bin/cmake --build /home/olel/Projects/FPMagangBayu24/build/control -- -j16 -l16
[0.261s] Invoking command in '/home/olel/Projects/FPMagangBayu24/build/control': /usr/local/bin/cmake --install /home/olel/Projects/FPMagangBayu24/build/control
[0.262s] -- Install configuration: ""
[0.263s] -- Up-to-date: /home/olel/Projects/FPMagangBayu24/install/control/lib/control/bot_control
[0.263s] -- Up-to-date: /home/olel/Projects/FPMagangBayu24/install/control/share/ament_index/resource_index/package_run_dependencies/control
[0.263s] -- Up-to-date: /home/olel/Projects/FPMagangBayu24/install/control/share/ament_index/resource_index/parent_prefix_path/control
[0.264s] -- Up-to-date: /home/olel/Projects/FPMagangBayu24/install/control/share/control/environment/ament_prefix_path.sh
[0.264s] -- Up-to-date: /home/olel/Projects/FPMagangBayu24/install/control/share/control/environment/ament_prefix_path.dsv
[0.264s] -- Up-to-date: /home/olel/Projects/FPMagangBayu24/install/control/share/control/environment/path.sh
[0.264s] -- Up-to-date: /home/olel/Projects/FPMagangBayu24/install/control/share/control/environment/path.dsv
[0.264s] -- Up-to-date: /home/olel/Projects/FPMagangBayu24/install/control/share/control/local_setup.bash
[0.265s] -- Up-to-date: /home/olel/Projects/FPMagangBayu24/install/control/share/control/local_setup.sh
[0.265s] -- Up-to-date: /home/olel/Projects/FPMagangBayu24/install/control/share/control/local_setup.zsh
[0.265s] -- Up-to-date: /home/olel/Projects/FPMagangBayu24/install/control/share/control/local_setup.dsv
[0.266s] -- Installing: /home/olel/Projects/FPMagangBayu24/install/control/share/control/package.dsv
[0.266s] -- Up-to-date: /home/olel/Projects/FPMagangBayu24/install/control/share/ament_index/resource_index/packages/control
[0.266s] -- Up-to-date: /home/olel/Projects/FPMagangBayu24/install/control/share/control/cmake/controlConfig.cmake
[0.266s] -- Up-to-date: /home/olel/Projects/FPMagangBayu24/install/control/share/control/cmake/controlConfig-version.cmake
[0.266s] -- Up-to-date: /home/olel/Projects/FPMagangBayu24/install/control/share/control/package.xml
[0.266s] Invoked command in '/home/olel/Projects/FPMagangBayu24/build/control' returned '0': /usr/local/bin/cmake --install /home/olel/Projects/FPMagangBayu24/build/control
