[0.709s] Invoking command in '/home/olel/Projects/FPMagangBayu24/src/vision': PYTHONPATH=/home/olel/Projects/FPMagangBayu24/build/vision/prefix_override:/home/olel/Projects/FPMagangBayu24/install/vision/lib/python3.8/site-packages: /usr/bin/python3 setup.py egg_info --egg-base ../../build/vision build --build-base /home/olel/Projects/FPMagangBayu24/build/vision/build install --record /home/olel/Projects/FPMagangBayu24/build/vision/install.log --install-scripts $base/lib/vision --single-version-externally-managed
[0.848s] running egg_info
[0.849s] writing ../../build/vision/vision.egg-info/PKG-INFO
[0.849s] writing dependency_links to ../../build/vision/vision.egg-info/dependency_links.txt
[0.849s] writing entry points to ../../build/vision/vision.egg-info/entry_points.txt
[0.849s] writing requirements to ../../build/vision/vision.egg-info/requires.txt
[0.849s] writing top-level names to ../../build/vision/vision.egg-info/top_level.txt
[0.877s] reading manifest file '../../build/vision/vision.egg-info/SOURCES.txt'
[0.878s] writing manifest file '../../build/vision/vision.egg-info/SOURCES.txt'
[0.878s] running build
[0.878s] running build_py
[0.878s] copying vision/visioner.py -> /home/olel/Projects/FPMagangBayu24/build/vision/build/lib/vision
[0.878s] running install
[0.879s] running install_lib
[0.879s] copying /home/olel/Projects/FPMagangBayu24/build/vision/build/lib/vision/visioner.py -> /home/olel/Projects/FPMagangBayu24/install/vision/lib/python3.8/site-packages/vision
[0.880s] byte-compiling /home/olel/Projects/FPMagangBayu24/install/vision/lib/python3.8/site-packages/vision/visioner.py to visioner.cpython-38.pyc
[0.881s] running install_data
[0.882s] running install_egg_info
[0.883s] removing '/home/olel/Projects/FPMagangBayu24/install/vision/lib/python3.8/site-packages/vision-0.0.0-py3.8.egg-info' (and everything under it)
[0.883s] Copying ../../build/vision/vision.egg-info to /home/olel/Projects/FPMagangBayu24/install/vision/lib/python3.8/site-packages/vision-0.0.0-py3.8.egg-info
[0.884s] running install_scripts
[0.897s] Installing bot_vision script to /home/olel/Projects/FPMagangBayu24/install/vision/lib/vision
[0.897s] writing list of installed files to '/home/olel/Projects/FPMagangBayu24/build/vision/install.log'
[0.918s] Invoked command in '/home/olel/Projects/FPMagangBayu24/src/vision' returned '0': PYTHONPATH=/home/olel/Projects/FPMagangBayu24/build/vision/prefix_override:/home/olel/Projects/FPMagangBayu24/install/vision/lib/python3.8/site-packages: /usr/bin/python3 setup.py egg_info --egg-base ../../build/vision build --build-base /home/olel/Projects/FPMagangBayu24/build/vision/build install --record /home/olel/Projects/FPMagangBayu24/build/vision/install.log --install-scripts $base/lib/vision --single-version-externally-managed
