[0.227s] Invoking command in '/home/olel/Projects/FPMagangBayu24/build/translator': AMENT_PREFIX_PATH=/home/olel/Projects/FPMagangBayu24/install/arm_interfaces:${AMENT_PREFIX_PATH} CMAKE_PREFIX_PATH=/home/olel/Projects/FPMagangBayu24/install/arm_interfaces:/opt/ros/foxy LD_LIBRARY_PATH=/home/olel/Projects/FPMagangBayu24/install/arm_interfaces/lib:${LD_LIBRARY_PATH} PYTHONPATH=/home/olel/Projects/FPMagangBayu24/install/arm_interfaces/lib/python3.8/site-packages:${PYTHONPATH} /usr/local/bin/cmake --build /home/olel/Projects/FPMagangBayu24/build/translator -- -j16 -l16
[0.270s] [100%] Built target bot_translatator
[0.274s] Invoked command in '/home/olel/Projects/FPMagangBayu24/build/translator' returned '0': AMENT_PREFIX_PATH=/home/olel/Projects/FPMagangBayu24/install/arm_interfaces:${AMENT_PREFIX_PATH} CMAKE_PREFIX_PATH=/home/olel/Projects/FPMagangBayu24/install/arm_interfaces:/opt/ros/foxy LD_LIBRARY_PATH=/home/olel/Projects/FPMagangBayu24/install/arm_interfaces/lib:${LD_LIBRARY_PATH} PYTHONPATH=/home/olel/Projects/FPMagangBayu24/install/arm_interfaces/lib/python3.8/site-packages:${PYTHONPATH} /usr/local/bin/cmake --build /home/olel/Projects/FPMagangBayu24/build/translator -- -j16 -l16
[0.304s] Invoking command in '/home/olel/Projects/FPMagangBayu24/build/translator': AMENT_PREFIX_PATH=/home/olel/Projects/FPMagangBayu24/install/arm_interfaces:${AMENT_PREFIX_PATH} CMAKE_PREFIX_PATH=/home/olel/Projects/FPMagangBayu24/install/arm_interfaces:/opt/ros/foxy LD_LIBRARY_PATH=/home/olel/Projects/FPMagangBayu24/install/arm_interfaces/lib:${LD_LIBRARY_PATH} PYTHONPATH=/home/olel/Projects/FPMagangBayu24/install/arm_interfaces/lib/python3.8/site-packages:${PYTHONPATH} /usr/local/bin/cmake --install /home/olel/Projects/FPMagangBayu24/build/translator
[0.309s] -- Install configuration: ""
[0.309s] -- Up-to-date: /home/olel/Projects/FPMagangBayu24/install/translator/lib/translator/bot_translatator
[0.309s] -- Up-to-date: /home/olel/Projects/FPMagangBayu24/install/translator/share/ament_index/resource_index/package_run_dependencies/translator
[0.309s] -- Up-to-date: /home/olel/Projects/FPMagangBayu24/install/translator/share/ament_index/resource_index/parent_prefix_path/translator
[0.309s] -- Up-to-date: /home/olel/Projects/FPMagangBayu24/install/translator/share/translator/environment/ament_prefix_path.sh
[0.309s] -- Up-to-date: /home/olel/Projects/FPMagangBayu24/install/translator/share/translator/environment/ament_prefix_path.dsv
[0.309s] -- Up-to-date: /home/olel/Projects/FPMagangBayu24/install/translator/share/translator/environment/path.sh
[0.309s] -- Up-to-date: /home/olel/Projects/FPMagangBayu24/install/translator/share/translator/environment/path.dsv
[0.310s] -- Up-to-date: /home/olel/Projects/FPMagangBayu24/install/translator/share/translator/local_setup.bash
[0.310s] -- Up-to-date: /home/olel/Projects/FPMagangBayu24/install/translator/share/translator/local_setup.sh
[0.310s] -- Up-to-date: /home/olel/Projects/FPMagangBayu24/install/translator/share/translator/local_setup.zsh
[0.310s] -- Up-to-date: /home/olel/Projects/FPMagangBayu24/install/translator/share/translator/local_setup.dsv
[0.310s] -- Installing: /home/olel/Projects/FPMagangBayu24/install/translator/share/translator/package.dsv
[0.310s] -- Up-to-date: /home/olel/Projects/FPMagangBayu24/install/translator/share/ament_index/resource_index/packages/translator
[0.310s] -- Up-to-date: /home/olel/Projects/FPMagangBayu24/install/translator/share/translator/cmake/translatorConfig.cmake
[0.310s] -- Up-to-date: /home/olel/Projects/FPMagangBayu24/install/translator/share/translator/cmake/translatorConfig-version.cmake
[0.310s] -- Up-to-date: /home/olel/Projects/FPMagangBayu24/install/translator/share/translator/package.xml
[0.313s] Invoked command in '/home/olel/Projects/FPMagangBayu24/build/translator' returned '0': AMENT_PREFIX_PATH=/home/olel/Projects/FPMagangBayu24/install/arm_interfaces:${AMENT_PREFIX_PATH} CMAKE_PREFIX_PATH=/home/olel/Projects/FPMagangBayu24/install/arm_interfaces:/opt/ros/foxy LD_LIBRARY_PATH=/home/olel/Projects/FPMagangBayu24/install/arm_interfaces/lib:${LD_LIBRARY_PATH} PYTHONPATH=/home/olel/Projects/FPMagangBayu24/install/arm_interfaces/lib/python3.8/site-packages:${PYTHONPATH} /usr/local/bin/cmake --install /home/olel/Projects/FPMagangBayu24/build/translator
