[3.263s] DEBUG:colcon:Command line arguments: ['/usr/bin/colcon', 'build', '--packages-select', 'translator']
[3.263s] DEBUG:colcon:Parsed command line arguments: Namespace(allow_overriding=[], ament_cmake_args=None, base_paths=['.'], build_base='build', catkin_cmake_args=None, catkin_skip_building_tests=False, cmake_args=None, cmake_clean_cache=False, cmake_clean_first=False, cmake_force_configure=False, cmake_target=None, cmake_target_skip_unavailable=False, continue_on_error=False, event_handlers=None, executor='parallel', ignore_user_meta=False, install_base='install', log_base=None, log_level=None, main=<bound method BuildVerb.main of <colcon_core.verb.build.BuildVerb object at 0x7facfad235e0>>, merge_install=False, metas=['./colcon.meta'], packages_above=None, packages_above_and_dependencies=None, packages_above_depth=None, packages_end=None, packages_ignore=None, packages_ignore_regex=None, packages_select=['translator'], packages_select_build_failed=False, packages_select_by_dep=None, packages_select_regex=None, packages_select_test_failures=False, packages_skip=None, packages_skip_build_finished=False, packages_skip_by_dep=None, packages_skip_regex=None, packages_skip_test_passed=False, packages_skip_up_to=None, packages_start=None, packages_up_to=None, packages_up_to_regex=None, parallel_workers=16, paths=None, symlink_install=False, test_result_base=None, verb_extension=<colcon_core.verb.build.BuildVerb object at 0x7facfad235e0>, verb_name='build', verb_parser=<colcon_defaults.argument_parser.defaults.DefaultArgumentsDecorator object at 0x7facfad6e1c0>)
[3.414s] Level 1:colcon.colcon_core.package_discovery:discover_packages(colcon_meta) check parameters
[3.414s] Level 1:colcon.colcon_core.package_discovery:discover_packages(recursive) check parameters
[3.414s] Level 1:colcon.colcon_core.package_discovery:discover_packages(ignore) check parameters
[3.414s] Level 1:colcon.colcon_core.package_discovery:discover_packages(path) check parameters
[3.414s] Level 1:colcon.colcon_core.package_discovery:discover_packages(colcon_meta) discover
[3.414s] Level 1:colcon.colcon_core.package_discovery:discover_packages(recursive) discover
[3.414s] INFO:colcon.colcon_core.package_discovery:Crawling recursively for packages in '/home/olel/Projects/FPMagangBayu24'
[3.415s] Level 1:colcon.colcon_core.package_identification:_identify(.) by extensions ['ignore', 'ignore_ament_install']
[3.415s] Level 1:colcon.colcon_core.package_identification:_identify(.) by extension 'ignore'
[3.415s] Level 1:colcon.colcon_core.package_identification:_identify(.) by extension 'ignore_ament_install'
[3.415s] Level 1:colcon.colcon_core.package_identification:_identify(.) by extensions ['colcon_pkg']
[3.415s] Level 1:colcon.colcon_core.package_identification:_identify(.) by extension 'colcon_pkg'
[3.415s] Level 1:colcon.colcon_core.package_identification:_identify(.) by extensions ['colcon_meta']
[3.415s] Level 1:colcon.colcon_core.package_identification:_identify(.) by extension 'colcon_meta'
[3.415s] Level 1:colcon.colcon_core.package_identification:_identify(.) by extensions ['ros']
[3.415s] Level 1:colcon.colcon_core.package_identification:_identify(.) by extension 'ros'
[3.428s] Level 1:colcon.colcon_core.package_identification:_identify(.) by extensions ['cmake', 'python']
[3.429s] Level 1:colcon.colcon_core.package_identification:_identify(.) by extension 'cmake'
[3.429s] Level 1:colcon.colcon_core.package_identification:_identify(.) by extension 'python'
[3.429s] Level 1:colcon.colcon_core.package_identification:_identify(.) by extensions ['python_setup_py']
[3.429s] Level 1:colcon.colcon_core.package_identification:_identify(.) by extension 'python_setup_py'
[3.429s] Level 1:colcon.colcon_core.package_identification:_identify(build) by extensions ['ignore', 'ignore_ament_install']
[3.429s] Level 1:colcon.colcon_core.package_identification:_identify(build) by extension 'ignore'
[3.429s] Level 1:colcon.colcon_core.package_identification:_identify(build) ignored
[3.430s] Level 1:colcon.colcon_core.package_identification:_identify(docs) by extensions ['ignore', 'ignore_ament_install']
[3.430s] Level 1:colcon.colcon_core.package_identification:_identify(docs) by extension 'ignore'
[3.430s] Level 1:colcon.colcon_core.package_identification:_identify(docs) by extension 'ignore_ament_install'
[3.430s] Level 1:colcon.colcon_core.package_identification:_identify(docs) by extensions ['colcon_pkg']
[3.430s] Level 1:colcon.colcon_core.package_identification:_identify(docs) by extension 'colcon_pkg'
[3.430s] Level 1:colcon.colcon_core.package_identification:_identify(docs) by extensions ['colcon_meta']
[3.430s] Level 1:colcon.colcon_core.package_identification:_identify(docs) by extension 'colcon_meta'
[3.430s] Level 1:colcon.colcon_core.package_identification:_identify(docs) by extensions ['ros']
[3.430s] Level 1:colcon.colcon_core.package_identification:_identify(docs) by extension 'ros'
[3.430s] Level 1:colcon.colcon_core.package_identification:_identify(docs) by extensions ['cmake', 'python']
[3.430s] Level 1:colcon.colcon_core.package_identification:_identify(docs) by extension 'cmake'
[3.430s] Level 1:colcon.colcon_core.package_identification:_identify(docs) by extension 'python'
[3.430s] Level 1:colcon.colcon_core.package_identification:_identify(docs) by extensions ['python_setup_py']
[3.430s] Level 1:colcon.colcon_core.package_identification:_identify(docs) by extension 'python_setup_py'
[3.430s] Level 1:colcon.colcon_core.package_identification:_identify(install) by extensions ['ignore', 'ignore_ament_install']
[3.430s] Level 1:colcon.colcon_core.package_identification:_identify(install) by extension 'ignore'
[3.430s] Level 1:colcon.colcon_core.package_identification:_identify(install) ignored
[3.431s] Level 1:colcon.colcon_core.package_identification:_identify(log) by extensions ['ignore', 'ignore_ament_install']
[3.431s] Level 1:colcon.colcon_core.package_identification:_identify(log) by extension 'ignore'
[3.431s] Level 1:colcon.colcon_core.package_identification:_identify(log) ignored
[3.431s] Level 1:colcon.colcon_core.package_identification:_identify(src) by extensions ['ignore', 'ignore_ament_install']
[3.431s] Level 1:colcon.colcon_core.package_identification:_identify(src) by extension 'ignore'
[3.431s] Level 1:colcon.colcon_core.package_identification:_identify(src) by extension 'ignore_ament_install'
[3.431s] Level 1:colcon.colcon_core.package_identification:_identify(src) by extensions ['colcon_pkg']
[3.431s] Level 1:colcon.colcon_core.package_identification:_identify(src) by extension 'colcon_pkg'
[3.431s] Level 1:colcon.colcon_core.package_identification:_identify(src) by extensions ['colcon_meta']
[3.431s] Level 1:colcon.colcon_core.package_identification:_identify(src) by extension 'colcon_meta'
[3.431s] Level 1:colcon.colcon_core.package_identification:_identify(src) by extensions ['ros']
[3.431s] Level 1:colcon.colcon_core.package_identification:_identify(src) by extension 'ros'
[3.431s] Level 1:colcon.colcon_core.package_identification:_identify(src) by extensions ['cmake', 'python']
[3.431s] Level 1:colcon.colcon_core.package_identification:_identify(src) by extension 'cmake'
[3.431s] Level 1:colcon.colcon_core.package_identification:_identify(src) by extension 'python'
[3.431s] Level 1:colcon.colcon_core.package_identification:_identify(src) by extensions ['python_setup_py']
[3.431s] Level 1:colcon.colcon_core.package_identification:_identify(src) by extension 'python_setup_py'
[3.432s] Level 1:colcon.colcon_core.package_identification:_identify(src/arm) by extensions ['ignore', 'ignore_ament_install']
[3.432s] Level 1:colcon.colcon_core.package_identification:_identify(src/arm) by extension 'ignore'
[3.432s] Level 1:colcon.colcon_core.package_identification:_identify(src/arm) by extension 'ignore_ament_install'
[3.432s] Level 1:colcon.colcon_core.package_identification:_identify(src/arm) by extensions ['colcon_pkg']
[3.432s] Level 1:colcon.colcon_core.package_identification:_identify(src/arm) by extension 'colcon_pkg'
[3.432s] Level 1:colcon.colcon_core.package_identification:_identify(src/arm) by extensions ['colcon_meta']
[3.432s] Level 1:colcon.colcon_core.package_identification:_identify(src/arm) by extension 'colcon_meta'
[3.432s] Level 1:colcon.colcon_core.package_identification:_identify(src/arm) by extensions ['ros']
[3.432s] Level 1:colcon.colcon_core.package_identification:_identify(src/arm) by extension 'ros'
[3.432s] Level 1:colcon.colcon_core.package_identification:_identify(src/arm) by extensions ['cmake', 'python']
[3.432s] Level 1:colcon.colcon_core.package_identification:_identify(src/arm) by extension 'cmake'
[3.432s] Level 1:colcon.colcon_core.package_identification:_identify(src/arm) by extension 'python'
[3.432s] Level 1:colcon.colcon_core.package_identification:_identify(src/arm) by extensions ['python_setup_py']
[3.432s] Level 1:colcon.colcon_core.package_identification:_identify(src/arm) by extension 'python_setup_py'
[3.432s] Level 1:colcon.colcon_core.package_identification:_identify(src/arm_interfaces) by extensions ['ignore', 'ignore_ament_install']
[3.432s] Level 1:colcon.colcon_core.package_identification:_identify(src/arm_interfaces) by extension 'ignore'
[3.432s] Level 1:colcon.colcon_core.package_identification:_identify(src/arm_interfaces) by extension 'ignore_ament_install'
[3.432s] Level 1:colcon.colcon_core.package_identification:_identify(src/arm_interfaces) by extensions ['colcon_pkg']
[3.432s] Level 1:colcon.colcon_core.package_identification:_identify(src/arm_interfaces) by extension 'colcon_pkg'
[3.432s] Level 1:colcon.colcon_core.package_identification:_identify(src/arm_interfaces) by extensions ['colcon_meta']
[3.432s] Level 1:colcon.colcon_core.package_identification:_identify(src/arm_interfaces) by extension 'colcon_meta'
[3.432s] Level 1:colcon.colcon_core.package_identification:_identify(src/arm_interfaces) by extensions ['ros']
[3.432s] Level 1:colcon.colcon_core.package_identification:_identify(src/arm_interfaces) by extension 'ros'
[3.435s] DEBUG:colcon.colcon_core.package_identification:Package 'src/arm_interfaces' with type 'ros.ament_cmake' and name 'arm_interfaces'
[3.435s] Level 1:colcon.colcon_core.package_identification:_identify(src/control) by extensions ['ignore', 'ignore_ament_install']
[3.435s] Level 1:colcon.colcon_core.package_identification:_identify(src/control) by extension 'ignore'
[3.435s] Level 1:colcon.colcon_core.package_identification:_identify(src/control) by extension 'ignore_ament_install'
[3.435s] Level 1:colcon.colcon_core.package_identification:_identify(src/control) by extensions ['colcon_pkg']
[3.435s] Level 1:colcon.colcon_core.package_identification:_identify(src/control) by extension 'colcon_pkg'
[3.435s] Level 1:colcon.colcon_core.package_identification:_identify(src/control) by extensions ['colcon_meta']
[3.436s] Level 1:colcon.colcon_core.package_identification:_identify(src/control) by extension 'colcon_meta'
[3.436s] Level 1:colcon.colcon_core.package_identification:_identify(src/control) by extensions ['ros']
[3.436s] Level 1:colcon.colcon_core.package_identification:_identify(src/control) by extension 'ros'
[3.436s] DEBUG:colcon.colcon_core.package_identification:Package 'src/control' with type 'ros.ament_cmake' and name 'control'
[3.436s] Level 1:colcon.colcon_core.package_identification:_identify(src/translator) by extensions ['ignore', 'ignore_ament_install']
[3.436s] Level 1:colcon.colcon_core.package_identification:_identify(src/translator) by extension 'ignore'
[3.436s] Level 1:colcon.colcon_core.package_identification:_identify(src/translator) by extension 'ignore_ament_install'
[3.436s] Level 1:colcon.colcon_core.package_identification:_identify(src/translator) by extensions ['colcon_pkg']
[3.436s] Level 1:colcon.colcon_core.package_identification:_identify(src/translator) by extension 'colcon_pkg'
[3.436s] Level 1:colcon.colcon_core.package_identification:_identify(src/translator) by extensions ['colcon_meta']
[3.436s] Level 1:colcon.colcon_core.package_identification:_identify(src/translator) by extension 'colcon_meta'
[3.437s] Level 1:colcon.colcon_core.package_identification:_identify(src/translator) by extensions ['ros']
[3.437s] Level 1:colcon.colcon_core.package_identification:_identify(src/translator) by extension 'ros'
[3.437s] DEBUG:colcon.colcon_core.package_identification:Package 'src/translator' with type 'ros.ament_cmake' and name 'translator'
[3.437s] Level 1:colcon.colcon_core.package_identification:_identify(src/vision) by extensions ['ignore', 'ignore_ament_install']
[3.437s] Level 1:colcon.colcon_core.package_identification:_identify(src/vision) by extension 'ignore'
[3.437s] Level 1:colcon.colcon_core.package_identification:_identify(src/vision) by extension 'ignore_ament_install'
[3.437s] Level 1:colcon.colcon_core.package_identification:_identify(src/vision) by extensions ['colcon_pkg']
[3.437s] Level 1:colcon.colcon_core.package_identification:_identify(src/vision) by extension 'colcon_pkg'
[3.437s] Level 1:colcon.colcon_core.package_identification:_identify(src/vision) by extensions ['colcon_meta']
[3.437s] Level 1:colcon.colcon_core.package_identification:_identify(src/vision) by extension 'colcon_meta'
[3.437s] Level 1:colcon.colcon_core.package_identification:_identify(src/vision) by extensions ['ros']
[3.437s] Level 1:colcon.colcon_core.package_identification:_identify(src/vision) by extension 'ros'
[3.438s] DEBUG:colcon.colcon_core.package_identification:Package 'src/vision' with type 'ros.ament_python' and name 'vision'
[3.438s] Level 1:colcon.colcon_core.package_discovery:discover_packages(recursive) using defaults
[3.438s] Level 1:colcon.colcon_core.package_discovery:discover_packages(ignore) discover
[3.438s] Level 1:colcon.colcon_core.package_discovery:discover_packages(ignore) using defaults
[3.438s] Level 1:colcon.colcon_core.package_discovery:discover_packages(path) discover
[3.438s] Level 1:colcon.colcon_core.package_discovery:discover_packages(path) using defaults
[3.659s] INFO:colcon.colcon_core.package_selection:Skipping not selected package 'arm_interfaces' in 'src/arm_interfaces'
[3.659s] INFO:colcon.colcon_core.package_selection:Skipping not selected package 'control' in 'src/control'
[3.659s] INFO:colcon.colcon_core.package_selection:Skipping not selected package 'vision' in 'src/vision'
[3.801s] Level 1:colcon.colcon_core.package_discovery:discover_packages(prefix_path) check parameters
[3.801s] Level 1:colcon.colcon_core.package_discovery:discover_packages(prefix_path) discover
[3.964s] DEBUG:colcon.colcon_installed_package_information.package_discovery:Found 257 installed packages in /opt/ros/foxy
[3.965s] Level 1:colcon.colcon_core.package_discovery:discover_packages(prefix_path) using defaults
[4.198s] Level 5:colcon.colcon_core.verb:set package 'translator' build argument 'cmake_args' from command line to 'None'
[4.199s] Level 5:colcon.colcon_core.verb:set package 'translator' build argument 'cmake_target' from command line to 'None'
[4.199s] Level 5:colcon.colcon_core.verb:set package 'translator' build argument 'cmake_target_skip_unavailable' from command line to 'False'
[4.199s] Level 5:colcon.colcon_core.verb:set package 'translator' build argument 'cmake_clean_cache' from command line to 'False'
[4.199s] Level 5:colcon.colcon_core.verb:set package 'translator' build argument 'cmake_clean_first' from command line to 'False'
[4.199s] Level 5:colcon.colcon_core.verb:set package 'translator' build argument 'cmake_force_configure' from command line to 'False'
[4.199s] Level 5:colcon.colcon_core.verb:set package 'translator' build argument 'ament_cmake_args' from command line to 'None'
[4.199s] Level 5:colcon.colcon_core.verb:set package 'translator' build argument 'catkin_cmake_args' from command line to 'None'
[4.199s] Level 5:colcon.colcon_core.verb:set package 'translator' build argument 'catkin_skip_building_tests' from command line to 'False'
[4.199s] DEBUG:colcon.colcon_core.verb:Building package 'translator' with the following arguments: {'ament_cmake_args': None, 'build_base': '/home/olel/Projects/FPMagangBayu24/build/translator', 'catkin_cmake_args': None, 'catkin_skip_building_tests': False, 'cmake_args': None, 'cmake_clean_cache': False, 'cmake_clean_first': False, 'cmake_force_configure': False, 'cmake_target': None, 'cmake_target_skip_unavailable': False, 'install_base': '/home/olel/Projects/FPMagangBayu24/install/translator', 'merge_install': False, 'path': '/home/olel/Projects/FPMagangBayu24/src/translator', 'symlink_install': False, 'test_result_base': None}
[4.269s] INFO:colcon.colcon_core.executor:Executing jobs using 'parallel' executor
[4.339s] DEBUG:colcon.colcon_parallel_executor.executor.parallel:run_until_complete
[4.339s] INFO:colcon.colcon_ros.task.ament_cmake.build:Building ROS package in '/home/olel/Projects/FPMagangBayu24/src/translator' with build type 'ament_cmake'
[4.340s] INFO:colcon.colcon_cmake.task.cmake.build:Building CMake package in '/home/olel/Projects/FPMagangBayu24/src/translator'
[4.414s] INFO:colcon.colcon_core.plugin_system:Skipping extension 'colcon_core.shell.bat': Not used on non-Windows systems
[4.414s] INFO:colcon.colcon_core.shell:Skip shell extension 'powershell' for command environment: Not usable outside of PowerShell
[4.414s] DEBUG:colcon.colcon_core.shell:Skip shell extension 'dsv' for command environment
[4.569s] DEBUG:colcon.colcon_core.event_handler.log_command:Invoking command in '/home/olel/Projects/FPMagangBayu24/build/translator': AMENT_PREFIX_PATH=/home/olel/Projects/FPMagangBayu24/install/arm_interfaces:${AMENT_PREFIX_PATH} CMAKE_PREFIX_PATH=/home/olel/Projects/FPMagangBayu24/install/arm_interfaces:/opt/ros/foxy LD_LIBRARY_PATH=/home/olel/Projects/FPMagangBayu24/install/arm_interfaces/lib:${LD_LIBRARY_PATH} PYTHONPATH=/home/olel/Projects/FPMagangBayu24/install/arm_interfaces/lib/python3.8/site-packages:${PYTHONPATH} /usr/local/bin/cmake --build /home/olel/Projects/FPMagangBayu24/build/translator -- -j16 -l16
[4.615s] DEBUG:colcon.colcon_core.event_handler.log_command:Invoked command in '/home/olel/Projects/FPMagangBayu24/build/translator' returned '0': AMENT_PREFIX_PATH=/home/olel/Projects/FPMagangBayu24/install/arm_interfaces:${AMENT_PREFIX_PATH} CMAKE_PREFIX_PATH=/home/olel/Projects/FPMagangBayu24/install/arm_interfaces:/opt/ros/foxy LD_LIBRARY_PATH=/home/olel/Projects/FPMagangBayu24/install/arm_interfaces/lib:${LD_LIBRARY_PATH} PYTHONPATH=/home/olel/Projects/FPMagangBayu24/install/arm_interfaces/lib/python3.8/site-packages:${PYTHONPATH} /usr/local/bin/cmake --build /home/olel/Projects/FPMagangBayu24/build/translator -- -j16 -l16
[4.644s] DEBUG:colcon.colcon_core.event_handler.log_command:Invoking command in '/home/olel/Projects/FPMagangBayu24/build/translator': AMENT_PREFIX_PATH=/home/olel/Projects/FPMagangBayu24/install/arm_interfaces:${AMENT_PREFIX_PATH} CMAKE_PREFIX_PATH=/home/olel/Projects/FPMagangBayu24/install/arm_interfaces:/opt/ros/foxy LD_LIBRARY_PATH=/home/olel/Projects/FPMagangBayu24/install/arm_interfaces/lib:${LD_LIBRARY_PATH} PYTHONPATH=/home/olel/Projects/FPMagangBayu24/install/arm_interfaces/lib/python3.8/site-packages:${PYTHONPATH} /usr/local/bin/cmake --install /home/olel/Projects/FPMagangBayu24/build/translator
[4.652s] Level 1:colcon.colcon_core.environment:create_environment_scripts_only(translator)
[4.653s] DEBUG:colcon.colcon_core.event_handler.log_command:Invoked command in '/home/olel/Projects/FPMagangBayu24/build/translator' returned '0': AMENT_PREFIX_PATH=/home/olel/Projects/FPMagangBayu24/install/arm_interfaces:${AMENT_PREFIX_PATH} CMAKE_PREFIX_PATH=/home/olel/Projects/FPMagangBayu24/install/arm_interfaces:/opt/ros/foxy LD_LIBRARY_PATH=/home/olel/Projects/FPMagangBayu24/install/arm_interfaces/lib:${LD_LIBRARY_PATH} PYTHONPATH=/home/olel/Projects/FPMagangBayu24/install/arm_interfaces/lib/python3.8/site-packages:${PYTHONPATH} /usr/local/bin/cmake --install /home/olel/Projects/FPMagangBayu24/build/translator
[4.718s] Level 1:colcon.colcon_core.environment:checking '/home/olel/Projects/FPMagangBayu24/install/translator' for CMake module files
[4.719s] Level 1:colcon.colcon_core.environment:checking '/home/olel/Projects/FPMagangBayu24/install/translator' for CMake config files
[4.719s] Level 1:colcon.colcon_core.shell:create_environment_hook('translator', 'cmake_prefix_path')
[4.783s] INFO:colcon.colcon_core.shell:Creating environment hook '/home/olel/Projects/FPMagangBayu24/install/translator/share/translator/hook/cmake_prefix_path.ps1'
[4.784s] INFO:colcon.colcon_core.shell:Creating environment descriptor '/home/olel/Projects/FPMagangBayu24/install/translator/share/translator/hook/cmake_prefix_path.dsv'
[4.784s] INFO:colcon.colcon_core.shell:Creating environment hook '/home/olel/Projects/FPMagangBayu24/install/translator/share/translator/hook/cmake_prefix_path.sh'
[4.785s] Level 1:colcon.colcon_core.environment:checking '/home/olel/Projects/FPMagangBayu24/install/translator/lib'
[4.786s] Level 1:colcon.colcon_core.environment:checking '/home/olel/Projects/FPMagangBayu24/install/translator/bin'
[4.786s] Level 1:colcon.colcon_core.environment:checking '/home/olel/Projects/FPMagangBayu24/install/translator/lib/pkgconfig/translator.pc'
[4.786s] Level 1:colcon.colcon_core.environment:checking '/home/olel/Projects/FPMagangBayu24/install/translator/lib/python3.8/site-packages'
[4.786s] Level 1:colcon.colcon_core.environment:checking '/home/olel/Projects/FPMagangBayu24/install/translator/bin'
[4.874s] INFO:colcon.colcon_core.shell:Creating package script '/home/olel/Projects/FPMagangBayu24/install/translator/share/translator/package.ps1'
[4.875s] INFO:colcon.colcon_core.shell:Creating package descriptor '/home/olel/Projects/FPMagangBayu24/install/translator/share/translator/package.dsv'
[4.875s] INFO:colcon.colcon_core.shell:Creating package script '/home/olel/Projects/FPMagangBayu24/install/translator/share/translator/package.sh'
[4.876s] INFO:colcon.colcon_core.shell:Creating package script '/home/olel/Projects/FPMagangBayu24/install/translator/share/translator/package.bash'
[4.877s] INFO:colcon.colcon_core.shell:Creating package script '/home/olel/Projects/FPMagangBayu24/install/translator/share/translator/package.zsh'
[4.877s] Level 1:colcon.colcon_core.environment:create_file_with_runtime_dependencies(/home/olel/Projects/FPMagangBayu24/install/translator/share/colcon-core/packages/translator)
[4.983s] Level 1:colcon.colcon_core.environment:create_environment_scripts_only(translator)
[5.051s] Level 1:colcon.colcon_core.environment:checking '/home/olel/Projects/FPMagangBayu24/install/translator' for CMake module files
[5.052s] Level 1:colcon.colcon_core.environment:checking '/home/olel/Projects/FPMagangBayu24/install/translator' for CMake config files
[5.052s] Level 1:colcon.colcon_core.shell:create_environment_hook('translator', 'cmake_prefix_path')
[5.121s] INFO:colcon.colcon_core.shell:Creating environment hook '/home/olel/Projects/FPMagangBayu24/install/translator/share/translator/hook/cmake_prefix_path.ps1'
[5.122s] INFO:colcon.colcon_core.shell:Creating environment descriptor '/home/olel/Projects/FPMagangBayu24/install/translator/share/translator/hook/cmake_prefix_path.dsv'
[5.122s] INFO:colcon.colcon_core.shell:Creating environment hook '/home/olel/Projects/FPMagangBayu24/install/translator/share/translator/hook/cmake_prefix_path.sh'
[5.123s] Level 1:colcon.colcon_core.environment:checking '/home/olel/Projects/FPMagangBayu24/install/translator/lib'
[5.123s] Level 1:colcon.colcon_core.environment:checking '/home/olel/Projects/FPMagangBayu24/install/translator/bin'
[5.123s] Level 1:colcon.colcon_core.environment:checking '/home/olel/Projects/FPMagangBayu24/install/translator/lib/pkgconfig/translator.pc'
[5.123s] Level 1:colcon.colcon_core.environment:checking '/home/olel/Projects/FPMagangBayu24/install/translator/lib/python3.8/site-packages'
[5.123s] Level 1:colcon.colcon_core.environment:checking '/home/olel/Projects/FPMagangBayu24/install/translator/bin'
[5.196s] INFO:colcon.colcon_core.shell:Creating package script '/home/olel/Projects/FPMagangBayu24/install/translator/share/translator/package.ps1'
[5.197s] INFO:colcon.colcon_core.shell:Creating package descriptor '/home/olel/Projects/FPMagangBayu24/install/translator/share/translator/package.dsv'
[5.198s] INFO:colcon.colcon_core.shell:Creating package script '/home/olel/Projects/FPMagangBayu24/install/translator/share/translator/package.sh'
[5.198s] INFO:colcon.colcon_core.shell:Creating package script '/home/olel/Projects/FPMagangBayu24/install/translator/share/translator/package.bash'
[5.198s] INFO:colcon.colcon_core.shell:Creating package script '/home/olel/Projects/FPMagangBayu24/install/translator/share/translator/package.zsh'
[5.199s] Level 1:colcon.colcon_core.environment:create_file_with_runtime_dependencies(/home/olel/Projects/FPMagangBayu24/install/translator/share/colcon-core/packages/translator)
[5.199s] DEBUG:colcon.colcon_parallel_executor.executor.parallel:closing loop
[5.200s] DEBUG:colcon.colcon_parallel_executor.executor.parallel:loop closed
[5.200s] DEBUG:colcon.colcon_parallel_executor.executor.parallel:run_until_complete finished with '0'
[5.200s] DEBUG:colcon.colcon_core.event_reactor:joining thread
[5.284s] INFO:colcon.colcon_core.plugin_system:Skipping extension 'colcon_notification.desktop_notification.terminal_notifier': Not used on non-Darwin systems
[5.284s] INFO:colcon.colcon_core.plugin_system:Skipping extension 'colcon_notification.desktop_notification.win32': Not used on non-Windows systems
[5.284s] INFO:colcon.colcon_notification.desktop_notification:Sending desktop notification using 'notify2'
[5.301s] DEBUG:colcon.colcon_core.event_reactor:joined thread
[5.373s] INFO:colcon.colcon_core.shell:Creating prefix script '/home/olel/Projects/FPMagangBayu24/install/local_setup.ps1'
[5.374s] INFO:colcon.colcon_core.shell:Creating prefix util module '/home/olel/Projects/FPMagangBayu24/install/_local_setup_util_ps1.py'
[5.375s] INFO:colcon.colcon_core.shell:Creating prefix chain script '/home/olel/Projects/FPMagangBayu24/install/setup.ps1'
[5.442s] INFO:colcon.colcon_core.shell:Creating prefix script '/home/olel/Projects/FPMagangBayu24/install/local_setup.sh'
[5.443s] INFO:colcon.colcon_core.shell:Creating prefix util module '/home/olel/Projects/FPMagangBayu24/install/_local_setup_util_sh.py'
[5.443s] INFO:colcon.colcon_core.shell:Creating prefix chain script '/home/olel/Projects/FPMagangBayu24/install/setup.sh'
[5.509s] INFO:colcon.colcon_core.shell:Creating prefix script '/home/olel/Projects/FPMagangBayu24/install/local_setup.bash'
[5.510s] INFO:colcon.colcon_core.shell:Creating prefix chain script '/home/olel/Projects/FPMagangBayu24/install/setup.bash'
[5.572s] INFO:colcon.colcon_core.shell:Creating prefix script '/home/olel/Projects/FPMagangBayu24/install/local_setup.zsh'
[5.573s] INFO:colcon.colcon_core.shell:Creating prefix chain script '/home/olel/Projects/FPMagangBayu24/install/setup.zsh'
