[0.198s] Invoking command in '/home/olel/Projects/FPMagangBayu24/build/arm_interfaces': CMAKE_PREFIX_PATH=/opt/ros/foxy /usr/local/bin/cmake --build /home/olel/Projects/FPMagangBayu24/build/arm_interfaces -- -j16 -l16
[0.215s] -- Found ament_cmake: 0.9.12 (/opt/ros/foxy/share/ament_cmake/cmake)
[0.221s] [33mCMake Warning (dev) at /opt/ros/foxy/share/ament_cmake_core/cmake/core/python.cmake:22 (find_package):
[0.221s]   Policy CMP0148 is not set: The FindPythonInterp and FindPythonLibs modules
[0.221s]   are removed.  Run "cmake --help-policy CMP0148" for policy details.  Use
[0.221s]   the cmake_policy command to set the policy and suppress this warning.
[0.222s] 
[0.222s] Call Stack (most recent call first):
[0.222s]   /opt/ros/foxy/share/ament_cmake_core/cmake/core/all.cmake:53 (include)
[0.222s]   /opt/ros/foxy/share/ament_cmake_core/cmake/ament_cmake_core-extras.cmake:17 (include)
[0.222s]   /opt/ros/foxy/share/ament_cmake_core/cmake/ament_cmake_coreConfig.cmake:41 (include)
[0.222s]   /opt/ros/foxy/share/ament_cmake/cmake/ament_cmake_export_dependencies-extras.cmake:15 (find_package)
[0.222s]   /opt/ros/foxy/share/ament_cmake/cmake/ament_cmakeConfig.cmake:41 (include)
[0.222s]   CMakeLists.txt:18 (find_package)
[0.222s] This warning is for project developers.  Use -Wno-dev to suppress it.
[0.223s] [0m
[0.243s] -- Found PythonInterp: /usr/bin/python3 (found suitable version "3.8.10", minimum required is "3")
[0.244s] -- Using PYTHON_EXECUTABLE: /usr/bin/python3
[0.401s] -- Found rosidl_default_generators: 1.0.1 (/opt/ros/foxy/share/rosidl_default_generators/cmake)
[0.404s] -- Using all available rosidl_typesupport_c: rosidl_typesupport_fastrtps_c;rosidl_typesupport_introspection_c
[0.409s] -- Found rosidl_adapter: 1.3.1 (/opt/ros/foxy/share/rosidl_adapter/cmake)
[0.532s] -- Using all available rosidl_typesupport_cpp: rosidl_typesupport_fastrtps_cpp;rosidl_typesupport_introspection_cpp
[0.556s] [33mCMake Warning (dev) at /opt/ros/foxy/share/rosidl_adapter/cmake/rosidl_adapt_interfaces.cmake:40 (find_package):
[0.556s]   Policy CMP0148 is not set: The FindPythonInterp and FindPythonLibs modules
[0.556s]   are removed.  Run "cmake --help-policy CMP0148" for policy details.  Use
[0.556s]   the cmake_policy command to set the policy and suppress this warning.
[0.556s] 
[0.556s] Call Stack (most recent call first):
[0.556s]   /opt/ros/foxy/share/rosidl_cmake/cmake/rosidl_generate_interfaces.cmake:130 (rosidl_adapt_interfaces)
[0.556s]   CMakeLists.txt:21 (rosidl_generate_interfaces)
[0.556s] This warning is for project developers.  Use -Wno-dev to suppress it.
[0.556s] [0m
[0.574s] -- Found PythonInterp: /usr/bin/python3 (found version "3.8.10")
[0.669s] -- Found ament_cmake_ros: 0.9.2 (/opt/ros/foxy/share/ament_cmake_ros/cmake)
[0.743s] -- Using all available rosidl_typesupport_c: rosidl_typesupport_fastrtps_c;rosidl_typesupport_introspection_c
[0.748s] -- Using all available rosidl_typesupport_cpp: rosidl_typesupport_fastrtps_cpp;rosidl_typesupport_introspection_cpp
[0.750s] [33mCMake Warning (dev) at /opt/ros/foxy/share/rosidl_generator_py/cmake/rosidl_generator_py_generate_interfaces.cmake:20 (find_package):
[0.750s]   Policy CMP0148 is not set: The FindPythonInterp and FindPythonLibs modules
[0.750s]   are removed.  Run "cmake --help-policy CMP0148" for policy details.  Use
[0.750s]   the cmake_policy command to set the policy and suppress this warning.
[0.750s] 
[0.751s] Call Stack (most recent call first):
[0.751s]   /opt/ros/foxy/share/ament_cmake_core/cmake/core/ament_execute_extensions.cmake:48 (include)
[0.751s]   /opt/ros/foxy/share/rosidl_cmake/cmake/rosidl_generate_interfaces.cmake:286 (ament_execute_extensions)
[0.751s]   CMakeLists.txt:21 (rosidl_generate_interfaces)
[0.751s] This warning is for project developers.  Use -Wno-dev to suppress it.
[0.751s] [0m
[0.770s] -- Found PythonInterp: /usr/bin/python3 (found suitable version "3.8.10", minimum required is "3.5")
[0.771s] -- Found python_cmake_module: 0.8.1 (/opt/ros/foxy/share/python_cmake_module/cmake)
[0.772s] [33mCMake Warning (dev) at /opt/ros/foxy/share/python_cmake_module/cmake/Modules/FindPythonExtra.cmake:45 (find_package):
[0.772s]   Policy CMP0148 is not set: The FindPythonInterp and FindPythonLibs modules
[0.773s]   are removed.  Run "cmake --help-policy CMP0148" for policy details.  Use
[0.773s]   the cmake_policy command to set the policy and suppress this warning.
[0.773s] 
[0.773s] Call Stack (most recent call first):
[0.773s]   /opt/ros/foxy/share/rosidl_generator_py/cmake/rosidl_generator_py_generate_interfaces.cmake:23 (find_package)
[0.773s]   /opt/ros/foxy/share/ament_cmake_core/cmake/core/ament_execute_extensions.cmake:48 (include)
[0.773s]   /opt/ros/foxy/share/rosidl_cmake/cmake/rosidl_generate_interfaces.cmake:286 (ament_execute_extensions)
[0.773s]   CMakeLists.txt:21 (rosidl_generate_interfaces)
[0.773s] This warning is for project developers.  Use -Wno-dev to suppress it.
[0.774s] [0m
[0.790s] [33mCMake Warning (dev) at /opt/ros/foxy/share/python_cmake_module/cmake/Modules/FindPythonExtra.cmake:133 (find_package):
[0.790s]   Policy CMP0148 is not set: The FindPythonInterp and FindPythonLibs modules
[0.790s]   are removed.  Run "cmake --help-policy CMP0148" for policy details.  Use
[0.790s]   the cmake_policy command to set the policy and suppress this warning.
[0.790s] 
[0.790s] Call Stack (most recent call first):
[0.790s]   /opt/ros/foxy/share/rosidl_generator_py/cmake/rosidl_generator_py_generate_interfaces.cmake:23 (find_package)
[0.790s]   /opt/ros/foxy/share/ament_cmake_core/cmake/core/ament_execute_extensions.cmake:48 (include)
[0.790s]   /opt/ros/foxy/share/rosidl_cmake/cmake/rosidl_generate_interfaces.cmake:286 (ament_execute_extensions)
[0.790s]   CMakeLists.txt:21 (rosidl_generate_interfaces)
[0.791s] This warning is for project developers.  Use -Wno-dev to suppress it.
[0.791s] [0m
[0.794s] -- Using PYTHON_EXECUTABLE: /usr/bin/python3
[0.794s] -- Using PYTHON_INCLUDE_DIRS: /usr/include/python3.8
[0.794s] -- Using PYTHON_LIBRARIES: /usr/lib/x86_64-linux-gnu/libpython3.8.so
[0.802s] -- Found ament_lint_auto: 0.9.8 (/opt/ros/foxy/share/ament_lint_auto/cmake)
[0.819s] -- Added test 'copyright' to check source files copyright and LICENSE
[0.820s] -- Added test 'lint_cmake' to check CMake code style
[0.821s] -- Added test 'xmllint' to check XML markup files
[0.824s] -- Configuring done (0.6s)
[0.859s] -- Generating done (0.0s)
[0.861s] -- Build files have been written to: /home/olel/Projects/FPMagangBayu24/build/arm_interfaces
[0.874s] [  2%] [34m[1mGenerating C code for ROS interfaces[0m
[0.879s] [  5%] [34m[1mGenerating C++ code for ROS interfaces[0m
[1.093s] [  5%] Built target arm_interfaces__cpp
[1.095s] [  7%] [34m[1mGenerating C++ type support dispatch for ROS interfaces[0m
[1.096s] [ 10%] [34m[1mGenerating C++ introspection for ROS interfaces[0m
[1.096s] [ 12%] [34m[1mGenerating C++ type support for eProsima Fast-RTPS[0m
[1.098s] [ 15%] [32mBuilding C object CMakeFiles/arm_interfaces__rosidl_generator_c.dir/rosidl_generator_c/arm_interfaces/msg/detail/servo_parameters__functions.c.o[0m
[1.098s] [ 17%] [32mBuilding C object CMakeFiles/arm_interfaces__rosidl_generator_c.dir/rosidl_generator_c/arm_interfaces/msg/detail/posisi_bidak__functions.c.o[0m
[1.146s] [ 20%] [32m[1mLinking C shared library libarm_interfaces__rosidl_generator_c.so[0m
[1.163s] [ 20%] Built target arm_interfaces__rosidl_generator_c
[1.167s] [ 25%] [34m[1mGenerating C introspection for ROS interfaces[0m
[1.168s] [ 25%] [34m[1mGenerating C type support dispatch for ROS interfaces[0m
[1.298s] [ 28%] [32mBuilding CXX object CMakeFiles/arm_interfaces__rosidl_typesupport_cpp.dir/rosidl_typesupport_cpp/arm_interfaces/msg/servo_parameters__type_support.cpp.o[0m
[1.298s] [ 30%] [32mBuilding CXX object CMakeFiles/arm_interfaces__rosidl_typesupport_cpp.dir/rosidl_typesupport_cpp/arm_interfaces/msg/posisi_bidak__type_support.cpp.o[0m
[1.309s] [ 33%] [32mBuilding CXX object CMakeFiles/arm_interfaces__rosidl_typesupport_introspection_cpp.dir/rosidl_typesupport_introspection_cpp/arm_interfaces/msg/detail/servo_parameters__type_support.cpp.o[0m
[1.310s] [ 35%] [32mBuilding CXX object CMakeFiles/arm_interfaces__rosidl_typesupport_introspection_cpp.dir/rosidl_typesupport_introspection_cpp/arm_interfaces/msg/detail/posisi_bidak__type_support.cpp.o[0m
[1.335s] [ 41%] [32mBuilding CXX object CMakeFiles/arm_interfaces__rosidl_typesupport_fastrtps_cpp.dir/rosidl_typesupport_fastrtps_cpp/arm_interfaces/msg/detail/dds_fastrtps/posisi_bidak__type_support.cpp.o[0m
[1.335s] [ 41%] [32mBuilding CXX object CMakeFiles/arm_interfaces__rosidl_typesupport_fastrtps_cpp.dir/rosidl_typesupport_fastrtps_cpp/arm_interfaces/msg/detail/dds_fastrtps/servo_parameters__type_support.cpp.o[0m
[1.405s] [ 43%] [32mBuilding CXX object CMakeFiles/arm_interfaces__rosidl_typesupport_c.dir/rosidl_typesupport_c/arm_interfaces/msg/servo_parameters__type_support.cpp.o[0m
[1.405s] [ 46%] [32mBuilding CXX object CMakeFiles/arm_interfaces__rosidl_typesupport_c.dir/rosidl_typesupport_c/arm_interfaces/msg/posisi_bidak__type_support.cpp.o[0m
[1.419s] [ 48%] [32mBuilding C object CMakeFiles/arm_interfaces__rosidl_typesupport_introspection_c.dir/rosidl_typesupport_introspection_c/arm_interfaces/msg/detail/servo_parameters__type_support.c.o[0m
[1.419s] [ 51%] [32mBuilding C object CMakeFiles/arm_interfaces__rosidl_typesupport_introspection_c.dir/rosidl_typesupport_introspection_c/arm_interfaces/msg/detail/posisi_bidak__type_support.c.o[0m
[1.433s] [ 53%] [32m[1mLinking CXX shared library libarm_interfaces__rosidl_typesupport_c.so[0m
[1.444s] [ 56%] [32m[1mLinking C shared library libarm_interfaces__rosidl_typesupport_introspection_c.so[0m
[1.456s] [ 56%] Built target arm_interfaces__rosidl_typesupport_introspection_c
[1.456s] [ 56%] Built target arm_interfaces__rosidl_typesupport_c
[1.535s] [ 58%] [32m[1mLinking CXX shared library libarm_interfaces__rosidl_typesupport_cpp.so[0m
[1.555s] [ 58%] Built target arm_interfaces__rosidl_typesupport_cpp
[1.639s] [ 61%] [32m[1mLinking CXX shared library libarm_interfaces__rosidl_typesupport_introspection_cpp.so[0m
[1.663s] [ 64%] [32m[1mLinking CXX shared library libarm_interfaces__rosidl_typesupport_fastrtps_cpp.so[0m
[1.664s] [ 64%] Built target arm_interfaces__rosidl_typesupport_introspection_cpp
[1.713s] [ 64%] Built target arm_interfaces__rosidl_typesupport_fastrtps_cpp
[1.718s] [ 66%] [34m[1mGenerating C type support for eProsima Fast-RTPS[0m
[1.927s] [ 69%] [32mBuilding CXX object CMakeFiles/arm_interfaces__rosidl_typesupport_fastrtps_c.dir/rosidl_typesupport_fastrtps_c/arm_interfaces/msg/detail/servo_parameters__type_support_c.cpp.o[0m
[1.927s] [ 71%] [32mBuilding CXX object CMakeFiles/arm_interfaces__rosidl_typesupport_fastrtps_c.dir/rosidl_typesupport_fastrtps_c/arm_interfaces/msg/detail/posisi_bidak__type_support_c.cpp.o[0m
[2.194s] [ 74%] [32m[1mLinking CXX shared library libarm_interfaces__rosidl_typesupport_fastrtps_c.so[0m
[2.255s] [ 74%] Built target arm_interfaces__rosidl_typesupport_fastrtps_c
[2.262s] [ 74%] Built target arm_interfaces
[2.270s] [ 76%] [34m[1mGenerating Python code for ROS interfaces[0m
[2.665s] [ 76%] Built target arm_interfaces__py
[2.678s] [ 79%] [32mBuilding C object CMakeFiles/arm_interfaces__python.dir/rosidl_generator_py/arm_interfaces/msg/_servo_parameters_s.c.o[0m
[2.678s] [ 82%] [32mBuilding C object CMakeFiles/arm_interfaces__python.dir/rosidl_generator_py/arm_interfaces/msg/_posisi_bidak_s.c.o[0m
[2.757s] [ 84%] [32m[1mLinking C shared library rosidl_generator_py/arm_interfaces/libarm_interfaces__python.so[0m
[2.776s] [ 84%] Built target arm_interfaces__python
[2.786s] [ 87%] [32mBuilding C object CMakeFiles/arm_interfaces__rosidl_typesupport_introspection_c__pyext.dir/rosidl_generator_py/arm_interfaces/_arm_interfaces_s.ep.rosidl_typesupport_introspection_c.c.o[0m
[2.787s] [ 89%] [32mBuilding C object CMakeFiles/arm_interfaces__rosidl_typesupport_c__pyext.dir/rosidl_generator_py/arm_interfaces/_arm_interfaces_s.ep.rosidl_typesupport_c.c.o[0m
[2.787s] [ 92%] [32mBuilding C object CMakeFiles/arm_interfaces__rosidl_typesupport_fastrtps_c__pyext.dir/rosidl_generator_py/arm_interfaces/_arm_interfaces_s.ep.rosidl_typesupport_fastrtps_c.c.o[0m
[2.845s] [ 94%] [32m[1mLinking CXX shared library rosidl_generator_py/arm_interfaces/arm_interfaces_s__rosidl_typesupport_fastrtps_c.cpython-38-x86_64-linux-gnu.so[0m
[2.847s] [ 97%] [32m[1mLinking C shared library rosidl_generator_py/arm_interfaces/arm_interfaces_s__rosidl_typesupport_introspection_c.cpython-38-x86_64-linux-gnu.so[0m
[2.849s] [100%] [32m[1mLinking C shared library rosidl_generator_py/arm_interfaces/arm_interfaces_s__rosidl_typesupport_c.cpython-38-x86_64-linux-gnu.so[0m
[2.864s] [100%] Built target arm_interfaces__rosidl_typesupport_introspection_c__pyext
[2.865s] [100%] Built target arm_interfaces__rosidl_typesupport_c__pyext
[2.887s] [100%] Built target arm_interfaces__rosidl_typesupport_fastrtps_c__pyext
[2.892s] Invoked command in '/home/olel/Projects/FPMagangBayu24/build/arm_interfaces' returned '0': CMAKE_PREFIX_PATH=/opt/ros/foxy /usr/local/bin/cmake --build /home/olel/Projects/FPMagangBayu24/build/arm_interfaces -- -j16 -l16
[2.955s] Invoking command in '/home/olel/Projects/FPMagangBayu24/build/arm_interfaces': CMAKE_PREFIX_PATH=/opt/ros/foxy /usr/local/bin/cmake --install /home/olel/Projects/FPMagangBayu24/build/arm_interfaces
[2.958s] -- Install configuration: ""
[2.959s] -- Up-to-date: /home/olel/Projects/FPMagangBayu24/install/arm_interfaces/share/ament_index/resource_index/rosidl_interfaces/arm_interfaces
[2.959s] -- Up-to-date: /home/olel/Projects/FPMagangBayu24/install/arm_interfaces/include/arm_interfaces
[2.959s] -- Up-to-date: /home/olel/Projects/FPMagangBayu24/install/arm_interfaces/include/arm_interfaces/msg
[2.959s] -- Up-to-date: /home/olel/Projects/FPMagangBayu24/install/arm_interfaces/include/arm_interfaces/msg/detail
[2.959s] -- Installing: /home/olel/Projects/FPMagangBayu24/install/arm_interfaces/include/arm_interfaces/msg/detail/posisi_bidak__type_support.h
[2.959s] -- Installing: /home/olel/Projects/FPMagangBayu24/install/arm_interfaces/include/arm_interfaces/msg/detail/servo_parameters__functions.h
[2.959s] -- Installing: /home/olel/Projects/FPMagangBayu24/install/arm_interfaces/include/arm_interfaces/msg/detail/posisi_bidak__functions.c
[2.959s] -- Installing: /home/olel/Projects/FPMagangBayu24/install/arm_interfaces/include/arm_interfaces/msg/detail/posisi_bidak__functions.h
[2.960s] -- Installing: /home/olel/Projects/FPMagangBayu24/install/arm_interfaces/include/arm_interfaces/msg/detail/servo_parameters__type_support.h
[2.960s] -- Installing: /home/olel/Projects/FPMagangBayu24/install/arm_interfaces/include/arm_interfaces/msg/detail/servo_parameters__struct.h
[2.960s] -- Installing: /home/olel/Projects/FPMagangBayu24/install/arm_interfaces/include/arm_interfaces/msg/detail/posisi_bidak__struct.h
[2.960s] -- Installing: /home/olel/Projects/FPMagangBayu24/install/arm_interfaces/include/arm_interfaces/msg/detail/servo_parameters__functions.c
[2.960s] -- Installing: /home/olel/Projects/FPMagangBayu24/install/arm_interfaces/include/arm_interfaces/msg/posisi_bidak.h
[2.960s] -- Up-to-date: /home/olel/Projects/FPMagangBayu24/install/arm_interfaces/include/arm_interfaces/msg/rosidl_generator_c__visibility_control.h
[2.960s] -- Installing: /home/olel/Projects/FPMagangBayu24/install/arm_interfaces/include/arm_interfaces/msg/servo_parameters.h
[2.960s] -- Up-to-date: /home/olel/Projects/FPMagangBayu24/install/arm_interfaces/share/arm_interfaces/environment/library_path.sh
[2.960s] -- Installing: /home/olel/Projects/FPMagangBayu24/install/arm_interfaces/share/arm_interfaces/environment/library_path.dsv
[2.961s] -- Installing: /home/olel/Projects/FPMagangBayu24/install/arm_interfaces/lib/libarm_interfaces__rosidl_generator_c.so
[2.961s] -- Set non-toolchain portion of runtime path of "/home/olel/Projects/FPMagangBayu24/install/arm_interfaces/lib/libarm_interfaces__rosidl_generator_c.so" to ""
[2.961s] -- Up-to-date: /home/olel/Projects/FPMagangBayu24/install/arm_interfaces/include/arm_interfaces
[2.961s] -- Up-to-date: /home/olel/Projects/FPMagangBayu24/install/arm_interfaces/include/arm_interfaces/msg
[2.961s] -- Up-to-date: /home/olel/Projects/FPMagangBayu24/install/arm_interfaces/include/arm_interfaces/msg/detail
[2.961s] -- Installing: /home/olel/Projects/FPMagangBayu24/install/arm_interfaces/include/arm_interfaces/msg/detail/servo_parameters__rosidl_typesupport_fastrtps_c.h
[2.962s] -- Installing: /home/olel/Projects/FPMagangBayu24/install/arm_interfaces/include/arm_interfaces/msg/detail/posisi_bidak__rosidl_typesupport_fastrtps_c.h
[2.962s] -- Up-to-date: /home/olel/Projects/FPMagangBayu24/install/arm_interfaces/include/arm_interfaces/msg/rosidl_typesupport_fastrtps_c__visibility_control.h
[2.962s] -- Installing: /home/olel/Projects/FPMagangBayu24/install/arm_interfaces/lib/libarm_interfaces__rosidl_typesupport_fastrtps_c.so
[2.962s] -- Set non-toolchain portion of runtime path of "/home/olel/Projects/FPMagangBayu24/install/arm_interfaces/lib/libarm_interfaces__rosidl_typesupport_fastrtps_c.so" to ""
[2.962s] -- Up-to-date: /home/olel/Projects/FPMagangBayu24/install/arm_interfaces/include/arm_interfaces
[2.962s] -- Up-to-date: /home/olel/Projects/FPMagangBayu24/install/arm_interfaces/include/arm_interfaces/msg
[2.962s] -- Up-to-date: /home/olel/Projects/FPMagangBayu24/install/arm_interfaces/include/arm_interfaces/msg/rosidl_typesupport_fastrtps_cpp__visibility_control.h
[2.962s] -- Up-to-date: /home/olel/Projects/FPMagangBayu24/install/arm_interfaces/include/arm_interfaces/msg/detail
[2.963s] -- Installing: /home/olel/Projects/FPMagangBayu24/install/arm_interfaces/include/arm_interfaces/msg/detail/posisi_bidak__rosidl_typesupport_fastrtps_cpp.hpp
[2.963s] -- Up-to-date: /home/olel/Projects/FPMagangBayu24/install/arm_interfaces/include/arm_interfaces/msg/detail/dds_fastrtps
[2.963s] -- Installing: /home/olel/Projects/FPMagangBayu24/install/arm_interfaces/include/arm_interfaces/msg/detail/servo_parameters__rosidl_typesupport_fastrtps_cpp.hpp
[2.963s] -- Installing: /home/olel/Projects/FPMagangBayu24/install/arm_interfaces/lib/libarm_interfaces__rosidl_typesupport_fastrtps_cpp.so
[2.963s] -- Set non-toolchain portion of runtime path of "/home/olel/Projects/FPMagangBayu24/install/arm_interfaces/lib/libarm_interfaces__rosidl_typesupport_fastrtps_cpp.so" to ""
[2.963s] -- Up-to-date: /home/olel/Projects/FPMagangBayu24/install/arm_interfaces/include/arm_interfaces
[2.963s] -- Up-to-date: /home/olel/Projects/FPMagangBayu24/install/arm_interfaces/include/arm_interfaces/msg
[2.964s] -- Up-to-date: /home/olel/Projects/FPMagangBayu24/install/arm_interfaces/include/arm_interfaces/msg/detail
[2.964s] -- Installing: /home/olel/Projects/FPMagangBayu24/install/arm_interfaces/include/arm_interfaces/msg/detail/posisi_bidak__type_support.c
[2.964s] -- Installing: /home/olel/Projects/FPMagangBayu24/install/arm_interfaces/include/arm_interfaces/msg/detail/servo_parameters__rosidl_typesupport_introspection_c.h
[2.964s] -- Installing: /home/olel/Projects/FPMagangBayu24/install/arm_interfaces/include/arm_interfaces/msg/detail/posisi_bidak__rosidl_typesupport_introspection_c.h
[2.964s] -- Installing: /home/olel/Projects/FPMagangBayu24/install/arm_interfaces/include/arm_interfaces/msg/detail/servo_parameters__type_support.c
[2.964s] -- Up-to-date: /home/olel/Projects/FPMagangBayu24/install/arm_interfaces/include/arm_interfaces/msg/rosidl_typesupport_introspection_c__visibility_control.h
[2.964s] -- Installing: /home/olel/Projects/FPMagangBayu24/install/arm_interfaces/lib/libarm_interfaces__rosidl_typesupport_introspection_c.so
[2.965s] -- Set non-toolchain portion of runtime path of "/home/olel/Projects/FPMagangBayu24/install/arm_interfaces/lib/libarm_interfaces__rosidl_typesupport_introspection_c.so" to ""
[2.965s] -- Installing: /home/olel/Projects/FPMagangBayu24/install/arm_interfaces/lib/libarm_interfaces__rosidl_typesupport_c.so
[2.965s] -- Set non-toolchain portion of runtime path of "/home/olel/Projects/FPMagangBayu24/install/arm_interfaces/lib/libarm_interfaces__rosidl_typesupport_c.so" to ""
[2.965s] -- Up-to-date: /home/olel/Projects/FPMagangBayu24/install/arm_interfaces/include/arm_interfaces
[2.965s] -- Up-to-date: /home/olel/Projects/FPMagangBayu24/install/arm_interfaces/include/arm_interfaces/msg
[2.965s] -- Up-to-date: /home/olel/Projects/FPMagangBayu24/install/arm_interfaces/include/arm_interfaces/msg/rosidl_generator_cpp__visibility_control.hpp
[2.965s] -- Installing: /home/olel/Projects/FPMagangBayu24/install/arm_interfaces/include/arm_interfaces/msg/servo_parameters.hpp
[2.965s] -- Up-to-date: /home/olel/Projects/FPMagangBayu24/install/arm_interfaces/include/arm_interfaces/msg/detail
[2.966s] -- Installing: /home/olel/Projects/FPMagangBayu24/install/arm_interfaces/include/arm_interfaces/msg/detail/servo_parameters__builder.hpp
[2.966s] -- Installing: /home/olel/Projects/FPMagangBayu24/install/arm_interfaces/include/arm_interfaces/msg/detail/posisi_bidak__type_support.hpp
[2.966s] -- Installing: /home/olel/Projects/FPMagangBayu24/install/arm_interfaces/include/arm_interfaces/msg/detail/servo_parameters__struct.hpp
[2.966s] -- Installing: /home/olel/Projects/FPMagangBayu24/install/arm_interfaces/include/arm_interfaces/msg/detail/posisi_bidak__struct.hpp
[2.966s] -- Installing: /home/olel/Projects/FPMagangBayu24/install/arm_interfaces/include/arm_interfaces/msg/detail/servo_parameters__type_support.hpp
[2.966s] -- Installing: /home/olel/Projects/FPMagangBayu24/install/arm_interfaces/include/arm_interfaces/msg/detail/servo_parameters__traits.hpp
[2.966s] -- Installing: /home/olel/Projects/FPMagangBayu24/install/arm_interfaces/include/arm_interfaces/msg/detail/posisi_bidak__traits.hpp
[2.966s] -- Installing: /home/olel/Projects/FPMagangBayu24/install/arm_interfaces/include/arm_interfaces/msg/detail/posisi_bidak__builder.hpp
[2.966s] -- Installing: /home/olel/Projects/FPMagangBayu24/install/arm_interfaces/include/arm_interfaces/msg/posisi_bidak.hpp
[2.967s] -- Up-to-date: /home/olel/Projects/FPMagangBayu24/install/arm_interfaces/include/arm_interfaces
[2.967s] -- Up-to-date: /home/olel/Projects/FPMagangBayu24/install/arm_interfaces/include/arm_interfaces/msg
[2.967s] -- Up-to-date: /home/olel/Projects/FPMagangBayu24/install/arm_interfaces/include/arm_interfaces/msg/detail
[2.967s] -- Installing: /home/olel/Projects/FPMagangBayu24/install/arm_interfaces/include/arm_interfaces/msg/detail/servo_parameters__rosidl_typesupport_introspection_cpp.hpp
[2.967s] -- Installing: /home/olel/Projects/FPMagangBayu24/install/arm_interfaces/include/arm_interfaces/msg/detail/posisi_bidak__rosidl_typesupport_introspection_cpp.hpp
[2.967s] -- Installing: /home/olel/Projects/FPMagangBayu24/install/arm_interfaces/include/arm_interfaces/msg/detail/servo_parameters__type_support.cpp
[2.967s] -- Installing: /home/olel/Projects/FPMagangBayu24/install/arm_interfaces/include/arm_interfaces/msg/detail/posisi_bidak__type_support.cpp
[2.967s] -- Installing: /home/olel/Projects/FPMagangBayu24/install/arm_interfaces/lib/libarm_interfaces__rosidl_typesupport_introspection_cpp.so
[2.967s] -- Set non-toolchain portion of runtime path of "/home/olel/Projects/FPMagangBayu24/install/arm_interfaces/lib/libarm_interfaces__rosidl_typesupport_introspection_cpp.so" to ""
[2.967s] -- Installing: /home/olel/Projects/FPMagangBayu24/install/arm_interfaces/lib/libarm_interfaces__rosidl_typesupport_cpp.so
[2.967s] -- Set non-toolchain portion of runtime path of "/home/olel/Projects/FPMagangBayu24/install/arm_interfaces/lib/libarm_interfaces__rosidl_typesupport_cpp.so" to ""
[2.967s] -- Up-to-date: /home/olel/Projects/FPMagangBayu24/install/arm_interfaces/share/arm_interfaces/environment/pythonpath.sh
[2.967s] -- Installing: /home/olel/Projects/FPMagangBayu24/install/arm_interfaces/share/arm_interfaces/environment/pythonpath.dsv
[2.967s] -- Installing: /home/olel/Projects/FPMagangBayu24/install/arm_interfaces/lib/python3.8/site-packages/arm_interfaces/__init__.py
[2.990s] Compiling '/home/olel/Projects/FPMagangBayu24/install/arm_interfaces/lib/python3.8/site-packages/arm_interfaces/__init__.py'...
[2.993s] -- Up-to-date: /home/olel/Projects/FPMagangBayu24/install/arm_interfaces/lib/python3.8/site-packages/arm_interfaces/msg
[2.993s] -- Installing: /home/olel/Projects/FPMagangBayu24/install/arm_interfaces/lib/python3.8/site-packages/arm_interfaces/msg/__init__.py
[2.993s] -- Installing: /home/olel/Projects/FPMagangBayu24/install/arm_interfaces/lib/python3.8/site-packages/arm_interfaces/msg/_posisi_bidak_s.c
[2.993s] -- Installing: /home/olel/Projects/FPMagangBayu24/install/arm_interfaces/lib/python3.8/site-packages/arm_interfaces/msg/_servo_parameters_s.c
[2.993s] -- Installing: /home/olel/Projects/FPMagangBayu24/install/arm_interfaces/lib/python3.8/site-packages/arm_interfaces/msg/_servo_parameters.py
[2.994s] -- Installing: /home/olel/Projects/FPMagangBayu24/install/arm_interfaces/lib/python3.8/site-packages/arm_interfaces/msg/_posisi_bidak.py
[2.995s] -- Installing: /home/olel/Projects/FPMagangBayu24/install/arm_interfaces/lib/python3.8/site-packages/arm_interfaces/arm_interfaces_s__rosidl_typesupport_fastrtps_c.cpython-38-x86_64-linux-gnu.so
[2.995s] -- Set non-toolchain portion of runtime path of "/home/olel/Projects/FPMagangBayu24/install/arm_interfaces/lib/python3.8/site-packages/arm_interfaces/arm_interfaces_s__rosidl_typesupport_fastrtps_c.cpython-38-x86_64-linux-gnu.so" to ""
[2.996s] -- Installing: /home/olel/Projects/FPMagangBayu24/install/arm_interfaces/lib/python3.8/site-packages/arm_interfaces/arm_interfaces_s__rosidl_typesupport_introspection_c.cpython-38-x86_64-linux-gnu.so
[2.996s] -- Set non-toolchain portion of runtime path of "/home/olel/Projects/FPMagangBayu24/install/arm_interfaces/lib/python3.8/site-packages/arm_interfaces/arm_interfaces_s__rosidl_typesupport_introspection_c.cpython-38-x86_64-linux-gnu.so" to ""
[2.996s] -- Installing: /home/olel/Projects/FPMagangBayu24/install/arm_interfaces/lib/python3.8/site-packages/arm_interfaces/arm_interfaces_s__rosidl_typesupport_c.cpython-38-x86_64-linux-gnu.so
[2.996s] -- Set non-toolchain portion of runtime path of "/home/olel/Projects/FPMagangBayu24/install/arm_interfaces/lib/python3.8/site-packages/arm_interfaces/arm_interfaces_s__rosidl_typesupport_c.cpython-38-x86_64-linux-gnu.so" to ""
[2.996s] -- Installing: /home/olel/Projects/FPMagangBayu24/install/arm_interfaces/lib/libarm_interfaces__python.so
[2.997s] -- Set non-toolchain portion of runtime path of "/home/olel/Projects/FPMagangBayu24/install/arm_interfaces/lib/libarm_interfaces__python.so" to ""
[2.997s] -- Installing: /home/olel/Projects/FPMagangBayu24/install/arm_interfaces/share/arm_interfaces/msg/ServoParameters.idl
[2.997s] -- Installing: /home/olel/Projects/FPMagangBayu24/install/arm_interfaces/share/arm_interfaces/msg/PosisiBidak.idl
[2.997s] -- Installing: /home/olel/Projects/FPMagangBayu24/install/arm_interfaces/share/arm_interfaces/msg/ServoParameters.msg
[2.997s] -- Installing: /home/olel/Projects/FPMagangBayu24/install/arm_interfaces/share/arm_interfaces/msg/PosisiBidak.msg
[2.997s] -- Up-to-date: /home/olel/Projects/FPMagangBayu24/install/arm_interfaces/share/ament_index/resource_index/package_run_dependencies/arm_interfaces
[2.997s] -- Up-to-date: /home/olel/Projects/FPMagangBayu24/install/arm_interfaces/share/ament_index/resource_index/parent_prefix_path/arm_interfaces
[2.997s] -- Up-to-date: /home/olel/Projects/FPMagangBayu24/install/arm_interfaces/share/arm_interfaces/environment/ament_prefix_path.sh
[2.998s] -- Installing: /home/olel/Projects/FPMagangBayu24/install/arm_interfaces/share/arm_interfaces/environment/ament_prefix_path.dsv
[2.998s] -- Up-to-date: /home/olel/Projects/FPMagangBayu24/install/arm_interfaces/share/arm_interfaces/environment/path.sh
[2.998s] -- Installing: /home/olel/Projects/FPMagangBayu24/install/arm_interfaces/share/arm_interfaces/environment/path.dsv
[2.998s] -- Up-to-date: /home/olel/Projects/FPMagangBayu24/install/arm_interfaces/share/arm_interfaces/local_setup.bash
[2.998s] -- Up-to-date: /home/olel/Projects/FPMagangBayu24/install/arm_interfaces/share/arm_interfaces/local_setup.sh
[2.998s] -- Up-to-date: /home/olel/Projects/FPMagangBayu24/install/arm_interfaces/share/arm_interfaces/local_setup.zsh
[2.998s] -- Installing: /home/olel/Projects/FPMagangBayu24/install/arm_interfaces/share/arm_interfaces/local_setup.dsv
[2.998s] -- Installing: /home/olel/Projects/FPMagangBayu24/install/arm_interfaces/share/arm_interfaces/package.dsv
[2.998s] -- Up-to-date: /home/olel/Projects/FPMagangBayu24/install/arm_interfaces/share/ament_index/resource_index/packages/arm_interfaces
[2.998s] -- Up-to-date: /home/olel/Projects/FPMagangBayu24/install/arm_interfaces/share/arm_interfaces/cmake/arm_interfaces__rosidl_generator_cExport.cmake
[2.999s] -- Up-to-date: /home/olel/Projects/FPMagangBayu24/install/arm_interfaces/share/arm_interfaces/cmake/arm_interfaces__rosidl_generator_cExport-noconfig.cmake
[2.999s] -- Up-to-date: /home/olel/Projects/FPMagangBayu24/install/arm_interfaces/share/arm_interfaces/cmake/arm_interfaces__rosidl_typesupport_introspection_cExport.cmake
[2.999s] -- Up-to-date: /home/olel/Projects/FPMagangBayu24/install/arm_interfaces/share/arm_interfaces/cmake/arm_interfaces__rosidl_typesupport_introspection_cExport-noconfig.cmake
[2.999s] -- Up-to-date: /home/olel/Projects/FPMagangBayu24/install/arm_interfaces/share/arm_interfaces/cmake/arm_interfaces__rosidl_typesupport_cExport.cmake
[2.999s] -- Up-to-date: /home/olel/Projects/FPMagangBayu24/install/arm_interfaces/share/arm_interfaces/cmake/arm_interfaces__rosidl_typesupport_cExport-noconfig.cmake
[2.999s] -- Up-to-date: /home/olel/Projects/FPMagangBayu24/install/arm_interfaces/share/arm_interfaces/cmake/arm_interfaces__rosidl_generator_cppExport.cmake
[2.999s] -- Up-to-date: /home/olel/Projects/FPMagangBayu24/install/arm_interfaces/share/arm_interfaces/cmake/arm_interfaces__rosidl_typesupport_introspection_cppExport.cmake
[2.999s] -- Up-to-date: /home/olel/Projects/FPMagangBayu24/install/arm_interfaces/share/arm_interfaces/cmake/arm_interfaces__rosidl_typesupport_introspection_cppExport-noconfig.cmake
[2.999s] -- Up-to-date: /home/olel/Projects/FPMagangBayu24/install/arm_interfaces/share/arm_interfaces/cmake/arm_interfaces__rosidl_typesupport_cppExport.cmake
[3.000s] -- Up-to-date: /home/olel/Projects/FPMagangBayu24/install/arm_interfaces/share/arm_interfaces/cmake/arm_interfaces__rosidl_typesupport_cppExport-noconfig.cmake
[3.000s] -- Up-to-date: /home/olel/Projects/FPMagangBayu24/install/arm_interfaces/share/arm_interfaces/cmake/rosidl_cmake-extras.cmake
[3.000s] -- Up-to-date: /home/olel/Projects/FPMagangBayu24/install/arm_interfaces/share/arm_interfaces/cmake/ament_cmake_export_dependencies-extras.cmake
[3.000s] -- Up-to-date: /home/olel/Projects/FPMagangBayu24/install/arm_interfaces/share/arm_interfaces/cmake/ament_cmake_export_libraries-extras.cmake
[3.000s] -- Up-to-date: /home/olel/Projects/FPMagangBayu24/install/arm_interfaces/share/arm_interfaces/cmake/ament_cmake_export_targets-extras.cmake
[3.000s] -- Up-to-date: /home/olel/Projects/FPMagangBayu24/install/arm_interfaces/share/arm_interfaces/cmake/ament_cmake_export_include_directories-extras.cmake
[3.000s] -- Up-to-date: /home/olel/Projects/FPMagangBayu24/install/arm_interfaces/share/arm_interfaces/cmake/rosidl_cmake_export_typesupport_libraries-extras.cmake
[3.000s] -- Up-to-date: /home/olel/Projects/FPMagangBayu24/install/arm_interfaces/share/arm_interfaces/cmake/rosidl_cmake_export_typesupport_targets-extras.cmake
[3.000s] -- Up-to-date: /home/olel/Projects/FPMagangBayu24/install/arm_interfaces/share/arm_interfaces/cmake/arm_interfacesConfig.cmake
[3.000s] -- Up-to-date: /home/olel/Projects/FPMagangBayu24/install/arm_interfaces/share/arm_interfaces/cmake/arm_interfacesConfig-version.cmake
[3.001s] -- Up-to-date: /home/olel/Projects/FPMagangBayu24/install/arm_interfaces/share/arm_interfaces/package.xml
[3.002s] Invoked command in '/home/olel/Projects/FPMagangBayu24/build/arm_interfaces' returned '0': CMAKE_PREFIX_PATH=/opt/ros/foxy /usr/local/bin/cmake --install /home/olel/Projects/FPMagangBayu24/build/arm_interfaces
