[ 50%] [32mBuilding CXX object CMakeFiles/bot_translatator.dir/src/translator.cpp.o[0m
[100%] [32m[1mLinking CXX executable bot_translatator[0m
[100%] Built target bot_translatator
-- Install configuration: ""
-- Installing: /home/olel/Projects/FPMagangBayu24/install/translator/lib/translator/bot_translatator
-- Set non-toolchain portion of runtime path of "/home/olel/Projects/FPMagangBayu24/install/translator/lib/translator/bot_translatator" to ""
-- Installing: /home/olel/Projects/FPMagangBayu24/install/translator/share/ament_index/resource_index/package_run_dependencies/translator
-- Installing: /home/olel/Projects/FPMagangBayu24/install/translator/share/ament_index/resource_index/parent_prefix_path/translator
-- Installing: /home/olel/Projects/FPMagangBayu24/install/translator/share/translator/environment/ament_prefix_path.sh
-- Installing: /home/olel/Projects/FPMagangBayu24/install/translator/share/translator/environment/ament_prefix_path.dsv
-- Installing: /home/olel/Projects/FPMagangBayu24/install/translator/share/translator/environment/path.sh
-- Installing: /home/olel/Projects/FPMagangBayu24/install/translator/share/translator/environment/path.dsv
-- Installing: /home/olel/Projects/FPMagangBayu24/install/translator/share/translator/local_setup.bash
-- Installing: /home/olel/Projects/FPMagangBayu24/install/translator/share/translator/local_setup.sh
-- Installing: /home/olel/Projects/FPMagangBayu24/install/translator/share/translator/local_setup.zsh
-- Installing: /home/olel/Projects/FPMagangBayu24/install/translator/share/translator/local_setup.dsv
-- Installing: /home/olel/Projects/FPMagangBayu24/install/translator/share/translator/package.dsv
-- Installing: /home/olel/Projects/FPMagangBayu24/install/translator/share/ament_index/resource_index/packages/translator
-- Installing: /home/olel/Projects/FPMagangBayu24/install/translator/share/translator/cmake/translatorConfig.cmake
-- Installing: /home/olel/Projects/FPMagangBayu24/install/translator/share/translator/cmake/translatorConfig-version.cmake
-- Installing: /home/olel/Projects/FPMagangBayu24/install/translator/share/translator/package.xml
