[0.355s] Invoking command in '/home/olel/Projects/FPMagangBayu24/build/control': CMAKE_PREFIX_PATH=${CMAKE_PREFIX_PATH}:/home/olel/Projects/FPMagangBayu24/install/vision:/opt/ros/foxy /usr/local/bin/cmake --build /home/olel/Projects/FPMagangBayu24/build/control -- -j16 -l16
[0.464s] [35m[1mScanning dependencies of target bot_control[0m
[0.501s] [ 50%] [32mBuilding CXX object CMakeFiles/bot_control.dir/src/processor.cpp.o[0m
[5.335s] [100%] [32m[1mLinking CXX executable bot_control[0m
[5.563s] [100%] Built target bot_control
[5.577s] Invoked command in '/home/olel/Projects/FPMagangBayu24/build/control' returned '0': CMAKE_PREFIX_PATH=${CMAKE_PREFIX_PATH}:/home/olel/Projects/FPMagangBayu24/install/vision:/opt/ros/foxy /usr/local/bin/cmake --build /home/olel/Projects/FPMagangBayu24/build/control -- -j16 -l16
[5.607s] Invoking command in '/home/olel/Projects/FPMagangBayu24/build/control': CMAKE_PREFIX_PATH=${CMAKE_PREFIX_PATH}:/home/olel/Projects/FPMagangBayu24/install/vision:/opt/ros/foxy /usr/local/bin/cmake --install /home/olel/Projects/FPMagangBayu24/build/control
[5.609s] -- Install configuration: ""
[5.609s] -- Installing: /home/olel/Projects/FPMagangBayu24/install/control/lib/control/bot_control
[5.612s] -- Set non-toolchain portion of runtime path of "/home/olel/Projects/FPMagangBayu24/install/control/lib/control/bot_control" to ""
[5.612s] -- Up-to-date: /home/olel/Projects/FPMagangBayu24/install/control/share/ament_index/resource_index/package_run_dependencies/control
[5.612s] -- Up-to-date: /home/olel/Projects/FPMagangBayu24/install/control/share/ament_index/resource_index/parent_prefix_path/control
[5.612s] -- Up-to-date: /home/olel/Projects/FPMagangBayu24/install/control/share/control/environment/ament_prefix_path.sh
[5.612s] -- Up-to-date: /home/olel/Projects/FPMagangBayu24/install/control/share/control/environment/ament_prefix_path.dsv
[5.613s] -- Up-to-date: /home/olel/Projects/FPMagangBayu24/install/control/share/control/environment/path.sh
[5.613s] -- Up-to-date: /home/olel/Projects/FPMagangBayu24/install/control/share/control/environment/path.dsv
[5.613s] -- Up-to-date: /home/olel/Projects/FPMagangBayu24/install/control/share/control/local_setup.bash
[5.613s] -- Up-to-date: /home/olel/Projects/FPMagangBayu24/install/control/share/control/local_setup.sh
[5.613s] -- Up-to-date: /home/olel/Projects/FPMagangBayu24/install/control/share/control/local_setup.zsh
[5.614s] -- Up-to-date: /home/olel/Projects/FPMagangBayu24/install/control/share/control/local_setup.dsv
[5.614s] -- Installing: /home/olel/Projects/FPMagangBayu24/install/control/share/control/package.dsv
[5.614s] -- Up-to-date: /home/olel/Projects/FPMagangBayu24/install/control/share/ament_index/resource_index/packages/control
[5.614s] -- Up-to-date: /home/olel/Projects/FPMagangBayu24/install/control/share/control/cmake/controlConfig.cmake
[5.614s] -- Up-to-date: /home/olel/Projects/FPMagangBayu24/install/control/share/control/cmake/controlConfig-version.cmake
[5.614s] -- Up-to-date: /home/olel/Projects/FPMagangBayu24/install/control/share/control/package.xml
[5.615s] Invoked command in '/home/olel/Projects/FPMagangBayu24/build/control' returned '0': CMAKE_PREFIX_PATH=${CMAKE_PREFIX_PATH}:/home/olel/Projects/FPMagangBayu24/install/vision:/opt/ros/foxy /usr/local/bin/cmake --install /home/olel/Projects/FPMagangBayu24/build/control
