[35m[1mScanning dependencies of target bot_control[0m
[ 50%] [32mBuilding CXX object CMakeFiles/bot_control.dir/src/processor.cpp.o[0m
[01m[K/home/olel/Projects/FPMagangBayu24/src/control/src/processor.cpp:[m[K In member function ‘[01m[Kvoid ControllerTicTacToe::timer_callback()[m[K’:
[01m[K/home/olel/Projects/FPMagangBayu24/src/control/src/processor.cpp:53:24:[m[K [01;31m[Kerror: [m[K‘[01m[Kto_string[m[K’ was not declared in this scope
   53 |         message.data = [01;31m[Kto_string[m[K(finalMove);
      |                        [01;31m[K^~~~~~~~~[m[K
[01m[K/home/olel/Projects/FPMagangBayu24/src/control/src/processor.cpp:53:24:[m[K [01;36m[Knote: [m[Ksuggested alternatives:
In file included from [01m[K/usr/include/c++/9/string:55[m[K,
                 from [01m[K/usr/include/c++/9/stdexcept:39[m[K,
                 from [01m[K/usr/include/c++/9/array:39[m[K,
                 from [01m[K/usr/include/c++/9/tuple:39[m[K,
                 from [01m[K/usr/include/c++/9/functional:54[m[K,
                 from [01m[K/home/olel/Projects/FPMagangBayu24/src/control/src/processor.cpp:2[m[K:
[01m[K/usr/include/c++/9/bits/basic_string.h:6601:3:[m[K [01;36m[Knote: [m[K  ‘[01m[Kstd::__cxx11::to_string[m[K’
 6601 |   [01;36m[Kto_string[m[K(long double __val)
      |   [01;36m[K^~~~~~~~~[m[K
In file included from [01m[K/opt/ros/foxy/include/rclcpp/parameter.hpp:26[m[K,
                 from [01m[K/opt/ros/foxy/include/rclcpp/node_interfaces/node_parameters_interface.hpp:28[m[K,
                 from [01m[K/opt/ros/foxy/include/rclcpp/node.hpp:51[m[K,
                 from [01m[K/opt/ros/foxy/include/rclcpp/executors/single_threaded_executor.hpp:28[m[K,
                 from [01m[K/opt/ros/foxy/include/rclcpp/executors.hpp:22[m[K,
                 from [01m[K/opt/ros/foxy/include/rclcpp/rclcpp.hpp:146[m[K,
                 from [01m[K/home/olel/Projects/FPMagangBayu24/src/control/src/processor.cpp:7[m[K:
[01m[K/opt/ros/foxy/include/rclcpp/parameter_value.hpp:341:1:[m[K [01;36m[Knote: [m[K  ‘[01m[Krclcpp::to_string[m[K’
  341 | [01;36m[Kto_string[m[K(const ParameterValue & type);
      | [01;36m[K^~~~~~~~~[m[K
In file included from [01m[K/opt/ros/foxy/include/rclcpp/executor.hpp:34[m[K,
                 from [01m[K/opt/ros/foxy/include/rclcpp/executors/multi_threaded_executor.hpp:26[m[K,
                 from [01m[K/opt/ros/foxy/include/rclcpp/executors.hpp:21[m[K,
                 from [01m[K/opt/ros/foxy/include/rclcpp/rclcpp.hpp:146[m[K,
                 from [01m[K/home/olel/Projects/FPMagangBayu24/src/control/src/processor.cpp:7[m[K:
[01m[K/opt/ros/foxy/include/rclcpp/future_return_code.hpp:53:1:[m[K [01;36m[Knote: [m[K  ‘[01m[Krclcpp::executor::to_string[m[K’
   53 | [01;36m[Kto_string[m[K(const rclcpp::FutureReturnCode & future_return_code)
      | [01;36m[K^~~~~~~~~[m[K
[01m[K/home/olel/Projects/FPMagangBayu24/src/control/src/processor.cpp:[m[K In member function ‘[01m[Kint ControllerTicTacToe::moveScore(std::vector<int>, int)[m[K’:
[01m[K/home/olel/Projects/FPMagangBayu24/src/control/src/processor.cpp:126:24:[m[K [01;35m[Kwarning: [m[Kcomparison of integer expressions of different signedness: ‘[01m[Kint[m[K’ and ‘[01m[Kstd::vector<int>::size_type[m[K’ {aka ‘[01m[Klong unsigned int[m[K’} [[01;35m[K-Wsign-compare[m[K]
  126 |       for(int i = 0; [01;35m[Ki < emptyGrids.size()[m[K; i++)
      |                      [01;35m[K~~^~~~~~~~~~~~~~~~~~~[m[K
[01m[K/home/olel/Projects/FPMagangBayu24/src/control/src/processor.cpp:[m[K In member function ‘[01m[Kint ControllerTicTacToe::determine(std::vector<int>)[m[K’:
[01m[K/home/olel/Projects/FPMagangBayu24/src/control/src/processor.cpp:141:24:[m[K [01;35m[Kwarning: [m[Kcomparison of integer expressions of different signedness: ‘[01m[Kint[m[K’ and ‘[01m[Kstd::vector<int>::size_type[m[K’ {aka ‘[01m[Klong unsigned int[m[K’} [[01;35m[K-Wsign-compare[m[K]
  141 |       for(int i = 0; [01;35m[Ki < moves.size()[m[K; i++)
      |                      [01;35m[K~~^~~~~~~~~~~~~~[m[K
make[2]: *** [CMakeFiles/bot_control.dir/build.make:63: CMakeFiles/bot_control.dir/src/processor.cpp.o] Error 1
make[1]: *** [CMakeFiles/Makefile2:78: CMakeFiles/bot_control.dir/all] Error 2
make: *** [Makefile:141: all] Error 2
