[0.260s] Invoking command in '/home/olel/Projects/FPMagangBayu24/build/translator': CMAKE_PREFIX_PATH=/home/olel/Projects/FPMagangBayu24/install/arm_interfaces:/home/olel/Projects/FPMagangBayu24/install/translator:/home/olel/Projects/FPMagangBayu24/install/control:/home/olel/Projects/FPMagangBayu24/install/vision:/opt/ros/foxy PYTHONPATH=/home/olel/Projects/FPMagangBayu24/install/arm_interfaces/lib/python3.8/site-packages:/home/olel/Projects/FPMagangBayu24/install/vision/lib/python3.8/site-packages:/opt/ros/foxy/lib/python3.8/site-packages /usr/local/bin/cmake --build /home/olel/Projects/FPMagangBayu24/build/translator -- -j16 -l16
[0.294s] [ 50%] [32mBuilding CXX object CMakeFiles/bot_translator.dir/src/translator.cpp.o[0m
[1.246s] [01m[K/home/olel/Projects/FPMagangBayu24/src/translator/src/translator.cpp:[m[K In member function ‘[01m[Kstd::vector<int> TranslatorTicTacToe::decide(arm_interfaces::msg::PosisiBidak_<std::allocator<void> >::SharedPtr)[m[K’:
[1.246s] [01m[K/home/olel/Projects/FPMagangBayu24/src/translator/src/translator.cpp:47:13:[m[K [01;35m[Kwarning: [m[Kunused variable ‘[01m[KrealDistTO[m[K’ [[01;35m[K-Wunused-variable[m[K]
[1.246s]    47 |       float [01;35m[KrealDistTO[m[K = findDist(points->tox, midX, points->toy, midY) * factorPIX2REAL;
[1.246s]       |             [01;35m[K^~~~~~~~~~[m[K
[1.246s] [01m[K/home/olel/Projects/FPMagangBayu24/src/translator/src/translator.cpp:48:13:[m[K [01;35m[Kwarning: [m[Kunused variable ‘[01m[KrealDistFR[m[K’ [[01;35m[K-Wunused-variable[m[K]
[1.246s]    48 |       float [01;35m[KrealDistFR[m[K = findDist(points->tox, midX, points->toy, midY) * factorPIX2REAL;
[1.246s]       |             [01;35m[K^~~~~~~~~~[m[K
[1.251s] [01m[K/home/olel/Projects/FPMagangBayu24/src/translator/src/translator.cpp:[m[K In member function ‘[01m[Kvoid TranslatorTicTacToe::timer_callback(std::vector<int>)[m[K’:
[1.251s] [01m[K/home/olel/Projects/FPMagangBayu24/src/translator/src/translator.cpp:56:42:[m[K [01;35m[Kwarning: [m[Kunused parameter ‘[01m[KServoMoves[m[K’ [[01;35m[K-Wunused-parameter[m[K]
[1.251s]    56 |     void timer_callback([01;35m[Kstd::vector<int> ServoMoves[m[K)
[1.251s]       |                         [01;35m[K~~~~~~~~~~~~~~~~~^~~~~~~~~~[m[K
[4.063s] [100%] [32m[1mLinking CXX executable bot_translator[0m
[4.219s] [100%] Built target bot_translator
[4.224s] Invoked command in '/home/olel/Projects/FPMagangBayu24/build/translator' returned '0': CMAKE_PREFIX_PATH=/home/olel/Projects/FPMagangBayu24/install/arm_interfaces:/home/olel/Projects/FPMagangBayu24/install/translator:/home/olel/Projects/FPMagangBayu24/install/control:/home/olel/Projects/FPMagangBayu24/install/vision:/opt/ros/foxy PYTHONPATH=/home/olel/Projects/FPMagangBayu24/install/arm_interfaces/lib/python3.8/site-packages:/home/olel/Projects/FPMagangBayu24/install/vision/lib/python3.8/site-packages:/opt/ros/foxy/lib/python3.8/site-packages /usr/local/bin/cmake --build /home/olel/Projects/FPMagangBayu24/build/translator -- -j16 -l16
[4.250s] Invoking command in '/home/olel/Projects/FPMagangBayu24/build/translator': CMAKE_PREFIX_PATH=/home/olel/Projects/FPMagangBayu24/install/arm_interfaces:/home/olel/Projects/FPMagangBayu24/install/translator:/home/olel/Projects/FPMagangBayu24/install/control:/home/olel/Projects/FPMagangBayu24/install/vision:/opt/ros/foxy PYTHONPATH=/home/olel/Projects/FPMagangBayu24/install/arm_interfaces/lib/python3.8/site-packages:/home/olel/Projects/FPMagangBayu24/install/vision/lib/python3.8/site-packages:/opt/ros/foxy/lib/python3.8/site-packages /usr/local/bin/cmake --install /home/olel/Projects/FPMagangBayu24/build/translator
[4.251s] -- Install configuration: ""
[4.251s] -- Installing: /home/olel/Projects/FPMagangBayu24/install/translator/lib/translator/bot_translator
[4.253s] -- Set non-toolchain portion of runtime path of "/home/olel/Projects/FPMagangBayu24/install/translator/lib/translator/bot_translator" to ""
[4.253s] -- Up-to-date: /home/olel/Projects/FPMagangBayu24/install/translator/share/ament_index/resource_index/package_run_dependencies/translator
[4.253s] -- Up-to-date: /home/olel/Projects/FPMagangBayu24/install/translator/share/ament_index/resource_index/parent_prefix_path/translator
[4.253s] -- Up-to-date: /home/olel/Projects/FPMagangBayu24/install/translator/share/translator/environment/ament_prefix_path.sh
[4.253s] -- Up-to-date: /home/olel/Projects/FPMagangBayu24/install/translator/share/translator/environment/ament_prefix_path.dsv
[4.254s] -- Up-to-date: /home/olel/Projects/FPMagangBayu24/install/translator/share/translator/environment/path.sh
[4.254s] -- Up-to-date: /home/olel/Projects/FPMagangBayu24/install/translator/share/translator/environment/path.dsv
[4.255s] -- Up-to-date: /home/olel/Projects/FPMagangBayu24/install/translator/share/translator/local_setup.bash
[4.255s] -- Up-to-date: /home/olel/Projects/FPMagangBayu24/install/translator/share/translator/local_setup.sh
[4.255s] -- Up-to-date: /home/olel/Projects/FPMagangBayu24/install/translator/share/translator/local_setup.zsh
[4.255s] -- Up-to-date: /home/olel/Projects/FPMagangBayu24/install/translator/share/translator/local_setup.dsv
[4.255s] -- Installing: /home/olel/Projects/FPMagangBayu24/install/translator/share/translator/package.dsv
[4.255s] -- Up-to-date: /home/olel/Projects/FPMagangBayu24/install/translator/share/ament_index/resource_index/packages/translator
[4.255s] -- Up-to-date: /home/olel/Projects/FPMagangBayu24/install/translator/share/translator/cmake/translatorConfig.cmake
[4.255s] -- Up-to-date: /home/olel/Projects/FPMagangBayu24/install/translator/share/translator/cmake/translatorConfig-version.cmake
[4.255s] -- Up-to-date: /home/olel/Projects/FPMagangBayu24/install/translator/share/translator/package.xml
[4.256s] Invoked command in '/home/olel/Projects/FPMagangBayu24/build/translator' returned '0': CMAKE_PREFIX_PATH=/home/olel/Projects/FPMagangBayu24/install/arm_interfaces:/home/olel/Projects/FPMagangBayu24/install/translator:/home/olel/Projects/FPMagangBayu24/install/control:/home/olel/Projects/FPMagangBayu24/install/vision:/opt/ros/foxy PYTHONPATH=/home/olel/Projects/FPMagangBayu24/install/arm_interfaces/lib/python3.8/site-packages:/home/olel/Projects/FPMagangBayu24/install/vision/lib/python3.8/site-packages:/opt/ros/foxy/lib/python3.8/site-packages /usr/local/bin/cmake --install /home/olel/Projects/FPMagangBayu24/build/translator
