[0.120s] Invoking command in '/home/olel/Projects/FPMagangBayu24/build/control': /usr/bin/cmake --build /home/olel/Projects/FPMagangBayu24/build/control -- -j16 -l16
[0.155s] [35m[1mScanning dependencies of target bot_control[0m
[0.180s] [ 50%] [32mBuilding CXX object CMakeFiles/bot_control.dir/src/processor.cpp.o[0m
[1.095s] [01m[K/home/olel/Projects/FPMagangBayu24/src/control/src/processor.cpp:[m[K In member function ‘[01m[Kvoid ControllerTicTacToe::topic_callback(std_msgs::msg::String_<std::allocator<void> >::SharedPtr) const[m[K’:
[1.095s] [01m[K/home/olel/Projects/FPMagangBayu24/src/control/src/processor.cpp:42:46:[m[K [01;31m[Kerror: [m[Kpassing ‘[01m[Kconst ControllerTicTacToe[m[K’ as ‘[01m[Kthis[m[K’ argument discards qualifiers [[01;31m[K-fpermissive[m[K]
[1.096s]    42 |       std::cout<<"move: "<<determine(vecBoard[01;31m[K)[m[K<<std::endl;
[1.096s]       |                                              [01;31m[K^[m[K
[1.096s] [01m[K/home/olel/Projects/FPMagangBayu24/src/control/src/processor.cpp:132:9:[m[K [01;36m[Knote: [m[K  in call to ‘[01m[Kint ControllerTicTacToe::determine(std::vector<int>)[m[K’
[1.096s]   132 |     int [01;36m[Kdetermine[m[K(std::vector<int> boardState)
[1.096s]       |         [01;36m[K^~~~~~~~~[m[K
[1.102s] [01m[K/home/olel/Projects/FPMagangBayu24/src/control/src/processor.cpp:[m[K In member function ‘[01m[Kint ControllerTicTacToe::moveScore(std::vector<int>, int)[m[K’:
[1.102s] [01m[K/home/olel/Projects/FPMagangBayu24/src/control/src/processor.cpp:119:7:[m[K [01;31m[Kerror: [m[K‘[01m[Kscore[m[K’ was not declared in this scope
[1.102s]   119 |       [01;31m[Kscore[m[K = 0;
[1.102s]       |       [01;31m[K^~~~~[m[K
[1.103s] [01m[K/home/olel/Projects/FPMagangBayu24/src/control/src/processor.cpp:121:24:[m[K [01;35m[Kwarning: [m[Kcomparison of integer expressions of different signedness: ‘[01m[Kint[m[K’ and ‘[01m[Kstd::vector<int>::size_type[m[K’ {aka ‘[01m[Klong unsigned int[m[K’} [[01;35m[K-Wsign-compare[m[K]
[1.103s]   121 |       for(int i = 0; [01;35m[Ki < emptyGrids.size()[m[K; i++)
[1.103s]       |                      [01;35m[K~~^~~~~~~~~~~~~~~~~~~[m[K
[1.103s] [01m[K/home/olel/Projects/FPMagangBayu24/src/control/src/processor.cpp:[m[K In member function ‘[01m[Kint ControllerTicTacToe::determine(std::vector<int>)[m[K’:
[1.103s] [01m[K/home/olel/Projects/FPMagangBayu24/src/control/src/processor.cpp:137:24:[m[K [01;35m[Kwarning: [m[Kcomparison of integer expressions of different signedness: ‘[01m[Kint[m[K’ and ‘[01m[Kstd::vector<int>::size_type[m[K’ {aka ‘[01m[Klong unsigned int[m[K’} [[01;35m[K-Wsign-compare[m[K]
[1.103s]   137 |       for(int i = 0; [01;35m[Ki < moves.size()[m[K; i++)
[1.103s]       |                      [01;35m[K~~^~~~~~~~~~~~~~[m[K
[2.278s] make[2]: *** [CMakeFiles/bot_control.dir/build.make:63: CMakeFiles/bot_control.dir/src/processor.cpp.o] Error 1
[2.278s] make[1]: *** [CMakeFiles/Makefile2:78: CMakeFiles/bot_control.dir/all] Error 2
[2.279s] make: *** [Makefile:141: all] Error 2
[2.281s] Invoked command in '/home/olel/Projects/FPMagangBayu24/build/control' returned '2': /usr/bin/cmake --build /home/olel/Projects/FPMagangBayu24/build/control -- -j16 -l16
