[0.128s] Invoking command in '/home/olel/Projects/FPMagangBayu24/build/arm_interfaces': /usr/local/bin/cmake /home/olel/Projects/FPMagangBayu24/src/arm_interfaces -DCMAKE_INSTALL_PREFIX=/home/olel/Projects/FPMagangBayu24/install/arm_interfaces
[0.143s] [31mCMake Error at CMakeLists.txt:18 (find_package):
[0.143s]   By not providing "Findament_cmake.cmake" in CMAKE_MODULE_PATH this project
[0.143s]   has asked CMake to find a package configuration file provided by
[0.143s]   "ament_cmake", but CMake did not find one.
[0.143s] 
[0.143s]   Could not find a package configuration file provided by "ament_cmake" with
[0.143s]   any of the following names:
[0.143s] 
[0.144s]     ament_cmakeConfig.cmake
[0.144s]     ament_cmake-config.cmake
[0.144s] 
[0.144s]   Add the installation prefix of "ament_cmake" to CMAKE_PREFIX_PATH or set
[0.144s]   "ament_cmake_DIR" to a directory containing one of the above files.  If
[0.144s]   "ament_cmake" provides a separate development package or SDK, be sure it
[0.144s]   has been installed.
[0.144s] 
[0.145s] [0m
[0.145s] -- Configuring incomplete, errors occurred!
[0.145s] Invoked command in '/home/olel/Projects/FPMagangBayu24/build/arm_interfaces' returned '1': /usr/local/bin/cmake /home/olel/Projects/FPMagangBayu24/src/arm_interfaces -DCMAKE_INSTALL_PREFIX=/home/olel/Projects/FPMagangBayu24/install/arm_interfaces
