[ 50%] [32mBuilding CXX object CMakeFiles/bot_translatator.dir/src/translator.cpp.o[0m
[01m[K/home/olel/Projects/FPMagangBayu24/src/translator/src/translator.cpp:[m[K In constructor ‘[01m[KTranslatorTicTacToe::TranslatorTicTacToe()[m[K’:
[01m[K/home/olel/Projects/FPMagangBayu24/src/translator/src/translator.cpp:24:33:[m[K [01;31m[Kerror: [m[K‘[01m[KMinimalSubscriber[m[K’ has not been declared
   24 |       "to_move", 10, std::bind(&[01;31m[KMinimalSubscriber[m[K::topic_callback, this, _1));
      |                                 [01;31m[K^~~~~~~~~~~~~~~~~[m[K
In file included from [01m[K/opt/ros/foxy/include/rclcpp/client.hpp:40[m[K,
                 from [01m[K/opt/ros/foxy/include/rclcpp/callback_group.hpp:23[m[K,
                 from [01m[K/opt/ros/foxy/include/rclcpp/any_executable.hpp:20[m[K,
                 from [01m[K/opt/ros/foxy/include/rclcpp/memory_strategy.hpp:24[m[K,
                 from [01m[K/opt/ros/foxy/include/rclcpp/memory_strategies.hpp:18[m[K,
                 from [01m[K/opt/ros/foxy/include/rclcpp/executor_options.hpp:20[m[K,
                 from [01m[K/opt/ros/foxy/include/rclcpp/executor.hpp:33[m[K,
                 from [01m[K/opt/ros/foxy/include/rclcpp/executors/multi_threaded_executor.hpp:26[m[K,
                 from [01m[K/opt/ros/foxy/include/rclcpp/executors.hpp:21[m[K,
                 from [01m[K/opt/ros/foxy/include/rclcpp/rclcpp.hpp:146[m[K,
                 from [01m[K/home/olel/Projects/FPMagangBayu24/src/translator/src/translator.cpp:6[m[K:
[01m[K/home/olel/Projects/FPMagangBayu24/src/translator/src/translator.cpp:[m[K In member function ‘[01m[Kvoid TranslatorTicTacToe::topic_callback(arm_interfaces::msg::PosisiBidak_<std::allocator<void> >::SharedPtr)[m[K’:
[01m[K/home/olel/Projects/FPMagangBayu24/src/translator/src/translator.cpp:30:61:[m[K [01;31m[Kerror: [m[K‘[01m[Kusing element_type = struct arm_interfaces::msg::PosisiBidak_<std::allocator<void> >[m[K’ {aka ‘[01m[Kstruct arm_interfaces::msg::PosisiBidak_<std::allocator<void> >[m[K’} has no member named ‘[01m[Kdata[m[K’
   30 |       RCLCPP_INFO(this->get_logger(), "I heard: '%s'", msg->[01;31m[Kdata[m[K.c_str());
      |                                                             [01;31m[K^~~~[m[K
[01m[K/home/olel/Projects/FPMagangBayu24/src/translator/src/translator.cpp:[m[K In member function ‘[01m[Kstd::vector<int> TranslatorTicTacToe::decide(arm_interfaces::msg::PosisiBidak_<std::allocator<void> >::SharedPtr)[m[K’:
[01m[K/home/olel/Projects/FPMagangBayu24/src/translator/src/translator.cpp:45:5:[m[K [01;35m[Kwarning: [m[Kno return statement in function returning non-void [[01;35m[K-Wreturn-type[m[K]
   45 |     [01;35m[K}[m[K
      |     [01;35m[K^[m[K
[01m[K/home/olel/Projects/FPMagangBayu24/src/translator/src/translator.cpp:34:79:[m[K [01;35m[Kwarning: [m[Kunused parameter ‘[01m[Kmsg[m[K’ [[01;35m[K-Wunused-parameter[m[K]
   34 |     std::vector<int> decide([01;35m[Kconst arm_interfaces::msg::PosisiBidak::SharedPtr msg[m[K)
      |                             [01;35m[K~~~~~~~~~~~~~~~~~~~~~~~~~~~~~~~~~~~~~~~~~~~~~~~~~~^~~[m[K
make[2]: *** [CMakeFiles/bot_translatator.dir/build.make:76: CMakeFiles/bot_translatator.dir/src/translator.cpp.o] Error 1
make[1]: *** [CMakeFiles/Makefile2:137: CMakeFiles/bot_translatator.dir/all] Error 2
make: *** [Makefile:146: all] Error 2
