[01m[K/home/olel/Projects/FPMagangBayu24/src/control/src/processor.cpp:[m[K In member function ‘[01m[Kbool ControllerTicTacToe::checkWin(std::vector<int>, int)[m[K’:
[01m[K/home/olel/Projects/FPMagangBayu24/src/control/src/processor.cpp:82:24:[m[K [01;31m[Kerror: [m[Kexpected ‘[01m[K;[m[K’ before ‘[01m[K<[m[K’ token
   82 |       for (int i = 0, i[01;31m[K [m[K[32m[K<[m[K winCombination.size(), i++)
      |                        [01;31m[K^[m[K[32m[K~[m[K
      |                        [32m[K;[m[K
[01m[K/home/olel/Projects/FPMagangBayu24/src/control/src/processor.cpp:82:25:[m[K [01;31m[Kerror: [m[Kexpected primary-expression before ‘[01m[K<[m[K’ token
   82 |       for (int i = 0, i [01;31m[K<[m[K winCombination.size(), i++)
      |                         [01;31m[K^[m[K
[01m[K/home/olel/Projects/FPMagangBayu24/src/control/src/processor.cpp:82:53:[m[K [01;31m[Kerror: [m[Kexpected ‘[01m[K;[m[K’ before ‘[01m[K)[m[K’ token
   82 |       for (int i = 0, i < winCombination.size(), i++[01;31m[K)[m[K
      |                                                     [01;31m[K^[m[K
      |                                                     [32m[K;[m[K
[01m[K/home/olel/Projects/FPMagangBayu24/src/control/src/processor.cpp:[m[K In member function ‘[01m[Kint ControllerTicTacToe::moveScore(std::vector<int>, int)[m[K’:
[01m[K/home/olel/Projects/FPMagangBayu24/src/control/src/processor.cpp:95:36:[m[K [01;35m[Kwarning: [m[Kunused parameter ‘[01m[KboardState[m[K’ [[01;35m[K-Wunused-parameter[m[K]
   95 |     int moveScore([01;35m[Kstd::vector<int> boardState[m[K, int Player)
      |                   [01;35m[K~~~~~~~~~~~~~~~~~^~~~~~~~~~[m[K
[01m[K/home/olel/Projects/FPMagangBayu24/src/control/src/processor.cpp:95:52:[m[K [01;35m[Kwarning: [m[Kunused parameter ‘[01m[KPlayer[m[K’ [[01;35m[K-Wunused-parameter[m[K]
   95 |     int moveScore(std::vector<int> boardState, [01;35m[Kint Player[m[K)
      |                                                [01;35m[K~~~~^~~~~~[m[K
[01m[K/home/olel/Projects/FPMagangBayu24/src/control/src/processor.cpp:[m[K In member function ‘[01m[Kint ControllerTicTacToe::determine(std::vector<int>)[m[K’:
[01m[K/home/olel/Projects/FPMagangBayu24/src/control/src/processor.cpp:105:36:[m[K [01;35m[Kwarning: [m[Kunused parameter ‘[01m[KboardState[m[K’ [[01;35m[K-Wunused-parameter[m[K]
  105 |     int determine([01;35m[Kstd::vector<int> boardState[m[K)
      |                   [01;35m[K~~~~~~~~~~~~~~~~~^~~~~~~~~~[m[K
make[2]: *** [CMakeFiles/bot_control.dir/build.make:63: CMakeFiles/bot_control.dir/src/processor.cpp.o] Error 1
make[1]: *** [CMakeFiles/Makefile2:78: CMakeFiles/bot_control.dir/all] Error 2
make: *** [Makefile:141: all] Error 2
