[0.110s] Invoking command in '/home/olel/Projects/FPMagangBayu24/build/control': /usr/bin/cmake --build /home/olel/Projects/FPMagangBayu24/build/control -- -j16 -l16
[0.149s] [35m[1mScanning dependencies of target bot_control[0m
[0.184s] [ 50%] [32mBuilding CXX object CMakeFiles/bot_control.dir/src/processor.cpp.o[0m
[1.083s] [01m[K/home/olel/Projects/FPMagangBayu24/src/control/src/processor.cpp:[m[K In member function ‘[01m[Kbool ControllerTicTacToe::checkWin(std::vector<int>, int)[m[K’:
[1.083s] [01m[K/home/olel/Projects/FPMagangBayu24/src/control/src/processor.cpp:82:24:[m[K [01;31m[Kerror: [m[Kexpected ‘[01m[K;[m[K’ before ‘[01m[K<[m[K’ token
[1.083s]    82 |       for (int i = 0, i[01;31m[K [m[K[32m[K<[m[K winCombination.size(), i++)
[1.083s]       |                        [01;31m[K^[m[K[32m[K~[m[K
[1.083s]       |                        [32m[K;[m[K
[1.083s] [01m[K/home/olel/Projects/FPMagangBayu24/src/control/src/processor.cpp:82:25:[m[K [01;31m[Kerror: [m[Kexpected primary-expression before ‘[01m[K<[m[K’ token
[1.084s]    82 |       for (int i = 0, i [01;31m[K<[m[K winCombination.size(), i++)
[1.084s]       |                         [01;31m[K^[m[K
[1.084s] [01m[K/home/olel/Projects/FPMagangBayu24/src/control/src/processor.cpp:82:53:[m[K [01;31m[Kerror: [m[Kexpected ‘[01m[K;[m[K’ before ‘[01m[K)[m[K’ token
[1.084s]    82 |       for (int i = 0, i < winCombination.size(), i++[01;31m[K)[m[K
[1.084s]       |                                                     [01;31m[K^[m[K
[1.084s]       |                                                     [32m[K;[m[K
[1.084s] [01m[K/home/olel/Projects/FPMagangBayu24/src/control/src/processor.cpp:[m[K In member function ‘[01m[Kint ControllerTicTacToe::moveScore(std::vector<int>, int)[m[K’:
[1.084s] [01m[K/home/olel/Projects/FPMagangBayu24/src/control/src/processor.cpp:95:36:[m[K [01;35m[Kwarning: [m[Kunused parameter ‘[01m[KboardState[m[K’ [[01;35m[K-Wunused-parameter[m[K]
[1.084s]    95 |     int moveScore([01;35m[Kstd::vector<int> boardState[m[K, int Player)
[1.084s]       |                   [01;35m[K~~~~~~~~~~~~~~~~~^~~~~~~~~~[m[K
[1.084s] [01m[K/home/olel/Projects/FPMagangBayu24/src/control/src/processor.cpp:95:52:[m[K [01;35m[Kwarning: [m[Kunused parameter ‘[01m[KPlayer[m[K’ [[01;35m[K-Wunused-parameter[m[K]
[1.084s]    95 |     int moveScore(std::vector<int> boardState, [01;35m[Kint Player[m[K)
[1.085s]       |                                                [01;35m[K~~~~^~~~~~[m[K
[1.085s] [01m[K/home/olel/Projects/FPMagangBayu24/src/control/src/processor.cpp:[m[K In member function ‘[01m[Kint ControllerTicTacToe::determine(std::vector<int>)[m[K’:
[1.085s] [01m[K/home/olel/Projects/FPMagangBayu24/src/control/src/processor.cpp:105:36:[m[K [01;35m[Kwarning: [m[Kunused parameter ‘[01m[KboardState[m[K’ [[01;35m[K-Wunused-parameter[m[K]
[1.085s]   105 |     int determine([01;35m[Kstd::vector<int> boardState[m[K)
[1.085s]       |                   [01;35m[K~~~~~~~~~~~~~~~~~^~~~~~~~~~[m[K
[2.198s] make[2]: *** [CMakeFiles/bot_control.dir/build.make:63: CMakeFiles/bot_control.dir/src/processor.cpp.o] Error 1
[2.198s] make[1]: *** [CMakeFiles/Makefile2:78: CMakeFiles/bot_control.dir/all] Error 2
[2.198s] make: *** [Makefile:141: all] Error 2
[2.201s] Invoked command in '/home/olel/Projects/FPMagangBayu24/build/control' returned '2': /usr/bin/cmake --build /home/olel/Projects/FPMagangBayu24/build/control -- -j16 -l16
