[01m[K/home/olel/Projects/FPMagangBayu24/src/control/src/processor.cpp:[m[K In member function ‘[01m[Kvoid ControllerTicTacToe::topic_callback(std_msgs::msg::String_<std::allocator<void> >::SharedPtr) const[m[K’:
[01m[K/home/olel/Projects/FPMagangBayu24/src/control/src/processor.cpp:34:57:[m[K [01;31m[Kerror: [m[Kpassing ‘[01m[Kconst ControllerTicTacToe[m[K’ as ‘[01m[Kthis[m[K’ argument discards qualifiers [[01;31m[K-fpermissive[m[K]
   34 |       std::vector<int> vecBoard = string2vec("000000110"[01;31m[K)[m[K;
      |                                                         [01;31m[K^[m[K
[01m[K/home/olel/Projects/FPMagangBayu24/src/control/src/processor.cpp:67:22:[m[K [01;36m[Knote: [m[K  in call to ‘[01m[Kstd::vector<int> ControllerTicTacToe::string2vec(std::string)[m[K’
   67 |     std::vector<int> [01;36m[Kstring2vec[m[K(std::string strBoard)
      |                      [01;36m[K^~~~~~~~~~[m[K
[01m[K/home/olel/Projects/FPMagangBayu24/src/control/src/processor.cpp:[m[K In member function ‘[01m[Kbool ControllerTicTacToe::checkWin(std::vector<int>, int)[m[K’:
[01m[K/home/olel/Projects/FPMagangBayu24/src/control/src/processor.cpp:77:36:[m[K [01;35m[Kwarning: [m[Kunused parameter ‘[01m[KboardState[m[K’ [[01;35m[K-Wunused-parameter[m[K]
   77 |     bool checkWin([01;35m[Kstd::vector<int> boardState[m[K, int player)
      |                   [01;35m[K~~~~~~~~~~~~~~~~~^~~~~~~~~~[m[K
[01m[K/home/olel/Projects/FPMagangBayu24/src/control/src/processor.cpp:77:52:[m[K [01;35m[Kwarning: [m[Kunused parameter ‘[01m[Kplayer[m[K’ [[01;35m[K-Wunused-parameter[m[K]
   77 |     bool checkWin(std::vector<int> boardState, [01;35m[Kint player[m[K)
      |                                                [01;35m[K~~~~^~~~~~[m[K
[01m[K/home/olel/Projects/FPMagangBayu24/src/control/src/processor.cpp:[m[K In member function ‘[01m[Kint ControllerTicTacToe::moveScore(std::vector<int>, int)[m[K’:
[01m[K/home/olel/Projects/FPMagangBayu24/src/control/src/processor.cpp:83:36:[m[K [01;35m[Kwarning: [m[Kunused parameter ‘[01m[KboardState[m[K’ [[01;35m[K-Wunused-parameter[m[K]
   83 |     int moveScore([01;35m[Kstd::vector<int> boardState[m[K, int Player)
      |                   [01;35m[K~~~~~~~~~~~~~~~~~^~~~~~~~~~[m[K
[01m[K/home/olel/Projects/FPMagangBayu24/src/control/src/processor.cpp:83:52:[m[K [01;35m[Kwarning: [m[Kunused parameter ‘[01m[KPlayer[m[K’ [[01;35m[K-Wunused-parameter[m[K]
   83 |     int moveScore(std::vector<int> boardState, [01;35m[Kint Player[m[K)
      |                                                [01;35m[K~~~~^~~~~~[m[K
[01m[K/home/olel/Projects/FPMagangBayu24/src/control/src/processor.cpp:[m[K In member function ‘[01m[Kint ControllerTicTacToe::determine(std::vector<int>)[m[K’:
[01m[K/home/olel/Projects/FPMagangBayu24/src/control/src/processor.cpp:93:36:[m[K [01;35m[Kwarning: [m[Kunused parameter ‘[01m[KboardState[m[K’ [[01;35m[K-Wunused-parameter[m[K]
   93 |     int determine([01;35m[Kstd::vector<int> boardState[m[K)
      |                   [01;35m[K~~~~~~~~~~~~~~~~~^~~~~~~~~~[m[K
make[2]: *** [CMakeFiles/bot_control.dir/build.make:63: CMakeFiles/bot_control.dir/src/processor.cpp.o] Error 1
make[1]: *** [CMakeFiles/Makefile2:78: CMakeFiles/bot_control.dir/all] Error 2
make: *** [Makefile:141: all] Error 2
