[0.765s] Invoking command in '/home/olel/Projects/FPMagangBayu24/src/vision': PYTHONPATH=/home/olel/Projects/FPMagangBayu24/build/vision/prefix_override:/home/olel/Projects/FPMagangBayu24/install/vision/lib/python3.8/site-packages:${PYTHONPATH} /usr/bin/python3 setup.py egg_info --egg-base ../../build/vision build --build-base /home/olel/Projects/FPMagangBayu24/build/vision/build install --record /home/olel/Projects/FPMagangBayu24/build/vision/install.log --install-scripts $base/lib/vision --single-version-externally-managed
[0.935s] running egg_info
[0.935s] writing ../../build/vision/vision.egg-info/PKG-INFO
[0.936s] writing dependency_links to ../../build/vision/vision.egg-info/dependency_links.txt
[0.936s] writing entry points to ../../build/vision/vision.egg-info/entry_points.txt
[0.936s] writing requirements to ../../build/vision/vision.egg-info/requires.txt
[0.936s] writing top-level names to ../../build/vision/vision.egg-info/top_level.txt
[0.963s] reading manifest file '../../build/vision/vision.egg-info/SOURCES.txt'
[0.963s] writing manifest file '../../build/vision/vision.egg-info/SOURCES.txt'
[0.964s] running build
[0.964s] running build_py
[0.964s] running install
[0.965s] running install_lib
[0.966s] running install_data
[0.966s] copying package.xml -> /home/olel/Projects/FPMagangBayu24/install/vision/share/vision
[0.966s] running install_egg_info
[0.968s] removing '/home/olel/Projects/FPMagangBayu24/install/vision/lib/python3.8/site-packages/vision-0.0.0-py3.8.egg-info' (and everything under it)
[0.968s] Copying ../../build/vision/vision.egg-info to /home/olel/Projects/FPMagangBayu24/install/vision/lib/python3.8/site-packages/vision-0.0.0-py3.8.egg-info
[0.969s] running install_scripts
[0.986s] Installing bot_vision script to /home/olel/Projects/FPMagangBayu24/install/vision/lib/vision
[0.986s] writing list of installed files to '/home/olel/Projects/FPMagangBayu24/build/vision/install.log'
[1.042s] Invoked command in '/home/olel/Projects/FPMagangBayu24/src/vision' returned '0': PYTHONPATH=/home/olel/Projects/FPMagangBayu24/build/vision/prefix_override:/home/olel/Projects/FPMagangBayu24/install/vision/lib/python3.8/site-packages:${PYTHONPATH} /usr/bin/python3 setup.py egg_info --egg-base ../../build/vision build --build-base /home/olel/Projects/FPMagangBayu24/build/vision/build install --record /home/olel/Projects/FPMagangBayu24/build/vision/install.log --install-scripts $base/lib/vision --single-version-externally-managed
