[3.242s] DEBUG:colcon:Command line arguments: ['/usr/bin/colcon', 'build', '--packages-select', 'tranlator']
[3.242s] DEBUG:colcon:Parsed command line arguments: Namespace(allow_overriding=[], ament_cmake_args=None, base_paths=['.'], build_base='build', catkin_cmake_args=None, catkin_skip_building_tests=False, cmake_args=None, cmake_clean_cache=False, cmake_clean_first=False, cmake_force_configure=False, cmake_target=None, cmake_target_skip_unavailable=False, continue_on_error=False, event_handlers=None, executor='parallel', ignore_user_meta=False, install_base='install', log_base=None, log_level=None, main=<bound method BuildVerb.main of <colcon_core.verb.build.BuildVerb object at 0x7f78a420ae20>>, merge_install=False, metas=['./colcon.meta'], packages_above=None, packages_above_and_dependencies=None, packages_above_depth=None, packages_end=None, packages_ignore=None, packages_ignore_regex=None, packages_select=['tranlator'], packages_select_build_failed=False, packages_select_by_dep=None, packages_select_regex=None, packages_select_test_failures=False, packages_skip=None, packages_skip_build_finished=False, packages_skip_by_dep=None, packages_skip_regex=None, packages_skip_test_passed=False, packages_skip_up_to=None, packages_start=None, packages_up_to=None, packages_up_to_regex=None, parallel_workers=16, paths=None, symlink_install=False, test_result_base=None, verb_extension=<colcon_core.verb.build.BuildVerb object at 0x7f78a420ae20>, verb_name='build', verb_parser=<colcon_defaults.argument_parser.defaults.DefaultArgumentsDecorator object at 0x7f78a420aa00>)
[3.379s] Level 1:colcon.colcon_core.package_discovery:discover_packages(colcon_meta) check parameters
[3.380s] Level 1:colcon.colcon_core.package_discovery:discover_packages(recursive) check parameters
[3.380s] Level 1:colcon.colcon_core.package_discovery:discover_packages(ignore) check parameters
[3.380s] Level 1:colcon.colcon_core.package_discovery:discover_packages(path) check parameters
[3.380s] Level 1:colcon.colcon_core.package_discovery:discover_packages(colcon_meta) discover
[3.380s] Level 1:colcon.colcon_core.package_discovery:discover_packages(recursive) discover
[3.380s] INFO:colcon.colcon_core.package_discovery:Crawling recursively for packages in '/home/olel/Projects/FPMagangBayu24'
[3.380s] Level 1:colcon.colcon_core.package_identification:_identify(.) by extensions ['ignore', 'ignore_ament_install']
[3.380s] Level 1:colcon.colcon_core.package_identification:_identify(.) by extension 'ignore'
[3.380s] Level 1:colcon.colcon_core.package_identification:_identify(.) by extension 'ignore_ament_install'
[3.380s] Level 1:colcon.colcon_core.package_identification:_identify(.) by extensions ['colcon_pkg']
[3.380s] Level 1:colcon.colcon_core.package_identification:_identify(.) by extension 'colcon_pkg'
[3.380s] Level 1:colcon.colcon_core.package_identification:_identify(.) by extensions ['colcon_meta']
[3.380s] Level 1:colcon.colcon_core.package_identification:_identify(.) by extension 'colcon_meta'
[3.380s] Level 1:colcon.colcon_core.package_identification:_identify(.) by extensions ['ros']
[3.380s] Level 1:colcon.colcon_core.package_identification:_identify(.) by extension 'ros'
[3.388s] Level 1:colcon.colcon_core.package_identification:_identify(.) by extensions ['cmake', 'python']
[3.388s] Level 1:colcon.colcon_core.package_identification:_identify(.) by extension 'cmake'
[3.388s] Level 1:colcon.colcon_core.package_identification:_identify(.) by extension 'python'
[3.388s] Level 1:colcon.colcon_core.package_identification:_identify(.) by extensions ['python_setup_py']
[3.388s] Level 1:colcon.colcon_core.package_identification:_identify(.) by extension 'python_setup_py'
[3.388s] Level 1:colcon.colcon_core.package_identification:_identify(build) by extensions ['ignore', 'ignore_ament_install']
[3.388s] Level 1:colcon.colcon_core.package_identification:_identify(build) by extension 'ignore'
[3.388s] Level 1:colcon.colcon_core.package_identification:_identify(build) ignored
[3.388s] Level 1:colcon.colcon_core.package_identification:_identify(docs) by extensions ['ignore', 'ignore_ament_install']
[3.388s] Level 1:colcon.colcon_core.package_identification:_identify(docs) by extension 'ignore'
[3.388s] Level 1:colcon.colcon_core.package_identification:_identify(docs) by extension 'ignore_ament_install'
[3.388s] Level 1:colcon.colcon_core.package_identification:_identify(docs) by extensions ['colcon_pkg']
[3.388s] Level 1:colcon.colcon_core.package_identification:_identify(docs) by extension 'colcon_pkg'
[3.388s] Level 1:colcon.colcon_core.package_identification:_identify(docs) by extensions ['colcon_meta']
[3.388s] Level 1:colcon.colcon_core.package_identification:_identify(docs) by extension 'colcon_meta'
[3.388s] Level 1:colcon.colcon_core.package_identification:_identify(docs) by extensions ['ros']
[3.388s] Level 1:colcon.colcon_core.package_identification:_identify(docs) by extension 'ros'
[3.388s] Level 1:colcon.colcon_core.package_identification:_identify(docs) by extensions ['cmake', 'python']
[3.388s] Level 1:colcon.colcon_core.package_identification:_identify(docs) by extension 'cmake'
[3.389s] Level 1:colcon.colcon_core.package_identification:_identify(docs) by extension 'python'
[3.389s] Level 1:colcon.colcon_core.package_identification:_identify(docs) by extensions ['python_setup_py']
[3.389s] Level 1:colcon.colcon_core.package_identification:_identify(docs) by extension 'python_setup_py'
[3.389s] Level 1:colcon.colcon_core.package_identification:_identify(install) by extensions ['ignore', 'ignore_ament_install']
[3.389s] Level 1:colcon.colcon_core.package_identification:_identify(install) by extension 'ignore'
[3.389s] Level 1:colcon.colcon_core.package_identification:_identify(install) ignored
[3.389s] Level 1:colcon.colcon_core.package_identification:_identify(log) by extensions ['ignore', 'ignore_ament_install']
[3.389s] Level 1:colcon.colcon_core.package_identification:_identify(log) by extension 'ignore'
[3.389s] Level 1:colcon.colcon_core.package_identification:_identify(log) ignored
[3.389s] Level 1:colcon.colcon_core.package_identification:_identify(src) by extensions ['ignore', 'ignore_ament_install']
[3.389s] Level 1:colcon.colcon_core.package_identification:_identify(src) by extension 'ignore'
[3.389s] Level 1:colcon.colcon_core.package_identification:_identify(src) by extension 'ignore_ament_install'
[3.389s] Level 1:colcon.colcon_core.package_identification:_identify(src) by extensions ['colcon_pkg']
[3.389s] Level 1:colcon.colcon_core.package_identification:_identify(src) by extension 'colcon_pkg'
[3.389s] Level 1:colcon.colcon_core.package_identification:_identify(src) by extensions ['colcon_meta']
[3.389s] Level 1:colcon.colcon_core.package_identification:_identify(src) by extension 'colcon_meta'
[3.389s] Level 1:colcon.colcon_core.package_identification:_identify(src) by extensions ['ros']
[3.389s] Level 1:colcon.colcon_core.package_identification:_identify(src) by extension 'ros'
[3.389s] Level 1:colcon.colcon_core.package_identification:_identify(src) by extensions ['cmake', 'python']
[3.389s] Level 1:colcon.colcon_core.package_identification:_identify(src) by extension 'cmake'
[3.389s] Level 1:colcon.colcon_core.package_identification:_identify(src) by extension 'python'
[3.389s] Level 1:colcon.colcon_core.package_identification:_identify(src) by extensions ['python_setup_py']
[3.390s] Level 1:colcon.colcon_core.package_identification:_identify(src) by extension 'python_setup_py'
[3.390s] Level 1:colcon.colcon_core.package_identification:_identify(src/arm) by extensions ['ignore', 'ignore_ament_install']
[3.390s] Level 1:colcon.colcon_core.package_identification:_identify(src/arm) by extension 'ignore'
[3.390s] Level 1:colcon.colcon_core.package_identification:_identify(src/arm) by extension 'ignore_ament_install'
[3.390s] Level 1:colcon.colcon_core.package_identification:_identify(src/arm) by extensions ['colcon_pkg']
[3.390s] Level 1:colcon.colcon_core.package_identification:_identify(src/arm) by extension 'colcon_pkg'
[3.390s] Level 1:colcon.colcon_core.package_identification:_identify(src/arm) by extensions ['colcon_meta']
[3.390s] Level 1:colcon.colcon_core.package_identification:_identify(src/arm) by extension 'colcon_meta'
[3.390s] Level 1:colcon.colcon_core.package_identification:_identify(src/arm) by extensions ['ros']
[3.390s] Level 1:colcon.colcon_core.package_identification:_identify(src/arm) by extension 'ros'
[3.390s] Level 1:colcon.colcon_core.package_identification:_identify(src/arm) by extensions ['cmake', 'python']
[3.390s] Level 1:colcon.colcon_core.package_identification:_identify(src/arm) by extension 'cmake'
[3.390s] Level 1:colcon.colcon_core.package_identification:_identify(src/arm) by extension 'python'
[3.390s] Level 1:colcon.colcon_core.package_identification:_identify(src/arm) by extensions ['python_setup_py']
[3.390s] Level 1:colcon.colcon_core.package_identification:_identify(src/arm) by extension 'python_setup_py'
[3.390s] Level 1:colcon.colcon_core.package_identification:_identify(src/arm_interfaces) by extensions ['ignore', 'ignore_ament_install']
[3.390s] Level 1:colcon.colcon_core.package_identification:_identify(src/arm_interfaces) by extension 'ignore'
[3.390s] Level 1:colcon.colcon_core.package_identification:_identify(src/arm_interfaces) by extension 'ignore_ament_install'
[3.390s] Level 1:colcon.colcon_core.package_identification:_identify(src/arm_interfaces) by extensions ['colcon_pkg']
[3.390s] Level 1:colcon.colcon_core.package_identification:_identify(src/arm_interfaces) by extension 'colcon_pkg'
[3.390s] Level 1:colcon.colcon_core.package_identification:_identify(src/arm_interfaces) by extensions ['colcon_meta']
[3.390s] Level 1:colcon.colcon_core.package_identification:_identify(src/arm_interfaces) by extension 'colcon_meta'
[3.390s] Level 1:colcon.colcon_core.package_identification:_identify(src/arm_interfaces) by extensions ['ros']
[3.390s] Level 1:colcon.colcon_core.package_identification:_identify(src/arm_interfaces) by extension 'ros'
[3.392s] DEBUG:colcon.colcon_core.package_identification:Package 'src/arm_interfaces' with type 'ros.ament_cmake' and name 'arm_interfaces'
[3.392s] Level 1:colcon.colcon_core.package_identification:_identify(src/control) by extensions ['ignore', 'ignore_ament_install']
[3.392s] Level 1:colcon.colcon_core.package_identification:_identify(src/control) by extension 'ignore'
[3.392s] Level 1:colcon.colcon_core.package_identification:_identify(src/control) by extension 'ignore_ament_install'
[3.392s] Level 1:colcon.colcon_core.package_identification:_identify(src/control) by extensions ['colcon_pkg']
[3.392s] Level 1:colcon.colcon_core.package_identification:_identify(src/control) by extension 'colcon_pkg'
[3.392s] Level 1:colcon.colcon_core.package_identification:_identify(src/control) by extensions ['colcon_meta']
[3.392s] Level 1:colcon.colcon_core.package_identification:_identify(src/control) by extension 'colcon_meta'
[3.392s] Level 1:colcon.colcon_core.package_identification:_identify(src/control) by extensions ['ros']
[3.392s] Level 1:colcon.colcon_core.package_identification:_identify(src/control) by extension 'ros'
[3.393s] DEBUG:colcon.colcon_core.package_identification:Package 'src/control' with type 'ros.ament_cmake' and name 'control'
[3.393s] Level 1:colcon.colcon_core.package_identification:_identify(src/translator) by extensions ['ignore', 'ignore_ament_install']
[3.393s] Level 1:colcon.colcon_core.package_identification:_identify(src/translator) by extension 'ignore'
[3.393s] Level 1:colcon.colcon_core.package_identification:_identify(src/translator) by extension 'ignore_ament_install'
[3.393s] Level 1:colcon.colcon_core.package_identification:_identify(src/translator) by extensions ['colcon_pkg']
[3.393s] Level 1:colcon.colcon_core.package_identification:_identify(src/translator) by extension 'colcon_pkg'
[3.393s] Level 1:colcon.colcon_core.package_identification:_identify(src/translator) by extensions ['colcon_meta']
[3.393s] Level 1:colcon.colcon_core.package_identification:_identify(src/translator) by extension 'colcon_meta'
[3.393s] Level 1:colcon.colcon_core.package_identification:_identify(src/translator) by extensions ['ros']
[3.393s] Level 1:colcon.colcon_core.package_identification:_identify(src/translator) by extension 'ros'
[3.394s] DEBUG:colcon.colcon_core.package_identification:Package 'src/translator' with type 'ros.ament_cmake' and name 'translator'
[3.394s] Level 1:colcon.colcon_core.package_identification:_identify(src/vision) by extensions ['ignore', 'ignore_ament_install']
[3.394s] Level 1:colcon.colcon_core.package_identification:_identify(src/vision) by extension 'ignore'
[3.394s] Level 1:colcon.colcon_core.package_identification:_identify(src/vision) by extension 'ignore_ament_install'
[3.394s] Level 1:colcon.colcon_core.package_identification:_identify(src/vision) by extensions ['colcon_pkg']
[3.394s] Level 1:colcon.colcon_core.package_identification:_identify(src/vision) by extension 'colcon_pkg'
[3.394s] Level 1:colcon.colcon_core.package_identification:_identify(src/vision) by extensions ['colcon_meta']
[3.394s] Level 1:colcon.colcon_core.package_identification:_identify(src/vision) by extension 'colcon_meta'
[3.394s] Level 1:colcon.colcon_core.package_identification:_identify(src/vision) by extensions ['ros']
[3.394s] Level 1:colcon.colcon_core.package_identification:_identify(src/vision) by extension 'ros'
[3.394s] DEBUG:colcon.colcon_core.package_identification:Package 'src/vision' with type 'ros.ament_python' and name 'vision'
[3.394s] Level 1:colcon.colcon_core.package_discovery:discover_packages(recursive) using defaults
[3.394s] Level 1:colcon.colcon_core.package_discovery:discover_packages(ignore) discover
[3.394s] Level 1:colcon.colcon_core.package_discovery:discover_packages(ignore) using defaults
[3.394s] Level 1:colcon.colcon_core.package_discovery:discover_packages(path) discover
[3.394s] Level 1:colcon.colcon_core.package_discovery:discover_packages(path) using defaults
[3.452s] WARNING:colcon.colcon_core.package_selection:ignoring unknown package 'tranlator' in --packages-select
[3.581s] INFO:colcon.colcon_core.package_selection:Skipping not selected package 'arm_interfaces' in 'src/arm_interfaces'
[3.581s] INFO:colcon.colcon_core.package_selection:Skipping not selected package 'control' in 'src/control'
[3.581s] INFO:colcon.colcon_core.package_selection:Skipping not selected package 'vision' in 'src/vision'
[3.581s] INFO:colcon.colcon_core.package_selection:Skipping not selected package 'translator' in 'src/translator'
[3.700s] Level 1:colcon.colcon_core.package_discovery:discover_packages(prefix_path) check parameters
[3.700s] Level 1:colcon.colcon_core.package_discovery:discover_packages(prefix_path) discover
[3.820s] DEBUG:colcon.colcon_installed_package_information.package_discovery:Found 257 installed packages in /opt/ros/foxy
[3.821s] Level 1:colcon.colcon_core.package_discovery:discover_packages(prefix_path) using defaults
[4.004s] INFO:colcon.colcon_core.executor:Executing jobs using 'parallel' executor
[4.064s] DEBUG:colcon.colcon_parallel_executor.executor.parallel:run_until_complete
[4.064s] DEBUG:colcon.colcon_parallel_executor.executor.parallel:closing loop
[4.065s] DEBUG:colcon.colcon_parallel_executor.executor.parallel:loop closed
[4.065s] DEBUG:colcon.colcon_parallel_executor.executor.parallel:run_until_complete finished with '0'
[4.065s] DEBUG:colcon.colcon_core.event_reactor:joining thread
[4.134s] INFO:colcon.colcon_core.plugin_system:Skipping extension 'colcon_notification.desktop_notification.terminal_notifier': Not used on non-Darwin systems
[4.134s] INFO:colcon.colcon_core.plugin_system:Skipping extension 'colcon_notification.desktop_notification.win32': Not used on non-Windows systems
[4.134s] INFO:colcon.colcon_notification.desktop_notification:Sending desktop notification using 'notify2'
[4.146s] DEBUG:colcon.colcon_core.event_reactor:joined thread
[4.216s] INFO:colcon.colcon_core.plugin_system:Skipping extension 'colcon_core.shell.bat': Not used on non-Windows systems
[4.217s] INFO:colcon.colcon_core.shell:Creating prefix script '/home/olel/Projects/FPMagangBayu24/install/local_setup.ps1'
[4.217s] INFO:colcon.colcon_core.shell:Creating prefix util module '/home/olel/Projects/FPMagangBayu24/install/_local_setup_util_ps1.py'
[4.218s] INFO:colcon.colcon_core.shell:Creating prefix chain script '/home/olel/Projects/FPMagangBayu24/install/setup.ps1'
[4.284s] INFO:colcon.colcon_core.shell:Creating prefix script '/home/olel/Projects/FPMagangBayu24/install/local_setup.sh'
[4.285s] INFO:colcon.colcon_core.shell:Creating prefix util module '/home/olel/Projects/FPMagangBayu24/install/_local_setup_util_sh.py'
[4.285s] INFO:colcon.colcon_core.shell:Creating prefix chain script '/home/olel/Projects/FPMagangBayu24/install/setup.sh'
[4.353s] INFO:colcon.colcon_core.shell:Creating prefix script '/home/olel/Projects/FPMagangBayu24/install/local_setup.bash'
[4.353s] INFO:colcon.colcon_core.shell:Creating prefix chain script '/home/olel/Projects/FPMagangBayu24/install/setup.bash'
[4.422s] INFO:colcon.colcon_core.shell:Creating prefix script '/home/olel/Projects/FPMagangBayu24/install/local_setup.zsh'
[4.422s] INFO:colcon.colcon_core.shell:Creating prefix chain script '/home/olel/Projects/FPMagangBayu24/install/setup.zsh'
