[0.126s] Invoking command in '/home/olel/Projects/FPMagangBayu24/build/control': /usr/bin/cmake --build /home/olel/Projects/FPMagangBayu24/build/control -- -j16 -l16
[0.166s] [35m[1mScanning dependencies of target bot_control[0m
[0.192s] [ 50%] [32mBuilding CXX object CMakeFiles/bot_control.dir/src/processor.cpp.o[0m
[1.127s] [01m[K/home/olel/Projects/FPMagangBayu24/src/control/src/processor.cpp:69:42:[m[K [01;31m[Kerror: [m[Kexpected ‘[01m[K,[m[K’ or ‘[01m[K...[m[K’ before ‘[01m[Kstd[m[K’
[1.127s]    69 |     void string2vec(std::string strBoard [01;31m[Kstd[m[K::vector<int>* vecBoard)
[1.127s]       |                                          [01;31m[K^~~[m[K
[1.149s] [01m[K/home/olel/Projects/FPMagangBayu24/src/control/src/processor.cpp:[m[K In member function ‘[01m[Kvoid ControllerTicTacToe::topic_callback(std_msgs::msg::String_<std::allocator<void> >::SharedPtr) const[m[K’:
[1.149s] [01m[K/home/olel/Projects/FPMagangBayu24/src/control/src/processor.cpp:35:24:[m[K [01;31m[Kerror: [m[Kredeclaration of ‘[01m[Kstd::vector<int> vecBoard[m[K’
[1.149s]    35 |       std::vector<int> [01;31m[KvecBoard[m[K;
[1.149s]       |                        [01;31m[K^~~~~~~~[m[K
[1.149s] [01m[K/home/olel/Projects/FPMagangBayu24/src/control/src/processor.cpp:34:24:[m[K [01;36m[Knote: [m[K‘[01m[Kstd::vector<int> vecBoard[m[K’ previously declared here
[1.149s]    34 |       std::vector<int> [01;36m[KvecBoard[m[K = {1, 1, 0, 0, 2, 1, 2, 1, 0};
[1.149s]       |                        [01;36m[K^~~~~~~~[m[K
[1.149s] [01m[K/home/olel/Projects/FPMagangBayu24/src/control/src/processor.cpp:36:37:[m[K [01;31m[Kerror: [m[Kno matching function for call to ‘[01m[KControllerTicTacToe::string2vec(std::string&, std::vector<int>*) const[m[K’
[1.149s]    36 |       string2vec(strBoard, &vecBoard[01;31m[K)[m[K;
[1.149s]       |                                     [01;31m[K^[m[K
[1.150s] [01m[K/home/olel/Projects/FPMagangBayu24/src/control/src/processor.cpp:69:10:[m[K [01;36m[Knote: [m[Kcandidate: ‘[01m[Kvoid ControllerTicTacToe::string2vec(std::string)[m[K’
[1.150s]    69 |     void [01;36m[Kstring2vec[m[K(std::string strBoard std::vector<int>* vecBoard)
[1.150s]       |          [01;36m[K^~~~~~~~~~[m[K
[1.150s] [01m[K/home/olel/Projects/FPMagangBayu24/src/control/src/processor.cpp:69:10:[m[K [01;36m[Knote: [m[K  candidate expects 1 argument, 2 provided
[1.156s] [01m[K/home/olel/Projects/FPMagangBayu24/src/control/src/processor.cpp:[m[K In member function ‘[01m[Kvoid ControllerTicTacToe::string2vec(std::string)[m[K’:
[1.156s] [01m[K/home/olel/Projects/FPMagangBayu24/src/control/src/processor.cpp:73:9:[m[K [01;31m[Kerror: [m[K‘[01m[KvecBoard[m[K’ was not declared in this scope
[1.156s]    73 |         [01;31m[KvecBoard[m[K.push_back(std::stoi(strBoard.substr(i, 1), nullptr, 10));
[1.156s]       |         [01;31m[K^~~~~~~~[m[K
[1.156s] [01m[K/home/olel/Projects/FPMagangBayu24/src/control/src/processor.cpp:[m[K In member function ‘[01m[Kbool ControllerTicTacToe::checkWin(std::vector<int>, int)[m[K’:
[1.156s] [01m[K/home/olel/Projects/FPMagangBayu24/src/control/src/processor.cpp:77:36:[m[K [01;35m[Kwarning: [m[Kunused parameter ‘[01m[KboardState[m[K’ [[01;35m[K-Wunused-parameter[m[K]
[1.156s]    77 |     bool checkWin([01;35m[Kstd::vector<int> boardState[m[K, int player)
[1.156s]       |                   [01;35m[K~~~~~~~~~~~~~~~~~^~~~~~~~~~[m[K
[1.156s] [01m[K/home/olel/Projects/FPMagangBayu24/src/control/src/processor.cpp:77:52:[m[K [01;35m[Kwarning: [m[Kunused parameter ‘[01m[Kplayer[m[K’ [[01;35m[K-Wunused-parameter[m[K]
[1.157s]    77 |     bool checkWin(std::vector<int> boardState, [01;35m[Kint player[m[K)
[1.157s]       |                                                [01;35m[K~~~~^~~~~~[m[K
[1.157s] [01m[K/home/olel/Projects/FPMagangBayu24/src/control/src/processor.cpp:[m[K In member function ‘[01m[Kint ControllerTicTacToe::moveScore(std::vector<int>, int)[m[K’:
[1.157s] [01m[K/home/olel/Projects/FPMagangBayu24/src/control/src/processor.cpp:83:36:[m[K [01;35m[Kwarning: [m[Kunused parameter ‘[01m[KboardState[m[K’ [[01;35m[K-Wunused-parameter[m[K]
[1.157s]    83 |     int moveScore([01;35m[Kstd::vector<int> boardState[m[K, int Player)
[1.157s]       |                   [01;35m[K~~~~~~~~~~~~~~~~~^~~~~~~~~~[m[K
[1.157s] [01m[K/home/olel/Projects/FPMagangBayu24/src/control/src/processor.cpp:83:52:[m[K [01;35m[Kwarning: [m[Kunused parameter ‘[01m[KPlayer[m[K’ [[01;35m[K-Wunused-parameter[m[K]
[1.157s]    83 |     int moveScore(std::vector<int> boardState, [01;35m[Kint Player[m[K)
[1.157s]       |                                                [01;35m[K~~~~^~~~~~[m[K
[1.157s] [01m[K/home/olel/Projects/FPMagangBayu24/src/control/src/processor.cpp:[m[K In member function ‘[01m[Kint ControllerTicTacToe::determine(std::vector<int>)[m[K’:
[1.157s] [01m[K/home/olel/Projects/FPMagangBayu24/src/control/src/processor.cpp:93:36:[m[K [01;35m[Kwarning: [m[Kunused parameter ‘[01m[KboardState[m[K’ [[01;35m[K-Wunused-parameter[m[K]
[1.158s]    93 |     int determine([01;35m[Kstd::vector<int> boardState[m[K)
[1.158s]       |                   [01;35m[K~~~~~~~~~~~~~~~~~^~~~~~~~~~[m[K
[2.357s] make[2]: *** [CMakeFiles/bot_control.dir/build.make:63: CMakeFiles/bot_control.dir/src/processor.cpp.o] Error 1
[2.357s] make[1]: *** [CMakeFiles/Makefile2:78: CMakeFiles/bot_control.dir/all] Error 2
[2.358s] make: *** [Makefile:141: all] Error 2
[2.361s] Invoked command in '/home/olel/Projects/FPMagangBayu24/build/control' returned '2': /usr/bin/cmake --build /home/olel/Projects/FPMagangBayu24/build/control -- -j16 -l16
