[35m[1mScanning dependencies of target bot_control[0m
[ 50%] [32mBuilding CXX object CMakeFiles/bot_control.dir/src/processor.cpp.o[0m
[01m[K/home/olel/Projects/FPMagangBayu24/src/control/src/processor.cpp:[m[K In member function ‘[01m[Kint ControllerTicTacToe::alphaBeta(std::vector<int>, int, int, int)[m[K’:
[01m[K/home/olel/Projects/FPMagangBayu24/src/control/src/processor.cpp:142:22:[m[K [01;31m[Kerror: [m[Kexpected primary-expression before ‘[01m[Kreturn[m[K’
  142 |       playing == 2 ? [01;31m[Kreturn[m[K alpha : return beta;
      |                      [01;31m[K^~~~~~[m[K
[01m[K/home/olel/Projects/FPMagangBayu24/src/control/src/processor.cpp:142:21:[m[K [01;31m[Kerror: [m[Kexpected ‘[01m[K:[m[K’ before ‘[01m[Kreturn[m[K’
  142 |       playing == 2 ?[01;31m[K [m[K[32m[Kreturn[m[K alpha : return beta;
      |                     [01;31m[K^[m[K[32m[K~~~~~~[m[K
      |                     [32m[K:[m[K
[01m[K/home/olel/Projects/FPMagangBayu24/src/control/src/processor.cpp:142:22:[m[K [01;31m[Kerror: [m[Kexpected primary-expression before ‘[01m[Kreturn[m[K’
  142 |       playing == 2 ? [01;31m[Kreturn[m[K alpha : return beta;
      |                      [01;31m[K^~~~~~[m[K
[01m[K/home/olel/Projects/FPMagangBayu24/src/control/src/processor.cpp:[m[K In member function ‘[01m[Kint ControllerTicTacToe::determine(std::vector<int>)[m[K’:
[01m[K/home/olel/Projects/FPMagangBayu24/src/control/src/processor.cpp:155:48:[m[K [01;31m[Kerror: [m[Kno matching function for call to ‘[01m[KControllerTicTacToe::alphaBeta(std::vector<int>&, int)[m[K’
  155 |         int tempScore = alphaBeta(boardState, 1[01;31m[K)[m[K;
      |                                                [01;31m[K^[m[K
[01m[K/home/olel/Projects/FPMagangBayu24/src/control/src/processor.cpp:110:9:[m[K [01;36m[Knote: [m[Kcandidate: ‘[01m[Kint ControllerTicTacToe::alphaBeta(std::vector<int>, int, int, int)[m[K’
  110 |     int [01;36m[KalphaBeta[m[K(std::vector<int> boardState, int playing, int alpha, int beta)
      |         [01;36m[K^~~~~~~~~[m[K
[01m[K/home/olel/Projects/FPMagangBayu24/src/control/src/processor.cpp:110:9:[m[K [01;36m[Knote: [m[K  candidate expects 4 arguments, 2 provided
make[2]: *** [CMakeFiles/bot_control.dir/build.make:63: CMakeFiles/bot_control.dir/src/processor.cpp.o] Error 1
make[1]: *** [CMakeFiles/Makefile2:78: CMakeFiles/bot_control.dir/all] Error 2
make: *** [Makefile:141: all] Error 2
