[0.116s] Invoking command in '/home/olel/Projects/FPMagangBayu24/build/control': /usr/bin/cmake --build /home/olel/Projects/FPMagangBayu24/build/control -- -j16 -l16
[0.210s] [35m[1mScanning dependencies of target bot_control[0m
[0.243s] [ 50%] [32mBuilding CXX object CMakeFiles/bot_control.dir/src/processor.cpp.o[0m
[1.287s] [01m[K/home/olel/Projects/FPMagangBayu24/src/control/src/processor.cpp:[m[K In member function ‘[01m[Kint ControllerTicTacToe::alphaBeta(std::vector<int>, int, int, int)[m[K’:
[1.288s] [01m[K/home/olel/Projects/FPMagangBayu24/src/control/src/processor.cpp:142:22:[m[K [01;31m[Kerror: [m[Kexpected primary-expression before ‘[01m[Kreturn[m[K’
[1.288s]   142 |       playing == 2 ? [01;31m[Kreturn[m[K alpha : return beta;
[1.288s]       |                      [01;31m[K^~~~~~[m[K
[1.288s] [01m[K/home/olel/Projects/FPMagangBayu24/src/control/src/processor.cpp:142:21:[m[K [01;31m[Kerror: [m[Kexpected ‘[01m[K:[m[K’ before ‘[01m[Kreturn[m[K’
[1.288s]   142 |       playing == 2 ?[01;31m[K [m[K[32m[Kreturn[m[K alpha : return beta;
[1.288s]       |                     [01;31m[K^[m[K[32m[K~~~~~~[m[K
[1.288s]       |                     [32m[K:[m[K
[1.288s] [01m[K/home/olel/Projects/FPMagangBayu24/src/control/src/processor.cpp:142:22:[m[K [01;31m[Kerror: [m[Kexpected primary-expression before ‘[01m[Kreturn[m[K’
[1.288s]   142 |       playing == 2 ? [01;31m[Kreturn[m[K alpha : return beta;
[1.288s]       |                      [01;31m[K^~~~~~[m[K
[1.288s] [01m[K/home/olel/Projects/FPMagangBayu24/src/control/src/processor.cpp:[m[K In member function ‘[01m[Kint ControllerTicTacToe::determine(std::vector<int>)[m[K’:
[1.288s] [01m[K/home/olel/Projects/FPMagangBayu24/src/control/src/processor.cpp:155:48:[m[K [01;31m[Kerror: [m[Kno matching function for call to ‘[01m[KControllerTicTacToe::alphaBeta(std::vector<int>&, int)[m[K’
[1.289s]   155 |         int tempScore = alphaBeta(boardState, 1[01;31m[K)[m[K;
[1.289s]       |                                                [01;31m[K^[m[K
[1.289s] [01m[K/home/olel/Projects/FPMagangBayu24/src/control/src/processor.cpp:110:9:[m[K [01;36m[Knote: [m[Kcandidate: ‘[01m[Kint ControllerTicTacToe::alphaBeta(std::vector<int>, int, int, int)[m[K’
[1.289s]   110 |     int [01;36m[KalphaBeta[m[K(std::vector<int> boardState, int playing, int alpha, int beta)
[1.289s]       |         [01;36m[K^~~~~~~~~[m[K
[1.289s] [01m[K/home/olel/Projects/FPMagangBayu24/src/control/src/processor.cpp:110:9:[m[K [01;36m[Knote: [m[K  candidate expects 4 arguments, 2 provided
[2.594s] make[2]: *** [CMakeFiles/bot_control.dir/build.make:63: CMakeFiles/bot_control.dir/src/processor.cpp.o] Error 1
[2.595s] make[1]: *** [CMakeFiles/Makefile2:78: CMakeFiles/bot_control.dir/all] Error 2
[2.595s] make: *** [Makefile:141: all] Error 2
[2.598s] Invoked command in '/home/olel/Projects/FPMagangBayu24/build/control' returned '2': /usr/bin/cmake --build /home/olel/Projects/FPMagangBayu24/build/control -- -j16 -l16
