-- Found ament_cmake: 0.9.12 (/opt/ros/foxy/share/ament_cmake/cmake)
-- Using PYTHON_EXECUTABLE: /usr/bin/python3
-- Found rclcpp: 2.4.3 (/opt/ros/foxy/share/rclcpp/cmake)
-- Using all available rosidl_typesupport_c: rosidl_typesupport_fastrtps_c;rosidl_typesupport_introspection_c
-- Found rosidl_adapter: 1.3.1 (/opt/ros/foxy/share/rosidl_adapter/cmake)
-- Using all available rosidl_typesupport_cpp: rosidl_typesupport_fastrtps_cpp;rosidl_typesupport_introspection_cpp
-- Found rmw_implementation_cmake: 1.0.4 (/opt/ros/foxy/share/rmw_implementation_cmake/cmake)
-- Using RMW implementation 'rmw_fastrtps_cpp' as default
-- Found ament_lint_auto: 0.9.8 (/opt/ros/foxy/share/ament_lint_auto/cmake)
-- Added test 'copyright' to check source files copyright and LICENSE
-- Added test 'cppcheck' to perform static code analysis on C / C++ code
-- Configured cppcheck include dirs: 
-- Configured cppcheck exclude dirs and/or files: 
-- Added test 'cpplint' to check C / C++ code against the Google style
-- Configured cpplint exclude dirs and/or files: 
-- Added test 'lint_cmake' to check CMake code style
-- Added test 'uncrustify' to check C / C++ code style
-- Configured uncrustify additional arguments: 
-- Added test 'xmllint' to check XML markup files
-- Configuring done
-- Generating done
-- Build files have been written to: /home/olel/Projects/FPMagangBayu24/build/control
[35m[1mScanning dependencies of target bot_control[0m
[ 50%] [32mBuilding CXX object CMakeFiles/bot_control.dir/src/processor.cpp.o[0m
[100%] [32m[1mLinking CXX executable bot_control[0m
[100%] Built target bot_control
-- Install configuration: ""
-- Installing: /home/olel/Projects/FPMagangBayu24/install/control/lib/control/bot_control
-- Set runtime path of "/home/olel/Projects/FPMagangBayu24/install/control/lib/control/bot_control" to ""
-- Installing: /home/olel/Projects/FPMagangBayu24/install/control/share/ament_index/resource_index/package_run_dependencies/control
-- Installing: /home/olel/Projects/FPMagangBayu24/install/control/share/ament_index/resource_index/parent_prefix_path/control
-- Installing: /home/olel/Projects/FPMagangBayu24/install/control/share/control/environment/ament_prefix_path.sh
-- Installing: /home/olel/Projects/FPMagangBayu24/install/control/share/control/environment/ament_prefix_path.dsv
-- Installing: /home/olel/Projects/FPMagangBayu24/install/control/share/control/environment/path.sh
-- Installing: /home/olel/Projects/FPMagangBayu24/install/control/share/control/environment/path.dsv
-- Installing: /home/olel/Projects/FPMagangBayu24/install/control/share/control/local_setup.bash
-- Installing: /home/olel/Projects/FPMagangBayu24/install/control/share/control/local_setup.sh
-- Installing: /home/olel/Projects/FPMagangBayu24/install/control/share/control/local_setup.zsh
-- Installing: /home/olel/Projects/FPMagangBayu24/install/control/share/control/local_setup.dsv
-- Installing: /home/olel/Projects/FPMagangBayu24/install/control/share/control/package.dsv
-- Installing: /home/olel/Projects/FPMagangBayu24/install/control/share/ament_index/resource_index/packages/control
-- Installing: /home/olel/Projects/FPMagangBayu24/install/control/share/control/cmake/controlConfig.cmake
-- Installing: /home/olel/Projects/FPMagangBayu24/install/control/share/control/cmake/controlConfig-version.cmake
-- Installing: /home/olel/Projects/FPMagangBayu24/install/control/share/control/package.xml
