[0.458s] Invoking command in '/home/olel/Projects/FPMagangBayu24/build/control': CMAKE_PREFIX_PATH=/opt/ros/foxy /usr/bin/cmake /home/olel/Projects/FPMagangBayu24/src/control -DCMAKE_INSTALL_PREFIX=/home/olel/Projects/FPMagangBayu24/install/control
[0.471s] -- Found ament_cmake: 0.9.12 (/opt/ros/foxy/share/ament_cmake/cmake)
[0.492s] -- Using PYTHON_EXECUTABLE: /usr/bin/python3
[0.627s] -- Found rclcpp: 2.4.3 (/opt/ros/foxy/share/rclcpp/cmake)
[0.651s] -- Using all available rosidl_typesupport_c: rosidl_typesupport_fastrtps_c;rosidl_typesupport_introspection_c
[0.653s] -- Found rosidl_adapter: 1.3.1 (/opt/ros/foxy/share/rosidl_adapter/cmake)
[0.741s] -- Using all available rosidl_typesupport_cpp: rosidl_typesupport_fastrtps_cpp;rosidl_typesupport_introspection_cpp
[0.775s] -- Found rmw_implementation_cmake: 1.0.4 (/opt/ros/foxy/share/rmw_implementation_cmake/cmake)
[0.776s] -- Using RMW implementation 'rmw_fastrtps_cpp' as default
[0.885s] -- Found ament_lint_auto: 0.9.8 (/opt/ros/foxy/share/ament_lint_auto/cmake)
[0.967s] -- Added test 'copyright' to check source files copyright and LICENSE
[0.968s] -- Added test 'cppcheck' to perform static code analysis on C / C++ code
[0.968s] -- Configured cppcheck include dirs: 
[0.968s] -- Configured cppcheck exclude dirs and/or files: 
[0.969s] -- Added test 'cpplint' to check C / C++ code against the Google style
[0.969s] -- Configured cpplint exclude dirs and/or files: 
[0.970s] -- Added test 'lint_cmake' to check CMake code style
[0.971s] -- Added test 'uncrustify' to check C / C++ code style
[0.971s] -- Configured uncrustify additional arguments: 
[0.971s] -- Added test 'xmllint' to check XML markup files
[0.974s] -- Configuring done
[0.979s] -- Generating done
[0.980s] -- Build files have been written to: /home/olel/Projects/FPMagangBayu24/build/control
[0.987s] Invoked command in '/home/olel/Projects/FPMagangBayu24/build/control' returned '0': CMAKE_PREFIX_PATH=/opt/ros/foxy /usr/bin/cmake /home/olel/Projects/FPMagangBayu24/src/control -DCMAKE_INSTALL_PREFIX=/home/olel/Projects/FPMagangBayu24/install/control
[0.989s] Invoking command in '/home/olel/Projects/FPMagangBayu24/build/control': CMAKE_PREFIX_PATH=/opt/ros/foxy /usr/bin/cmake --build /home/olel/Projects/FPMagangBayu24/build/control -- -j16 -l16
[1.036s] [35m[1mScanning dependencies of target bot_control[0m
[1.049s] [ 50%] [32mBuilding CXX object CMakeFiles/bot_control.dir/src/processor.cpp.o[0m
[1.233s] [100%] [32m[1mLinking CXX executable bot_control[0m
[1.354s] [100%] Built target bot_control
[1.531s] Invoked command in '/home/olel/Projects/FPMagangBayu24/build/control' returned '0': CMAKE_PREFIX_PATH=/opt/ros/foxy /usr/bin/cmake --build /home/olel/Projects/FPMagangBayu24/build/control -- -j16 -l16
[1.573s] Invoking command in '/home/olel/Projects/FPMagangBayu24/build/control': CMAKE_PREFIX_PATH=/opt/ros/foxy /usr/bin/cmake --install /home/olel/Projects/FPMagangBayu24/build/control
[1.579s] -- Install configuration: ""
[1.579s] -- Installing: /home/olel/Projects/FPMagangBayu24/install/control/lib/control/bot_control
[1.580s] -- Set runtime path of "/home/olel/Projects/FPMagangBayu24/install/control/lib/control/bot_control" to ""
[1.580s] -- Installing: /home/olel/Projects/FPMagangBayu24/install/control/share/ament_index/resource_index/package_run_dependencies/control
[1.580s] -- Installing: /home/olel/Projects/FPMagangBayu24/install/control/share/ament_index/resource_index/parent_prefix_path/control
[1.580s] -- Installing: /home/olel/Projects/FPMagangBayu24/install/control/share/control/environment/ament_prefix_path.sh
[1.580s] -- Installing: /home/olel/Projects/FPMagangBayu24/install/control/share/control/environment/ament_prefix_path.dsv
[1.580s] -- Installing: /home/olel/Projects/FPMagangBayu24/install/control/share/control/environment/path.sh
[1.580s] -- Installing: /home/olel/Projects/FPMagangBayu24/install/control/share/control/environment/path.dsv
[1.580s] -- Installing: /home/olel/Projects/FPMagangBayu24/install/control/share/control/local_setup.bash
[1.580s] -- Installing: /home/olel/Projects/FPMagangBayu24/install/control/share/control/local_setup.sh
[1.580s] -- Installing: /home/olel/Projects/FPMagangBayu24/install/control/share/control/local_setup.zsh
[1.581s] -- Installing: /home/olel/Projects/FPMagangBayu24/install/control/share/control/local_setup.dsv
[1.581s] -- Installing: /home/olel/Projects/FPMagangBayu24/install/control/share/control/package.dsv
[1.581s] -- Installing: /home/olel/Projects/FPMagangBayu24/install/control/share/ament_index/resource_index/packages/control
[1.581s] -- Installing: /home/olel/Projects/FPMagangBayu24/install/control/share/control/cmake/controlConfig.cmake
[1.581s] -- Installing: /home/olel/Projects/FPMagangBayu24/install/control/share/control/cmake/controlConfig-version.cmake
[1.581s] -- Installing: /home/olel/Projects/FPMagangBayu24/install/control/share/control/package.xml
[1.582s] Invoked command in '/home/olel/Projects/FPMagangBayu24/build/control' returned '0': CMAKE_PREFIX_PATH=/opt/ros/foxy /usr/bin/cmake --install /home/olel/Projects/FPMagangBayu24/build/control
