[0.616s] Invoking command in '/home/olel/Projects/FPMagangBayu24/build/arm_interfaces': CMAKE_PREFIX_PATH=${CMAKE_PREFIX_PATH}:/home/olel/Projects/FPMagangBayu24/install/vision:/opt/ros/foxy /usr/local/bin/cmake --build /home/olel/Projects/FPMagangBayu24/build/arm_interfaces -- -j16 -l16
[0.665s] [  2%] Built target arm_interfaces__cpp
[0.667s] [ 12%] Built target arm_interfaces__rosidl_generator_c
[0.680s] [ 43%] Built target arm_interfaces__rosidl_typesupport_c
[0.680s] [ 43%] Built target arm_interfaces__rosidl_typesupport_introspection_c
[0.680s] [ 51%] Built target arm_interfaces__rosidl_typesupport_introspection_cpp
[0.680s] [ 53%] Built target arm_interfaces__rosidl_typesupport_cpp
[0.691s] [ 64%] Built target arm_interfaces__rosidl_typesupport_fastrtps_cpp
[0.711s] [ 74%] Built target arm_interfaces__rosidl_typesupport_fastrtps_c
[0.722s] [ 74%] Built target arm_interfaces
[0.730s] [ 76%] Built target arm_interfaces__py
[0.763s] [ 84%] Built target arm_interfaces__python
[0.775s] [ 89%] Built target arm_interfaces__rosidl_typesupport_introspection_c__pyext
[0.776s] [ 94%] Built target arm_interfaces__rosidl_typesupport_c__pyext
[0.779s] [100%] Built target arm_interfaces__rosidl_typesupport_fastrtps_c__pyext
[0.783s] Invoked command in '/home/olel/Projects/FPMagangBayu24/build/arm_interfaces' returned '0': CMAKE_PREFIX_PATH=${CMAKE_PREFIX_PATH}:/home/olel/Projects/FPMagangBayu24/install/vision:/opt/ros/foxy /usr/local/bin/cmake --build /home/olel/Projects/FPMagangBayu24/build/arm_interfaces -- -j16 -l16
[0.858s] Invoking command in '/home/olel/Projects/FPMagangBayu24/build/arm_interfaces': CMAKE_PREFIX_PATH=${CMAKE_PREFIX_PATH}:/home/olel/Projects/FPMagangBayu24/install/vision:/opt/ros/foxy /usr/local/bin/cmake --install /home/olel/Projects/FPMagangBayu24/build/arm_interfaces
[0.862s] -- Install configuration: ""
[0.862s] -- Up-to-date: /home/olel/Projects/FPMagangBayu24/install/arm_interfaces/share/ament_index/resource_index/rosidl_interfaces/arm_interfaces
[0.863s] -- Up-to-date: /home/olel/Projects/FPMagangBayu24/install/arm_interfaces/include/arm_interfaces
[0.863s] -- Up-to-date: /home/olel/Projects/FPMagangBayu24/install/arm_interfaces/include/arm_interfaces/msg
[0.863s] -- Up-to-date: /home/olel/Projects/FPMagangBayu24/install/arm_interfaces/include/arm_interfaces/msg/detail
[0.863s] -- Up-to-date: /home/olel/Projects/FPMagangBayu24/install/arm_interfaces/include/arm_interfaces/msg/detail/posisi_bidak__type_support.h
[0.863s] -- Up-to-date: /home/olel/Projects/FPMagangBayu24/install/arm_interfaces/include/arm_interfaces/msg/detail/servo_parameters__functions.h
[0.863s] -- Up-to-date: /home/olel/Projects/FPMagangBayu24/install/arm_interfaces/include/arm_interfaces/msg/detail/posisi_bidak__functions.c
[0.863s] -- Up-to-date: /home/olel/Projects/FPMagangBayu24/install/arm_interfaces/include/arm_interfaces/msg/detail/posisi_bidak__functions.h
[0.863s] -- Up-to-date: /home/olel/Projects/FPMagangBayu24/install/arm_interfaces/include/arm_interfaces/msg/detail/servo_parameters__type_support.h
[0.863s] -- Up-to-date: /home/olel/Projects/FPMagangBayu24/install/arm_interfaces/include/arm_interfaces/msg/detail/servo_parameters__struct.h
[0.864s] -- Up-to-date: /home/olel/Projects/FPMagangBayu24/install/arm_interfaces/include/arm_interfaces/msg/detail/posisi_bidak__struct.h
[0.864s] -- Up-to-date: /home/olel/Projects/FPMagangBayu24/install/arm_interfaces/include/arm_interfaces/msg/detail/servo_parameters__functions.c
[0.864s] -- Up-to-date: /home/olel/Projects/FPMagangBayu24/install/arm_interfaces/include/arm_interfaces/msg/posisi_bidak.h
[0.864s] -- Up-to-date: /home/olel/Projects/FPMagangBayu24/install/arm_interfaces/include/arm_interfaces/msg/rosidl_generator_c__visibility_control.h
[0.864s] -- Up-to-date: /home/olel/Projects/FPMagangBayu24/install/arm_interfaces/include/arm_interfaces/msg/servo_parameters.h
[0.864s] -- Up-to-date: /home/olel/Projects/FPMagangBayu24/install/arm_interfaces/share/arm_interfaces/environment/library_path.sh
[0.864s] -- Up-to-date: /home/olel/Projects/FPMagangBayu24/install/arm_interfaces/share/arm_interfaces/environment/library_path.dsv
[0.864s] -- Up-to-date: /home/olel/Projects/FPMagangBayu24/install/arm_interfaces/lib/libarm_interfaces__rosidl_generator_c.so
[0.864s] -- Up-to-date: /home/olel/Projects/FPMagangBayu24/install/arm_interfaces/include/arm_interfaces
[0.864s] -- Up-to-date: /home/olel/Projects/FPMagangBayu24/install/arm_interfaces/include/arm_interfaces/msg
[0.864s] -- Up-to-date: /home/olel/Projects/FPMagangBayu24/install/arm_interfaces/include/arm_interfaces/msg/detail
[0.864s] -- Up-to-date: /home/olel/Projects/FPMagangBayu24/install/arm_interfaces/include/arm_interfaces/msg/detail/servo_parameters__rosidl_typesupport_fastrtps_c.h
[0.864s] -- Up-to-date: /home/olel/Projects/FPMagangBayu24/install/arm_interfaces/include/arm_interfaces/msg/detail/posisi_bidak__rosidl_typesupport_fastrtps_c.h
[0.864s] -- Up-to-date: /home/olel/Projects/FPMagangBayu24/install/arm_interfaces/include/arm_interfaces/msg/rosidl_typesupport_fastrtps_c__visibility_control.h
[0.864s] -- Up-to-date: /home/olel/Projects/FPMagangBayu24/install/arm_interfaces/lib/libarm_interfaces__rosidl_typesupport_fastrtps_c.so
[0.865s] -- Up-to-date: /home/olel/Projects/FPMagangBayu24/install/arm_interfaces/include/arm_interfaces
[0.865s] -- Up-to-date: /home/olel/Projects/FPMagangBayu24/install/arm_interfaces/include/arm_interfaces/msg
[0.865s] -- Up-to-date: /home/olel/Projects/FPMagangBayu24/install/arm_interfaces/include/arm_interfaces/msg/rosidl_typesupport_fastrtps_cpp__visibility_control.h
[0.865s] -- Up-to-date: /home/olel/Projects/FPMagangBayu24/install/arm_interfaces/include/arm_interfaces/msg/detail
[0.865s] -- Up-to-date: /home/olel/Projects/FPMagangBayu24/install/arm_interfaces/include/arm_interfaces/msg/detail/posisi_bidak__rosidl_typesupport_fastrtps_cpp.hpp
[0.865s] -- Up-to-date: /home/olel/Projects/FPMagangBayu24/install/arm_interfaces/include/arm_interfaces/msg/detail/dds_fastrtps
[0.865s] -- Up-to-date: /home/olel/Projects/FPMagangBayu24/install/arm_interfaces/include/arm_interfaces/msg/detail/servo_parameters__rosidl_typesupport_fastrtps_cpp.hpp
[0.865s] -- Up-to-date: /home/olel/Projects/FPMagangBayu24/install/arm_interfaces/lib/libarm_interfaces__rosidl_typesupport_fastrtps_cpp.so
[0.865s] -- Up-to-date: /home/olel/Projects/FPMagangBayu24/install/arm_interfaces/include/arm_interfaces
[0.865s] -- Up-to-date: /home/olel/Projects/FPMagangBayu24/install/arm_interfaces/include/arm_interfaces/msg
[0.865s] -- Up-to-date: /home/olel/Projects/FPMagangBayu24/install/arm_interfaces/include/arm_interfaces/msg/detail
[0.866s] -- Up-to-date: /home/olel/Projects/FPMagangBayu24/install/arm_interfaces/include/arm_interfaces/msg/detail/posisi_bidak__type_support.c
[0.866s] -- Up-to-date: /home/olel/Projects/FPMagangBayu24/install/arm_interfaces/include/arm_interfaces/msg/detail/servo_parameters__rosidl_typesupport_introspection_c.h
[0.866s] -- Up-to-date: /home/olel/Projects/FPMagangBayu24/install/arm_interfaces/include/arm_interfaces/msg/detail/posisi_bidak__rosidl_typesupport_introspection_c.h
[0.866s] -- Up-to-date: /home/olel/Projects/FPMagangBayu24/install/arm_interfaces/include/arm_interfaces/msg/detail/servo_parameters__type_support.c
[0.866s] -- Up-to-date: /home/olel/Projects/FPMagangBayu24/install/arm_interfaces/include/arm_interfaces/msg/rosidl_typesupport_introspection_c__visibility_control.h
[0.866s] -- Up-to-date: /home/olel/Projects/FPMagangBayu24/install/arm_interfaces/lib/libarm_interfaces__rosidl_typesupport_introspection_c.so
[0.866s] -- Up-to-date: /home/olel/Projects/FPMagangBayu24/install/arm_interfaces/lib/libarm_interfaces__rosidl_typesupport_c.so
[0.866s] -- Up-to-date: /home/olel/Projects/FPMagangBayu24/install/arm_interfaces/include/arm_interfaces
[0.867s] -- Up-to-date: /home/olel/Projects/FPMagangBayu24/install/arm_interfaces/include/arm_interfaces/msg
[0.867s] -- Up-to-date: /home/olel/Projects/FPMagangBayu24/install/arm_interfaces/include/arm_interfaces/msg/rosidl_generator_cpp__visibility_control.hpp
[0.867s] -- Up-to-date: /home/olel/Projects/FPMagangBayu24/install/arm_interfaces/include/arm_interfaces/msg/servo_parameters.hpp
[0.867s] -- Up-to-date: /home/olel/Projects/FPMagangBayu24/install/arm_interfaces/include/arm_interfaces/msg/detail
[0.867s] -- Up-to-date: /home/olel/Projects/FPMagangBayu24/install/arm_interfaces/include/arm_interfaces/msg/detail/servo_parameters__builder.hpp
[0.867s] -- Up-to-date: /home/olel/Projects/FPMagangBayu24/install/arm_interfaces/include/arm_interfaces/msg/detail/posisi_bidak__type_support.hpp
[0.867s] -- Up-to-date: /home/olel/Projects/FPMagangBayu24/install/arm_interfaces/include/arm_interfaces/msg/detail/servo_parameters__struct.hpp
[0.867s] -- Up-to-date: /home/olel/Projects/FPMagangBayu24/install/arm_interfaces/include/arm_interfaces/msg/detail/posisi_bidak__struct.hpp
[0.867s] -- Up-to-date: /home/olel/Projects/FPMagangBayu24/install/arm_interfaces/include/arm_interfaces/msg/detail/servo_parameters__type_support.hpp
[0.867s] -- Up-to-date: /home/olel/Projects/FPMagangBayu24/install/arm_interfaces/include/arm_interfaces/msg/detail/servo_parameters__traits.hpp
[0.867s] -- Up-to-date: /home/olel/Projects/FPMagangBayu24/install/arm_interfaces/include/arm_interfaces/msg/detail/posisi_bidak__traits.hpp
[0.867s] -- Up-to-date: /home/olel/Projects/FPMagangBayu24/install/arm_interfaces/include/arm_interfaces/msg/detail/posisi_bidak__builder.hpp
[0.867s] -- Up-to-date: /home/olel/Projects/FPMagangBayu24/install/arm_interfaces/include/arm_interfaces/msg/posisi_bidak.hpp
[0.867s] -- Up-to-date: /home/olel/Projects/FPMagangBayu24/install/arm_interfaces/include/arm_interfaces
[0.868s] -- Up-to-date: /home/olel/Projects/FPMagangBayu24/install/arm_interfaces/include/arm_interfaces/msg
[0.868s] -- Up-to-date: /home/olel/Projects/FPMagangBayu24/install/arm_interfaces/include/arm_interfaces/msg/detail
[0.868s] -- Up-to-date: /home/olel/Projects/FPMagangBayu24/install/arm_interfaces/include/arm_interfaces/msg/detail/servo_parameters__rosidl_typesupport_introspection_cpp.hpp
[0.868s] -- Up-to-date: /home/olel/Projects/FPMagangBayu24/install/arm_interfaces/include/arm_interfaces/msg/detail/posisi_bidak__rosidl_typesupport_introspection_cpp.hpp
[0.868s] -- Up-to-date: /home/olel/Projects/FPMagangBayu24/install/arm_interfaces/include/arm_interfaces/msg/detail/servo_parameters__type_support.cpp
[0.868s] -- Up-to-date: /home/olel/Projects/FPMagangBayu24/install/arm_interfaces/include/arm_interfaces/msg/detail/posisi_bidak__type_support.cpp
[0.868s] -- Up-to-date: /home/olel/Projects/FPMagangBayu24/install/arm_interfaces/lib/libarm_interfaces__rosidl_typesupport_introspection_cpp.so
[0.868s] -- Up-to-date: /home/olel/Projects/FPMagangBayu24/install/arm_interfaces/lib/libarm_interfaces__rosidl_typesupport_cpp.so
[0.868s] -- Up-to-date: /home/olel/Projects/FPMagangBayu24/install/arm_interfaces/share/arm_interfaces/environment/pythonpath.sh
[0.868s] -- Up-to-date: /home/olel/Projects/FPMagangBayu24/install/arm_interfaces/share/arm_interfaces/environment/pythonpath.dsv
[0.868s] -- Up-to-date: /home/olel/Projects/FPMagangBayu24/install/arm_interfaces/lib/python3.8/site-packages/arm_interfaces/__init__.py
[0.898s] -- Up-to-date: /home/olel/Projects/FPMagangBayu24/install/arm_interfaces/lib/python3.8/site-packages/arm_interfaces/msg
[0.898s] -- Up-to-date: /home/olel/Projects/FPMagangBayu24/install/arm_interfaces/lib/python3.8/site-packages/arm_interfaces/msg/__init__.py
[0.898s] -- Up-to-date: /home/olel/Projects/FPMagangBayu24/install/arm_interfaces/lib/python3.8/site-packages/arm_interfaces/msg/_posisi_bidak_s.c
[0.898s] -- Up-to-date: /home/olel/Projects/FPMagangBayu24/install/arm_interfaces/lib/python3.8/site-packages/arm_interfaces/msg/_servo_parameters_s.c
[0.898s] -- Up-to-date: /home/olel/Projects/FPMagangBayu24/install/arm_interfaces/lib/python3.8/site-packages/arm_interfaces/msg/_servo_parameters.py
[0.898s] -- Up-to-date: /home/olel/Projects/FPMagangBayu24/install/arm_interfaces/lib/python3.8/site-packages/arm_interfaces/msg/_posisi_bidak.py
[0.899s] -- Up-to-date: /home/olel/Projects/FPMagangBayu24/install/arm_interfaces/lib/python3.8/site-packages/arm_interfaces/arm_interfaces_s__rosidl_typesupport_fastrtps_c.cpython-38-x86_64-linux-gnu.so
[0.899s] -- Up-to-date: /home/olel/Projects/FPMagangBayu24/install/arm_interfaces/lib/python3.8/site-packages/arm_interfaces/arm_interfaces_s__rosidl_typesupport_introspection_c.cpython-38-x86_64-linux-gnu.so
[0.899s] -- Up-to-date: /home/olel/Projects/FPMagangBayu24/install/arm_interfaces/lib/python3.8/site-packages/arm_interfaces/arm_interfaces_s__rosidl_typesupport_c.cpython-38-x86_64-linux-gnu.so
[0.900s] -- Up-to-date: /home/olel/Projects/FPMagangBayu24/install/arm_interfaces/lib/libarm_interfaces__python.so
[0.900s] -- Up-to-date: /home/olel/Projects/FPMagangBayu24/install/arm_interfaces/share/arm_interfaces/msg/ServoParameters.idl
[0.900s] -- Up-to-date: /home/olel/Projects/FPMagangBayu24/install/arm_interfaces/share/arm_interfaces/msg/PosisiBidak.idl
[0.900s] -- Up-to-date: /home/olel/Projects/FPMagangBayu24/install/arm_interfaces/share/arm_interfaces/msg/ServoParameters.msg
[0.900s] -- Up-to-date: /home/olel/Projects/FPMagangBayu24/install/arm_interfaces/share/arm_interfaces/msg/PosisiBidak.msg
[0.901s] -- Up-to-date: /home/olel/Projects/FPMagangBayu24/install/arm_interfaces/share/ament_index/resource_index/package_run_dependencies/arm_interfaces
[0.901s] -- Up-to-date: /home/olel/Projects/FPMagangBayu24/install/arm_interfaces/share/ament_index/resource_index/parent_prefix_path/arm_interfaces
[0.901s] -- Up-to-date: /home/olel/Projects/FPMagangBayu24/install/arm_interfaces/share/arm_interfaces/environment/ament_prefix_path.sh
[0.901s] -- Up-to-date: /home/olel/Projects/FPMagangBayu24/install/arm_interfaces/share/arm_interfaces/environment/ament_prefix_path.dsv
[0.901s] -- Up-to-date: /home/olel/Projects/FPMagangBayu24/install/arm_interfaces/share/arm_interfaces/environment/path.sh
[0.901s] -- Up-to-date: /home/olel/Projects/FPMagangBayu24/install/arm_interfaces/share/arm_interfaces/environment/path.dsv
[0.901s] -- Up-to-date: /home/olel/Projects/FPMagangBayu24/install/arm_interfaces/share/arm_interfaces/local_setup.bash
[0.901s] -- Up-to-date: /home/olel/Projects/FPMagangBayu24/install/arm_interfaces/share/arm_interfaces/local_setup.sh
[0.901s] -- Up-to-date: /home/olel/Projects/FPMagangBayu24/install/arm_interfaces/share/arm_interfaces/local_setup.zsh
[0.902s] -- Up-to-date: /home/olel/Projects/FPMagangBayu24/install/arm_interfaces/share/arm_interfaces/local_setup.dsv
[0.902s] -- Installing: /home/olel/Projects/FPMagangBayu24/install/arm_interfaces/share/arm_interfaces/package.dsv
[0.902s] -- Up-to-date: /home/olel/Projects/FPMagangBayu24/install/arm_interfaces/share/ament_index/resource_index/packages/arm_interfaces
[0.902s] -- Up-to-date: /home/olel/Projects/FPMagangBayu24/install/arm_interfaces/share/arm_interfaces/cmake/arm_interfaces__rosidl_generator_cExport.cmake
[0.902s] -- Up-to-date: /home/olel/Projects/FPMagangBayu24/install/arm_interfaces/share/arm_interfaces/cmake/arm_interfaces__rosidl_generator_cExport-noconfig.cmake
[0.903s] -- Up-to-date: /home/olel/Projects/FPMagangBayu24/install/arm_interfaces/share/arm_interfaces/cmake/arm_interfaces__rosidl_typesupport_introspection_cExport.cmake
[0.903s] -- Up-to-date: /home/olel/Projects/FPMagangBayu24/install/arm_interfaces/share/arm_interfaces/cmake/arm_interfaces__rosidl_typesupport_introspection_cExport-noconfig.cmake
[0.903s] -- Up-to-date: /home/olel/Projects/FPMagangBayu24/install/arm_interfaces/share/arm_interfaces/cmake/arm_interfaces__rosidl_typesupport_cExport.cmake
[0.903s] -- Up-to-date: /home/olel/Projects/FPMagangBayu24/install/arm_interfaces/share/arm_interfaces/cmake/arm_interfaces__rosidl_typesupport_cExport-noconfig.cmake
[0.903s] -- Up-to-date: /home/olel/Projects/FPMagangBayu24/install/arm_interfaces/share/arm_interfaces/cmake/arm_interfaces__rosidl_generator_cppExport.cmake
[0.904s] -- Up-to-date: /home/olel/Projects/FPMagangBayu24/install/arm_interfaces/share/arm_interfaces/cmake/arm_interfaces__rosidl_typesupport_introspection_cppExport.cmake
[0.904s] -- Up-to-date: /home/olel/Projects/FPMagangBayu24/install/arm_interfaces/share/arm_interfaces/cmake/arm_interfaces__rosidl_typesupport_introspection_cppExport-noconfig.cmake
[0.904s] -- Up-to-date: /home/olel/Projects/FPMagangBayu24/install/arm_interfaces/share/arm_interfaces/cmake/arm_interfaces__rosidl_typesupport_cppExport.cmake
[0.905s] -- Up-to-date: /home/olel/Projects/FPMagangBayu24/install/arm_interfaces/share/arm_interfaces/cmake/arm_interfaces__rosidl_typesupport_cppExport-noconfig.cmake
[0.905s] -- Up-to-date: /home/olel/Projects/FPMagangBayu24/install/arm_interfaces/share/arm_interfaces/cmake/rosidl_cmake-extras.cmake
[0.905s] -- Up-to-date: /home/olel/Projects/FPMagangBayu24/install/arm_interfaces/share/arm_interfaces/cmake/ament_cmake_export_dependencies-extras.cmake
[0.905s] -- Up-to-date: /home/olel/Projects/FPMagangBayu24/install/arm_interfaces/share/arm_interfaces/cmake/ament_cmake_export_libraries-extras.cmake
[0.905s] -- Up-to-date: /home/olel/Projects/FPMagangBayu24/install/arm_interfaces/share/arm_interfaces/cmake/ament_cmake_export_targets-extras.cmake
[0.905s] -- Up-to-date: /home/olel/Projects/FPMagangBayu24/install/arm_interfaces/share/arm_interfaces/cmake/ament_cmake_export_include_directories-extras.cmake
[0.905s] -- Up-to-date: /home/olel/Projects/FPMagangBayu24/install/arm_interfaces/share/arm_interfaces/cmake/rosidl_cmake_export_typesupport_libraries-extras.cmake
[0.905s] -- Up-to-date: /home/olel/Projects/FPMagangBayu24/install/arm_interfaces/share/arm_interfaces/cmake/rosidl_cmake_export_typesupport_targets-extras.cmake
[0.905s] -- Up-to-date: /home/olel/Projects/FPMagangBayu24/install/arm_interfaces/share/arm_interfaces/cmake/arm_interfacesConfig.cmake
[0.906s] -- Up-to-date: /home/olel/Projects/FPMagangBayu24/install/arm_interfaces/share/arm_interfaces/cmake/arm_interfacesConfig-version.cmake
[0.906s] -- Up-to-date: /home/olel/Projects/FPMagangBayu24/install/arm_interfaces/share/arm_interfaces/package.xml
[0.907s] Invoked command in '/home/olel/Projects/FPMagangBayu24/build/arm_interfaces' returned '0': CMAKE_PREFIX_PATH=${CMAKE_PREFIX_PATH}:/home/olel/Projects/FPMagangBayu24/install/vision:/opt/ros/foxy /usr/local/bin/cmake --install /home/olel/Projects/FPMagangBayu24/build/arm_interfaces
