[35m[1mScanning dependencies of target bot_control[0m
[ 50%] [32mBuilding CXX object CMakeFiles/bot_control.dir/src/processor.cpp.o[0m
[01m[K/home/olel/Projects/FPMagangBayu24/src/control/src/processor.cpp:[m[K In member function ‘[01m[Kint ControllerTicTacToe::moveScore(std::vector<int>, int)[m[K’:
[01m[K/home/olel/Projects/FPMagangBayu24/src/control/src/processor.cpp:121:24:[m[K [01;35m[Kwarning: [m[Kcomparison of integer expressions of different signedness: ‘[01m[Kint[m[K’ and ‘[01m[Kstd::vector<int>::size_type[m[K’ {aka ‘[01m[Klong unsigned int[m[K’} [[01;35m[K-Wsign-compare[m[K]
  121 |       for(int i = 0; [01;35m[Ki < emptyGrids.size()[m[K; i++)
      |                      [01;35m[K~~^~~~~~~~~~~~~~~~~~~[m[K
[01m[K/home/olel/Projects/FPMagangBayu24/src/control/src/processor.cpp:[m[K In member function ‘[01m[Kint ControllerTicTacToe::determine(std::vector<int>)[m[K’:
[01m[K/home/olel/Projects/FPMagangBayu24/src/control/src/processor.cpp:136:24:[m[K [01;35m[Kwarning: [m[Kcomparison of integer expressions of different signedness: ‘[01m[Kint[m[K’ and ‘[01m[Kstd::vector<int>::size_type[m[K’ {aka ‘[01m[Klong unsigned int[m[K’} [[01;35m[K-Wsign-compare[m[K]
  136 |       for(int i = 0; [01;35m[Ki < moves.size()[m[K; i++)
      |                      [01;35m[K~~^~~~~~~~~~~~~~[m[K
[100%] [32m[1mLinking CXX executable bot_control[0m
[100%] Built target bot_control
-- Install configuration: ""
-- Installing: /home/olel/Projects/FPMagangBayu24/install/control/lib/control/bot_control
-- Set runtime path of "/home/olel/Projects/FPMagangBayu24/install/control/lib/control/bot_control" to ""
-- Up-to-date: /home/olel/Projects/FPMagangBayu24/install/control/share/ament_index/resource_index/package_run_dependencies/control
-- Up-to-date: /home/olel/Projects/FPMagangBayu24/install/control/share/ament_index/resource_index/parent_prefix_path/control
-- Up-to-date: /home/olel/Projects/FPMagangBayu24/install/control/share/control/environment/ament_prefix_path.sh
-- Up-to-date: /home/olel/Projects/FPMagangBayu24/install/control/share/control/environment/ament_prefix_path.dsv
-- Up-to-date: /home/olel/Projects/FPMagangBayu24/install/control/share/control/environment/path.sh
-- Up-to-date: /home/olel/Projects/FPMagangBayu24/install/control/share/control/environment/path.dsv
-- Up-to-date: /home/olel/Projects/FPMagangBayu24/install/control/share/control/local_setup.bash
-- Up-to-date: /home/olel/Projects/FPMagangBayu24/install/control/share/control/local_setup.sh
-- Up-to-date: /home/olel/Projects/FPMagangBayu24/install/control/share/control/local_setup.zsh
-- Up-to-date: /home/olel/Projects/FPMagangBayu24/install/control/share/control/local_setup.dsv
-- Installing: /home/olel/Projects/FPMagangBayu24/install/control/share/control/package.dsv
-- Up-to-date: /home/olel/Projects/FPMagangBayu24/install/control/share/ament_index/resource_index/packages/control
-- Up-to-date: /home/olel/Projects/FPMagangBayu24/install/control/share/control/cmake/controlConfig.cmake
-- Up-to-date: /home/olel/Projects/FPMagangBayu24/install/control/share/control/cmake/controlConfig-version.cmake
-- Up-to-date: /home/olel/Projects/FPMagangBayu24/install/control/share/control/package.xml
