[0.661s] Invoking command in '/home/olel/Projects/FPMagangBayu24/src/vision': AMENT_PREFIX_PATH=/home/olel/Projects/FPMagangBayu24/install/arm_interfaces CMAKE_PREFIX_PATH=/home/olel/Projects/FPMagangBayu24/install/arm_interfaces LD_LIBRARY_PATH=/home/olel/Projects/FPMagangBayu24/install/arm_interfaces/lib PYTHONPATH=/home/olel/Projects/FPMagangBayu24/build/vision/prefix_override:/home/olel/Projects/FPMagangBayu24/install/vision/lib/python3.8/site-packages:/home/olel/Projects/FPMagangBayu24/install/arm_interfaces/lib/python3.8/site-packages /usr/bin/python3 setup.py egg_info --egg-base ../../build/vision build --build-base /home/olel/Projects/FPMagangBayu24/build/vision/build install --record /home/olel/Projects/FPMagangBayu24/build/vision/install.log --install-scripts $base/lib/vision --single-version-externally-managed
[0.786s] running egg_info
[0.786s] writing ../../build/vision/vision.egg-info/PKG-INFO
[0.787s] writing dependency_links to ../../build/vision/vision.egg-info/dependency_links.txt
[0.787s] writing entry points to ../../build/vision/vision.egg-info/entry_points.txt
[0.787s] writing requirements to ../../build/vision/vision.egg-info/requires.txt
[0.787s] writing top-level names to ../../build/vision/vision.egg-info/top_level.txt
[0.809s] reading manifest file '../../build/vision/vision.egg-info/SOURCES.txt'
[0.810s] writing manifest file '../../build/vision/vision.egg-info/SOURCES.txt'
[0.810s] running build
[0.810s] running build_py
[0.810s] copying vision/visioner.py -> /home/olel/Projects/FPMagangBayu24/build/vision/build/lib/vision
[0.810s] running install
[0.811s] running install_lib
[0.811s] copying /home/olel/Projects/FPMagangBayu24/build/vision/build/lib/vision/visioner.py -> /home/olel/Projects/FPMagangBayu24/install/vision/lib/python3.8/site-packages/vision
[0.812s] byte-compiling /home/olel/Projects/FPMagangBayu24/install/vision/lib/python3.8/site-packages/vision/visioner.py to visioner.cpython-38.pyc
[0.814s] running install_data
[0.815s] running install_egg_info
[0.816s] removing '/home/olel/Projects/FPMagangBayu24/install/vision/lib/python3.8/site-packages/vision-0.0.0-py3.8.egg-info' (and everything under it)
[0.816s] Copying ../../build/vision/vision.egg-info to /home/olel/Projects/FPMagangBayu24/install/vision/lib/python3.8/site-packages/vision-0.0.0-py3.8.egg-info
[0.816s] running install_scripts
[0.830s] Installing bot_vision script to /home/olel/Projects/FPMagangBayu24/install/vision/lib/vision
[0.830s] writing list of installed files to '/home/olel/Projects/FPMagangBayu24/build/vision/install.log'
[0.851s] Invoked command in '/home/olel/Projects/FPMagangBayu24/src/vision' returned '0': AMENT_PREFIX_PATH=/home/olel/Projects/FPMagangBayu24/install/arm_interfaces CMAKE_PREFIX_PATH=/home/olel/Projects/FPMagangBayu24/install/arm_interfaces LD_LIBRARY_PATH=/home/olel/Projects/FPMagangBayu24/install/arm_interfaces/lib PYTHONPATH=/home/olel/Projects/FPMagangBayu24/build/vision/prefix_override:/home/olel/Projects/FPMagangBayu24/install/vision/lib/python3.8/site-packages:/home/olel/Projects/FPMagangBayu24/install/arm_interfaces/lib/python3.8/site-packages /usr/bin/python3 setup.py egg_info --egg-base ../../build/vision build --build-base /home/olel/Projects/FPMagangBayu24/build/vision/build install --record /home/olel/Projects/FPMagangBayu24/build/vision/install.log --install-scripts $base/lib/vision --single-version-externally-managed
