[35m[1mScanning dependencies of target bot_control[0m
[ 50%] [32mBuilding CXX object CMakeFiles/bot_control.dir/src/processor.cpp.o[0m
[100%] [32m[1mLinking CXX executable bot_control[0m
[100%] Built target bot_control
-- Install configuration: ""
-- Installing: /home/olel/Projects/FPMagangBayu24/install/control/lib/control/bot_control
-- Set runtime path of "/home/olel/Projects/FPMagangBayu24/install/control/lib/control/bot_control" to ""
-- Up-to-date: /home/olel/Projects/FPMagangBayu24/install/control/share/ament_index/resource_index/package_run_dependencies/control
-- Up-to-date: /home/olel/Projects/FPMagangBayu24/install/control/share/ament_index/resource_index/parent_prefix_path/control
-- Up-to-date: /home/olel/Projects/FPMagangBayu24/install/control/share/control/environment/ament_prefix_path.sh
-- Up-to-date: /home/olel/Projects/FPMagangBayu24/install/control/share/control/environment/ament_prefix_path.dsv
-- Up-to-date: /home/olel/Projects/FPMagangBayu24/install/control/share/control/environment/path.sh
-- Up-to-date: /home/olel/Projects/FPMagangBayu24/install/control/share/control/environment/path.dsv
-- Up-to-date: /home/olel/Projects/FPMagangBayu24/install/control/share/control/local_setup.bash
-- Up-to-date: /home/olel/Projects/FPMagangBayu24/install/control/share/control/local_setup.sh
-- Up-to-date: /home/olel/Projects/FPMagangBayu24/install/control/share/control/local_setup.zsh
-- Up-to-date: /home/olel/Projects/FPMagangBayu24/install/control/share/control/local_setup.dsv
-- Installing: /home/olel/Projects/FPMagangBayu24/install/control/share/control/package.dsv
-- Up-to-date: /home/olel/Projects/FPMagangBayu24/install/control/share/ament_index/resource_index/packages/control
-- Up-to-date: /home/olel/Projects/FPMagangBayu24/install/control/share/control/cmake/controlConfig.cmake
-- Up-to-date: /home/olel/Projects/FPMagangBayu24/install/control/share/control/cmake/controlConfig-version.cmake
-- Up-to-date: /home/olel/Projects/FPMagangBayu24/install/control/share/control/package.xml
