[3.410s] DEBUG:colcon:Command line arguments: ['/usr/bin/colcon', 'build', '--packages-select', 'translator']
[3.410s] DEBUG:colcon:Parsed command line arguments: Namespace(allow_overriding=[], ament_cmake_args=None, base_paths=['.'], build_base='build', catkin_cmake_args=None, catkin_skip_building_tests=False, cmake_args=None, cmake_clean_cache=False, cmake_clean_first=False, cmake_force_configure=False, cmake_target=None, cmake_target_skip_unavailable=False, continue_on_error=False, event_handlers=None, executor='parallel', ignore_user_meta=False, install_base='install', log_base=None, log_level=None, main=<bound method BuildVerb.main of <colcon_core.verb.build.BuildVerb object at 0x7fb2d99ba520>>, merge_install=False, metas=['./colcon.meta'], packages_above=None, packages_above_and_dependencies=None, packages_above_depth=None, packages_end=None, packages_ignore=None, packages_ignore_regex=None, packages_select=['translator'], packages_select_build_failed=False, packages_select_by_dep=None, packages_select_regex=None, packages_select_test_failures=False, packages_skip=None, packages_skip_build_finished=False, packages_skip_by_dep=None, packages_skip_regex=None, packages_skip_test_passed=False, packages_skip_up_to=None, packages_start=None, packages_up_to=None, packages_up_to_regex=None, parallel_workers=16, paths=None, symlink_install=False, test_result_base=None, verb_extension=<colcon_core.verb.build.BuildVerb object at 0x7fb2d99ba520>, verb_name='build', verb_parser=<colcon_defaults.argument_parser.defaults.DefaultArgumentsDecorator object at 0x7fb2d9a63370>)
[3.551s] Level 1:colcon.colcon_core.package_discovery:discover_packages(colcon_meta) check parameters
[3.551s] Level 1:colcon.colcon_core.package_discovery:discover_packages(recursive) check parameters
[3.551s] Level 1:colcon.colcon_core.package_discovery:discover_packages(ignore) check parameters
[3.551s] Level 1:colcon.colcon_core.package_discovery:discover_packages(path) check parameters
[3.551s] Level 1:colcon.colcon_core.package_discovery:discover_packages(colcon_meta) discover
[3.551s] Level 1:colcon.colcon_core.package_discovery:discover_packages(recursive) discover
[3.551s] INFO:colcon.colcon_core.package_discovery:Crawling recursively for packages in '/home/olel/Projects/FPMagangBayu24'
[3.552s] Level 1:colcon.colcon_core.package_identification:_identify(.) by extensions ['ignore', 'ignore_ament_install']
[3.552s] Level 1:colcon.colcon_core.package_identification:_identify(.) by extension 'ignore'
[3.552s] Level 1:colcon.colcon_core.package_identification:_identify(.) by extension 'ignore_ament_install'
[3.552s] Level 1:colcon.colcon_core.package_identification:_identify(.) by extensions ['colcon_pkg']
[3.552s] Level 1:colcon.colcon_core.package_identification:_identify(.) by extension 'colcon_pkg'
[3.552s] Level 1:colcon.colcon_core.package_identification:_identify(.) by extensions ['colcon_meta']
[3.552s] Level 1:colcon.colcon_core.package_identification:_identify(.) by extension 'colcon_meta'
[3.552s] Level 1:colcon.colcon_core.package_identification:_identify(.) by extensions ['ros']
[3.552s] Level 1:colcon.colcon_core.package_identification:_identify(.) by extension 'ros'
[3.565s] Level 1:colcon.colcon_core.package_identification:_identify(.) by extensions ['cmake', 'python']
[3.565s] Level 1:colcon.colcon_core.package_identification:_identify(.) by extension 'cmake'
[3.565s] Level 1:colcon.colcon_core.package_identification:_identify(.) by extension 'python'
[3.565s] Level 1:colcon.colcon_core.package_identification:_identify(.) by extensions ['python_setup_py']
[3.565s] Level 1:colcon.colcon_core.package_identification:_identify(.) by extension 'python_setup_py'
[3.565s] Level 1:colcon.colcon_core.package_identification:_identify(build) by extensions ['ignore', 'ignore_ament_install']
[3.565s] Level 1:colcon.colcon_core.package_identification:_identify(build) by extension 'ignore'
[3.565s] Level 1:colcon.colcon_core.package_identification:_identify(build) ignored
[3.566s] Level 1:colcon.colcon_core.package_identification:_identify(docs) by extensions ['ignore', 'ignore_ament_install']
[3.566s] Level 1:colcon.colcon_core.package_identification:_identify(docs) by extension 'ignore'
[3.566s] Level 1:colcon.colcon_core.package_identification:_identify(docs) by extension 'ignore_ament_install'
[3.566s] Level 1:colcon.colcon_core.package_identification:_identify(docs) by extensions ['colcon_pkg']
[3.566s] Level 1:colcon.colcon_core.package_identification:_identify(docs) by extension 'colcon_pkg'
[3.566s] Level 1:colcon.colcon_core.package_identification:_identify(docs) by extensions ['colcon_meta']
[3.566s] Level 1:colcon.colcon_core.package_identification:_identify(docs) by extension 'colcon_meta'
[3.566s] Level 1:colcon.colcon_core.package_identification:_identify(docs) by extensions ['ros']
[3.566s] Level 1:colcon.colcon_core.package_identification:_identify(docs) by extension 'ros'
[3.566s] Level 1:colcon.colcon_core.package_identification:_identify(docs) by extensions ['cmake', 'python']
[3.566s] Level 1:colcon.colcon_core.package_identification:_identify(docs) by extension 'cmake'
[3.566s] Level 1:colcon.colcon_core.package_identification:_identify(docs) by extension 'python'
[3.566s] Level 1:colcon.colcon_core.package_identification:_identify(docs) by extensions ['python_setup_py']
[3.566s] Level 1:colcon.colcon_core.package_identification:_identify(docs) by extension 'python_setup_py'
[3.566s] Level 1:colcon.colcon_core.package_identification:_identify(install) by extensions ['ignore', 'ignore_ament_install']
[3.566s] Level 1:colcon.colcon_core.package_identification:_identify(install) by extension 'ignore'
[3.566s] Level 1:colcon.colcon_core.package_identification:_identify(install) ignored
[3.567s] Level 1:colcon.colcon_core.package_identification:_identify(log) by extensions ['ignore', 'ignore_ament_install']
[3.567s] Level 1:colcon.colcon_core.package_identification:_identify(log) by extension 'ignore'
[3.567s] Level 1:colcon.colcon_core.package_identification:_identify(log) ignored
[3.567s] Level 1:colcon.colcon_core.package_identification:_identify(src) by extensions ['ignore', 'ignore_ament_install']
[3.567s] Level 1:colcon.colcon_core.package_identification:_identify(src) by extension 'ignore'
[3.567s] Level 1:colcon.colcon_core.package_identification:_identify(src) by extension 'ignore_ament_install'
[3.567s] Level 1:colcon.colcon_core.package_identification:_identify(src) by extensions ['colcon_pkg']
[3.567s] Level 1:colcon.colcon_core.package_identification:_identify(src) by extension 'colcon_pkg'
[3.567s] Level 1:colcon.colcon_core.package_identification:_identify(src) by extensions ['colcon_meta']
[3.567s] Level 1:colcon.colcon_core.package_identification:_identify(src) by extension 'colcon_meta'
[3.567s] Level 1:colcon.colcon_core.package_identification:_identify(src) by extensions ['ros']
[3.567s] Level 1:colcon.colcon_core.package_identification:_identify(src) by extension 'ros'
[3.567s] Level 1:colcon.colcon_core.package_identification:_identify(src) by extensions ['cmake', 'python']
[3.567s] Level 1:colcon.colcon_core.package_identification:_identify(src) by extension 'cmake'
[3.567s] Level 1:colcon.colcon_core.package_identification:_identify(src) by extension 'python'
[3.567s] Level 1:colcon.colcon_core.package_identification:_identify(src) by extensions ['python_setup_py']
[3.567s] Level 1:colcon.colcon_core.package_identification:_identify(src) by extension 'python_setup_py'
[3.567s] Level 1:colcon.colcon_core.package_identification:_identify(src/arm) by extensions ['ignore', 'ignore_ament_install']
[3.567s] Level 1:colcon.colcon_core.package_identification:_identify(src/arm) by extension 'ignore'
[3.567s] Level 1:colcon.colcon_core.package_identification:_identify(src/arm) by extension 'ignore_ament_install'
[3.567s] Level 1:colcon.colcon_core.package_identification:_identify(src/arm) by extensions ['colcon_pkg']
[3.567s] Level 1:colcon.colcon_core.package_identification:_identify(src/arm) by extension 'colcon_pkg'
[3.567s] Level 1:colcon.colcon_core.package_identification:_identify(src/arm) by extensions ['colcon_meta']
[3.568s] Level 1:colcon.colcon_core.package_identification:_identify(src/arm) by extension 'colcon_meta'
[3.568s] Level 1:colcon.colcon_core.package_identification:_identify(src/arm) by extensions ['ros']
[3.568s] Level 1:colcon.colcon_core.package_identification:_identify(src/arm) by extension 'ros'
[3.568s] Level 1:colcon.colcon_core.package_identification:_identify(src/arm) by extensions ['cmake', 'python']
[3.568s] Level 1:colcon.colcon_core.package_identification:_identify(src/arm) by extension 'cmake'
[3.568s] Level 1:colcon.colcon_core.package_identification:_identify(src/arm) by extension 'python'
[3.568s] Level 1:colcon.colcon_core.package_identification:_identify(src/arm) by extensions ['python_setup_py']
[3.568s] Level 1:colcon.colcon_core.package_identification:_identify(src/arm) by extension 'python_setup_py'
[3.568s] Level 1:colcon.colcon_core.package_identification:_identify(src/arm_interfaces) by extensions ['ignore', 'ignore_ament_install']
[3.568s] Level 1:colcon.colcon_core.package_identification:_identify(src/arm_interfaces) by extension 'ignore'
[3.568s] Level 1:colcon.colcon_core.package_identification:_identify(src/arm_interfaces) by extension 'ignore_ament_install'
[3.568s] Level 1:colcon.colcon_core.package_identification:_identify(src/arm_interfaces) by extensions ['colcon_pkg']
[3.568s] Level 1:colcon.colcon_core.package_identification:_identify(src/arm_interfaces) by extension 'colcon_pkg'
[3.568s] Level 1:colcon.colcon_core.package_identification:_identify(src/arm_interfaces) by extensions ['colcon_meta']
[3.568s] Level 1:colcon.colcon_core.package_identification:_identify(src/arm_interfaces) by extension 'colcon_meta'
[3.568s] Level 1:colcon.colcon_core.package_identification:_identify(src/arm_interfaces) by extensions ['ros']
[3.568s] Level 1:colcon.colcon_core.package_identification:_identify(src/arm_interfaces) by extension 'ros'
[3.571s] DEBUG:colcon.colcon_core.package_identification:Package 'src/arm_interfaces' with type 'ros.ament_cmake' and name 'arm_interfaces'
[3.571s] Level 1:colcon.colcon_core.package_identification:_identify(src/control) by extensions ['ignore', 'ignore_ament_install']
[3.572s] Level 1:colcon.colcon_core.package_identification:_identify(src/control) by extension 'ignore'
[3.572s] Level 1:colcon.colcon_core.package_identification:_identify(src/control) by extension 'ignore_ament_install'
[3.572s] Level 1:colcon.colcon_core.package_identification:_identify(src/control) by extensions ['colcon_pkg']
[3.572s] Level 1:colcon.colcon_core.package_identification:_identify(src/control) by extension 'colcon_pkg'
[3.572s] Level 1:colcon.colcon_core.package_identification:_identify(src/control) by extensions ['colcon_meta']
[3.572s] Level 1:colcon.colcon_core.package_identification:_identify(src/control) by extension 'colcon_meta'
[3.572s] Level 1:colcon.colcon_core.package_identification:_identify(src/control) by extensions ['ros']
[3.572s] Level 1:colcon.colcon_core.package_identification:_identify(src/control) by extension 'ros'
[3.573s] DEBUG:colcon.colcon_core.package_identification:Package 'src/control' with type 'ros.ament_cmake' and name 'control'
[3.573s] Level 1:colcon.colcon_core.package_identification:_identify(src/translator) by extensions ['ignore', 'ignore_ament_install']
[3.573s] Level 1:colcon.colcon_core.package_identification:_identify(src/translator) by extension 'ignore'
[3.573s] Level 1:colcon.colcon_core.package_identification:_identify(src/translator) by extension 'ignore_ament_install'
[3.573s] Level 1:colcon.colcon_core.package_identification:_identify(src/translator) by extensions ['colcon_pkg']
[3.573s] Level 1:colcon.colcon_core.package_identification:_identify(src/translator) by extension 'colcon_pkg'
[3.573s] Level 1:colcon.colcon_core.package_identification:_identify(src/translator) by extensions ['colcon_meta']
[3.573s] Level 1:colcon.colcon_core.package_identification:_identify(src/translator) by extension 'colcon_meta'
[3.573s] Level 1:colcon.colcon_core.package_identification:_identify(src/translator) by extensions ['ros']
[3.573s] Level 1:colcon.colcon_core.package_identification:_identify(src/translator) by extension 'ros'
[3.574s] DEBUG:colcon.colcon_core.package_identification:Package 'src/translator' with type 'ros.ament_cmake' and name 'translator'
[3.574s] Level 1:colcon.colcon_core.package_identification:_identify(src/vision) by extensions ['ignore', 'ignore_ament_install']
[3.574s] Level 1:colcon.colcon_core.package_identification:_identify(src/vision) by extension 'ignore'
[3.574s] Level 1:colcon.colcon_core.package_identification:_identify(src/vision) by extension 'ignore_ament_install'
[3.574s] Level 1:colcon.colcon_core.package_identification:_identify(src/vision) by extensions ['colcon_pkg']
[3.574s] Level 1:colcon.colcon_core.package_identification:_identify(src/vision) by extension 'colcon_pkg'
[3.574s] Level 1:colcon.colcon_core.package_identification:_identify(src/vision) by extensions ['colcon_meta']
[3.574s] Level 1:colcon.colcon_core.package_identification:_identify(src/vision) by extension 'colcon_meta'
[3.574s] Level 1:colcon.colcon_core.package_identification:_identify(src/vision) by extensions ['ros']
[3.574s] Level 1:colcon.colcon_core.package_identification:_identify(src/vision) by extension 'ros'
[3.575s] DEBUG:colcon.colcon_core.package_identification:Package 'src/vision' with type 'ros.ament_python' and name 'vision'
[3.575s] Level 1:colcon.colcon_core.package_discovery:discover_packages(recursive) using defaults
[3.575s] Level 1:colcon.colcon_core.package_discovery:discover_packages(ignore) discover
[3.575s] Level 1:colcon.colcon_core.package_discovery:discover_packages(ignore) using defaults
[3.575s] Level 1:colcon.colcon_core.package_discovery:discover_packages(path) discover
[3.575s] Level 1:colcon.colcon_core.package_discovery:discover_packages(path) using defaults
[3.800s] INFO:colcon.colcon_core.package_selection:Skipping not selected package 'arm_interfaces' in 'src/arm_interfaces'
[3.800s] INFO:colcon.colcon_core.package_selection:Skipping not selected package 'control' in 'src/control'
[3.800s] INFO:colcon.colcon_core.package_selection:Skipping not selected package 'vision' in 'src/vision'
[3.937s] Level 1:colcon.colcon_core.package_discovery:discover_packages(prefix_path) check parameters
[3.937s] Level 1:colcon.colcon_core.package_discovery:discover_packages(prefix_path) discover
[4.079s] DEBUG:colcon.colcon_installed_package_information.package_discovery:Found 257 installed packages in /opt/ros/foxy
[4.080s] Level 1:colcon.colcon_core.package_discovery:discover_packages(prefix_path) using defaults
[4.305s] Level 5:colcon.colcon_core.verb:set package 'translator' build argument 'cmake_args' from command line to 'None'
[4.305s] Level 5:colcon.colcon_core.verb:set package 'translator' build argument 'cmake_target' from command line to 'None'
[4.306s] Level 5:colcon.colcon_core.verb:set package 'translator' build argument 'cmake_target_skip_unavailable' from command line to 'False'
[4.306s] Level 5:colcon.colcon_core.verb:set package 'translator' build argument 'cmake_clean_cache' from command line to 'False'
[4.306s] Level 5:colcon.colcon_core.verb:set package 'translator' build argument 'cmake_clean_first' from command line to 'False'
[4.306s] Level 5:colcon.colcon_core.verb:set package 'translator' build argument 'cmake_force_configure' from command line to 'False'
[4.306s] Level 5:colcon.colcon_core.verb:set package 'translator' build argument 'ament_cmake_args' from command line to 'None'
[4.306s] Level 5:colcon.colcon_core.verb:set package 'translator' build argument 'catkin_cmake_args' from command line to 'None'
[4.306s] Level 5:colcon.colcon_core.verb:set package 'translator' build argument 'catkin_skip_building_tests' from command line to 'False'
[4.306s] DEBUG:colcon.colcon_core.verb:Building package 'translator' with the following arguments: {'ament_cmake_args': None, 'build_base': '/home/olel/Projects/FPMagangBayu24/build/translator', 'catkin_cmake_args': None, 'catkin_skip_building_tests': False, 'cmake_args': None, 'cmake_clean_cache': False, 'cmake_clean_first': False, 'cmake_force_configure': False, 'cmake_target': None, 'cmake_target_skip_unavailable': False, 'install_base': '/home/olel/Projects/FPMagangBayu24/install/translator', 'merge_install': False, 'path': '/home/olel/Projects/FPMagangBayu24/src/translator', 'symlink_install': False, 'test_result_base': None}
[4.372s] INFO:colcon.colcon_core.executor:Executing jobs using 'parallel' executor
[4.437s] DEBUG:colcon.colcon_parallel_executor.executor.parallel:run_until_complete
[4.437s] INFO:colcon.colcon_ros.task.ament_cmake.build:Building ROS package in '/home/olel/Projects/FPMagangBayu24/src/translator' with build type 'ament_cmake'
[4.437s] INFO:colcon.colcon_cmake.task.cmake.build:Building CMake package in '/home/olel/Projects/FPMagangBayu24/src/translator'
[4.505s] INFO:colcon.colcon_core.plugin_system:Skipping extension 'colcon_core.shell.bat': Not used on non-Windows systems
[4.505s] INFO:colcon.colcon_core.shell:Skip shell extension 'powershell' for command environment: Not usable outside of PowerShell
[4.505s] DEBUG:colcon.colcon_core.shell:Skip shell extension 'dsv' for command environment
[4.660s] DEBUG:colcon.colcon_core.event_handler.log_command:Invoking command in '/home/olel/Projects/FPMagangBayu24/build/translator': AMENT_PREFIX_PATH=/home/olel/Projects/FPMagangBayu24/install/arm_interfaces:${AMENT_PREFIX_PATH} CMAKE_PREFIX_PATH=/home/olel/Projects/FPMagangBayu24/install/arm_interfaces:/opt/ros/foxy LD_LIBRARY_PATH=/home/olel/Projects/FPMagangBayu24/install/arm_interfaces/lib:${LD_LIBRARY_PATH} PYTHONPATH=/home/olel/Projects/FPMagangBayu24/install/arm_interfaces/lib/python3.8/site-packages:${PYTHONPATH} /usr/local/bin/cmake --build /home/olel/Projects/FPMagangBayu24/build/translator -- -j16 -l16
[9.992s] DEBUG:colcon.colcon_core.event_handler.log_command:Invoked command in '/home/olel/Projects/FPMagangBayu24/build/translator' returned '0': AMENT_PREFIX_PATH=/home/olel/Projects/FPMagangBayu24/install/arm_interfaces:${AMENT_PREFIX_PATH} CMAKE_PREFIX_PATH=/home/olel/Projects/FPMagangBayu24/install/arm_interfaces:/opt/ros/foxy LD_LIBRARY_PATH=/home/olel/Projects/FPMagangBayu24/install/arm_interfaces/lib:${LD_LIBRARY_PATH} PYTHONPATH=/home/olel/Projects/FPMagangBayu24/install/arm_interfaces/lib/python3.8/site-packages:${PYTHONPATH} /usr/local/bin/cmake --build /home/olel/Projects/FPMagangBayu24/build/translator -- -j16 -l16
[10.024s] DEBUG:colcon.colcon_core.event_handler.log_command:Invoking command in '/home/olel/Projects/FPMagangBayu24/build/translator': AMENT_PREFIX_PATH=/home/olel/Projects/FPMagangBayu24/install/arm_interfaces:${AMENT_PREFIX_PATH} CMAKE_PREFIX_PATH=/home/olel/Projects/FPMagangBayu24/install/arm_interfaces:/opt/ros/foxy LD_LIBRARY_PATH=/home/olel/Projects/FPMagangBayu24/install/arm_interfaces/lib:${LD_LIBRARY_PATH} PYTHONPATH=/home/olel/Projects/FPMagangBayu24/install/arm_interfaces/lib/python3.8/site-packages:${PYTHONPATH} /usr/local/bin/cmake --install /home/olel/Projects/FPMagangBayu24/build/translator
[10.036s] Level 1:colcon.colcon_core.environment:create_environment_scripts_only(translator)
[10.037s] DEBUG:colcon.colcon_core.event_handler.log_command:Invoked command in '/home/olel/Projects/FPMagangBayu24/build/translator' returned '0': AMENT_PREFIX_PATH=/home/olel/Projects/FPMagangBayu24/install/arm_interfaces:${AMENT_PREFIX_PATH} CMAKE_PREFIX_PATH=/home/olel/Projects/FPMagangBayu24/install/arm_interfaces:/opt/ros/foxy LD_LIBRARY_PATH=/home/olel/Projects/FPMagangBayu24/install/arm_interfaces/lib:${LD_LIBRARY_PATH} PYTHONPATH=/home/olel/Projects/FPMagangBayu24/install/arm_interfaces/lib/python3.8/site-packages:${PYTHONPATH} /usr/local/bin/cmake --install /home/olel/Projects/FPMagangBayu24/build/translator
[10.123s] Level 1:colcon.colcon_core.environment:checking '/home/olel/Projects/FPMagangBayu24/install/translator' for CMake module files
[10.124s] Level 1:colcon.colcon_core.environment:checking '/home/olel/Projects/FPMagangBayu24/install/translator' for CMake config files
[10.124s] Level 1:colcon.colcon_core.shell:create_environment_hook('translator', 'cmake_prefix_path')
[10.205s] INFO:colcon.colcon_core.shell:Creating environment hook '/home/olel/Projects/FPMagangBayu24/install/translator/share/translator/hook/cmake_prefix_path.ps1'
[10.206s] INFO:colcon.colcon_core.shell:Creating environment descriptor '/home/olel/Projects/FPMagangBayu24/install/translator/share/translator/hook/cmake_prefix_path.dsv'
[10.206s] INFO:colcon.colcon_core.shell:Creating environment hook '/home/olel/Projects/FPMagangBayu24/install/translator/share/translator/hook/cmake_prefix_path.sh'
[10.208s] Level 1:colcon.colcon_core.environment:checking '/home/olel/Projects/FPMagangBayu24/install/translator/lib'
[10.208s] Level 1:colcon.colcon_core.environment:checking '/home/olel/Projects/FPMagangBayu24/install/translator/bin'
[10.208s] Level 1:colcon.colcon_core.environment:checking '/home/olel/Projects/FPMagangBayu24/install/translator/lib/pkgconfig/translator.pc'
[10.208s] Level 1:colcon.colcon_core.environment:checking '/home/olel/Projects/FPMagangBayu24/install/translator/lib/python3.8/site-packages'
[10.208s] Level 1:colcon.colcon_core.environment:checking '/home/olel/Projects/FPMagangBayu24/install/translator/bin'
[10.287s] INFO:colcon.colcon_core.shell:Creating package script '/home/olel/Projects/FPMagangBayu24/install/translator/share/translator/package.ps1'
[10.289s] INFO:colcon.colcon_core.shell:Creating package descriptor '/home/olel/Projects/FPMagangBayu24/install/translator/share/translator/package.dsv'
[10.289s] INFO:colcon.colcon_core.shell:Creating package script '/home/olel/Projects/FPMagangBayu24/install/translator/share/translator/package.sh'
[10.290s] INFO:colcon.colcon_core.shell:Creating package script '/home/olel/Projects/FPMagangBayu24/install/translator/share/translator/package.bash'
[10.291s] INFO:colcon.colcon_core.shell:Creating package script '/home/olel/Projects/FPMagangBayu24/install/translator/share/translator/package.zsh'
[10.291s] Level 1:colcon.colcon_core.environment:create_file_with_runtime_dependencies(/home/olel/Projects/FPMagangBayu24/install/translator/share/colcon-core/packages/translator)
[10.407s] Level 1:colcon.colcon_core.environment:create_environment_scripts_only(translator)
[10.487s] Level 1:colcon.colcon_core.environment:checking '/home/olel/Projects/FPMagangBayu24/install/translator' for CMake module files
[10.487s] Level 1:colcon.colcon_core.environment:checking '/home/olel/Projects/FPMagangBayu24/install/translator' for CMake config files
[10.487s] Level 1:colcon.colcon_core.shell:create_environment_hook('translator', 'cmake_prefix_path')
[10.567s] INFO:colcon.colcon_core.shell:Creating environment hook '/home/olel/Projects/FPMagangBayu24/install/translator/share/translator/hook/cmake_prefix_path.ps1'
[10.568s] INFO:colcon.colcon_core.shell:Creating environment descriptor '/home/olel/Projects/FPMagangBayu24/install/translator/share/translator/hook/cmake_prefix_path.dsv'
[10.568s] INFO:colcon.colcon_core.shell:Creating environment hook '/home/olel/Projects/FPMagangBayu24/install/translator/share/translator/hook/cmake_prefix_path.sh'
[10.569s] Level 1:colcon.colcon_core.environment:checking '/home/olel/Projects/FPMagangBayu24/install/translator/lib'
[10.569s] Level 1:colcon.colcon_core.environment:checking '/home/olel/Projects/FPMagangBayu24/install/translator/bin'
[10.569s] Level 1:colcon.colcon_core.environment:checking '/home/olel/Projects/FPMagangBayu24/install/translator/lib/pkgconfig/translator.pc'
[10.569s] Level 1:colcon.colcon_core.environment:checking '/home/olel/Projects/FPMagangBayu24/install/translator/lib/python3.8/site-packages'
[10.569s] Level 1:colcon.colcon_core.environment:checking '/home/olel/Projects/FPMagangBayu24/install/translator/bin'
[10.641s] INFO:colcon.colcon_core.shell:Creating package script '/home/olel/Projects/FPMagangBayu24/install/translator/share/translator/package.ps1'
[10.642s] INFO:colcon.colcon_core.shell:Creating package descriptor '/home/olel/Projects/FPMagangBayu24/install/translator/share/translator/package.dsv'
[10.642s] INFO:colcon.colcon_core.shell:Creating package script '/home/olel/Projects/FPMagangBayu24/install/translator/share/translator/package.sh'
[10.643s] INFO:colcon.colcon_core.shell:Creating package script '/home/olel/Projects/FPMagangBayu24/install/translator/share/translator/package.bash'
[10.643s] INFO:colcon.colcon_core.shell:Creating package script '/home/olel/Projects/FPMagangBayu24/install/translator/share/translator/package.zsh'
[10.643s] Level 1:colcon.colcon_core.environment:create_file_with_runtime_dependencies(/home/olel/Projects/FPMagangBayu24/install/translator/share/colcon-core/packages/translator)
[10.644s] DEBUG:colcon.colcon_parallel_executor.executor.parallel:closing loop
[10.645s] DEBUG:colcon.colcon_parallel_executor.executor.parallel:loop closed
[10.645s] DEBUG:colcon.colcon_parallel_executor.executor.parallel:run_until_complete finished with '0'
[10.645s] DEBUG:colcon.colcon_core.event_reactor:joining thread
[10.730s] INFO:colcon.colcon_core.plugin_system:Skipping extension 'colcon_notification.desktop_notification.terminal_notifier': Not used on non-Darwin systems
[10.730s] INFO:colcon.colcon_core.plugin_system:Skipping extension 'colcon_notification.desktop_notification.win32': Not used on non-Windows systems
[10.731s] INFO:colcon.colcon_notification.desktop_notification:Sending desktop notification using 'notify2'
[10.753s] DEBUG:colcon.colcon_core.event_reactor:joined thread
[10.833s] INFO:colcon.colcon_core.shell:Creating prefix script '/home/olel/Projects/FPMagangBayu24/install/local_setup.ps1'
[10.834s] INFO:colcon.colcon_core.shell:Creating prefix util module '/home/olel/Projects/FPMagangBayu24/install/_local_setup_util_ps1.py'
[10.836s] INFO:colcon.colcon_core.shell:Creating prefix chain script '/home/olel/Projects/FPMagangBayu24/install/setup.ps1'
[10.910s] INFO:colcon.colcon_core.shell:Creating prefix script '/home/olel/Projects/FPMagangBayu24/install/local_setup.sh'
[10.911s] INFO:colcon.colcon_core.shell:Creating prefix util module '/home/olel/Projects/FPMagangBayu24/install/_local_setup_util_sh.py'
[10.911s] INFO:colcon.colcon_core.shell:Creating prefix chain script '/home/olel/Projects/FPMagangBayu24/install/setup.sh'
[10.991s] INFO:colcon.colcon_core.shell:Creating prefix script '/home/olel/Projects/FPMagangBayu24/install/local_setup.bash'
[10.991s] INFO:colcon.colcon_core.shell:Creating prefix chain script '/home/olel/Projects/FPMagangBayu24/install/setup.bash'
[11.068s] INFO:colcon.colcon_core.shell:Creating prefix script '/home/olel/Projects/FPMagangBayu24/install/local_setup.zsh'
[11.069s] INFO:colcon.colcon_core.shell:Creating prefix chain script '/home/olel/Projects/FPMagangBayu24/install/setup.zsh'
