[0.188s] Invoking command in '/home/olel/Projects/FPMagangBayu24/build/arm_interfaces': CMAKE_PREFIX_PATH=/opt/ros/foxy /usr/local/bin/cmake --build /home/olel/Projects/FPMagangBayu24/build/arm_interfaces -- -j16 -l16
[0.209s] [  2%] Built target arm_interfaces__cpp
[0.209s] [ 12%] Built target arm_interfaces__rosidl_generator_c
[0.216s] [ 23%] Built target arm_interfaces__rosidl_typesupport_introspection_c
[0.217s] [ 33%] Built target arm_interfaces__rosidl_typesupport_c
[0.220s] [ 43%] Built target arm_interfaces__rosidl_typesupport_introspection_cpp
[0.224s] [ 53%] Built target arm_interfaces__rosidl_typesupport_cpp
[0.224s] [ 64%] Built target arm_interfaces__rosidl_typesupport_fastrtps_cpp
[0.234s] [ 74%] Built target arm_interfaces__rosidl_typesupport_fastrtps_c
[0.240s] [ 74%] Built target arm_interfaces
[0.247s] [ 76%] Built target arm_interfaces__py
[0.260s] [ 84%] Built target arm_interfaces__python
[0.269s] [ 89%] Built target arm_interfaces__rosidl_typesupport_introspection_c__pyext
[0.271s] [ 94%] Built target arm_interfaces__rosidl_typesupport_fastrtps_c__pyext
[0.273s] [100%] Built target arm_interfaces__rosidl_typesupport_c__pyext
[0.277s] Invoked command in '/home/olel/Projects/FPMagangBayu24/build/arm_interfaces' returned '0': CMAKE_PREFIX_PATH=/opt/ros/foxy /usr/local/bin/cmake --build /home/olel/Projects/FPMagangBayu24/build/arm_interfaces -- -j16 -l16
[0.344s] Invoking command in '/home/olel/Projects/FPMagangBayu24/build/arm_interfaces': CMAKE_PREFIX_PATH=/opt/ros/foxy /usr/local/bin/cmake --install /home/olel/Projects/FPMagangBayu24/build/arm_interfaces
[0.346s] -- Install configuration: ""
[0.346s] -- Up-to-date: /home/olel/Projects/FPMagangBayu24/install/arm_interfaces/share/ament_index/resource_index/rosidl_interfaces/arm_interfaces
[0.346s] -- Up-to-date: /home/olel/Projects/FPMagangBayu24/install/arm_interfaces/include/arm_interfaces
[0.346s] -- Up-to-date: /home/olel/Projects/FPMagangBayu24/install/arm_interfaces/include/arm_interfaces/msg
[0.346s] -- Up-to-date: /home/olel/Projects/FPMagangBayu24/install/arm_interfaces/include/arm_interfaces/msg/detail
[0.347s] -- Up-to-date: /home/olel/Projects/FPMagangBayu24/install/arm_interfaces/include/arm_interfaces/msg/detail/posisi_bidak__type_support.h
[0.347s] -- Up-to-date: /home/olel/Projects/FPMagangBayu24/install/arm_interfaces/include/arm_interfaces/msg/detail/servo_parameters__functions.h
[0.347s] -- Up-to-date: /home/olel/Projects/FPMagangBayu24/install/arm_interfaces/include/arm_interfaces/msg/detail/posisi_bidak__functions.c
[0.347s] -- Up-to-date: /home/olel/Projects/FPMagangBayu24/install/arm_interfaces/include/arm_interfaces/msg/detail/posisi_bidak__functions.h
[0.347s] -- Up-to-date: /home/olel/Projects/FPMagangBayu24/install/arm_interfaces/include/arm_interfaces/msg/detail/servo_parameters__type_support.h
[0.347s] -- Up-to-date: /home/olel/Projects/FPMagangBayu24/install/arm_interfaces/include/arm_interfaces/msg/detail/servo_parameters__struct.h
[0.347s] -- Up-to-date: /home/olel/Projects/FPMagangBayu24/install/arm_interfaces/include/arm_interfaces/msg/detail/posisi_bidak__struct.h
[0.347s] -- Up-to-date: /home/olel/Projects/FPMagangBayu24/install/arm_interfaces/include/arm_interfaces/msg/detail/servo_parameters__functions.c
[0.347s] -- Up-to-date: /home/olel/Projects/FPMagangBayu24/install/arm_interfaces/include/arm_interfaces/msg/posisi_bidak.h
[0.348s] -- Up-to-date: /home/olel/Projects/FPMagangBayu24/install/arm_interfaces/include/arm_interfaces/msg/rosidl_generator_c__visibility_control.h
[0.348s] -- Up-to-date: /home/olel/Projects/FPMagangBayu24/install/arm_interfaces/include/arm_interfaces/msg/servo_parameters.h
[0.348s] -- Up-to-date: /home/olel/Projects/FPMagangBayu24/install/arm_interfaces/share/arm_interfaces/environment/library_path.sh
[0.348s] -- Up-to-date: /home/olel/Projects/FPMagangBayu24/install/arm_interfaces/share/arm_interfaces/environment/library_path.dsv
[0.348s] -- Up-to-date: /home/olel/Projects/FPMagangBayu24/install/arm_interfaces/lib/libarm_interfaces__rosidl_generator_c.so
[0.348s] -- Up-to-date: /home/olel/Projects/FPMagangBayu24/install/arm_interfaces/include/arm_interfaces
[0.348s] -- Up-to-date: /home/olel/Projects/FPMagangBayu24/install/arm_interfaces/include/arm_interfaces/msg
[0.348s] -- Up-to-date: /home/olel/Projects/FPMagangBayu24/install/arm_interfaces/include/arm_interfaces/msg/detail
[0.348s] -- Up-to-date: /home/olel/Projects/FPMagangBayu24/install/arm_interfaces/include/arm_interfaces/msg/detail/servo_parameters__rosidl_typesupport_fastrtps_c.h
[0.348s] -- Up-to-date: /home/olel/Projects/FPMagangBayu24/install/arm_interfaces/include/arm_interfaces/msg/detail/posisi_bidak__rosidl_typesupport_fastrtps_c.h
[0.348s] -- Up-to-date: /home/olel/Projects/FPMagangBayu24/install/arm_interfaces/include/arm_interfaces/msg/rosidl_typesupport_fastrtps_c__visibility_control.h
[0.348s] -- Up-to-date: /home/olel/Projects/FPMagangBayu24/install/arm_interfaces/lib/libarm_interfaces__rosidl_typesupport_fastrtps_c.so
[0.349s] -- Up-to-date: /home/olel/Projects/FPMagangBayu24/install/arm_interfaces/include/arm_interfaces
[0.349s] -- Up-to-date: /home/olel/Projects/FPMagangBayu24/install/arm_interfaces/include/arm_interfaces/msg
[0.349s] -- Up-to-date: /home/olel/Projects/FPMagangBayu24/install/arm_interfaces/include/arm_interfaces/msg/rosidl_typesupport_fastrtps_cpp__visibility_control.h
[0.349s] -- Up-to-date: /home/olel/Projects/FPMagangBayu24/install/arm_interfaces/include/arm_interfaces/msg/detail
[0.349s] -- Up-to-date: /home/olel/Projects/FPMagangBayu24/install/arm_interfaces/include/arm_interfaces/msg/detail/posisi_bidak__rosidl_typesupport_fastrtps_cpp.hpp
[0.349s] -- Up-to-date: /home/olel/Projects/FPMagangBayu24/install/arm_interfaces/include/arm_interfaces/msg/detail/dds_fastrtps
[0.349s] -- Up-to-date: /home/olel/Projects/FPMagangBayu24/install/arm_interfaces/include/arm_interfaces/msg/detail/servo_parameters__rosidl_typesupport_fastrtps_cpp.hpp
[0.349s] -- Up-to-date: /home/olel/Projects/FPMagangBayu24/install/arm_interfaces/lib/libarm_interfaces__rosidl_typesupport_fastrtps_cpp.so
[0.349s] -- Up-to-date: /home/olel/Projects/FPMagangBayu24/install/arm_interfaces/include/arm_interfaces
[0.349s] -- Up-to-date: /home/olel/Projects/FPMagangBayu24/install/arm_interfaces/include/arm_interfaces/msg
[0.349s] -- Up-to-date: /home/olel/Projects/FPMagangBayu24/install/arm_interfaces/include/arm_interfaces/msg/detail
[0.349s] -- Up-to-date: /home/olel/Projects/FPMagangBayu24/install/arm_interfaces/include/arm_interfaces/msg/detail/posisi_bidak__type_support.c
[0.349s] -- Up-to-date: /home/olel/Projects/FPMagangBayu24/install/arm_interfaces/include/arm_interfaces/msg/detail/servo_parameters__rosidl_typesupport_introspection_c.h
[0.350s] -- Up-to-date: /home/olel/Projects/FPMagangBayu24/install/arm_interfaces/include/arm_interfaces/msg/detail/posisi_bidak__rosidl_typesupport_introspection_c.h
[0.350s] -- Up-to-date: /home/olel/Projects/FPMagangBayu24/install/arm_interfaces/include/arm_interfaces/msg/detail/servo_parameters__type_support.c
[0.350s] -- Up-to-date: /home/olel/Projects/FPMagangBayu24/install/arm_interfaces/include/arm_interfaces/msg/rosidl_typesupport_introspection_c__visibility_control.h
[0.350s] -- Up-to-date: /home/olel/Projects/FPMagangBayu24/install/arm_interfaces/lib/libarm_interfaces__rosidl_typesupport_introspection_c.so
[0.350s] -- Up-to-date: /home/olel/Projects/FPMagangBayu24/install/arm_interfaces/lib/libarm_interfaces__rosidl_typesupport_c.so
[0.350s] -- Up-to-date: /home/olel/Projects/FPMagangBayu24/install/arm_interfaces/include/arm_interfaces
[0.350s] -- Up-to-date: /home/olel/Projects/FPMagangBayu24/install/arm_interfaces/include/arm_interfaces/msg
[0.350s] -- Up-to-date: /home/olel/Projects/FPMagangBayu24/install/arm_interfaces/include/arm_interfaces/msg/rosidl_generator_cpp__visibility_control.hpp
[0.350s] -- Up-to-date: /home/olel/Projects/FPMagangBayu24/install/arm_interfaces/include/arm_interfaces/msg/servo_parameters.hpp
[0.350s] -- Up-to-date: /home/olel/Projects/FPMagangBayu24/install/arm_interfaces/include/arm_interfaces/msg/detail
[0.350s] -- Up-to-date: /home/olel/Projects/FPMagangBayu24/install/arm_interfaces/include/arm_interfaces/msg/detail/servo_parameters__builder.hpp
[0.350s] -- Up-to-date: /home/olel/Projects/FPMagangBayu24/install/arm_interfaces/include/arm_interfaces/msg/detail/posisi_bidak__type_support.hpp
[0.351s] -- Up-to-date: /home/olel/Projects/FPMagangBayu24/install/arm_interfaces/include/arm_interfaces/msg/detail/servo_parameters__struct.hpp
[0.351s] -- Up-to-date: /home/olel/Projects/FPMagangBayu24/install/arm_interfaces/include/arm_interfaces/msg/detail/posisi_bidak__struct.hpp
[0.351s] -- Up-to-date: /home/olel/Projects/FPMagangBayu24/install/arm_interfaces/include/arm_interfaces/msg/detail/servo_parameters__type_support.hpp
[0.351s] -- Up-to-date: /home/olel/Projects/FPMagangBayu24/install/arm_interfaces/include/arm_interfaces/msg/detail/servo_parameters__traits.hpp
[0.351s] -- Up-to-date: /home/olel/Projects/FPMagangBayu24/install/arm_interfaces/include/arm_interfaces/msg/detail/posisi_bidak__traits.hpp
[0.351s] -- Up-to-date: /home/olel/Projects/FPMagangBayu24/install/arm_interfaces/include/arm_interfaces/msg/detail/posisi_bidak__builder.hpp
[0.351s] -- Up-to-date: /home/olel/Projects/FPMagangBayu24/install/arm_interfaces/include/arm_interfaces/msg/posisi_bidak.hpp
[0.351s] -- Up-to-date: /home/olel/Projects/FPMagangBayu24/install/arm_interfaces/include/arm_interfaces
[0.351s] -- Up-to-date: /home/olel/Projects/FPMagangBayu24/install/arm_interfaces/include/arm_interfaces/msg
[0.351s] -- Up-to-date: /home/olel/Projects/FPMagangBayu24/install/arm_interfaces/include/arm_interfaces/msg/detail
[0.351s] -- Up-to-date: /home/olel/Projects/FPMagangBayu24/install/arm_interfaces/include/arm_interfaces/msg/detail/servo_parameters__rosidl_typesupport_introspection_cpp.hpp
[0.351s] -- Up-to-date: /home/olel/Projects/FPMagangBayu24/install/arm_interfaces/include/arm_interfaces/msg/detail/posisi_bidak__rosidl_typesupport_introspection_cpp.hpp
[0.351s] -- Up-to-date: /home/olel/Projects/FPMagangBayu24/install/arm_interfaces/include/arm_interfaces/msg/detail/servo_parameters__type_support.cpp
[0.352s] -- Up-to-date: /home/olel/Projects/FPMagangBayu24/install/arm_interfaces/include/arm_interfaces/msg/detail/posisi_bidak__type_support.cpp
[0.352s] -- Up-to-date: /home/olel/Projects/FPMagangBayu24/install/arm_interfaces/lib/libarm_interfaces__rosidl_typesupport_introspection_cpp.so
[0.352s] -- Up-to-date: /home/olel/Projects/FPMagangBayu24/install/arm_interfaces/lib/libarm_interfaces__rosidl_typesupport_cpp.so
[0.352s] -- Up-to-date: /home/olel/Projects/FPMagangBayu24/install/arm_interfaces/share/arm_interfaces/environment/pythonpath.sh
[0.352s] -- Up-to-date: /home/olel/Projects/FPMagangBayu24/install/arm_interfaces/share/arm_interfaces/environment/pythonpath.dsv
[0.352s] -- Up-to-date: /home/olel/Projects/FPMagangBayu24/install/arm_interfaces/lib/python3.8/site-packages/arm_interfaces/__init__.py
[0.371s] -- Up-to-date: /home/olel/Projects/FPMagangBayu24/install/arm_interfaces/lib/python3.8/site-packages/arm_interfaces/msg
[0.371s] -- Up-to-date: /home/olel/Projects/FPMagangBayu24/install/arm_interfaces/lib/python3.8/site-packages/arm_interfaces/msg/__init__.py
[0.371s] -- Up-to-date: /home/olel/Projects/FPMagangBayu24/install/arm_interfaces/lib/python3.8/site-packages/arm_interfaces/msg/_posisi_bidak_s.c
[0.371s] -- Up-to-date: /home/olel/Projects/FPMagangBayu24/install/arm_interfaces/lib/python3.8/site-packages/arm_interfaces/msg/_servo_parameters_s.c
[0.372s] -- Up-to-date: /home/olel/Projects/FPMagangBayu24/install/arm_interfaces/lib/python3.8/site-packages/arm_interfaces/msg/_servo_parameters.py
[0.372s] -- Up-to-date: /home/olel/Projects/FPMagangBayu24/install/arm_interfaces/lib/python3.8/site-packages/arm_interfaces/msg/_posisi_bidak.py
[0.372s] -- Up-to-date: /home/olel/Projects/FPMagangBayu24/install/arm_interfaces/lib/python3.8/site-packages/arm_interfaces/arm_interfaces_s__rosidl_typesupport_fastrtps_c.cpython-38-x86_64-linux-gnu.so
[0.372s] -- Up-to-date: /home/olel/Projects/FPMagangBayu24/install/arm_interfaces/lib/python3.8/site-packages/arm_interfaces/arm_interfaces_s__rosidl_typesupport_introspection_c.cpython-38-x86_64-linux-gnu.so
[0.372s] -- Up-to-date: /home/olel/Projects/FPMagangBayu24/install/arm_interfaces/lib/python3.8/site-packages/arm_interfaces/arm_interfaces_s__rosidl_typesupport_c.cpython-38-x86_64-linux-gnu.so
[0.372s] -- Up-to-date: /home/olel/Projects/FPMagangBayu24/install/arm_interfaces/lib/libarm_interfaces__python.so
[0.373s] -- Up-to-date: /home/olel/Projects/FPMagangBayu24/install/arm_interfaces/share/arm_interfaces/msg/ServoParameters.idl
[0.373s] -- Up-to-date: /home/olel/Projects/FPMagangBayu24/install/arm_interfaces/share/arm_interfaces/msg/PosisiBidak.idl
[0.373s] -- Up-to-date: /home/olel/Projects/FPMagangBayu24/install/arm_interfaces/share/arm_interfaces/msg/ServoParameters.msg
[0.373s] -- Up-to-date: /home/olel/Projects/FPMagangBayu24/install/arm_interfaces/share/arm_interfaces/msg/PosisiBidak.msg
[0.373s] -- Up-to-date: /home/olel/Projects/FPMagangBayu24/install/arm_interfaces/share/ament_index/resource_index/package_run_dependencies/arm_interfaces
[0.373s] -- Up-to-date: /home/olel/Projects/FPMagangBayu24/install/arm_interfaces/share/ament_index/resource_index/parent_prefix_path/arm_interfaces
[0.373s] -- Up-to-date: /home/olel/Projects/FPMagangBayu24/install/arm_interfaces/share/arm_interfaces/environment/ament_prefix_path.sh
[0.374s] -- Up-to-date: /home/olel/Projects/FPMagangBayu24/install/arm_interfaces/share/arm_interfaces/environment/ament_prefix_path.dsv
[0.374s] -- Up-to-date: /home/olel/Projects/FPMagangBayu24/install/arm_interfaces/share/arm_interfaces/environment/path.sh
[0.374s] -- Up-to-date: /home/olel/Projects/FPMagangBayu24/install/arm_interfaces/share/arm_interfaces/environment/path.dsv
[0.374s] -- Up-to-date: /home/olel/Projects/FPMagangBayu24/install/arm_interfaces/share/arm_interfaces/local_setup.bash
[0.374s] -- Up-to-date: /home/olel/Projects/FPMagangBayu24/install/arm_interfaces/share/arm_interfaces/local_setup.sh
[0.374s] -- Up-to-date: /home/olel/Projects/FPMagangBayu24/install/arm_interfaces/share/arm_interfaces/local_setup.zsh
[0.374s] -- Up-to-date: /home/olel/Projects/FPMagangBayu24/install/arm_interfaces/share/arm_interfaces/local_setup.dsv
[0.374s] -- Installing: /home/olel/Projects/FPMagangBayu24/install/arm_interfaces/share/arm_interfaces/package.dsv
[0.375s] -- Up-to-date: /home/olel/Projects/FPMagangBayu24/install/arm_interfaces/share/ament_index/resource_index/packages/arm_interfaces
[0.375s] -- Up-to-date: /home/olel/Projects/FPMagangBayu24/install/arm_interfaces/share/arm_interfaces/cmake/arm_interfaces__rosidl_generator_cExport.cmake
[0.375s] -- Up-to-date: /home/olel/Projects/FPMagangBayu24/install/arm_interfaces/share/arm_interfaces/cmake/arm_interfaces__rosidl_generator_cExport-noconfig.cmake
[0.375s] -- Up-to-date: /home/olel/Projects/FPMagangBayu24/install/arm_interfaces/share/arm_interfaces/cmake/arm_interfaces__rosidl_typesupport_introspection_cExport.cmake
[0.375s] -- Up-to-date: /home/olel/Projects/FPMagangBayu24/install/arm_interfaces/share/arm_interfaces/cmake/arm_interfaces__rosidl_typesupport_introspection_cExport-noconfig.cmake
[0.375s] -- Up-to-date: /home/olel/Projects/FPMagangBayu24/install/arm_interfaces/share/arm_interfaces/cmake/arm_interfaces__rosidl_typesupport_cExport.cmake
[0.375s] -- Up-to-date: /home/olel/Projects/FPMagangBayu24/install/arm_interfaces/share/arm_interfaces/cmake/arm_interfaces__rosidl_typesupport_cExport-noconfig.cmake
[0.375s] -- Up-to-date: /home/olel/Projects/FPMagangBayu24/install/arm_interfaces/share/arm_interfaces/cmake/arm_interfaces__rosidl_generator_cppExport.cmake
[0.375s] -- Up-to-date: /home/olel/Projects/FPMagangBayu24/install/arm_interfaces/share/arm_interfaces/cmake/arm_interfaces__rosidl_typesupport_introspection_cppExport.cmake
[0.376s] -- Up-to-date: /home/olel/Projects/FPMagangBayu24/install/arm_interfaces/share/arm_interfaces/cmake/arm_interfaces__rosidl_typesupport_introspection_cppExport-noconfig.cmake
[0.376s] -- Up-to-date: /home/olel/Projects/FPMagangBayu24/install/arm_interfaces/share/arm_interfaces/cmake/arm_interfaces__rosidl_typesupport_cppExport.cmake
[0.376s] -- Up-to-date: /home/olel/Projects/FPMagangBayu24/install/arm_interfaces/share/arm_interfaces/cmake/arm_interfaces__rosidl_typesupport_cppExport-noconfig.cmake
[0.376s] -- Up-to-date: /home/olel/Projects/FPMagangBayu24/install/arm_interfaces/share/arm_interfaces/cmake/rosidl_cmake-extras.cmake
[0.376s] -- Up-to-date: /home/olel/Projects/FPMagangBayu24/install/arm_interfaces/share/arm_interfaces/cmake/ament_cmake_export_dependencies-extras.cmake
[0.376s] -- Up-to-date: /home/olel/Projects/FPMagangBayu24/install/arm_interfaces/share/arm_interfaces/cmake/ament_cmake_export_libraries-extras.cmake
[0.376s] -- Up-to-date: /home/olel/Projects/FPMagangBayu24/install/arm_interfaces/share/arm_interfaces/cmake/ament_cmake_export_targets-extras.cmake
[0.376s] -- Up-to-date: /home/olel/Projects/FPMagangBayu24/install/arm_interfaces/share/arm_interfaces/cmake/ament_cmake_export_include_directories-extras.cmake
[0.376s] -- Up-to-date: /home/olel/Projects/FPMagangBayu24/install/arm_interfaces/share/arm_interfaces/cmake/rosidl_cmake_export_typesupport_libraries-extras.cmake
[0.376s] -- Up-to-date: /home/olel/Projects/FPMagangBayu24/install/arm_interfaces/share/arm_interfaces/cmake/rosidl_cmake_export_typesupport_targets-extras.cmake
[0.377s] -- Up-to-date: /home/olel/Projects/FPMagangBayu24/install/arm_interfaces/share/arm_interfaces/cmake/arm_interfacesConfig.cmake
[0.377s] -- Up-to-date: /home/olel/Projects/FPMagangBayu24/install/arm_interfaces/share/arm_interfaces/cmake/arm_interfacesConfig-version.cmake
[0.377s] -- Up-to-date: /home/olel/Projects/FPMagangBayu24/install/arm_interfaces/share/arm_interfaces/package.xml
[0.378s] Invoked command in '/home/olel/Projects/FPMagangBayu24/build/arm_interfaces' returned '0': CMAKE_PREFIX_PATH=/opt/ros/foxy /usr/local/bin/cmake --install /home/olel/Projects/FPMagangBayu24/build/arm_interfaces
