[0.258s] Invoking command in '/home/olel/Projects/FPMagangBayu24/build/control': /usr/bin/cmake --build /home/olel/Projects/FPMagangBayu24/build/control -- -j16 -l16
[0.301s] [35m[1mScanning dependencies of target bot_control[0m
[0.328s] [ 50%] [32mBuilding CXX object CMakeFiles/bot_control.dir/src/processor.cpp.o[0m
[5.949s] [100%] [32m[1mLinking CXX executable bot_control[0m
[6.554s] [100%] Built target bot_control
[6.577s] Invoked command in '/home/olel/Projects/FPMagangBayu24/build/control' returned '0': /usr/bin/cmake --build /home/olel/Projects/FPMagangBayu24/build/control -- -j16 -l16
[6.663s] Invoking command in '/home/olel/Projects/FPMagangBayu24/build/control': /usr/bin/cmake --install /home/olel/Projects/FPMagangBayu24/build/control
[6.684s] -- Install configuration: ""
[6.684s] -- Installing: /home/olel/Projects/FPMagangBayu24/install/control/lib/control/bot_control
[6.691s] -- Set runtime path of "/home/olel/Projects/FPMagangBayu24/install/control/lib/control/bot_control" to ""
[6.692s] -- Up-to-date: /home/olel/Projects/FPMagangBayu24/install/control/share/ament_index/resource_index/package_run_dependencies/control
[6.692s] -- Up-to-date: /home/olel/Projects/FPMagangBayu24/install/control/share/ament_index/resource_index/parent_prefix_path/control
[6.692s] -- Up-to-date: /home/olel/Projects/FPMagangBayu24/install/control/share/control/environment/ament_prefix_path.sh
[6.692s] -- Up-to-date: /home/olel/Projects/FPMagangBayu24/install/control/share/control/environment/ament_prefix_path.dsv
[6.693s] -- Up-to-date: /home/olel/Projects/FPMagangBayu24/install/control/share/control/environment/path.sh
[6.693s] -- Up-to-date: /home/olel/Projects/FPMagangBayu24/install/control/share/control/environment/path.dsv
[6.693s] -- Up-to-date: /home/olel/Projects/FPMagangBayu24/install/control/share/control/local_setup.bash
[6.693s] -- Up-to-date: /home/olel/Projects/FPMagangBayu24/install/control/share/control/local_setup.sh
[6.693s] -- Up-to-date: /home/olel/Projects/FPMagangBayu24/install/control/share/control/local_setup.zsh
[6.693s] -- Up-to-date: /home/olel/Projects/FPMagangBayu24/install/control/share/control/local_setup.dsv
[6.693s] -- Installing: /home/olel/Projects/FPMagangBayu24/install/control/share/control/package.dsv
[6.694s] -- Up-to-date: /home/olel/Projects/FPMagangBayu24/install/control/share/ament_index/resource_index/packages/control
[6.694s] -- Up-to-date: /home/olel/Projects/FPMagangBayu24/install/control/share/control/cmake/controlConfig.cmake
[6.694s] -- Up-to-date: /home/olel/Projects/FPMagangBayu24/install/control/share/control/cmake/controlConfig-version.cmake
[6.694s] -- Up-to-date: /home/olel/Projects/FPMagangBayu24/install/control/share/control/package.xml
[6.698s] Invoked command in '/home/olel/Projects/FPMagangBayu24/build/control' returned '0': /usr/bin/cmake --install /home/olel/Projects/FPMagangBayu24/build/control
