[0.104s] Invoking command in '/home/olel/Projects/FPMagangBayu24/build/arm_interfaces': /usr/local/bin/cmake /home/olel/Projects/FPMagangBayu24/src/arm_interfaces -DCMAKE_INSTALL_PREFIX=/home/olel/Projects/FPMagangBayu24/install/arm_interfaces
[0.254s] -- The C compiler identification is GNU 9.4.0
[0.363s] -- The CXX compiler identification is GNU 9.4.0
[0.375s] -- Detecting C compiler ABI info
[0.438s] -- Detecting C compiler ABI info - done
[0.456s] -- Check for working C compiler: /usr/bin/cc - skipped
[0.457s] -- Detecting C compile features
[0.457s] -- Detecting C compile features - done
[0.461s] -- Detecting CXX compiler ABI info
[0.521s] -- Detecting CXX compiler ABI info - done
[0.535s] -- Check for working CXX compiler: /usr/bin/c++ - skipped
[0.535s] -- Detecting CXX compile features
[0.536s] -- Detecting CXX compile features - done
[0.542s] [31mCMake Error at CMakeLists.txt:8 (find_package):
[0.543s]   By not providing "Findament_cmake.cmake" in CMAKE_MODULE_PATH this project
[0.543s]   has asked CMake to find a package configuration file provided by
[0.543s]   "ament_cmake", but CMake did not find one.
[0.543s] 
[0.543s]   Could not find a package configuration file provided by "ament_cmake" with
[0.543s]   any of the following names:
[0.543s] 
[0.543s]     ament_cmakeConfig.cmake
[0.543s]     ament_cmake-config.cmake
[0.543s] 
[0.543s]   Add the installation prefix of "ament_cmake" to CMAKE_PREFIX_PATH or set
[0.543s]   "ament_cmake_DIR" to a directory containing one of the above files.  If
[0.544s]   "ament_cmake" provides a separate development package or SDK, be sure it
[0.544s]   has been installed.
[0.544s] 
[0.544s] [0m
[0.544s] -- Configuring incomplete, errors occurred!
[0.546s] Invoked command in '/home/olel/Projects/FPMagangBayu24/build/arm_interfaces' returned '1': /usr/local/bin/cmake /home/olel/Projects/FPMagangBayu24/src/arm_interfaces -DCMAKE_INSTALL_PREFIX=/home/olel/Projects/FPMagangBayu24/install/arm_interfaces
