[0.113s] Invoking command in '/home/olel/Projects/FPMagangBayu24/build/control': /usr/bin/cmake --build /home/olel/Projects/FPMagangBayu24/build/control -- -j16 -l16
[0.161s] [35m[1mScanning dependencies of target bot_control[0m
[0.186s] [ 50%] [32mBuilding CXX object CMakeFiles/bot_control.dir/src/processor.cpp.o[0m
[1.074s] [01m[K/home/olel/Projects/FPMagangBayu24/src/control/src/processor.cpp:[m[K In member function ‘[01m[Kvoid ControllerTicTacToe::topic_callback(std_msgs::msg::String_<std::allocator<void> >::SharedPtr) const[m[K’:
[1.074s] [01m[K/home/olel/Projects/FPMagangBayu24/src/control/src/processor.cpp:35:24:[m[K [01;31m[Kerror: [m[Kredeclaration of ‘[01m[Kstd::vector<int> vecBoard[m[K’
[1.074s]    35 |       std::vector<int> [01;31m[KvecBoard[m[K;
[1.074s]       |                        [01;31m[K^~~~~~~~[m[K
[1.074s] [01m[K/home/olel/Projects/FPMagangBayu24/src/control/src/processor.cpp:34:24:[m[K [01;36m[Knote: [m[K‘[01m[Kstd::vector<int> vecBoard[m[K’ previously declared here
[1.074s]    34 |       std::vector<int> [01;36m[KvecBoard[m[K = {1, 1, 0, 0, 2, 1, 2, 1, 0};
[1.074s]       |                        [01;36m[K^~~~~~~~[m[K
[1.075s] [01m[K/home/olel/Projects/FPMagangBayu24/src/control/src/processor.cpp:36:37:[m[K [01;31m[Kerror: [m[Kpassing ‘[01m[Kconst ControllerTicTacToe[m[K’ as ‘[01m[Kthis[m[K’ argument discards qualifiers [[01;31m[K-fpermissive[m[K]
[1.075s]    36 |       string2vec(strBoard, &vecBoard[01;31m[K)[m[K;
[1.075s]       |                                     [01;31m[K^[m[K
[1.075s] [01m[K/home/olel/Projects/FPMagangBayu24/src/control/src/processor.cpp:69:10:[m[K [01;36m[Knote: [m[K  in call to ‘[01m[Kvoid ControllerTicTacToe::string2vec(std::string, std::vector<int>*)[m[K’
[1.075s]    69 |     void [01;36m[Kstring2vec[m[K(std::string strBoard, std::vector<int>* vecBoard)
[1.075s]       |          [01;36m[K^~~~~~~~~~[m[K
[1.079s] [01m[K/home/olel/Projects/FPMagangBayu24/src/control/src/processor.cpp:[m[K In member function ‘[01m[Kvoid ControllerTicTacToe::string2vec(std::string, std::vector<int>*)[m[K’:
[1.079s] [01m[K/home/olel/Projects/FPMagangBayu24/src/control/src/processor.cpp:73:29:[m[K [01;31m[Kerror: [m[Kvoid value not ignored as it ought to be
[1.079s]    73 |         *[01;31m[KvecBoard->push_back(std::stoi(strBoard.substr(i, 1), nullptr, 10))[m[K;
[1.079s]       |          [01;31m[K~~~~~~~~~~~~~~~~~~~^~~~~~~~~~~~~~~~~~~~~~~~~~~~~~~~~~~~~~~~~~~~~~~[m[K
[1.079s] [01m[K/home/olel/Projects/FPMagangBayu24/src/control/src/processor.cpp:[m[K In member function ‘[01m[Kbool ControllerTicTacToe::checkWin(std::vector<int>, int)[m[K’:
[1.079s] [01m[K/home/olel/Projects/FPMagangBayu24/src/control/src/processor.cpp:77:36:[m[K [01;35m[Kwarning: [m[Kunused parameter ‘[01m[KboardState[m[K’ [[01;35m[K-Wunused-parameter[m[K]
[1.079s]    77 |     bool checkWin([01;35m[Kstd::vector<int> boardState[m[K, int player)
[1.079s]       |                   [01;35m[K~~~~~~~~~~~~~~~~~^~~~~~~~~~[m[K
[1.079s] [01m[K/home/olel/Projects/FPMagangBayu24/src/control/src/processor.cpp:77:52:[m[K [01;35m[Kwarning: [m[Kunused parameter ‘[01m[Kplayer[m[K’ [[01;35m[K-Wunused-parameter[m[K]
[1.079s]    77 |     bool checkWin(std::vector<int> boardState, [01;35m[Kint player[m[K)
[1.079s]       |                                                [01;35m[K~~~~^~~~~~[m[K
[1.079s] [01m[K/home/olel/Projects/FPMagangBayu24/src/control/src/processor.cpp:[m[K In member function ‘[01m[Kint ControllerTicTacToe::moveScore(std::vector<int>, int)[m[K’:
[1.080s] [01m[K/home/olel/Projects/FPMagangBayu24/src/control/src/processor.cpp:83:36:[m[K [01;35m[Kwarning: [m[Kunused parameter ‘[01m[KboardState[m[K’ [[01;35m[K-Wunused-parameter[m[K]
[1.080s]    83 |     int moveScore([01;35m[Kstd::vector<int> boardState[m[K, int Player)
[1.080s]       |                   [01;35m[K~~~~~~~~~~~~~~~~~^~~~~~~~~~[m[K
[1.080s] [01m[K/home/olel/Projects/FPMagangBayu24/src/control/src/processor.cpp:83:52:[m[K [01;35m[Kwarning: [m[Kunused parameter ‘[01m[KPlayer[m[K’ [[01;35m[K-Wunused-parameter[m[K]
[1.080s]    83 |     int moveScore(std::vector<int> boardState, [01;35m[Kint Player[m[K)
[1.080s]       |                                                [01;35m[K~~~~^~~~~~[m[K
[1.080s] [01m[K/home/olel/Projects/FPMagangBayu24/src/control/src/processor.cpp:[m[K In member function ‘[01m[Kint ControllerTicTacToe::determine(std::vector<int>)[m[K’:
[1.080s] [01m[K/home/olel/Projects/FPMagangBayu24/src/control/src/processor.cpp:93:36:[m[K [01;35m[Kwarning: [m[Kunused parameter ‘[01m[KboardState[m[K’ [[01;35m[K-Wunused-parameter[m[K]
[1.080s]    93 |     int determine([01;35m[Kstd::vector<int> boardState[m[K)
[1.080s]       |                   [01;35m[K~~~~~~~~~~~~~~~~~^~~~~~~~~~[m[K
[2.219s] make[2]: *** [CMakeFiles/bot_control.dir/build.make:63: CMakeFiles/bot_control.dir/src/processor.cpp.o] Error 1
[2.220s] make[1]: *** [CMakeFiles/Makefile2:78: CMakeFiles/bot_control.dir/all] Error 2
[2.220s] make: *** [Makefile:141: all] Error 2
[2.224s] Invoked command in '/home/olel/Projects/FPMagangBayu24/build/control' returned '2': /usr/bin/cmake --build /home/olel/Projects/FPMagangBayu24/build/control -- -j16 -l16
