[0.842s] Invoking command in '/home/olel/Projects/FPMagangBayu24/src/vision': PYTHONPATH=/home/olel/Projects/FPMagangBayu24/build/vision/prefix_override:/home/olel/Projects/FPMagangBayu24/install/vision/lib/python3.8/site-packages:${PYTHONPATH} /usr/bin/python3 setup.py egg_info --egg-base ../../build/vision build --build-base /home/olel/Projects/FPMagangBayu24/build/vision/build install --record /home/olel/Projects/FPMagangBayu24/build/vision/install.log --install-scripts $base/lib/vision --single-version-externally-managed
[0.978s] running egg_info
[0.978s] writing ../../build/vision/vision.egg-info/PKG-INFO
[0.978s] writing dependency_links to ../../build/vision/vision.egg-info/dependency_links.txt
[0.978s] writing entry points to ../../build/vision/vision.egg-info/entry_points.txt
[0.979s] writing requirements to ../../build/vision/vision.egg-info/requires.txt
[0.979s] writing top-level names to ../../build/vision/vision.egg-info/top_level.txt
[1.001s] reading manifest file '../../build/vision/vision.egg-info/SOURCES.txt'
[1.001s] writing manifest file '../../build/vision/vision.egg-info/SOURCES.txt'
[1.001s] running build
[1.002s] running build_py
[1.002s] copying vision/visioner.py -> /home/olel/Projects/FPMagangBayu24/build/vision/build/lib/vision
[1.002s] running install
[1.002s] running install_lib
[1.002s] copying /home/olel/Projects/FPMagangBayu24/build/vision/build/lib/vision/visioner.py -> /home/olel/Projects/FPMagangBayu24/install/vision/lib/python3.8/site-packages/vision
[1.003s] byte-compiling /home/olel/Projects/FPMagangBayu24/install/vision/lib/python3.8/site-packages/vision/visioner.py to visioner.cpython-38.pyc
[1.004s] running install_data
[1.004s] running install_egg_info
[1.005s] removing '/home/olel/Projects/FPMagangBayu24/install/vision/lib/python3.8/site-packages/vision-0.0.0-py3.8.egg-info' (and everything under it)
[1.005s] Copying ../../build/vision/vision.egg-info to /home/olel/Projects/FPMagangBayu24/install/vision/lib/python3.8/site-packages/vision-0.0.0-py3.8.egg-info
[1.006s] running install_scripts
[1.018s] Installing bot_vision script to /home/olel/Projects/FPMagangBayu24/install/vision/lib/vision
[1.018s] writing list of installed files to '/home/olel/Projects/FPMagangBayu24/build/vision/install.log'
[1.038s] Invoked command in '/home/olel/Projects/FPMagangBayu24/src/vision' returned '0': PYTHONPATH=/home/olel/Projects/FPMagangBayu24/build/vision/prefix_override:/home/olel/Projects/FPMagangBayu24/install/vision/lib/python3.8/site-packages:${PYTHONPATH} /usr/bin/python3 setup.py egg_info --egg-base ../../build/vision build --build-base /home/olel/Projects/FPMagangBayu24/build/vision/build install --record /home/olel/Projects/FPMagangBayu24/build/vision/install.log --install-scripts $base/lib/vision --single-version-externally-managed
