[0.179s] Invoking command in '/home/olel/Projects/FPMagangBayu24/build/arm_interfaces': CMAKE_PREFIX_PATH=/opt/ros/foxy /usr/local/bin/cmake /home/olel/Projects/FPMagangBayu24/src/arm_interfaces -DCMAKE_INSTALL_PREFIX=/home/olel/Projects/FPMagangBayu24/install/arm_interfaces
[0.192s] -- Found ament_cmake: 0.9.12 (/opt/ros/foxy/share/ament_cmake/cmake)
[0.199s] [33mCMake Warning (dev) at /opt/ros/foxy/share/ament_cmake_core/cmake/core/python.cmake:22 (find_package):
[0.200s]   Policy CMP0148 is not set: The FindPythonInterp and FindPythonLibs modules
[0.200s]   are removed.  Run "cmake --help-policy CMP0148" for policy details.  Use
[0.200s]   the cmake_policy command to set the policy and suppress this warning.
[0.200s] 
[0.200s] Call Stack (most recent call first):
[0.200s]   /opt/ros/foxy/share/ament_cmake_core/cmake/core/all.cmake:53 (include)
[0.200s]   /opt/ros/foxy/share/ament_cmake_core/cmake/ament_cmake_core-extras.cmake:17 (include)
[0.200s]   /opt/ros/foxy/share/ament_cmake_core/cmake/ament_cmake_coreConfig.cmake:41 (include)
[0.200s]   /opt/ros/foxy/share/ament_cmake/cmake/ament_cmake_export_dependencies-extras.cmake:15 (find_package)
[0.200s]   /opt/ros/foxy/share/ament_cmake/cmake/ament_cmakeConfig.cmake:41 (include)
[0.201s]   CMakeLists.txt:18 (find_package)
[0.201s] This warning is for project developers.  Use -Wno-dev to suppress it.
[0.201s] [0m
[0.226s] -- Found PythonInterp: /usr/bin/python3 (found suitable version "3.8.10", minimum required is "3")
[0.226s] -- Using PYTHON_EXECUTABLE: /usr/bin/python3
[0.379s] -- Found rosidl_default_generators: 1.0.1 (/opt/ros/foxy/share/rosidl_default_generators/cmake)
[0.384s] -- Using all available rosidl_typesupport_c: rosidl_typesupport_fastrtps_c;rosidl_typesupport_introspection_c
[0.389s] -- Found rosidl_adapter: 1.3.1 (/opt/ros/foxy/share/rosidl_adapter/cmake)
[0.495s] -- Found OpenSSL: /usr/lib/x86_64-linux-gnu/libcrypto.so (found version "1.1.1f")
[0.518s] -- Found FastRTPS: /opt/ros/foxy/include
[0.583s] -- Using all available rosidl_typesupport_cpp: rosidl_typesupport_fastrtps_cpp;rosidl_typesupport_introspection_cpp
[0.605s] [33mCMake Warning (dev) at /opt/ros/foxy/share/rosidl_adapter/cmake/rosidl_adapt_interfaces.cmake:40 (find_package):
[0.605s]   Policy CMP0148 is not set: The FindPythonInterp and FindPythonLibs modules
[0.605s]   are removed.  Run "cmake --help-policy CMP0148" for policy details.  Use
[0.605s]   the cmake_policy command to set the policy and suppress this warning.
[0.605s] 
[0.605s] Call Stack (most recent call first):
[0.606s]   /opt/ros/foxy/share/rosidl_cmake/cmake/rosidl_generate_interfaces.cmake:130 (rosidl_adapt_interfaces)
[0.606s]   CMakeLists.txt:21 (rosidl_generate_interfaces)
[0.606s] This warning is for project developers.  Use -Wno-dev to suppress it.
[0.606s] [0m
[0.626s] -- Found PythonInterp: /usr/bin/python3 (found version "3.8.10")
[0.755s] [31mCMake Error at /opt/ros/foxy/share/rosidl_adapter/cmake/rosidl_adapt_interfaces.cmake:60 (message):
[0.756s]   execute_process(/usr/bin/python3 -m rosidl_adapter --package-name
[0.756s]   arm_interfaces --arguments-file
[0.756s]   /home/olel/Projects/FPMagangBayu24/build/arm_interfaces/rosidl_adapter__arguments__arm_interfaces.json
[0.756s]   --output-dir
[0.756s]   /home/olel/Projects/FPMagangBayu24/build/arm_interfaces/rosidl_adapter/arm_interfaces
[0.756s]   --output-file
[0.756s]   /home/olel/Projects/FPMagangBayu24/build/arm_interfaces/rosidl_adapter/arm_interfaces.idls)
[0.756s]   returned error code 1:
[0.756s] 
[0.756s]   Error processing 'int32 Take_1' of 'arm_interfaces/ServoParameters':
[0.757s]   ''int32' is an invalid message name.  It should have the pattern
[0.757s]   '^[A-Z][A-Za-z0-9]*$''
[0.757s] 
[0.757s]   Traceback (most recent call last):
[0.757s] 
[0.757s]     File "/usr/lib/python3.8/runpy.py", line 194, in _run_module_as_main
[0.757s]       return _run_code(code, main_globals, None,
[0.757s]     File "/usr/lib/python3.8/runpy.py", line 87, in _run_code
[0.757s]       exec(code, run_globals)
[0.757s]     File "/opt/ros/foxy/lib/python3.8/site-packages/rosidl_adapter/__main__.py", line 19, in <module>
[0.757s]       sys.exit(main())
[0.757s]     File "/opt/ros/foxy/lib/python3.8/site-packages/rosidl_adapter/main.py", line 53, in main
[0.757s]       abs_idl_file = convert_to_idl(
[0.758s]     File "/opt/ros/foxy/lib/python3.8/site-packages/rosidl_adapter/__init__.py", line 19, in convert_to_idl
[0.758s]       return convert_msg_to_idl(
[0.758s]     File "/opt/ros/foxy/lib/python3.8/site-packages/rosidl_adapter/msg/__init__.py", line 28, in convert_msg_to_idl
[0.758s]       msg = parse_message_string(package_name, input_file.stem, content)
[0.758s]     File "/opt/ros/foxy/lib/python3.8/site-packages/rosidl_adapter/parser.py", line 516, in parse_message_string
[0.758s]       Type(type_string, context_package_name=pkg_name),
[0.758s]     File "/opt/ros/foxy/lib/python3.8/site-packages/rosidl_adapter/parser.py", line 276, in __init__
[0.758s]       super(Type, self).__init__(
[0.758s]     File "/opt/ros/foxy/lib/python3.8/site-packages/rosidl_adapter/parser.py", line 204, in __init__
[0.758s]       raise InvalidResourceName(
[0.758s] 
[0.758s]   rosidl_adapter.parser.InvalidResourceName: 'int32' is an invalid message
[0.758s]   name.  It should have the pattern '^[A-Z][A-Za-z0-9]*$'
[0.759s] 
[0.759s] Call Stack (most recent call first):
[0.759s]   /opt/ros/foxy/share/rosidl_cmake/cmake/rosidl_generate_interfaces.cmake:130 (rosidl_adapt_interfaces)
[0.759s]   CMakeLists.txt:21 (rosidl_generate_interfaces)
[0.759s] 
[0.759s] [0m
[0.759s] -- Configuring incomplete, errors occurred!
[0.763s] Invoked command in '/home/olel/Projects/FPMagangBayu24/build/arm_interfaces' returned '1': CMAKE_PREFIX_PATH=/opt/ros/foxy /usr/local/bin/cmake /home/olel/Projects/FPMagangBayu24/src/arm_interfaces -DCMAKE_INSTALL_PREFIX=/home/olel/Projects/FPMagangBayu24/install/arm_interfaces
