[0.195s] Invoking command in '/home/olel/Projects/FPMagangBayu24/build/arm_interfaces': CMAKE_PREFIX_PATH=/opt/ros/foxy /usr/local/bin/cmake /home/olel/Projects/FPMagangBayu24/src/arm_interfaces -DCMAKE_INSTALL_PREFIX=/home/olel/Projects/FPMagangBayu24/install/arm_interfaces
[0.204s] -- Found ament_cmake: 0.9.12 (/opt/ros/foxy/share/ament_cmake/cmake)
[0.205s] [33mCMake Warning (dev) at /opt/ros/foxy/share/ament_cmake_core/cmake/core/python.cmake:22 (find_package):
[0.205s]   Policy CMP0148 is not set: The FindPythonInterp and FindPythonLibs modules
[0.205s]   are removed.  Run "cmake --help-policy CMP0148" for policy details.  Use
[0.205s]   the cmake_policy command to set the policy and suppress this warning.
[0.206s] 
[0.206s] Call Stack (most recent call first):
[0.206s]   /opt/ros/foxy/share/ament_cmake_core/cmake/core/all.cmake:53 (include)
[0.206s]   /opt/ros/foxy/share/ament_cmake_core/cmake/ament_cmake_core-extras.cmake:17 (include)
[0.206s]   /opt/ros/foxy/share/ament_cmake_core/cmake/ament_cmake_coreConfig.cmake:41 (include)
[0.206s]   /opt/ros/foxy/share/ament_cmake/cmake/ament_cmake_export_dependencies-extras.cmake:15 (find_package)
[0.206s]   /opt/ros/foxy/share/ament_cmake/cmake/ament_cmakeConfig.cmake:41 (include)
[0.206s]   CMakeLists.txt:18 (find_package)
[0.206s] This warning is for project developers.  Use -Wno-dev to suppress it.
[0.206s] [0m
[0.224s] -- Found PythonInterp: /usr/bin/python3 (found suitable version "3.8.10", minimum required is "3")
[0.224s] -- Using PYTHON_EXECUTABLE: /usr/bin/python3
[0.340s] -- Found rosidl_default_generators: 1.0.1 (/opt/ros/foxy/share/rosidl_default_generators/cmake)
[0.341s] -- Using all available rosidl_typesupport_c: rosidl_typesupport_fastrtps_c;rosidl_typesupport_introspection_c
[0.344s] -- Found rosidl_adapter: 1.3.1 (/opt/ros/foxy/share/rosidl_adapter/cmake)
[0.442s] -- Using all available rosidl_typesupport_cpp: rosidl_typesupport_fastrtps_cpp;rosidl_typesupport_introspection_cpp
[0.457s] [33mCMake Warning (dev) at /opt/ros/foxy/share/rosidl_adapter/cmake/rosidl_adapt_interfaces.cmake:40 (find_package):
[0.457s]   Policy CMP0148 is not set: The FindPythonInterp and FindPythonLibs modules
[0.457s]   are removed.  Run "cmake --help-policy CMP0148" for policy details.  Use
[0.457s]   the cmake_policy command to set the policy and suppress this warning.
[0.457s] 
[0.458s] Call Stack (most recent call first):
[0.458s]   /opt/ros/foxy/share/rosidl_cmake/cmake/rosidl_generate_interfaces.cmake:130 (rosidl_adapt_interfaces)
[0.458s]   CMakeLists.txt:21 (rosidl_generate_interfaces)
[0.458s] This warning is for project developers.  Use -Wno-dev to suppress it.
[0.458s] [0m
[0.479s] -- Found PythonInterp: /usr/bin/python3 (found version "3.8.10")
[0.608s] [31mCMake Error at /opt/ros/foxy/share/rosidl_adapter/cmake/rosidl_adapt_interfaces.cmake:60 (message):
[0.609s]   execute_process(/usr/bin/python3 -m rosidl_adapter --package-name
[0.609s]   arm_interfaces --arguments-file
[0.609s]   /home/olel/Projects/FPMagangBayu24/build/arm_interfaces/rosidl_adapter__arguments__arm_interfaces.json
[0.609s]   --output-dir
[0.609s]   /home/olel/Projects/FPMagangBayu24/build/arm_interfaces/rosidl_adapter/arm_interfaces
[0.609s]   --output-file
[0.609s]   /home/olel/Projects/FPMagangBayu24/build/arm_interfaces/rosidl_adapter/arm_interfaces.idls)
[0.609s]   returned error code 1:
[0.609s] 
[0.609s]   Error processing 'int32 Take1' of 'arm_interfaces/ServoParameters':
[0.609s]   ''Take1' is an invalid field name.  It should have the pattern
[0.610s]   '^(?!.*__)(?!.*_$)[a-z][a-z0-9_]*$''
[0.610s] 
[0.610s]   Traceback (most recent call last):
[0.610s] 
[0.610s]     File "/usr/lib/python3.8/runpy.py", line 194, in _run_module_as_main
[0.610s]       return _run_code(code, main_globals, None,
[0.610s]     File "/usr/lib/python3.8/runpy.py", line 87, in _run_code
[0.610s]       exec(code, run_globals)
[0.610s]     File "/opt/ros/foxy/lib/python3.8/site-packages/rosidl_adapter/__main__.py", line 19, in <module>
[0.610s]       sys.exit(main())
[0.610s]     File "/opt/ros/foxy/lib/python3.8/site-packages/rosidl_adapter/main.py", line 53, in main
[0.610s]       abs_idl_file = convert_to_idl(
[0.611s]     File "/opt/ros/foxy/lib/python3.8/site-packages/rosidl_adapter/__init__.py", line 19, in convert_to_idl
[0.611s]       return convert_msg_to_idl(
[0.611s]     File "/opt/ros/foxy/lib/python3.8/site-packages/rosidl_adapter/msg/__init__.py", line 28, in convert_msg_to_idl
[0.611s]       msg = parse_message_string(package_name, input_file.stem, content)
[0.611s]     File "/opt/ros/foxy/lib/python3.8/site-packages/rosidl_adapter/parser.py", line 515, in parse_message_string
[0.611s]       fields.append(Field(
[0.611s]     File "/opt/ros/foxy/lib/python3.8/site-packages/rosidl_adapter/parser.py", line 353, in __init__
[0.611s]       raise NameError(
[0.611s] 
[0.611s]   NameError: 'Take1' is an invalid field name.  It should have the pattern
[0.611s]   '^(?!.*__)(?!.*_$)[a-z][a-z0-9_]*$'
[0.611s] 
[0.611s] Call Stack (most recent call first):
[0.612s]   /opt/ros/foxy/share/rosidl_cmake/cmake/rosidl_generate_interfaces.cmake:130 (rosidl_adapt_interfaces)
[0.612s]   CMakeLists.txt:21 (rosidl_generate_interfaces)
[0.612s] 
[0.612s] [0m
[0.612s] -- Configuring incomplete, errors occurred!
[0.618s] Invoked command in '/home/olel/Projects/FPMagangBayu24/build/arm_interfaces' returned '1': CMAKE_PREFIX_PATH=/opt/ros/foxy /usr/local/bin/cmake /home/olel/Projects/FPMagangBayu24/src/arm_interfaces -DCMAKE_INSTALL_PREFIX=/home/olel/Projects/FPMagangBayu24/install/arm_interfaces
