[0.103s] Invoking command in '/home/olel/Projects/FPMagangBayu24/build/control': /usr/bin/cmake --build /home/olel/Projects/FPMagangBayu24/build/control -- -j16 -l16
[0.146s] [35m[1mScanning dependencies of target bot_control[0m
[0.169s] [ 50%] [32mBuilding CXX object CMakeFiles/bot_control.dir/src/processor.cpp.o[0m
[1.034s] [01m[K/home/olel/Projects/FPMagangBayu24/src/control/src/processor.cpp:[m[K In member function ‘[01m[Kvoid ControllerTicTacToe::topic_callback(std_msgs::msg::String_<std::allocator<void> >::SharedPtr) const[m[K’:
[1.034s] [01m[K/home/olel/Projects/FPMagangBayu24/src/control/src/processor.cpp:35:35:[m[K [01;31m[Kerror: [m[Kconversion from ‘[01m[Kconst ControllerTicTacToe*[m[K’ to non-scalar type ‘[01m[Kstd::vector<int>[m[K’ requested
[1.034s]    35 |       std::vector<int> vecBoard = [01;31m[Kthis[m[K::string2vec(strBoard);
[1.034s]       |                                   [01;31m[K^~~~[m[K
[1.040s] [01m[K/home/olel/Projects/FPMagangBayu24/src/control/src/processor.cpp:[m[K In member function ‘[01m[Kbool ControllerTicTacToe::checkWin(std::vector<int>, int)[m[K’:
[1.040s] [01m[K/home/olel/Projects/FPMagangBayu24/src/control/src/processor.cpp:78:36:[m[K [01;35m[Kwarning: [m[Kunused parameter ‘[01m[KboardState[m[K’ [[01;35m[K-Wunused-parameter[m[K]
[1.040s]    78 |     bool checkWin([01;35m[Kstd::vector<int> boardState[m[K, int player)
[1.040s]       |                   [01;35m[K~~~~~~~~~~~~~~~~~^~~~~~~~~~[m[K
[1.040s] [01m[K/home/olel/Projects/FPMagangBayu24/src/control/src/processor.cpp:78:52:[m[K [01;35m[Kwarning: [m[Kunused parameter ‘[01m[Kplayer[m[K’ [[01;35m[K-Wunused-parameter[m[K]
[1.040s]    78 |     bool checkWin(std::vector<int> boardState, [01;35m[Kint player[m[K)
[1.041s]       |                                                [01;35m[K~~~~^~~~~~[m[K
[1.041s] [01m[K/home/olel/Projects/FPMagangBayu24/src/control/src/processor.cpp:[m[K In member function ‘[01m[Kint ControllerTicTacToe::moveScore(std::vector<int>, int)[m[K’:
[1.041s] [01m[K/home/olel/Projects/FPMagangBayu24/src/control/src/processor.cpp:84:36:[m[K [01;35m[Kwarning: [m[Kunused parameter ‘[01m[KboardState[m[K’ [[01;35m[K-Wunused-parameter[m[K]
[1.041s]    84 |     int moveScore([01;35m[Kstd::vector<int> boardState[m[K, int Player)
[1.041s]       |                   [01;35m[K~~~~~~~~~~~~~~~~~^~~~~~~~~~[m[K
[1.041s] [01m[K/home/olel/Projects/FPMagangBayu24/src/control/src/processor.cpp:84:52:[m[K [01;35m[Kwarning: [m[Kunused parameter ‘[01m[KPlayer[m[K’ [[01;35m[K-Wunused-parameter[m[K]
[1.041s]    84 |     int moveScore(std::vector<int> boardState, [01;35m[Kint Player[m[K)
[1.041s]       |                                                [01;35m[K~~~~^~~~~~[m[K
[1.041s] [01m[K/home/olel/Projects/FPMagangBayu24/src/control/src/processor.cpp:[m[K In member function ‘[01m[Kint ControllerTicTacToe::determine(std::vector<int>)[m[K’:
[1.041s] [01m[K/home/olel/Projects/FPMagangBayu24/src/control/src/processor.cpp:94:36:[m[K [01;35m[Kwarning: [m[Kunused parameter ‘[01m[KboardState[m[K’ [[01;35m[K-Wunused-parameter[m[K]
[1.041s]    94 |     int determine([01;35m[Kstd::vector<int> boardState[m[K)
[1.041s]       |                   [01;35m[K~~~~~~~~~~~~~~~~~^~~~~~~~~~[m[K
[2.150s] make[2]: *** [CMakeFiles/bot_control.dir/build.make:63: CMakeFiles/bot_control.dir/src/processor.cpp.o] Error 1
[2.150s] make[1]: *** [CMakeFiles/Makefile2:78: CMakeFiles/bot_control.dir/all] Error 2
[2.150s] make: *** [Makefile:141: all] Error 2
[2.153s] Invoked command in '/home/olel/Projects/FPMagangBayu24/build/control' returned '2': /usr/bin/cmake --build /home/olel/Projects/FPMagangBayu24/build/control -- -j16 -l16
