[0.215s] Invoking command in '/home/olel/Projects/FPMagangBayu24/build/translator': AMENT_PREFIX_PATH=/home/olel/Projects/FPMagangBayu24/install/arm_interfaces:${AMENT_PREFIX_PATH} CMAKE_PREFIX_PATH=/home/olel/Projects/FPMagangBayu24/install/arm_interfaces:/opt/ros/foxy LD_LIBRARY_PATH=/home/olel/Projects/FPMagangBayu24/install/arm_interfaces/lib:${LD_LIBRARY_PATH} PYTHONPATH=/home/olel/Projects/FPMagangBayu24/install/arm_interfaces/lib/python3.8/site-packages:${PYTHONPATH} /usr/local/bin/cmake --build /home/olel/Projects/FPMagangBayu24/build/translator -- -j16 -l16
[0.247s] [ 50%] [32mBuilding CXX object CMakeFiles/bot_translator.dir/src/translator.cpp.o[0m
[1.549s] In file included from [01m[K/home/olel/Projects/FPMagangBayu24/src/translator/src/translator.cpp:2[m[K:
[1.549s] /usr/include/c++/9/functional: In instantiation of ‘[01m[Kstruct std::_Bind_check_arity<void (TranslatorTicTacToe::*)(std::vector<float>), TranslatorTicTacToe*>[m[K’:
[1.549s] [01m[K/usr/include/c++/9/functional:787:12:[m[K   required from ‘[01m[Kstruct std::_Bind_helper<false, void (TranslatorTicTacToe::*)(std::vector<float>), TranslatorTicTacToe*>[m[K’
[1.549s] [01m[K/usr/include/c++/9/functional:808:5:[m[K   required by substitution of ‘[01m[Ktemplate<class _Func, class ... _BoundArgs> typename std::_Bind_helper<std::__is_socketlike<_Func>::value, _Func, _BoundArgs ...>::type std::bind(_Func&&, _BoundArgs&& ...) [with _Func = void (TranslatorTicTacToe::*)(std::vector<float>); _BoundArgs = {TranslatorTicTacToe*}][m[K’
[1.550s] [01m[K/home/olel/Projects/FPMagangBayu24/src/translator/src/translator.cpp:23:66:[m[K   required from here
[1.550s] [01m[K/usr/include/c++/9/functional:775:7:[m[K [01;31m[Kerror: [m[Kstatic assertion failed: Wrong number of arguments for pointer-to-member
[1.550s]   774 |       static_assert(_Varargs::[01;31m[Kvalue[m[K
[1.550s]       |                               [01;31m[K~~~~~[m[K
[1.550s]   775 | [01;31m[K      ? sizeof...(_BoundArgs) >= _Arity::value + 1[m[K
[1.550s]       |       [01;31m[K^~~~~~~~~~~~~~~~~~~~~~~~~~~~~~~~~~~~~~~~~~~~[m[K
[1.550s]   776 | [01;31m[K      : sizeof...(_BoundArgs) == _Arity::value + 1[m[K,
[1.550s]       |       [01;31m[K~~~~~~~~~~~~~~~~~~~~~~~~~~~~~~~~~~~~~~~~~~~~[m[K
[1.557s] [01m[K/home/olel/Projects/FPMagangBayu24/src/translator/src/translator.cpp:[m[K In constructor ‘[01m[KTranslatorTicTacToe::TranslatorTicTacToe()[m[K’:
[1.557s] [01m[K/home/olel/Projects/FPMagangBayu24/src/translator/src/translator.cpp:23:67:[m[K [01;31m[Kerror: [m[Kno matching function for call to ‘[01m[KTranslatorTicTacToe::create_wall_timer(std::chrono::milliseconds, std::_Bind_helper<false, void (TranslatorTicTacToe::*)(std::vector<float>), TranslatorTicTacToe*>::type)[m[K’
[1.557s]    23 |       500ms, std::bind(&TranslatorTicTacToe::timer_callback, this)[01;31m[K)[m[K;
[1.557s]       |                                                                   [01;31m[K^[m[K
[1.557s] In file included from [01m[K/opt/ros/foxy/include/rclcpp/executors/single_threaded_executor.hpp:28[m[K,
[1.557s]                  from [01m[K/opt/ros/foxy/include/rclcpp/executors.hpp:22[m[K,
[1.557s]                  from [01m[K/opt/ros/foxy/include/rclcpp/rclcpp.hpp:146[m[K,
[1.558s]                  from [01m[K/home/olel/Projects/FPMagangBayu24/src/translator/src/translator.cpp:8[m[K:
[1.558s] [01m[K/opt/ros/foxy/include/rclcpp/node.hpp:232:3:[m[K [01;36m[Knote: [m[Kcandidate: ‘[01m[Ktemplate<class DurationRepT, class DurationT, class CallbackT> typename rclcpp::WallTimer<CallbackT>::SharedPtr rclcpp::Node::create_wall_timer(std::chrono::duration<_Rep1, _Period1>, CallbackT, rclcpp::CallbackGroup::SharedPtr)[m[K’
[1.558s]   232 |   [01;36m[Kcreate_wall_timer[m[K(
[1.558s]       |   [01;36m[K^~~~~~~~~~~~~~~~~[m[K
[1.558s] [01m[K/opt/ros/foxy/include/rclcpp/node.hpp:232:3:[m[K [01;36m[Knote: [m[K  template argument deduction/substitution failed:
[1.558s] In file included from [01m[K/opt/ros/foxy/include/rclcpp/node.hpp:1224[m[K,
[1.558s]                  from [01m[K/opt/ros/foxy/include/rclcpp/executors/single_threaded_executor.hpp:28[m[K,
[1.558s]                  from [01m[K/opt/ros/foxy/include/rclcpp/executors.hpp:22[m[K,
[1.558s]                  from [01m[K/opt/ros/foxy/include/rclcpp/rclcpp.hpp:146[m[K,
[1.558s]                  from [01m[K/home/olel/Projects/FPMagangBayu24/src/translator/src/translator.cpp:8[m[K:
[1.558s] /opt/ros/foxy/include/rclcpp/node_impl.hpp: In substitution of ‘[01m[Ktemplate<class DurationRepT, class DurationT, class CallbackT> typename rclcpp::WallTimer<CallbackT>::SharedPtr rclcpp::Node::create_wall_timer(std::chrono::duration<_Rep1, _Period1>, CallbackT, rclcpp::CallbackGroup::SharedPtr) [with DurationRepT = long int; DurationT = std::ratio<1, 1000>; CallbackT = std::_Bind<void (TranslatorTicTacToe::*(TranslatorTicTacToe*))(std::vector<float>)>][m[K’:
[1.558s] [01m[K/home/olel/Projects/FPMagangBayu24/src/translator/src/translator.cpp:23:67:[m[K   required from here
[1.558s] [01m[K/opt/ros/foxy/include/rclcpp/node_impl.hpp:109:1:[m[K [01;31m[Kerror: [m[Kno type named ‘[01m[Ktype[m[K’ in ‘[01m[Kstruct std::enable_if<false, void>[m[K’
[1.558s]   109 | [01;31m[KNode[m[K::create_wall_timer(
[1.558s]       | [01;31m[K^~~~[m[K
[1.558s] [01m[K/opt/ros/foxy/include/rclcpp/node_impl.hpp:109:1:[m[K [01;31m[Kerror: [m[Kno type named ‘[01m[Ktype[m[K’ in ‘[01m[Kstruct std::enable_if<false, void>[m[K’
[1.558s] [01m[K/opt/ros/foxy/include/rclcpp/node_impl.hpp:109:1:[m[K [01;36m[Knote: [m[Kinvalid template non-type parameter
[1.574s] [01m[K/home/olel/Projects/FPMagangBayu24/src/translator/src/translator.cpp:[m[K In member function ‘[01m[Kstd::vector<float> TranslatorTicTacToe::decide(arm_interfaces::msg::PosisiBidak_<std::allocator<void> >::SharedPtr)[m[K’:
[1.574s] [01m[K/home/olel/Projects/FPMagangBayu24/src/translator/src/translator.cpp:72:19:[m[K [01;35m[Kwarning: [m[Kunused variable ‘[01m[KpixServY[m[K’ [[01;35m[K-Wunused-variable[m[K]
[1.574s]    72 |       const float [01;35m[KpixServY[m[K = 0; //to be assigned
[1.574s]       |                   [01;35m[K^~~~~~~~[m[K
[1.575s] [01m[K/home/olel/Projects/FPMagangBayu24/src/translator/src/translator.cpp:79:19:[m[K [01;35m[Kwarning: [m[Kunused variable ‘[01m[KfactorPIX2REAL[m[K’ [[01;35m[K-Wunused-variable[m[K]
[1.575s]    79 |       const float [01;35m[KfactorPIX2REAL[m[K = (diagonalRealLen*centerDist)/(diagonalPixLen*focLen);
[1.575s]       |                   [01;35m[K^~~~~~~~~~~~~~[m[K
[1.575s] [01m[K/home/olel/Projects/FPMagangBayu24/src/translator/src/translator.cpp:85:13:[m[K [01;35m[Kwarning: [m[Kunused variable ‘[01m[Kdist_to2cen[m[K’ [[01;35m[K-Wunused-variable[m[K]
[1.575s]    85 |       float [01;35m[Kdist_to2cen[m[K = findDistPix(points->tox, midX, points->toy, midY);
[1.575s]       |             [01;35m[K^~~~~~~~~~~[m[K
[1.584s] [01m[K/home/olel/Projects/FPMagangBayu24/src/translator/src/translator.cpp:[m[K In member function ‘[01m[Kvoid TranslatorTicTacToe::timer_callback(std::vector<float>)[m[K’:
[1.584s] [01m[K/home/olel/Projects/FPMagangBayu24/src/translator/src/translator.cpp:101:44:[m[K [01;35m[Kwarning: [m[Kunused parameter ‘[01m[KServoMoves[m[K’ [[01;35m[K-Wunused-parameter[m[K]
[1.584s]   101 |     void timer_callback([01;35m[Kstd::vector<float> ServoMoves[m[K)
[1.584s]       |                         [01;35m[K~~~~~~~~~~~~~~~~~~~^~~~~~~~~~[m[K
[3.056s] make[2]: *** [CMakeFiles/bot_translator.dir/build.make:76: CMakeFiles/bot_translator.dir/src/translator.cpp.o] Error 1
[3.056s] make[1]: *** [CMakeFiles/Makefile2:137: CMakeFiles/bot_translator.dir/all] Error 2
[3.057s] make: *** [Makefile:146: all] Error 2
[3.061s] Invoked command in '/home/olel/Projects/FPMagangBayu24/build/translator' returned '2': AMENT_PREFIX_PATH=/home/olel/Projects/FPMagangBayu24/install/arm_interfaces:${AMENT_PREFIX_PATH} CMAKE_PREFIX_PATH=/home/olel/Projects/FPMagangBayu24/install/arm_interfaces:/opt/ros/foxy LD_LIBRARY_PATH=/home/olel/Projects/FPMagangBayu24/install/arm_interfaces/lib:${LD_LIBRARY_PATH} PYTHONPATH=/home/olel/Projects/FPMagangBayu24/install/arm_interfaces/lib/python3.8/site-packages:${PYTHONPATH} /usr/local/bin/cmake --build /home/olel/Projects/FPMagangBayu24/build/translator -- -j16 -l16
