[0.274s] Invoking command in '/home/olel/Projects/FPMagangBayu24/build/translator': CMAKE_PREFIX_PATH=/home/olel/Projects/FPMagangBayu24/install/arm_interfaces:/home/olel/Projects/FPMagangBayu24/install/translator:/home/olel/Projects/FPMagangBayu24/install/control:/home/olel/Projects/FPMagangBayu24/install/vision:/opt/ros/foxy PYTHONPATH=/home/olel/Projects/FPMagangBayu24/install/arm_interfaces/lib/python3.8/site-packages:/home/olel/Projects/FPMagangBayu24/install/vision/lib/python3.8/site-packages:/opt/ros/foxy/lib/python3.8/site-packages /usr/local/bin/cmake --build /home/olel/Projects/FPMagangBayu24/build/translator -- -j16 -l16
[0.288s] -- Found ament_cmake: 0.9.12 (/opt/ros/foxy/share/ament_cmake/cmake)
[0.289s] [33mCMake Warning (dev) at /opt/ros/foxy/share/ament_cmake_core/cmake/core/python.cmake:22 (find_package):
[0.289s]   Policy CMP0148 is not set: The FindPythonInterp and FindPythonLibs modules
[0.289s]   are removed.  Run "cmake --help-policy CMP0148" for policy details.  Use
[0.289s]   the cmake_policy command to set the policy and suppress this warning.
[0.289s] 
[0.289s] Call Stack (most recent call first):
[0.289s]   /opt/ros/foxy/share/ament_cmake_core/cmake/core/all.cmake:53 (include)
[0.289s]   /opt/ros/foxy/share/ament_cmake_core/cmake/ament_cmake_core-extras.cmake:17 (include)
[0.289s]   /opt/ros/foxy/share/ament_cmake_core/cmake/ament_cmake_coreConfig.cmake:41 (include)
[0.289s]   /opt/ros/foxy/share/ament_cmake/cmake/ament_cmake_export_dependencies-extras.cmake:15 (find_package)
[0.290s]   /opt/ros/foxy/share/ament_cmake/cmake/ament_cmakeConfig.cmake:41 (include)
[0.290s]   CMakeLists.txt:19 (find_package)
[0.290s] This warning is for project developers.  Use -Wno-dev to suppress it.
[0.290s] [0m
[0.307s] -- Using PYTHON_EXECUTABLE: /usr/bin/python3
[0.473s] -- Found rclcpp: 2.4.3 (/opt/ros/foxy/share/rclcpp/cmake)
[0.500s] -- Using all available rosidl_typesupport_c: rosidl_typesupport_fastrtps_c;rosidl_typesupport_introspection_c
[0.502s] -- Found rosidl_adapter: 1.3.1 (/opt/ros/foxy/share/rosidl_adapter/cmake)
[0.606s] -- Using all available rosidl_typesupport_cpp: rosidl_typesupport_fastrtps_cpp;rosidl_typesupport_introspection_cpp
[0.641s] -- Found rmw_implementation_cmake: 1.0.4 (/opt/ros/foxy/share/rmw_implementation_cmake/cmake)
[0.642s] -- Using RMW implementation 'rmw_fastrtps_cpp' as default
[0.736s] -- Found arm_interfaces: 0.0.0 (/home/olel/Projects/FPMagangBayu24/install/arm_interfaces/share/arm_interfaces/cmake)
[0.744s] -- Found ament_lint_auto: 0.9.8 (/opt/ros/foxy/share/ament_lint_auto/cmake)
[0.827s] -- Added test 'copyright' to check source files copyright and LICENSE
[0.827s] -- Added test 'cppcheck' to perform static code analysis on C / C++ code
[0.827s] -- Configured cppcheck include dirs: 
[0.827s] -- Configured cppcheck exclude dirs and/or files: 
[0.828s] -- Added test 'cpplint' to check C / C++ code against the Google style
[0.828s] -- Configured cpplint exclude dirs and/or files: 
[0.829s] -- Added test 'lint_cmake' to check CMake code style
[0.830s] -- Added test 'uncrustify' to check C / C++ code style
[0.830s] -- Configured uncrustify additional arguments: 
[0.830s] -- Added test 'xmllint' to check XML markup files
[0.834s] -- Configuring done (0.5s)
[0.851s] -- Generating done (0.0s)
[0.852s] -- Build files have been written to: /home/olel/Projects/FPMagangBayu24/build/translator
[0.872s] [ 50%] [32mBuilding CXX object CMakeFiles/bot_translator.dir/src/translator.cpp.o[0m
[1.882s] [01m[K/home/olel/Projects/FPMagangBayu24/src/translator/src/translator.cpp:[m[K In member function ‘[01m[Kvoid TranslatorTicTacToe::topic_callback(arm_interfaces::msg::PosisiBidak_<std::allocator<void> >::SharedPtr)[m[K’:
[1.882s] [01m[K/home/olel/Projects/FPMagangBayu24/src/translator/src/translator.cpp:28:75:[m[K [01;35m[Kwarning: [m[Kunused parameter ‘[01m[Kmsg[m[K’ [[01;35m[K-Wunused-parameter[m[K]
[1.882s]    28 |     void topic_callback([01;35m[Kconst arm_interfaces::msg::PosisiBidak::SharedPtr msg[m[K)
[1.882s]       |                         [01;35m[K~~~~~~~~~~~~~~~~~~~~~~~~~~~~~~~~~~~~~~~~~~~~~~~~~~^~~[m[K
[1.884s] [01m[K/home/olel/Projects/FPMagangBayu24/src/translator/src/translator.cpp:[m[K In member function ‘[01m[Kstd::vector<int> TranslatorTicTacToe::decide(arm_interfaces::msg::PosisiBidak_<std::allocator<void> >::SharedPtr)[m[K’:
[1.884s] [01m[K/home/olel/Projects/FPMagangBayu24/src/translator/src/translator.cpp:46:13:[m[K [01;35m[Kwarning: [m[Kunused variable ‘[01m[KrealDistTO[m[K’ [[01;35m[K-Wunused-variable[m[K]
[1.884s]    46 |       float [01;35m[KrealDistTO[m[K = findDist(points->tox, midX, points->toy, midY) * factorPIX2REAL;
[1.884s]       |             [01;35m[K^~~~~~~~~~[m[K
[1.884s] [01m[K/home/olel/Projects/FPMagangBayu24/src/translator/src/translator.cpp:47:13:[m[K [01;35m[Kwarning: [m[Kunused variable ‘[01m[KrealDistFR[m[K’ [[01;35m[K-Wunused-variable[m[K]
[1.884s]    47 |       float [01;35m[KrealDistFR[m[K = findDist(points->tox, midX, points->toy, midY) * factorPIX2REAL;
[1.884s]       |             [01;35m[K^~~~~~~~~~[m[K
[4.651s] [100%] [32m[1mLinking CXX executable bot_translator[0m
[4.840s] [100%] Built target bot_translator
[4.844s] Invoked command in '/home/olel/Projects/FPMagangBayu24/build/translator' returned '0': CMAKE_PREFIX_PATH=/home/olel/Projects/FPMagangBayu24/install/arm_interfaces:/home/olel/Projects/FPMagangBayu24/install/translator:/home/olel/Projects/FPMagangBayu24/install/control:/home/olel/Projects/FPMagangBayu24/install/vision:/opt/ros/foxy PYTHONPATH=/home/olel/Projects/FPMagangBayu24/install/arm_interfaces/lib/python3.8/site-packages:/home/olel/Projects/FPMagangBayu24/install/vision/lib/python3.8/site-packages:/opt/ros/foxy/lib/python3.8/site-packages /usr/local/bin/cmake --build /home/olel/Projects/FPMagangBayu24/build/translator -- -j16 -l16
[4.874s] Invoking command in '/home/olel/Projects/FPMagangBayu24/build/translator': CMAKE_PREFIX_PATH=/home/olel/Projects/FPMagangBayu24/install/arm_interfaces:/home/olel/Projects/FPMagangBayu24/install/translator:/home/olel/Projects/FPMagangBayu24/install/control:/home/olel/Projects/FPMagangBayu24/install/vision:/opt/ros/foxy PYTHONPATH=/home/olel/Projects/FPMagangBayu24/install/arm_interfaces/lib/python3.8/site-packages:/home/olel/Projects/FPMagangBayu24/install/vision/lib/python3.8/site-packages:/opt/ros/foxy/lib/python3.8/site-packages /usr/local/bin/cmake --install /home/olel/Projects/FPMagangBayu24/build/translator
[4.876s] -- Install configuration: ""
[4.876s] -- Installing: /home/olel/Projects/FPMagangBayu24/install/translator/lib/translator/bot_translator
[4.879s] -- Set non-toolchain portion of runtime path of "/home/olel/Projects/FPMagangBayu24/install/translator/lib/translator/bot_translator" to ""
[4.879s] -- Up-to-date: /home/olel/Projects/FPMagangBayu24/install/translator/share/ament_index/resource_index/package_run_dependencies/translator
[4.879s] -- Installing: /home/olel/Projects/FPMagangBayu24/install/translator/share/ament_index/resource_index/parent_prefix_path/translator
[4.880s] -- Up-to-date: /home/olel/Projects/FPMagangBayu24/install/translator/share/translator/environment/ament_prefix_path.sh
[4.880s] -- Installing: /home/olel/Projects/FPMagangBayu24/install/translator/share/translator/environment/ament_prefix_path.dsv
[4.880s] -- Up-to-date: /home/olel/Projects/FPMagangBayu24/install/translator/share/translator/environment/path.sh
[4.880s] -- Installing: /home/olel/Projects/FPMagangBayu24/install/translator/share/translator/environment/path.dsv
[4.880s] -- Up-to-date: /home/olel/Projects/FPMagangBayu24/install/translator/share/translator/local_setup.bash
[4.880s] -- Up-to-date: /home/olel/Projects/FPMagangBayu24/install/translator/share/translator/local_setup.sh
[4.881s] -- Up-to-date: /home/olel/Projects/FPMagangBayu24/install/translator/share/translator/local_setup.zsh
[4.881s] -- Installing: /home/olel/Projects/FPMagangBayu24/install/translator/share/translator/local_setup.dsv
[4.881s] -- Installing: /home/olel/Projects/FPMagangBayu24/install/translator/share/translator/package.dsv
[4.881s] -- Up-to-date: /home/olel/Projects/FPMagangBayu24/install/translator/share/ament_index/resource_index/packages/translator
[4.881s] -- Up-to-date: /home/olel/Projects/FPMagangBayu24/install/translator/share/translator/cmake/translatorConfig.cmake
[4.881s] -- Up-to-date: /home/olel/Projects/FPMagangBayu24/install/translator/share/translator/cmake/translatorConfig-version.cmake
[4.881s] -- Up-to-date: /home/olel/Projects/FPMagangBayu24/install/translator/share/translator/package.xml
[4.882s] Invoked command in '/home/olel/Projects/FPMagangBayu24/build/translator' returned '0': CMAKE_PREFIX_PATH=/home/olel/Projects/FPMagangBayu24/install/arm_interfaces:/home/olel/Projects/FPMagangBayu24/install/translator:/home/olel/Projects/FPMagangBayu24/install/control:/home/olel/Projects/FPMagangBayu24/install/vision:/opt/ros/foxy PYTHONPATH=/home/olel/Projects/FPMagangBayu24/install/arm_interfaces/lib/python3.8/site-packages:/home/olel/Projects/FPMagangBayu24/install/vision/lib/python3.8/site-packages:/opt/ros/foxy/lib/python3.8/site-packages /usr/local/bin/cmake --install /home/olel/Projects/FPMagangBayu24/build/translator
