[0.180s] Invoking command in '/home/olel/Projects/FPMagangBayu24/build/arm_interfaces': CMAKE_PREFIX_PATH=/opt/ros/foxy /usr/local/bin/cmake /home/olel/Projects/FPMagangBayu24/src/arm_interfaces -DCMAKE_INSTALL_PREFIX=/home/olel/Projects/FPMagangBayu24/install/arm_interfaces
[0.188s] -- Found ament_cmake: 0.9.12 (/opt/ros/foxy/share/ament_cmake/cmake)
[0.188s] [33mCMake Warning (dev) at /opt/ros/foxy/share/ament_cmake_core/cmake/core/python.cmake:22 (find_package):
[0.188s]   Policy CMP0148 is not set: The FindPythonInterp and FindPythonLibs modules
[0.189s]   are removed.  Run "cmake --help-policy CMP0148" for policy details.  Use
[0.189s]   the cmake_policy command to set the policy and suppress this warning.
[0.189s] 
[0.189s] Call Stack (most recent call first):
[0.189s]   /opt/ros/foxy/share/ament_cmake_core/cmake/core/all.cmake:53 (include)
[0.189s]   /opt/ros/foxy/share/ament_cmake_core/cmake/ament_cmake_core-extras.cmake:17 (include)
[0.189s]   /opt/ros/foxy/share/ament_cmake_core/cmake/ament_cmake_coreConfig.cmake:41 (include)
[0.189s]   /opt/ros/foxy/share/ament_cmake/cmake/ament_cmake_export_dependencies-extras.cmake:15 (find_package)
[0.189s]   /opt/ros/foxy/share/ament_cmake/cmake/ament_cmakeConfig.cmake:41 (include)
[0.189s]   CMakeLists.txt:18 (find_package)
[0.189s] This warning is for project developers.  Use -Wno-dev to suppress it.
[0.189s] [0m
[0.206s] -- Found PythonInterp: /usr/bin/python3 (found suitable version "3.8.10", minimum required is "3")
[0.206s] -- Using PYTHON_EXECUTABLE: /usr/bin/python3
[0.343s] -- Found rosidl_default_generators: 1.0.1 (/opt/ros/foxy/share/rosidl_default_generators/cmake)
[0.344s] -- Using all available rosidl_typesupport_c: rosidl_typesupport_fastrtps_c;rosidl_typesupport_introspection_c
[0.346s] -- Found rosidl_adapter: 1.3.1 (/opt/ros/foxy/share/rosidl_adapter/cmake)
[0.452s] -- Using all available rosidl_typesupport_cpp: rosidl_typesupport_fastrtps_cpp;rosidl_typesupport_introspection_cpp
[0.467s] [33mCMake Warning (dev) at /opt/ros/foxy/share/rosidl_adapter/cmake/rosidl_adapt_interfaces.cmake:40 (find_package):
[0.467s]   Policy CMP0148 is not set: The FindPythonInterp and FindPythonLibs modules
[0.467s]   are removed.  Run "cmake --help-policy CMP0148" for policy details.  Use
[0.467s]   the cmake_policy command to set the policy and suppress this warning.
[0.467s] 
[0.467s] Call Stack (most recent call first):
[0.468s]   /opt/ros/foxy/share/rosidl_cmake/cmake/rosidl_generate_interfaces.cmake:130 (rosidl_adapt_interfaces)
[0.468s]   CMakeLists.txt:21 (rosidl_generate_interfaces)
[0.468s] This warning is for project developers.  Use -Wno-dev to suppress it.
[0.468s] [0m
[0.489s] -- Found PythonInterp: /usr/bin/python3 (found version "3.8.10")
[0.583s] -- Found ament_cmake_ros: 0.9.2 (/opt/ros/foxy/share/ament_cmake_ros/cmake)
[0.661s] -- Using all available rosidl_typesupport_c: rosidl_typesupport_fastrtps_c;rosidl_typesupport_introspection_c
[0.665s] -- Using all available rosidl_typesupport_cpp: rosidl_typesupport_fastrtps_cpp;rosidl_typesupport_introspection_cpp
[0.667s] [33mCMake Warning (dev) at /opt/ros/foxy/share/rosidl_generator_py/cmake/rosidl_generator_py_generate_interfaces.cmake:20 (find_package):
[0.667s]   Policy CMP0148 is not set: The FindPythonInterp and FindPythonLibs modules
[0.667s]   are removed.  Run "cmake --help-policy CMP0148" for policy details.  Use
[0.668s]   the cmake_policy command to set the policy and suppress this warning.
[0.668s] 
[0.668s] Call Stack (most recent call first):
[0.668s]   /opt/ros/foxy/share/ament_cmake_core/cmake/core/ament_execute_extensions.cmake:48 (include)
[0.668s]   /opt/ros/foxy/share/rosidl_cmake/cmake/rosidl_generate_interfaces.cmake:286 (ament_execute_extensions)
[0.668s]   CMakeLists.txt:21 (rosidl_generate_interfaces)
[0.668s] This warning is for project developers.  Use -Wno-dev to suppress it.
[0.668s] [0m
[0.689s] -- Found PythonInterp: /usr/bin/python3 (found suitable version "3.8.10", minimum required is "3.5")
[0.691s] -- Found python_cmake_module: 0.8.1 (/opt/ros/foxy/share/python_cmake_module/cmake)
[0.693s] [33mCMake Warning (dev) at /opt/ros/foxy/share/python_cmake_module/cmake/Modules/FindPythonExtra.cmake:45 (find_package):
[0.693s]   Policy CMP0148 is not set: The FindPythonInterp and FindPythonLibs modules
[0.693s]   are removed.  Run "cmake --help-policy CMP0148" for policy details.  Use
[0.693s]   the cmake_policy command to set the policy and suppress this warning.
[0.693s] 
[0.693s] Call Stack (most recent call first):
[0.693s]   /opt/ros/foxy/share/rosidl_generator_py/cmake/rosidl_generator_py_generate_interfaces.cmake:23 (find_package)
[0.693s]   /opt/ros/foxy/share/ament_cmake_core/cmake/core/ament_execute_extensions.cmake:48 (include)
[0.694s]   /opt/ros/foxy/share/rosidl_cmake/cmake/rosidl_generate_interfaces.cmake:286 (ament_execute_extensions)
[0.694s]   CMakeLists.txt:21 (rosidl_generate_interfaces)
[0.694s] This warning is for project developers.  Use -Wno-dev to suppress it.
[0.694s] [0m
[0.713s] [33mCMake Warning (dev) at /opt/ros/foxy/share/python_cmake_module/cmake/Modules/FindPythonExtra.cmake:133 (find_package):
[0.713s]   Policy CMP0148 is not set: The FindPythonInterp and FindPythonLibs modules
[0.713s]   are removed.  Run "cmake --help-policy CMP0148" for policy details.  Use
[0.713s]   the cmake_policy command to set the policy and suppress this warning.
[0.713s] 
[0.714s] Call Stack (most recent call first):
[0.714s]   /opt/ros/foxy/share/rosidl_generator_py/cmake/rosidl_generator_py_generate_interfaces.cmake:23 (find_package)
[0.714s]   /opt/ros/foxy/share/ament_cmake_core/cmake/core/ament_execute_extensions.cmake:48 (include)
[0.714s]   /opt/ros/foxy/share/rosidl_cmake/cmake/rosidl_generate_interfaces.cmake:286 (ament_execute_extensions)
[0.714s]   CMakeLists.txt:21 (rosidl_generate_interfaces)
[0.714s] This warning is for project developers.  Use -Wno-dev to suppress it.
[0.714s] [0m
[0.720s] -- Found PythonLibs: /usr/lib/x86_64-linux-gnu/libpython3.8.so (found suitable version "3.8.10", minimum required is "3.5")
[0.721s] -- Using PYTHON_EXECUTABLE: /usr/bin/python3
[0.721s] -- Using PYTHON_INCLUDE_DIRS: /usr/include/python3.8
[0.721s] -- Using PYTHON_LIBRARIES: /usr/lib/x86_64-linux-gnu/libpython3.8.so
[0.738s] -- Found PythonExtra: .so
[0.768s] -- Found ament_lint_auto: 0.9.8 (/opt/ros/foxy/share/ament_lint_auto/cmake)
[0.787s] -- Added test 'copyright' to check source files copyright and LICENSE
[0.788s] -- Added test 'lint_cmake' to check CMake code style
[0.789s] -- Added test 'xmllint' to check XML markup files
[0.791s] -- Configuring done (0.6s)
[0.810s] -- Generating done (0.0s)
[0.812s] -- Build files have been written to: /home/olel/Projects/FPMagangBayu24/build/arm_interfaces
[0.818s] Invoked command in '/home/olel/Projects/FPMagangBayu24/build/arm_interfaces' returned '0': CMAKE_PREFIX_PATH=/opt/ros/foxy /usr/local/bin/cmake /home/olel/Projects/FPMagangBayu24/src/arm_interfaces -DCMAKE_INSTALL_PREFIX=/home/olel/Projects/FPMagangBayu24/install/arm_interfaces
[0.822s] Invoking command in '/home/olel/Projects/FPMagangBayu24/build/arm_interfaces': CMAKE_PREFIX_PATH=/opt/ros/foxy /usr/local/bin/cmake --build /home/olel/Projects/FPMagangBayu24/build/arm_interfaces -- -j16 -l16
[0.840s] [  3%] [34m[1mGenerating C code for ROS interfaces[0m
[0.844s] [  6%] [34m[1mGenerating C++ code for ROS interfaces[0m
[1.014s] [  9%] [32mBuilding C object CMakeFiles/arm_interfaces__rosidl_generator_c.dir/rosidl_generator_c/arm_interfaces/msg/detail/servo_parameters__functions.c.o[0m
[1.016s] [  9%] Built target arm_interfaces__cpp
[1.019s] [ 16%] [34m[1mGenerating C++ type support dispatch for ROS interfaces[0m
[1.019s] [ 16%] [34m[1mGenerating C++ type support for eProsima Fast-RTPS[0m
[1.019s] [ 19%] [34m[1mGenerating C++ introspection for ROS interfaces[0m
[1.060s] [ 22%] [32m[1mLinking C shared library libarm_interfaces__rosidl_generator_c.so[0m
[1.078s] [ 22%] Built target arm_interfaces__rosidl_generator_c
[1.083s] [ 25%] [34m[1mGenerating C introspection for ROS interfaces[0m
[1.083s] [ 29%] [34m[1mGenerating C type support dispatch for ROS interfaces[0m
[1.170s] [ 32%] [32mBuilding CXX object CMakeFiles/arm_interfaces__rosidl_typesupport_cpp.dir/rosidl_typesupport_cpp/arm_interfaces/msg/servo_parameters__type_support.cpp.o[0m
[1.180s] [ 35%] [32mBuilding CXX object CMakeFiles/arm_interfaces__rosidl_typesupport_introspection_cpp.dir/rosidl_typesupport_introspection_cpp/arm_interfaces/msg/detail/servo_parameters__type_support.cpp.o[0m
[1.184s] [ 38%] [32mBuilding CXX object CMakeFiles/arm_interfaces__rosidl_typesupport_fastrtps_cpp.dir/rosidl_typesupport_fastrtps_cpp/arm_interfaces/msg/detail/dds_fastrtps/servo_parameters__type_support.cpp.o[0m
[1.266s] [ 41%] [32mBuilding CXX object CMakeFiles/arm_interfaces__rosidl_typesupport_c.dir/rosidl_typesupport_c/arm_interfaces/msg/servo_parameters__type_support.cpp.o[0m
[1.285s] [ 45%] [32mBuilding C object CMakeFiles/arm_interfaces__rosidl_typesupport_introspection_c.dir/rosidl_typesupport_introspection_c/arm_interfaces/msg/detail/servo_parameters__type_support.c.o[0m
[1.288s] [ 48%] [32m[1mLinking CXX shared library libarm_interfaces__rosidl_typesupport_c.so[0m
[1.308s] [ 51%] [32m[1mLinking C shared library libarm_interfaces__rosidl_typesupport_introspection_c.so[0m
[1.309s] [ 51%] Built target arm_interfaces__rosidl_typesupport_c
[1.326s] [ 51%] Built target arm_interfaces__rosidl_typesupport_introspection_c
[1.399s] [ 54%] [32m[1mLinking CXX shared library libarm_interfaces__rosidl_typesupport_cpp.so[0m
[1.403s] [ 58%] [32m[1mLinking CXX shared library libarm_interfaces__rosidl_typesupport_introspection_cpp.so[0m
[1.422s] [ 58%] Built target arm_interfaces__rosidl_typesupport_cpp
[1.432s] [ 58%] Built target arm_interfaces__rosidl_typesupport_introspection_cpp
[1.513s] [ 61%] [32m[1mLinking CXX shared library libarm_interfaces__rosidl_typesupport_fastrtps_cpp.so[0m
[1.572s] [ 61%] Built target arm_interfaces__rosidl_typesupport_fastrtps_cpp
[1.576s] [ 64%] [34m[1mGenerating C type support for eProsima Fast-RTPS[0m
[1.723s] [ 67%] [32mBuilding CXX object CMakeFiles/arm_interfaces__rosidl_typesupport_fastrtps_c.dir/rosidl_typesupport_fastrtps_c/arm_interfaces/msg/detail/servo_parameters__type_support_c.cpp.o[0m
[1.963s] [ 70%] [32m[1mLinking CXX shared library libarm_interfaces__rosidl_typesupport_fastrtps_c.so[0m
[2.012s] [ 70%] Built target arm_interfaces__rosidl_typesupport_fastrtps_c
[2.021s] [ 70%] Built target arm_interfaces
[2.030s] [ 74%] [34m[1mGenerating Python code for ROS interfaces[0m
[2.283s] [ 74%] Built target arm_interfaces__py
[2.292s] [ 77%] [32mBuilding C object CMakeFiles/arm_interfaces__python.dir/rosidl_generator_py/arm_interfaces/msg/_servo_parameters_s.c.o[0m
[2.380s] [ 80%] [32m[1mLinking C shared library rosidl_generator_py/arm_interfaces/libarm_interfaces__python.so[0m
[2.404s] [ 80%] Built target arm_interfaces__python
[2.413s] [ 83%] [32mBuilding C object CMakeFiles/arm_interfaces__rosidl_typesupport_introspection_c__pyext.dir/rosidl_generator_py/arm_interfaces/_arm_interfaces_s.ep.rosidl_typesupport_introspection_c.c.o[0m
[2.413s] [ 87%] [32mBuilding C object CMakeFiles/arm_interfaces__rosidl_typesupport_fastrtps_c__pyext.dir/rosidl_generator_py/arm_interfaces/_arm_interfaces_s.ep.rosidl_typesupport_fastrtps_c.c.o[0m
[2.413s] [ 90%] [32mBuilding C object CMakeFiles/arm_interfaces__rosidl_typesupport_c__pyext.dir/rosidl_generator_py/arm_interfaces/_arm_interfaces_s.ep.rosidl_typesupport_c.c.o[0m
[2.468s] [ 93%] [32m[1mLinking CXX shared library rosidl_generator_py/arm_interfaces/arm_interfaces_s__rosidl_typesupport_fastrtps_c.cpython-38-x86_64-linux-gnu.so[0m
[2.469s] [ 96%] [32m[1mLinking C shared library rosidl_generator_py/arm_interfaces/arm_interfaces_s__rosidl_typesupport_c.cpython-38-x86_64-linux-gnu.so[0m
[2.478s] [100%] [32m[1mLinking C shared library rosidl_generator_py/arm_interfaces/arm_interfaces_s__rosidl_typesupport_introspection_c.cpython-38-x86_64-linux-gnu.so[0m
[2.490s] [100%] Built target arm_interfaces__rosidl_typesupport_c__pyext
[2.501s] [100%] Built target arm_interfaces__rosidl_typesupport_introspection_c__pyext
[2.505s] [100%] Built target arm_interfaces__rosidl_typesupport_fastrtps_c__pyext
[2.511s] Invoked command in '/home/olel/Projects/FPMagangBayu24/build/arm_interfaces' returned '0': CMAKE_PREFIX_PATH=/opt/ros/foxy /usr/local/bin/cmake --build /home/olel/Projects/FPMagangBayu24/build/arm_interfaces -- -j16 -l16
[2.577s] Invoking command in '/home/olel/Projects/FPMagangBayu24/build/arm_interfaces': CMAKE_PREFIX_PATH=/opt/ros/foxy /usr/local/bin/cmake --install /home/olel/Projects/FPMagangBayu24/build/arm_interfaces
[2.578s] -- Install configuration: ""
[2.578s] -- Installing: /home/olel/Projects/FPMagangBayu24/install/arm_interfaces/share/ament_index/resource_index/rosidl_interfaces/arm_interfaces
[2.579s] -- Installing: /home/olel/Projects/FPMagangBayu24/install/arm_interfaces/include/arm_interfaces
[2.579s] -- Installing: /home/olel/Projects/FPMagangBayu24/install/arm_interfaces/include/arm_interfaces/msg
[2.579s] -- Installing: /home/olel/Projects/FPMagangBayu24/install/arm_interfaces/include/arm_interfaces/msg/detail
[2.579s] -- Installing: /home/olel/Projects/FPMagangBayu24/install/arm_interfaces/include/arm_interfaces/msg/detail/servo_parameters__functions.h
[2.579s] -- Installing: /home/olel/Projects/FPMagangBayu24/install/arm_interfaces/include/arm_interfaces/msg/detail/servo_parameters__type_support.h
[2.579s] -- Installing: /home/olel/Projects/FPMagangBayu24/install/arm_interfaces/include/arm_interfaces/msg/detail/servo_parameters__struct.h
[2.579s] -- Installing: /home/olel/Projects/FPMagangBayu24/install/arm_interfaces/include/arm_interfaces/msg/detail/servo_parameters__functions.c
[2.579s] -- Installing: /home/olel/Projects/FPMagangBayu24/install/arm_interfaces/include/arm_interfaces/msg/rosidl_generator_c__visibility_control.h
[2.579s] -- Installing: /home/olel/Projects/FPMagangBayu24/install/arm_interfaces/include/arm_interfaces/msg/servo_parameters.h
[2.579s] -- Installing: /home/olel/Projects/FPMagangBayu24/install/arm_interfaces/share/arm_interfaces/environment/library_path.sh
[2.579s] -- Installing: /home/olel/Projects/FPMagangBayu24/install/arm_interfaces/share/arm_interfaces/environment/library_path.dsv
[2.580s] -- Installing: /home/olel/Projects/FPMagangBayu24/install/arm_interfaces/lib/libarm_interfaces__rosidl_generator_c.so
[2.580s] -- Set non-toolchain portion of runtime path of "/home/olel/Projects/FPMagangBayu24/install/arm_interfaces/lib/libarm_interfaces__rosidl_generator_c.so" to ""
[2.580s] -- Up-to-date: /home/olel/Projects/FPMagangBayu24/install/arm_interfaces/include/arm_interfaces
[2.580s] -- Up-to-date: /home/olel/Projects/FPMagangBayu24/install/arm_interfaces/include/arm_interfaces/msg
[2.580s] -- Up-to-date: /home/olel/Projects/FPMagangBayu24/install/arm_interfaces/include/arm_interfaces/msg/detail
[2.580s] -- Installing: /home/olel/Projects/FPMagangBayu24/install/arm_interfaces/include/arm_interfaces/msg/detail/servo_parameters__rosidl_typesupport_fastrtps_c.h
[2.580s] -- Installing: /home/olel/Projects/FPMagangBayu24/install/arm_interfaces/include/arm_interfaces/msg/rosidl_typesupport_fastrtps_c__visibility_control.h
[2.580s] -- Installing: /home/olel/Projects/FPMagangBayu24/install/arm_interfaces/lib/libarm_interfaces__rosidl_typesupport_fastrtps_c.so
[2.580s] -- Set non-toolchain portion of runtime path of "/home/olel/Projects/FPMagangBayu24/install/arm_interfaces/lib/libarm_interfaces__rosidl_typesupport_fastrtps_c.so" to ""
[2.580s] -- Up-to-date: /home/olel/Projects/FPMagangBayu24/install/arm_interfaces/include/arm_interfaces
[2.581s] -- Up-to-date: /home/olel/Projects/FPMagangBayu24/install/arm_interfaces/include/arm_interfaces/msg
[2.581s] -- Installing: /home/olel/Projects/FPMagangBayu24/install/arm_interfaces/include/arm_interfaces/msg/rosidl_typesupport_fastrtps_cpp__visibility_control.h
[2.581s] -- Up-to-date: /home/olel/Projects/FPMagangBayu24/install/arm_interfaces/include/arm_interfaces/msg/detail
[2.581s] -- Installing: /home/olel/Projects/FPMagangBayu24/install/arm_interfaces/include/arm_interfaces/msg/detail/dds_fastrtps
[2.581s] -- Installing: /home/olel/Projects/FPMagangBayu24/install/arm_interfaces/include/arm_interfaces/msg/detail/servo_parameters__rosidl_typesupport_fastrtps_cpp.hpp
[2.581s] -- Installing: /home/olel/Projects/FPMagangBayu24/install/arm_interfaces/lib/libarm_interfaces__rosidl_typesupport_fastrtps_cpp.so
[2.581s] -- Set non-toolchain portion of runtime path of "/home/olel/Projects/FPMagangBayu24/install/arm_interfaces/lib/libarm_interfaces__rosidl_typesupport_fastrtps_cpp.so" to ""
[2.581s] -- Up-to-date: /home/olel/Projects/FPMagangBayu24/install/arm_interfaces/include/arm_interfaces
[2.581s] -- Up-to-date: /home/olel/Projects/FPMagangBayu24/install/arm_interfaces/include/arm_interfaces/msg
[2.581s] -- Up-to-date: /home/olel/Projects/FPMagangBayu24/install/arm_interfaces/include/arm_interfaces/msg/detail
[2.582s] -- Installing: /home/olel/Projects/FPMagangBayu24/install/arm_interfaces/include/arm_interfaces/msg/detail/servo_parameters__rosidl_typesupport_introspection_c.h
[2.582s] -- Installing: /home/olel/Projects/FPMagangBayu24/install/arm_interfaces/include/arm_interfaces/msg/detail/servo_parameters__type_support.c
[2.582s] -- Installing: /home/olel/Projects/FPMagangBayu24/install/arm_interfaces/include/arm_interfaces/msg/rosidl_typesupport_introspection_c__visibility_control.h
[2.582s] -- Installing: /home/olel/Projects/FPMagangBayu24/install/arm_interfaces/lib/libarm_interfaces__rosidl_typesupport_introspection_c.so
[2.582s] -- Set non-toolchain portion of runtime path of "/home/olel/Projects/FPMagangBayu24/install/arm_interfaces/lib/libarm_interfaces__rosidl_typesupport_introspection_c.so" to ""
[2.582s] -- Installing: /home/olel/Projects/FPMagangBayu24/install/arm_interfaces/lib/libarm_interfaces__rosidl_typesupport_c.so
[2.582s] -- Set non-toolchain portion of runtime path of "/home/olel/Projects/FPMagangBayu24/install/arm_interfaces/lib/libarm_interfaces__rosidl_typesupport_c.so" to ""
[2.582s] -- Up-to-date: /home/olel/Projects/FPMagangBayu24/install/arm_interfaces/include/arm_interfaces
[2.582s] -- Up-to-date: /home/olel/Projects/FPMagangBayu24/install/arm_interfaces/include/arm_interfaces/msg
[2.582s] -- Installing: /home/olel/Projects/FPMagangBayu24/install/arm_interfaces/include/arm_interfaces/msg/rosidl_generator_cpp__visibility_control.hpp
[2.582s] -- Installing: /home/olel/Projects/FPMagangBayu24/install/arm_interfaces/include/arm_interfaces/msg/servo_parameters.hpp
[2.582s] -- Up-to-date: /home/olel/Projects/FPMagangBayu24/install/arm_interfaces/include/arm_interfaces/msg/detail
[2.583s] -- Installing: /home/olel/Projects/FPMagangBayu24/install/arm_interfaces/include/arm_interfaces/msg/detail/servo_parameters__builder.hpp
[2.583s] -- Installing: /home/olel/Projects/FPMagangBayu24/install/arm_interfaces/include/arm_interfaces/msg/detail/servo_parameters__struct.hpp
[2.583s] -- Installing: /home/olel/Projects/FPMagangBayu24/install/arm_interfaces/include/arm_interfaces/msg/detail/servo_parameters__type_support.hpp
[2.583s] -- Installing: /home/olel/Projects/FPMagangBayu24/install/arm_interfaces/include/arm_interfaces/msg/detail/servo_parameters__traits.hpp
[2.583s] -- Up-to-date: /home/olel/Projects/FPMagangBayu24/install/arm_interfaces/include/arm_interfaces
[2.583s] -- Up-to-date: /home/olel/Projects/FPMagangBayu24/install/arm_interfaces/include/arm_interfaces/msg
[2.583s] -- Up-to-date: /home/olel/Projects/FPMagangBayu24/install/arm_interfaces/include/arm_interfaces/msg/detail
[2.583s] -- Installing: /home/olel/Projects/FPMagangBayu24/install/arm_interfaces/include/arm_interfaces/msg/detail/servo_parameters__rosidl_typesupport_introspection_cpp.hpp
[2.583s] -- Installing: /home/olel/Projects/FPMagangBayu24/install/arm_interfaces/include/arm_interfaces/msg/detail/servo_parameters__type_support.cpp
[2.583s] -- Installing: /home/olel/Projects/FPMagangBayu24/install/arm_interfaces/lib/libarm_interfaces__rosidl_typesupport_introspection_cpp.so
[2.583s] -- Set non-toolchain portion of runtime path of "/home/olel/Projects/FPMagangBayu24/install/arm_interfaces/lib/libarm_interfaces__rosidl_typesupport_introspection_cpp.so" to ""
[2.583s] -- Installing: /home/olel/Projects/FPMagangBayu24/install/arm_interfaces/lib/libarm_interfaces__rosidl_typesupport_cpp.so
[2.584s] -- Set non-toolchain portion of runtime path of "/home/olel/Projects/FPMagangBayu24/install/arm_interfaces/lib/libarm_interfaces__rosidl_typesupport_cpp.so" to ""
[2.584s] -- Installing: /home/olel/Projects/FPMagangBayu24/install/arm_interfaces/share/arm_interfaces/environment/pythonpath.sh
[2.584s] -- Installing: /home/olel/Projects/FPMagangBayu24/install/arm_interfaces/share/arm_interfaces/environment/pythonpath.dsv
[2.584s] -- Installing: /home/olel/Projects/FPMagangBayu24/install/arm_interfaces/lib/python3.8/site-packages/arm_interfaces/__init__.py
[2.605s] Compiling '/home/olel/Projects/FPMagangBayu24/install/arm_interfaces/lib/python3.8/site-packages/arm_interfaces/__init__.py'...
[2.608s] -- Installing: /home/olel/Projects/FPMagangBayu24/install/arm_interfaces/lib/python3.8/site-packages/arm_interfaces/msg
[2.608s] -- Installing: /home/olel/Projects/FPMagangBayu24/install/arm_interfaces/lib/python3.8/site-packages/arm_interfaces/msg/__init__.py
[2.608s] -- Installing: /home/olel/Projects/FPMagangBayu24/install/arm_interfaces/lib/python3.8/site-packages/arm_interfaces/msg/_servo_parameters_s.c
[2.608s] -- Installing: /home/olel/Projects/FPMagangBayu24/install/arm_interfaces/lib/python3.8/site-packages/arm_interfaces/msg/_servo_parameters.py
[2.608s] -- Installing: /home/olel/Projects/FPMagangBayu24/install/arm_interfaces/lib/python3.8/site-packages/arm_interfaces/arm_interfaces_s__rosidl_typesupport_fastrtps_c.cpython-38-x86_64-linux-gnu.so
[2.609s] -- Set non-toolchain portion of runtime path of "/home/olel/Projects/FPMagangBayu24/install/arm_interfaces/lib/python3.8/site-packages/arm_interfaces/arm_interfaces_s__rosidl_typesupport_fastrtps_c.cpython-38-x86_64-linux-gnu.so" to ""
[2.609s] -- Installing: /home/olel/Projects/FPMagangBayu24/install/arm_interfaces/lib/python3.8/site-packages/arm_interfaces/arm_interfaces_s__rosidl_typesupport_introspection_c.cpython-38-x86_64-linux-gnu.so
[2.609s] -- Set non-toolchain portion of runtime path of "/home/olel/Projects/FPMagangBayu24/install/arm_interfaces/lib/python3.8/site-packages/arm_interfaces/arm_interfaces_s__rosidl_typesupport_introspection_c.cpython-38-x86_64-linux-gnu.so" to ""
[2.610s] -- Installing: /home/olel/Projects/FPMagangBayu24/install/arm_interfaces/lib/python3.8/site-packages/arm_interfaces/arm_interfaces_s__rosidl_typesupport_c.cpython-38-x86_64-linux-gnu.so
[2.610s] -- Set non-toolchain portion of runtime path of "/home/olel/Projects/FPMagangBayu24/install/arm_interfaces/lib/python3.8/site-packages/arm_interfaces/arm_interfaces_s__rosidl_typesupport_c.cpython-38-x86_64-linux-gnu.so" to ""
[2.610s] -- Installing: /home/olel/Projects/FPMagangBayu24/install/arm_interfaces/lib/libarm_interfaces__python.so
[2.611s] -- Set non-toolchain portion of runtime path of "/home/olel/Projects/FPMagangBayu24/install/arm_interfaces/lib/libarm_interfaces__python.so" to ""
[2.611s] -- Installing: /home/olel/Projects/FPMagangBayu24/install/arm_interfaces/share/arm_interfaces/msg/ServoParameters.idl
[2.612s] -- Installing: /home/olel/Projects/FPMagangBayu24/install/arm_interfaces/share/arm_interfaces/msg/ServoParameters.msg
[2.612s] -- Installing: /home/olel/Projects/FPMagangBayu24/install/arm_interfaces/share/ament_index/resource_index/package_run_dependencies/arm_interfaces
[2.612s] -- Installing: /home/olel/Projects/FPMagangBayu24/install/arm_interfaces/share/ament_index/resource_index/parent_prefix_path/arm_interfaces
[2.613s] -- Installing: /home/olel/Projects/FPMagangBayu24/install/arm_interfaces/share/arm_interfaces/environment/ament_prefix_path.sh
[2.613s] -- Installing: /home/olel/Projects/FPMagangBayu24/install/arm_interfaces/share/arm_interfaces/environment/ament_prefix_path.dsv
[2.613s] -- Installing: /home/olel/Projects/FPMagangBayu24/install/arm_interfaces/share/arm_interfaces/environment/path.sh
[2.613s] -- Installing: /home/olel/Projects/FPMagangBayu24/install/arm_interfaces/share/arm_interfaces/environment/path.dsv
[2.613s] -- Installing: /home/olel/Projects/FPMagangBayu24/install/arm_interfaces/share/arm_interfaces/local_setup.bash
[2.614s] -- Installing: /home/olel/Projects/FPMagangBayu24/install/arm_interfaces/share/arm_interfaces/local_setup.sh
[2.614s] -- Installing: /home/olel/Projects/FPMagangBayu24/install/arm_interfaces/share/arm_interfaces/local_setup.zsh
[2.614s] -- Installing: /home/olel/Projects/FPMagangBayu24/install/arm_interfaces/share/arm_interfaces/local_setup.dsv
[2.614s] -- Installing: /home/olel/Projects/FPMagangBayu24/install/arm_interfaces/share/arm_interfaces/package.dsv
[2.614s] -- Installing: /home/olel/Projects/FPMagangBayu24/install/arm_interfaces/share/ament_index/resource_index/packages/arm_interfaces
[2.615s] -- Installing: /home/olel/Projects/FPMagangBayu24/install/arm_interfaces/share/arm_interfaces/cmake/arm_interfaces__rosidl_generator_cExport.cmake
[2.615s] -- Installing: /home/olel/Projects/FPMagangBayu24/install/arm_interfaces/share/arm_interfaces/cmake/arm_interfaces__rosidl_generator_cExport-noconfig.cmake
[2.615s] -- Installing: /home/olel/Projects/FPMagangBayu24/install/arm_interfaces/share/arm_interfaces/cmake/arm_interfaces__rosidl_typesupport_introspection_cExport.cmake
[2.615s] -- Installing: /home/olel/Projects/FPMagangBayu24/install/arm_interfaces/share/arm_interfaces/cmake/arm_interfaces__rosidl_typesupport_introspection_cExport-noconfig.cmake
[2.616s] -- Installing: /home/olel/Projects/FPMagangBayu24/install/arm_interfaces/share/arm_interfaces/cmake/arm_interfaces__rosidl_typesupport_cExport.cmake
[2.616s] -- Installing: /home/olel/Projects/FPMagangBayu24/install/arm_interfaces/share/arm_interfaces/cmake/arm_interfaces__rosidl_typesupport_cExport-noconfig.cmake
[2.616s] -- Installing: /home/olel/Projects/FPMagangBayu24/install/arm_interfaces/share/arm_interfaces/cmake/arm_interfaces__rosidl_generator_cppExport.cmake
[2.616s] -- Installing: /home/olel/Projects/FPMagangBayu24/install/arm_interfaces/share/arm_interfaces/cmake/arm_interfaces__rosidl_typesupport_introspection_cppExport.cmake
[2.616s] -- Installing: /home/olel/Projects/FPMagangBayu24/install/arm_interfaces/share/arm_interfaces/cmake/arm_interfaces__rosidl_typesupport_introspection_cppExport-noconfig.cmake
[2.617s] -- Installing: /home/olel/Projects/FPMagangBayu24/install/arm_interfaces/share/arm_interfaces/cmake/arm_interfaces__rosidl_typesupport_cppExport.cmake
[2.617s] -- Installing: /home/olel/Projects/FPMagangBayu24/install/arm_interfaces/share/arm_interfaces/cmake/arm_interfaces__rosidl_typesupport_cppExport-noconfig.cmake
[2.617s] -- Installing: /home/olel/Projects/FPMagangBayu24/install/arm_interfaces/share/arm_interfaces/cmake/rosidl_cmake-extras.cmake
[2.617s] -- Installing: /home/olel/Projects/FPMagangBayu24/install/arm_interfaces/share/arm_interfaces/cmake/ament_cmake_export_dependencies-extras.cmake
[2.617s] -- Installing: /home/olel/Projects/FPMagangBayu24/install/arm_interfaces/share/arm_interfaces/cmake/ament_cmake_export_libraries-extras.cmake
[2.617s] -- Installing: /home/olel/Projects/FPMagangBayu24/install/arm_interfaces/share/arm_interfaces/cmake/ament_cmake_export_targets-extras.cmake
[2.617s] -- Installing: /home/olel/Projects/FPMagangBayu24/install/arm_interfaces/share/arm_interfaces/cmake/ament_cmake_export_include_directories-extras.cmake
[2.617s] -- Installing: /home/olel/Projects/FPMagangBayu24/install/arm_interfaces/share/arm_interfaces/cmake/rosidl_cmake_export_typesupport_libraries-extras.cmake
[2.617s] -- Installing: /home/olel/Projects/FPMagangBayu24/install/arm_interfaces/share/arm_interfaces/cmake/rosidl_cmake_export_typesupport_targets-extras.cmake
[2.617s] -- Installing: /home/olel/Projects/FPMagangBayu24/install/arm_interfaces/share/arm_interfaces/cmake/arm_interfacesConfig.cmake
[2.617s] -- Installing: /home/olel/Projects/FPMagangBayu24/install/arm_interfaces/share/arm_interfaces/cmake/arm_interfacesConfig-version.cmake
[2.618s] -- Installing: /home/olel/Projects/FPMagangBayu24/install/arm_interfaces/share/arm_interfaces/package.xml
[2.620s] Invoked command in '/home/olel/Projects/FPMagangBayu24/build/arm_interfaces' returned '0': CMAKE_PREFIX_PATH=/opt/ros/foxy /usr/local/bin/cmake --install /home/olel/Projects/FPMagangBayu24/build/arm_interfaces
