[2.566s] DEBUG:colcon:Command line arguments: ['/usr/bin/colcon', 'build', '--packages-select', 'control']
[2.566s] DEBUG:colcon:Parsed command line arguments: Namespace(allow_overriding=[], ament_cmake_args=None, base_paths=['.'], build_base='build', catkin_cmake_args=None, catkin_skip_building_tests=False, cmake_args=None, cmake_clean_cache=False, cmake_clean_first=False, cmake_force_configure=False, cmake_target=None, cmake_target_skip_unavailable=False, continue_on_error=False, event_handlers=None, executor='parallel', ignore_user_meta=False, install_base='install', log_base=None, log_level=None, main=<bound method BuildVerb.main of <colcon_core.verb.build.BuildVerb object at 0x7f38512235b0>>, merge_install=False, metas=['./colcon.meta'], packages_above=None, packages_above_and_dependencies=None, packages_above_depth=None, packages_end=None, packages_ignore=None, packages_ignore_regex=None, packages_select=['control'], packages_select_build_failed=False, packages_select_by_dep=None, packages_select_regex=None, packages_select_test_failures=False, packages_skip=None, packages_skip_build_finished=False, packages_skip_by_dep=None, packages_skip_regex=None, packages_skip_test_passed=False, packages_skip_up_to=None, packages_start=None, packages_up_to=None, packages_up_to_regex=None, parallel_workers=16, paths=None, symlink_install=False, test_result_base=None, verb_extension=<colcon_core.verb.build.BuildVerb object at 0x7f38512235b0>, verb_name='build', verb_parser=<colcon_defaults.argument_parser.defaults.DefaultArgumentsDecorator object at 0x7f38512236d0>)
[2.675s] Level 1:colcon.colcon_core.package_discovery:discover_packages(colcon_meta) check parameters
[2.675s] Level 1:colcon.colcon_core.package_discovery:discover_packages(recursive) check parameters
[2.675s] Level 1:colcon.colcon_core.package_discovery:discover_packages(ignore) check parameters
[2.675s] Level 1:colcon.colcon_core.package_discovery:discover_packages(path) check parameters
[2.675s] Level 1:colcon.colcon_core.package_discovery:discover_packages(colcon_meta) discover
[2.675s] Level 1:colcon.colcon_core.package_discovery:discover_packages(recursive) discover
[2.675s] INFO:colcon.colcon_core.package_discovery:Crawling recursively for packages in '/home/olel/Projects/FPMagangBayu24'
[2.675s] Level 1:colcon.colcon_core.package_identification:_identify(.) by extensions ['ignore', 'ignore_ament_install']
[2.676s] Level 1:colcon.colcon_core.package_identification:_identify(.) by extension 'ignore'
[2.676s] Level 1:colcon.colcon_core.package_identification:_identify(.) by extension 'ignore_ament_install'
[2.676s] Level 1:colcon.colcon_core.package_identification:_identify(.) by extensions ['colcon_pkg']
[2.676s] Level 1:colcon.colcon_core.package_identification:_identify(.) by extension 'colcon_pkg'
[2.676s] Level 1:colcon.colcon_core.package_identification:_identify(.) by extensions ['colcon_meta']
[2.676s] Level 1:colcon.colcon_core.package_identification:_identify(.) by extension 'colcon_meta'
[2.676s] Level 1:colcon.colcon_core.package_identification:_identify(.) by extensions ['ros']
[2.676s] Level 1:colcon.colcon_core.package_identification:_identify(.) by extension 'ros'
[2.684s] Level 1:colcon.colcon_core.package_identification:_identify(.) by extensions ['cmake', 'python']
[2.684s] Level 1:colcon.colcon_core.package_identification:_identify(.) by extension 'cmake'
[2.684s] Level 1:colcon.colcon_core.package_identification:_identify(.) by extension 'python'
[2.684s] Level 1:colcon.colcon_core.package_identification:_identify(.) by extensions ['python_setup_py']
[2.684s] Level 1:colcon.colcon_core.package_identification:_identify(.) by extension 'python_setup_py'
[2.684s] Level 1:colcon.colcon_core.package_identification:_identify(build) by extensions ['ignore', 'ignore_ament_install']
[2.685s] Level 1:colcon.colcon_core.package_identification:_identify(build) by extension 'ignore'
[2.685s] Level 1:colcon.colcon_core.package_identification:_identify(build) ignored
[2.685s] Level 1:colcon.colcon_core.package_identification:_identify(docs) by extensions ['ignore', 'ignore_ament_install']
[2.685s] Level 1:colcon.colcon_core.package_identification:_identify(docs) by extension 'ignore'
[2.685s] Level 1:colcon.colcon_core.package_identification:_identify(docs) by extension 'ignore_ament_install'
[2.685s] Level 1:colcon.colcon_core.package_identification:_identify(docs) by extensions ['colcon_pkg']
[2.685s] Level 1:colcon.colcon_core.package_identification:_identify(docs) by extension 'colcon_pkg'
[2.685s] Level 1:colcon.colcon_core.package_identification:_identify(docs) by extensions ['colcon_meta']
[2.685s] Level 1:colcon.colcon_core.package_identification:_identify(docs) by extension 'colcon_meta'
[2.685s] Level 1:colcon.colcon_core.package_identification:_identify(docs) by extensions ['ros']
[2.685s] Level 1:colcon.colcon_core.package_identification:_identify(docs) by extension 'ros'
[2.685s] Level 1:colcon.colcon_core.package_identification:_identify(docs) by extensions ['cmake', 'python']
[2.685s] Level 1:colcon.colcon_core.package_identification:_identify(docs) by extension 'cmake'
[2.685s] Level 1:colcon.colcon_core.package_identification:_identify(docs) by extension 'python'
[2.685s] Level 1:colcon.colcon_core.package_identification:_identify(docs) by extensions ['python_setup_py']
[2.685s] Level 1:colcon.colcon_core.package_identification:_identify(docs) by extension 'python_setup_py'
[2.685s] Level 1:colcon.colcon_core.package_identification:_identify(install) by extensions ['ignore', 'ignore_ament_install']
[2.685s] Level 1:colcon.colcon_core.package_identification:_identify(install) by extension 'ignore'
[2.685s] Level 1:colcon.colcon_core.package_identification:_identify(install) ignored
[2.685s] Level 1:colcon.colcon_core.package_identification:_identify(log) by extensions ['ignore', 'ignore_ament_install']
[2.685s] Level 1:colcon.colcon_core.package_identification:_identify(log) by extension 'ignore'
[2.685s] Level 1:colcon.colcon_core.package_identification:_identify(log) ignored
[2.685s] Level 1:colcon.colcon_core.package_identification:_identify(src) by extensions ['ignore', 'ignore_ament_install']
[2.686s] Level 1:colcon.colcon_core.package_identification:_identify(src) by extension 'ignore'
[2.686s] Level 1:colcon.colcon_core.package_identification:_identify(src) by extension 'ignore_ament_install'
[2.686s] Level 1:colcon.colcon_core.package_identification:_identify(src) by extensions ['colcon_pkg']
[2.686s] Level 1:colcon.colcon_core.package_identification:_identify(src) by extension 'colcon_pkg'
[2.686s] Level 1:colcon.colcon_core.package_identification:_identify(src) by extensions ['colcon_meta']
[2.686s] Level 1:colcon.colcon_core.package_identification:_identify(src) by extension 'colcon_meta'
[2.686s] Level 1:colcon.colcon_core.package_identification:_identify(src) by extensions ['ros']
[2.686s] Level 1:colcon.colcon_core.package_identification:_identify(src) by extension 'ros'
[2.686s] Level 1:colcon.colcon_core.package_identification:_identify(src) by extensions ['cmake', 'python']
[2.686s] Level 1:colcon.colcon_core.package_identification:_identify(src) by extension 'cmake'
[2.686s] Level 1:colcon.colcon_core.package_identification:_identify(src) by extension 'python'
[2.686s] Level 1:colcon.colcon_core.package_identification:_identify(src) by extensions ['python_setup_py']
[2.686s] Level 1:colcon.colcon_core.package_identification:_identify(src) by extension 'python_setup_py'
[2.686s] Level 1:colcon.colcon_core.package_identification:_identify(src/control) by extensions ['ignore', 'ignore_ament_install']
[2.686s] Level 1:colcon.colcon_core.package_identification:_identify(src/control) by extension 'ignore'
[2.686s] Level 1:colcon.colcon_core.package_identification:_identify(src/control) by extension 'ignore_ament_install'
[2.686s] Level 1:colcon.colcon_core.package_identification:_identify(src/control) by extensions ['colcon_pkg']
[2.686s] Level 1:colcon.colcon_core.package_identification:_identify(src/control) by extension 'colcon_pkg'
[2.686s] Level 1:colcon.colcon_core.package_identification:_identify(src/control) by extensions ['colcon_meta']
[2.686s] Level 1:colcon.colcon_core.package_identification:_identify(src/control) by extension 'colcon_meta'
[2.686s] Level 1:colcon.colcon_core.package_identification:_identify(src/control) by extensions ['ros']
[2.686s] Level 1:colcon.colcon_core.package_identification:_identify(src/control) by extension 'ros'
[2.688s] DEBUG:colcon.colcon_core.package_identification:Package 'src/control' with type 'ros.ament_cmake' and name 'control'
[2.688s] Level 1:colcon.colcon_core.package_identification:_identify(src/vision) by extensions ['ignore', 'ignore_ament_install']
[2.688s] Level 1:colcon.colcon_core.package_identification:_identify(src/vision) by extension 'ignore'
[2.688s] Level 1:colcon.colcon_core.package_identification:_identify(src/vision) by extension 'ignore_ament_install'
[2.688s] Level 1:colcon.colcon_core.package_identification:_identify(src/vision) by extensions ['colcon_pkg']
[2.688s] Level 1:colcon.colcon_core.package_identification:_identify(src/vision) by extension 'colcon_pkg'
[2.688s] Level 1:colcon.colcon_core.package_identification:_identify(src/vision) by extensions ['colcon_meta']
[2.688s] Level 1:colcon.colcon_core.package_identification:_identify(src/vision) by extension 'colcon_meta'
[2.688s] Level 1:colcon.colcon_core.package_identification:_identify(src/vision) by extensions ['ros']
[2.688s] Level 1:colcon.colcon_core.package_identification:_identify(src/vision) by extension 'ros'
[2.689s] DEBUG:colcon.colcon_core.package_identification:Package 'src/vision' with type 'ros.ament_python' and name 'vision'
[2.689s] Level 1:colcon.colcon_core.package_discovery:discover_packages(recursive) using defaults
[2.689s] Level 1:colcon.colcon_core.package_discovery:discover_packages(ignore) discover
[2.689s] Level 1:colcon.colcon_core.package_discovery:discover_packages(ignore) using defaults
[2.689s] Level 1:colcon.colcon_core.package_discovery:discover_packages(path) discover
[2.689s] Level 1:colcon.colcon_core.package_discovery:discover_packages(path) using defaults
[2.840s] INFO:colcon.colcon_core.package_selection:Skipping not selected package 'vision' in 'src/vision'
[2.938s] Level 1:colcon.colcon_core.package_discovery:discover_packages(prefix_path) check parameters
[2.938s] Level 1:colcon.colcon_core.package_discovery:discover_packages(prefix_path) discover
[2.988s] Level 1:colcon.colcon_core.package_discovery:discover_packages(prefix_path) using defaults
[3.078s] Level 5:colcon.colcon_core.verb:set package 'control' build argument 'cmake_args' from command line to 'None'
[3.078s] Level 5:colcon.colcon_core.verb:set package 'control' build argument 'cmake_target' from command line to 'None'
[3.078s] Level 5:colcon.colcon_core.verb:set package 'control' build argument 'cmake_target_skip_unavailable' from command line to 'False'
[3.078s] Level 5:colcon.colcon_core.verb:set package 'control' build argument 'cmake_clean_cache' from command line to 'False'
[3.078s] Level 5:colcon.colcon_core.verb:set package 'control' build argument 'cmake_clean_first' from command line to 'False'
[3.078s] Level 5:colcon.colcon_core.verb:set package 'control' build argument 'cmake_force_configure' from command line to 'False'
[3.078s] Level 5:colcon.colcon_core.verb:set package 'control' build argument 'ament_cmake_args' from command line to 'None'
[3.078s] Level 5:colcon.colcon_core.verb:set package 'control' build argument 'catkin_cmake_args' from command line to 'None'
[3.078s] Level 5:colcon.colcon_core.verb:set package 'control' build argument 'catkin_skip_building_tests' from command line to 'False'
[3.078s] DEBUG:colcon.colcon_core.verb:Building package 'control' with the following arguments: {'ament_cmake_args': None, 'build_base': '/home/olel/Projects/FPMagangBayu24/build/control', 'catkin_cmake_args': None, 'catkin_skip_building_tests': False, 'cmake_args': None, 'cmake_clean_cache': False, 'cmake_clean_first': False, 'cmake_force_configure': False, 'cmake_target': None, 'cmake_target_skip_unavailable': False, 'install_base': '/home/olel/Projects/FPMagangBayu24/install/control', 'merge_install': False, 'path': '/home/olel/Projects/FPMagangBayu24/src/control', 'symlink_install': False, 'test_result_base': None}
[3.125s] INFO:colcon.colcon_core.executor:Executing jobs using 'parallel' executor
[3.178s] DEBUG:colcon.colcon_parallel_executor.executor.parallel:run_until_complete
[3.178s] INFO:colcon.colcon_ros.task.ament_cmake.build:Building ROS package in '/home/olel/Projects/FPMagangBayu24/src/control' with build type 'ament_cmake'
[3.178s] INFO:colcon.colcon_cmake.task.cmake.build:Building CMake package in '/home/olel/Projects/FPMagangBayu24/src/control'
[3.228s] INFO:colcon.colcon_core.plugin_system:Skipping extension 'colcon_core.shell.bat': Not used on non-Windows systems
[3.228s] INFO:colcon.colcon_core.shell:Skip shell extension 'powershell' for command environment: Not usable outside of PowerShell
[3.228s] DEBUG:colcon.colcon_core.shell:Skip shell extension 'dsv' for command environment
[3.290s] DEBUG:colcon.colcon_core.event_handler.log_command:Invoking command in '/home/olel/Projects/FPMagangBayu24/build/control': /usr/bin/cmake --build /home/olel/Projects/FPMagangBayu24/build/control -- -j16 -l16
[5.861s] DEBUG:colcon.colcon_core.event_handler.log_command:Invoked command in '/home/olel/Projects/FPMagangBayu24/build/control' returned '0': /usr/bin/cmake --build /home/olel/Projects/FPMagangBayu24/build/control -- -j16 -l16
[5.895s] DEBUG:colcon.colcon_core.event_handler.log_command:Invoking command in '/home/olel/Projects/FPMagangBayu24/build/control': /usr/bin/cmake --install /home/olel/Projects/FPMagangBayu24/build/control
[5.908s] Level 1:colcon.colcon_core.environment:create_environment_scripts_only(control)
[5.909s] DEBUG:colcon.colcon_core.event_handler.log_command:Invoked command in '/home/olel/Projects/FPMagangBayu24/build/control' returned '0': /usr/bin/cmake --install /home/olel/Projects/FPMagangBayu24/build/control
[5.964s] Level 1:colcon.colcon_core.environment:checking '/home/olel/Projects/FPMagangBayu24/install/control' for CMake module files
[5.965s] Level 1:colcon.colcon_core.environment:checking '/home/olel/Projects/FPMagangBayu24/install/control' for CMake config files
[5.965s] Level 1:colcon.colcon_core.shell:create_environment_hook('control', 'cmake_prefix_path')
[6.016s] INFO:colcon.colcon_core.shell:Creating environment hook '/home/olel/Projects/FPMagangBayu24/install/control/share/control/hook/cmake_prefix_path.ps1'
[6.017s] INFO:colcon.colcon_core.shell:Creating environment descriptor '/home/olel/Projects/FPMagangBayu24/install/control/share/control/hook/cmake_prefix_path.dsv'
[6.017s] INFO:colcon.colcon_core.shell:Creating environment hook '/home/olel/Projects/FPMagangBayu24/install/control/share/control/hook/cmake_prefix_path.sh'
[6.018s] Level 1:colcon.colcon_core.environment:checking '/home/olel/Projects/FPMagangBayu24/install/control/lib'
[6.018s] Level 1:colcon.colcon_core.environment:checking '/home/olel/Projects/FPMagangBayu24/install/control/bin'
[6.018s] Level 1:colcon.colcon_core.environment:checking '/home/olel/Projects/FPMagangBayu24/install/control/lib/pkgconfig/control.pc'
[6.020s] Level 1:colcon.colcon_core.environment:checking '/home/olel/Projects/FPMagangBayu24/install/control/lib/python3.8/site-packages'
[6.020s] Level 1:colcon.colcon_core.environment:checking '/home/olel/Projects/FPMagangBayu24/install/control/bin'
[6.067s] INFO:colcon.colcon_core.shell:Creating package script '/home/olel/Projects/FPMagangBayu24/install/control/share/control/package.ps1'
[6.068s] INFO:colcon.colcon_core.shell:Creating package descriptor '/home/olel/Projects/FPMagangBayu24/install/control/share/control/package.dsv'
[6.068s] INFO:colcon.colcon_core.shell:Creating package script '/home/olel/Projects/FPMagangBayu24/install/control/share/control/package.sh'
[6.069s] INFO:colcon.colcon_core.shell:Creating package script '/home/olel/Projects/FPMagangBayu24/install/control/share/control/package.bash'
[6.069s] INFO:colcon.colcon_core.shell:Creating package script '/home/olel/Projects/FPMagangBayu24/install/control/share/control/package.zsh'
[6.070s] Level 1:colcon.colcon_core.environment:create_file_with_runtime_dependencies(/home/olel/Projects/FPMagangBayu24/install/control/share/colcon-core/packages/control)
[6.149s] Level 1:colcon.colcon_core.environment:create_environment_scripts_only(control)
[6.197s] Level 1:colcon.colcon_core.environment:checking '/home/olel/Projects/FPMagangBayu24/install/control' for CMake module files
[6.197s] Level 1:colcon.colcon_core.environment:checking '/home/olel/Projects/FPMagangBayu24/install/control' for CMake config files
[6.197s] Level 1:colcon.colcon_core.shell:create_environment_hook('control', 'cmake_prefix_path')
[6.246s] INFO:colcon.colcon_core.shell:Creating environment hook '/home/olel/Projects/FPMagangBayu24/install/control/share/control/hook/cmake_prefix_path.ps1'
[6.246s] INFO:colcon.colcon_core.shell:Creating environment descriptor '/home/olel/Projects/FPMagangBayu24/install/control/share/control/hook/cmake_prefix_path.dsv'
[6.247s] INFO:colcon.colcon_core.shell:Creating environment hook '/home/olel/Projects/FPMagangBayu24/install/control/share/control/hook/cmake_prefix_path.sh'
[6.247s] Level 1:colcon.colcon_core.environment:checking '/home/olel/Projects/FPMagangBayu24/install/control/lib'
[6.247s] Level 1:colcon.colcon_core.environment:checking '/home/olel/Projects/FPMagangBayu24/install/control/bin'
[6.247s] Level 1:colcon.colcon_core.environment:checking '/home/olel/Projects/FPMagangBayu24/install/control/lib/pkgconfig/control.pc'
[6.247s] Level 1:colcon.colcon_core.environment:checking '/home/olel/Projects/FPMagangBayu24/install/control/lib/python3.8/site-packages'
[6.247s] Level 1:colcon.colcon_core.environment:checking '/home/olel/Projects/FPMagangBayu24/install/control/bin'
[6.304s] INFO:colcon.colcon_core.shell:Creating package script '/home/olel/Projects/FPMagangBayu24/install/control/share/control/package.ps1'
[6.304s] INFO:colcon.colcon_core.shell:Creating package descriptor '/home/olel/Projects/FPMagangBayu24/install/control/share/control/package.dsv'
[6.304s] INFO:colcon.colcon_core.shell:Creating package script '/home/olel/Projects/FPMagangBayu24/install/control/share/control/package.sh'
[6.305s] INFO:colcon.colcon_core.shell:Creating package script '/home/olel/Projects/FPMagangBayu24/install/control/share/control/package.bash'
[6.305s] INFO:colcon.colcon_core.shell:Creating package script '/home/olel/Projects/FPMagangBayu24/install/control/share/control/package.zsh'
[6.305s] Level 1:colcon.colcon_core.environment:create_file_with_runtime_dependencies(/home/olel/Projects/FPMagangBayu24/install/control/share/colcon-core/packages/control)
[6.306s] DEBUG:colcon.colcon_parallel_executor.executor.parallel:closing loop
[6.306s] DEBUG:colcon.colcon_parallel_executor.executor.parallel:loop closed
[6.306s] DEBUG:colcon.colcon_parallel_executor.executor.parallel:run_until_complete finished with '0'
[6.306s] DEBUG:colcon.colcon_core.event_reactor:joining thread
[6.367s] INFO:colcon.colcon_core.plugin_system:Skipping extension 'colcon_notification.desktop_notification.terminal_notifier': Not used on non-Darwin systems
[6.367s] INFO:colcon.colcon_core.plugin_system:Skipping extension 'colcon_notification.desktop_notification.win32': Not used on non-Windows systems
[6.367s] INFO:colcon.colcon_notification.desktop_notification:Sending desktop notification using 'notify2'
[6.386s] DEBUG:colcon.colcon_core.event_reactor:joined thread
[6.437s] INFO:colcon.colcon_core.shell:Creating prefix script '/home/olel/Projects/FPMagangBayu24/install/local_setup.ps1'
[6.438s] INFO:colcon.colcon_core.shell:Creating prefix util module '/home/olel/Projects/FPMagangBayu24/install/_local_setup_util_ps1.py'
[6.439s] INFO:colcon.colcon_core.shell:Creating prefix chain script '/home/olel/Projects/FPMagangBayu24/install/setup.ps1'
[6.489s] INFO:colcon.colcon_core.shell:Creating prefix script '/home/olel/Projects/FPMagangBayu24/install/local_setup.sh'
[6.489s] INFO:colcon.colcon_core.shell:Creating prefix util module '/home/olel/Projects/FPMagangBayu24/install/_local_setup_util_sh.py'
[6.489s] INFO:colcon.colcon_core.shell:Creating prefix chain script '/home/olel/Projects/FPMagangBayu24/install/setup.sh'
[6.544s] INFO:colcon.colcon_core.shell:Creating prefix script '/home/olel/Projects/FPMagangBayu24/install/local_setup.bash'
[6.544s] INFO:colcon.colcon_core.shell:Creating prefix chain script '/home/olel/Projects/FPMagangBayu24/install/setup.bash'
[6.601s] INFO:colcon.colcon_core.shell:Creating prefix script '/home/olel/Projects/FPMagangBayu24/install/local_setup.zsh'
[6.601s] INFO:colcon.colcon_core.shell:Creating prefix chain script '/home/olel/Projects/FPMagangBayu24/install/setup.zsh'
