[0.610s] Invoking command in '/home/olel/Projects/FPMagangBayu24/src/vision': PYTHONPATH=/home/olel/Projects/FPMagangBayu24/build/vision/prefix_override:/home/olel/Projects/FPMagangBayu24/install/vision/lib/python3.8/site-packages: /usr/bin/python3 setup.py egg_info --egg-base ../../build/vision build --build-base /home/olel/Projects/FPMagangBayu24/build/vision/build install --record /home/olel/Projects/FPMagangBayu24/build/vision/install.log --install-scripts $base/lib/vision --single-version-externally-managed
[0.722s] running egg_info
[0.723s] writing ../../build/vision/vision.egg-info/PKG-INFO
[0.723s] writing dependency_links to ../../build/vision/vision.egg-info/dependency_links.txt
[0.723s] writing entry points to ../../build/vision/vision.egg-info/entry_points.txt
[0.723s] writing requirements to ../../build/vision/vision.egg-info/requires.txt
[0.723s] writing top-level names to ../../build/vision/vision.egg-info/top_level.txt
[0.748s] reading manifest file '../../build/vision/vision.egg-info/SOURCES.txt'
[0.748s] writing manifest file '../../build/vision/vision.egg-info/SOURCES.txt'
[0.749s] running build
[0.749s] running build_py
[0.749s] copying vision/visioner.py -> /home/olel/Projects/FPMagangBayu24/build/vision/build/lib/vision
[0.749s] running install
[0.749s] running install_lib
[0.750s] copying /home/olel/Projects/FPMagangBayu24/build/vision/build/lib/vision/visioner.py -> /home/olel/Projects/FPMagangBayu24/install/vision/lib/python3.8/site-packages/vision
[0.750s] byte-compiling /home/olel/Projects/FPMagangBayu24/install/vision/lib/python3.8/site-packages/vision/visioner.py to visioner.cpython-38.pyc
[0.751s] running install_data
[0.751s] running install_egg_info
[0.752s] removing '/home/olel/Projects/FPMagangBayu24/install/vision/lib/python3.8/site-packages/vision-0.0.0-py3.8.egg-info' (and everything under it)
[0.753s] Copying ../../build/vision/vision.egg-info to /home/olel/Projects/FPMagangBayu24/install/vision/lib/python3.8/site-packages/vision-0.0.0-py3.8.egg-info
[0.753s] running install_scripts
[0.764s] Installing bot_vision script to /home/olel/Projects/FPMagangBayu24/install/vision/lib/vision
[0.764s] writing list of installed files to '/home/olel/Projects/FPMagangBayu24/build/vision/install.log'
[0.776s] Invoked command in '/home/olel/Projects/FPMagangBayu24/src/vision' returned '0': PYTHONPATH=/home/olel/Projects/FPMagangBayu24/build/vision/prefix_override:/home/olel/Projects/FPMagangBayu24/install/vision/lib/python3.8/site-packages: /usr/bin/python3 setup.py egg_info --egg-base ../../build/vision build --build-base /home/olel/Projects/FPMagangBayu24/build/vision/build install --record /home/olel/Projects/FPMagangBayu24/build/vision/install.log --install-scripts $base/lib/vision --single-version-externally-managed
