[0.102s] Invoking command in '/home/olel/Projects/FPMagangBayu24/build/control': /usr/bin/cmake --build /home/olel/Projects/FPMagangBayu24/build/control -- -j16 -l16
[0.145s] [35m[1mScanning dependencies of target bot_control[0m
[0.175s] [ 50%] [32mBuilding CXX object CMakeFiles/bot_control.dir/src/processor.cpp.o[0m
[1.068s] [01m[K/home/olel/Projects/FPMagangBayu24/src/control/src/processor.cpp:[m[K In member function ‘[01m[Kvoid ControllerTicTacToe::topic_callback(std_msgs::msg::String_<std::allocator<void> >::SharedPtr) const[m[K’:
[1.068s] [01m[K/home/olel/Projects/FPMagangBayu24/src/control/src/processor.cpp:45:40:[m[K [01;31m[Kerror: [m[Kpassing ‘[01m[Kconst string[m[K’ {aka ‘[01m[Kconst std::__cxx11::basic_string<char>[m[K’} as ‘[01m[Kthis[m[K’ argument discards qualifiers [[01;31m[K-fpermissive[m[K]
[1.068s]    45 |       this->strBoard = msg->data.c_str([01;31m[K)[m[K;
[1.068s]       |                                        [01;31m[K^[m[K
[1.068s] In file included from [01m[K/usr/include/c++/9/string:55[m[K,
[1.068s]                  from [01m[K/usr/include/c++/9/stdexcept:39[m[K,
[1.068s]                  from [01m[K/usr/include/c++/9/array:39[m[K,
[1.068s]                  from [01m[K/usr/include/c++/9/tuple:39[m[K,
[1.069s]                  from [01m[K/usr/include/c++/9/functional:54[m[K,
[1.069s]                  from [01m[K/home/olel/Projects/FPMagangBayu24/src/control/src/processor.cpp:2[m[K:
[1.069s] [01m[K/usr/include/c++/9/bits/basic_string.h:708:7:[m[K [01;36m[Knote: [m[K  in call to ‘[01m[Kstd::__cxx11::basic_string<_CharT, _Traits, _Alloc>& std::__cxx11::basic_string<_CharT, _Traits, _Alloc>::operator=(const _CharT*) [with _CharT = char; _Traits = std::char_traits<char>; _Alloc = std::allocator<char>][m[K’
[1.069s]   708 |       [01;36m[Koperator[m[K=(const _CharT* __s)
[1.069s]       |       [01;36m[K^~~~~~~~[m[K
[1.069s] [01m[K/home/olel/Projects/FPMagangBayu24/src/control/src/processor.cpp:48:60:[m[K [01;31m[Kerror: [m[Kpassing ‘[01m[Kconst ControllerTicTacToe[m[K’ as ‘[01m[Kthis[m[K’ argument discards qualifiers [[01;31m[K-fpermissive[m[K]
[1.069s]    48 |       std::vector<int> vecBoard = string2vec(this->strBoard[01;31m[K)[m[K;
[1.069s]       |                                                            [01;31m[K^[m[K
[1.069s] [01m[K/home/olel/Projects/FPMagangBayu24/src/control/src/processor.cpp:32:22:[m[K [01;36m[Knote: [m[K  in call to ‘[01m[Kstd::vector<int> ControllerTicTacToe::string2vec(std::string)[m[K’
[1.069s]    32 |     std::vector<int> [01;36m[Kstring2vec[m[K(std::string strBoard)
[1.069s]       |                      [01;36m[K^~~~~~~~~~[m[K
[1.072s] [01m[K/home/olel/Projects/FPMagangBayu24/src/control/src/processor.cpp:[m[K In member function ‘[01m[Kbool ControllerTicTacToe::checkWin(std::vector<int>, int)[m[K’:
[1.072s] [01m[K/home/olel/Projects/FPMagangBayu24/src/control/src/processor.cpp:82:36:[m[K [01;35m[Kwarning: [m[Kunused parameter ‘[01m[KboardState[m[K’ [[01;35m[K-Wunused-parameter[m[K]
[1.072s]    82 |     bool checkWin([01;35m[Kstd::vector<int> boardState[m[K, int player)
[1.072s]       |                   [01;35m[K~~~~~~~~~~~~~~~~~^~~~~~~~~~[m[K
[1.073s] [01m[K/home/olel/Projects/FPMagangBayu24/src/control/src/processor.cpp:82:52:[m[K [01;35m[Kwarning: [m[Kunused parameter ‘[01m[Kplayer[m[K’ [[01;35m[K-Wunused-parameter[m[K]
[1.073s]    82 |     bool checkWin(std::vector<int> boardState, [01;35m[Kint player[m[K)
[1.073s]       |                                                [01;35m[K~~~~^~~~~~[m[K
[1.073s] [01m[K/home/olel/Projects/FPMagangBayu24/src/control/src/processor.cpp:[m[K In member function ‘[01m[Kint ControllerTicTacToe::moveScore(std::vector<int>, int)[m[K’:
[1.073s] [01m[K/home/olel/Projects/FPMagangBayu24/src/control/src/processor.cpp:88:36:[m[K [01;35m[Kwarning: [m[Kunused parameter ‘[01m[KboardState[m[K’ [[01;35m[K-Wunused-parameter[m[K]
[1.073s]    88 |     int moveScore([01;35m[Kstd::vector<int> boardState[m[K, int Player)
[1.073s]       |                   [01;35m[K~~~~~~~~~~~~~~~~~^~~~~~~~~~[m[K
[1.073s] [01m[K/home/olel/Projects/FPMagangBayu24/src/control/src/processor.cpp:88:52:[m[K [01;35m[Kwarning: [m[Kunused parameter ‘[01m[KPlayer[m[K’ [[01;35m[K-Wunused-parameter[m[K]
[1.073s]    88 |     int moveScore(std::vector<int> boardState, [01;35m[Kint Player[m[K)
[1.073s]       |                                                [01;35m[K~~~~^~~~~~[m[K
[1.073s] [01m[K/home/olel/Projects/FPMagangBayu24/src/control/src/processor.cpp:[m[K In member function ‘[01m[Kint ControllerTicTacToe::determine(std::vector<int>)[m[K’:
[1.073s] [01m[K/home/olel/Projects/FPMagangBayu24/src/control/src/processor.cpp:98:36:[m[K [01;35m[Kwarning: [m[Kunused parameter ‘[01m[KboardState[m[K’ [[01;35m[K-Wunused-parameter[m[K]
[1.074s]    98 |     int determine([01;35m[Kstd::vector<int> boardState[m[K)
[1.074s]       |                   [01;35m[K~~~~~~~~~~~~~~~~~^~~~~~~~~~[m[K
[2.204s] make[2]: *** [CMakeFiles/bot_control.dir/build.make:63: CMakeFiles/bot_control.dir/src/processor.cpp.o] Error 1
[2.204s] make[1]: *** [CMakeFiles/Makefile2:78: CMakeFiles/bot_control.dir/all] Error 2
[2.204s] make: *** [Makefile:141: all] Error 2
[2.208s] Invoked command in '/home/olel/Projects/FPMagangBayu24/build/control' returned '2': /usr/bin/cmake --build /home/olel/Projects/FPMagangBayu24/build/control -- -j16 -l16
