[0.126s] Invoking command in '/home/olel/Projects/FPMagangBayu24/build/control': /usr/bin/cmake --build /home/olel/Projects/FPMagangBayu24/build/control -- -j16 -l16
[0.193s] [100%] Built target bot_control
[0.201s] Invoked command in '/home/olel/Projects/FPMagangBayu24/build/control' returned '0': /usr/bin/cmake --build /home/olel/Projects/FPMagangBayu24/build/control -- -j16 -l16
[0.236s] Invoking command in '/home/olel/Projects/FPMagangBayu24/build/control': /usr/bin/cmake --install /home/olel/Projects/FPMagangBayu24/build/control
[0.243s] -- Install configuration: ""
[0.244s] -- Up-to-date: /home/olel/Projects/FPMagangBayu24/install/control/lib/control/bot_control
[0.244s] -- Up-to-date: /home/olel/Projects/FPMagangBayu24/install/control/share/ament_index/resource_index/package_run_dependencies/control
[0.244s] -- Up-to-date: /home/olel/Projects/FPMagangBayu24/install/control/share/ament_index/resource_index/parent_prefix_path/control
[0.244s] -- Up-to-date: /home/olel/Projects/FPMagangBayu24/install/control/share/control/environment/ament_prefix_path.sh
[0.244s] -- Up-to-date: /home/olel/Projects/FPMagangBayu24/install/control/share/control/environment/ament_prefix_path.dsv
[0.244s] -- Up-to-date: /home/olel/Projects/FPMagangBayu24/install/control/share/control/environment/path.sh
[0.244s] -- Up-to-date: /home/olel/Projects/FPMagangBayu24/install/control/share/control/environment/path.dsv
[0.244s] -- Up-to-date: /home/olel/Projects/FPMagangBayu24/install/control/share/control/local_setup.bash
[0.244s] -- Up-to-date: /home/olel/Projects/FPMagangBayu24/install/control/share/control/local_setup.sh
[0.244s] -- Up-to-date: /home/olel/Projects/FPMagangBayu24/install/control/share/control/local_setup.zsh
[0.245s] -- Up-to-date: /home/olel/Projects/FPMagangBayu24/install/control/share/control/local_setup.dsv
[0.245s] -- Installing: /home/olel/Projects/FPMagangBayu24/install/control/share/control/package.dsv
[0.245s] -- Up-to-date: /home/olel/Projects/FPMagangBayu24/install/control/share/ament_index/resource_index/packages/control
[0.245s] -- Up-to-date: /home/olel/Projects/FPMagangBayu24/install/control/share/control/cmake/controlConfig.cmake
[0.245s] -- Up-to-date: /home/olel/Projects/FPMagangBayu24/install/control/share/control/cmake/controlConfig-version.cmake
[0.245s] -- Up-to-date: /home/olel/Projects/FPMagangBayu24/install/control/share/control/package.xml
[0.246s] Invoked command in '/home/olel/Projects/FPMagangBayu24/build/control' returned '0': /usr/bin/cmake --install /home/olel/Projects/FPMagangBayu24/build/control
