[0.990s] Invoking command in '/home/olel/Projects/FPMagangBayu24/src/vision': PYTHONPATH=/home/olel/Projects/FPMagangBayu24/build/vision/prefix_override:/home/olel/Projects/FPMagangBayu24/install/vision/lib/python3.8/site-packages:${PYTHONPATH} /usr/bin/python3 setup.py egg_info --egg-base ../../build/vision build --build-base /home/olel/Projects/FPMagangBayu24/build/vision/build install --record /home/olel/Projects/FPMagangBayu24/build/vision/install.log --install-scripts $base/lib/vision --single-version-externally-managed
[1.133s] running egg_info
[1.133s] creating ../../build/vision/vision.egg-info
[1.134s] writing ../../build/vision/vision.egg-info/PKG-INFO
[1.134s] writing dependency_links to ../../build/vision/vision.egg-info/dependency_links.txt
[1.134s] writing entry points to ../../build/vision/vision.egg-info/entry_points.txt
[1.134s] writing requirements to ../../build/vision/vision.egg-info/requires.txt
[1.134s] writing top-level names to ../../build/vision/vision.egg-info/top_level.txt
[1.135s] writing manifest file '../../build/vision/vision.egg-info/SOURCES.txt'
[1.163s] reading manifest file '../../build/vision/vision.egg-info/SOURCES.txt'
[1.164s] writing manifest file '../../build/vision/vision.egg-info/SOURCES.txt'
[1.164s] running build
[1.164s] running build_py
[1.164s] creating /home/olel/Projects/FPMagangBayu24/build/vision/build
[1.164s] creating /home/olel/Projects/FPMagangBayu24/build/vision/build/lib
[1.164s] creating /home/olel/Projects/FPMagangBayu24/build/vision/build/lib/vision
[1.164s] copying vision/visioner.py -> /home/olel/Projects/FPMagangBayu24/build/vision/build/lib/vision
[1.164s] copying vision/__init__.py -> /home/olel/Projects/FPMagangBayu24/build/vision/build/lib/vision
[1.164s] running install
[1.165s] running install_lib
[1.165s] creating /home/olel/Projects/FPMagangBayu24/install/vision/lib/python3.8/site-packages/vision
[1.165s] copying /home/olel/Projects/FPMagangBayu24/build/vision/build/lib/vision/visioner.py -> /home/olel/Projects/FPMagangBayu24/install/vision/lib/python3.8/site-packages/vision
[1.165s] copying /home/olel/Projects/FPMagangBayu24/build/vision/build/lib/vision/__init__.py -> /home/olel/Projects/FPMagangBayu24/install/vision/lib/python3.8/site-packages/vision
[1.166s] byte-compiling /home/olel/Projects/FPMagangBayu24/install/vision/lib/python3.8/site-packages/vision/visioner.py to visioner.cpython-38.pyc
[1.167s] byte-compiling /home/olel/Projects/FPMagangBayu24/install/vision/lib/python3.8/site-packages/vision/__init__.py to __init__.cpython-38.pyc
[1.167s] running install_data
[1.167s] creating /home/olel/Projects/FPMagangBayu24/install/vision/share/ament_index
[1.167s] creating /home/olel/Projects/FPMagangBayu24/install/vision/share/ament_index/resource_index
[1.167s] creating /home/olel/Projects/FPMagangBayu24/install/vision/share/ament_index/resource_index/packages
[1.167s] copying resource/vision -> /home/olel/Projects/FPMagangBayu24/install/vision/share/ament_index/resource_index/packages
[1.168s] copying package.xml -> /home/olel/Projects/FPMagangBayu24/install/vision/share/vision
[1.168s] running install_egg_info
[1.168s] Copying ../../build/vision/vision.egg-info to /home/olel/Projects/FPMagangBayu24/install/vision/lib/python3.8/site-packages/vision-0.0.0-py3.8.egg-info
[1.169s] running install_scripts
[1.181s] Installing bot_vision script to /home/olel/Projects/FPMagangBayu24/install/vision/lib/vision
[1.181s] writing list of installed files to '/home/olel/Projects/FPMagangBayu24/build/vision/install.log'
[1.199s] Invoked command in '/home/olel/Projects/FPMagangBayu24/src/vision' returned '0': PYTHONPATH=/home/olel/Projects/FPMagangBayu24/build/vision/prefix_override:/home/olel/Projects/FPMagangBayu24/install/vision/lib/python3.8/site-packages:${PYTHONPATH} /usr/bin/python3 setup.py egg_info --egg-base ../../build/vision build --build-base /home/olel/Projects/FPMagangBayu24/build/vision/build install --record /home/olel/Projects/FPMagangBayu24/build/vision/install.log --install-scripts $base/lib/vision --single-version-externally-managed
