[0.206s] Invoking command in '/home/olel/Projects/FPMagangBayu24/build/translator': AMENT_PREFIX_PATH=/home/olel/Projects/FPMagangBayu24/install/arm_interfaces:${AMENT_PREFIX_PATH} CMAKE_PREFIX_PATH=/home/olel/Projects/FPMagangBayu24/install/arm_interfaces LD_LIBRARY_PATH=/home/olel/Projects/FPMagangBayu24/install/arm_interfaces/lib:${LD_LIBRARY_PATH} PYTHONPATH=/home/olel/Projects/FPMagangBayu24/install/arm_interfaces/lib/python3.8/site-packages:${PYTHONPATH} /usr/local/bin/cmake /home/olel/Projects/FPMagangBayu24/src/translator -DCMAKE_INSTALL_PREFIX=/home/olel/Projects/FPMagangBayu24/install/translator
[0.271s] -- The C compiler identification is GNU 9.4.0
[0.331s] -- The CXX compiler identification is GNU 9.4.0
[0.342s] -- Detecting C compiler ABI info
[0.402s] -- Detecting C compiler ABI info - done
[0.419s] -- Check for working C compiler: /usr/bin/cc - skipped
[0.419s] -- Detecting C compile features
[0.420s] -- Detecting C compile features - done
[0.423s] -- Detecting CXX compiler ABI info
[0.488s] -- Detecting CXX compiler ABI info - done
[0.506s] -- Check for working CXX compiler: /usr/bin/c++ - skipped
[0.507s] -- Detecting CXX compile features
[0.507s] -- Detecting CXX compile features - done
[0.509s] -- Found ament_cmake: 0.9.12 (/opt/ros/foxy/share/ament_cmake/cmake)
[0.512s] [33mCMake Warning (dev) at /opt/ros/foxy/share/ament_cmake_core/cmake/core/python.cmake:22 (find_package):
[0.512s]   Policy CMP0148 is not set: The FindPythonInterp and FindPythonLibs modules
[0.512s]   are removed.  Run "cmake --help-policy CMP0148" for policy details.  Use
[0.512s]   the cmake_policy command to set the policy and suppress this warning.
[0.512s] 
[0.512s] Call Stack (most recent call first):
[0.512s]   /opt/ros/foxy/share/ament_cmake_core/cmake/core/all.cmake:53 (include)
[0.513s]   /opt/ros/foxy/share/ament_cmake_core/cmake/ament_cmake_core-extras.cmake:17 (include)
[0.513s]   /opt/ros/foxy/share/ament_cmake_core/cmake/ament_cmake_coreConfig.cmake:41 (include)
[0.513s]   /opt/ros/foxy/share/ament_cmake/cmake/ament_cmake_export_dependencies-extras.cmake:15 (find_package)
[0.513s]   /opt/ros/foxy/share/ament_cmake/cmake/ament_cmakeConfig.cmake:41 (include)
[0.513s]   CMakeLists.txt:19 (find_package)
[0.513s] This warning is for project developers.  Use -Wno-dev to suppress it.
[0.513s] [0m
[0.530s] -- Found PythonInterp: /usr/bin/python3 (found suitable version "3.8.10", minimum required is "3")
[0.530s] -- Using PYTHON_EXECUTABLE: /usr/bin/python3
[0.680s] -- Found rclcpp: 2.4.3 (/opt/ros/foxy/share/rclcpp/cmake)
[0.727s] -- Using all available rosidl_typesupport_c: rosidl_typesupport_fastrtps_c;rosidl_typesupport_introspection_c
[0.731s] -- Found rosidl_adapter: 1.3.1 (/opt/ros/foxy/share/rosidl_adapter/cmake)
[0.803s] -- Found OpenSSL: /usr/lib/x86_64-linux-gnu/libcrypto.so (found version "1.1.1f")
[0.830s] -- Found FastRTPS: /opt/ros/foxy/include
[0.891s] -- Using all available rosidl_typesupport_cpp: rosidl_typesupport_fastrtps_cpp;rosidl_typesupport_introspection_cpp
[0.951s] -- Found rmw_implementation_cmake: 1.0.4 (/opt/ros/foxy/share/rmw_implementation_cmake/cmake)
[0.953s] -- Using RMW implementation 'rmw_fastrtps_cpp' as default
[0.956s] -- Performing Test CMAKE_HAVE_LIBC_PTHREAD
[1.013s] -- Performing Test CMAKE_HAVE_LIBC_PTHREAD - Failed
[1.013s] -- Looking for pthread_create in pthreads
[1.066s] -- Looking for pthread_create in pthreads - not found
[1.067s] -- Looking for pthread_create in pthread
[1.133s] -- Looking for pthread_create in pthread - found
[1.135s] -- Found Threads: TRUE
[1.250s] -- Found arm_interfaces: 0.0.0 (/home/olel/Projects/FPMagangBayu24/install/arm_interfaces/share/arm_interfaces/cmake)
[1.256s] [31mCMake Error at /opt/ros/foxy/share/ament_cmake_target_dependencies/cmake/ament_target_dependencies.cmake:42 (message):
[1.256s]   ament_target_dependencies() the first argument must be a valid target name
[1.257s] Call Stack (most recent call first):
[1.257s]   CMakeLists.txt:27 (ament_target_dependencies)
[1.257s] 
[1.257s] [0m
[1.257s] -- Configuring incomplete, errors occurred!
[1.266s] Invoked command in '/home/olel/Projects/FPMagangBayu24/build/translator' returned '1': AMENT_PREFIX_PATH=/home/olel/Projects/FPMagangBayu24/install/arm_interfaces:${AMENT_PREFIX_PATH} CMAKE_PREFIX_PATH=/home/olel/Projects/FPMagangBayu24/install/arm_interfaces LD_LIBRARY_PATH=/home/olel/Projects/FPMagangBayu24/install/arm_interfaces/lib:${LD_LIBRARY_PATH} PYTHONPATH=/home/olel/Projects/FPMagangBayu24/install/arm_interfaces/lib/python3.8/site-packages:${PYTHONPATH} /usr/local/bin/cmake /home/olel/Projects/FPMagangBayu24/src/translator -DCMAKE_INSTALL_PREFIX=/home/olel/Projects/FPMagangBayu24/install/translator
