[0.701s] Invoking command in '/home/olel/Projects/FPMagangBayu24/src/vision': AMENT_PREFIX_PATH=/home/olel/Projects/FPMagangBayu24/install/arm_interfaces CMAKE_PREFIX_PATH=/home/olel/Projects/FPMagangBayu24/install/arm_interfaces LD_LIBRARY_PATH=/home/olel/Projects/FPMagangBayu24/install/arm_interfaces/lib PYTHONPATH=/home/olel/Projects/FPMagangBayu24/build/vision/prefix_override:/home/olel/Projects/FPMagangBayu24/install/vision/lib/python3.8/site-packages:/home/olel/Projects/FPMagangBayu24/install/arm_interfaces/lib/python3.8/site-packages /usr/bin/python3 setup.py egg_info --egg-base ../../build/vision build --build-base /home/olel/Projects/FPMagangBayu24/build/vision/build install --record /home/olel/Projects/FPMagangBayu24/build/vision/install.log --install-scripts $base/lib/vision --single-version-externally-managed
[0.832s] running egg_info
[0.832s] writing ../../build/vision/vision.egg-info/PKG-INFO
[0.833s] writing dependency_links to ../../build/vision/vision.egg-info/dependency_links.txt
[0.833s] writing entry points to ../../build/vision/vision.egg-info/entry_points.txt
[0.833s] writing requirements to ../../build/vision/vision.egg-info/requires.txt
[0.834s] writing top-level names to ../../build/vision/vision.egg-info/top_level.txt
[0.857s] reading manifest file '../../build/vision/vision.egg-info/SOURCES.txt'
[0.858s] writing manifest file '../../build/vision/vision.egg-info/SOURCES.txt'
[0.859s] running build
[0.859s] running build_py
[0.859s] copying vision/visioner.py -> /home/olel/Projects/FPMagangBayu24/build/vision/build/lib/vision
[0.859s] running install
[0.859s] running install_lib
[0.860s] copying /home/olel/Projects/FPMagangBayu24/build/vision/build/lib/vision/visioner.py -> /home/olel/Projects/FPMagangBayu24/install/vision/lib/python3.8/site-packages/vision
[0.860s] byte-compiling /home/olel/Projects/FPMagangBayu24/install/vision/lib/python3.8/site-packages/vision/visioner.py to visioner.cpython-38.pyc
[0.863s] running install_data
[0.863s] running install_egg_info
[0.864s] removing '/home/olel/Projects/FPMagangBayu24/install/vision/lib/python3.8/site-packages/vision-0.0.0-py3.8.egg-info' (and everything under it)
[0.864s] Copying ../../build/vision/vision.egg-info to /home/olel/Projects/FPMagangBayu24/install/vision/lib/python3.8/site-packages/vision-0.0.0-py3.8.egg-info
[0.865s] running install_scripts
[0.877s] Installing bot_vision script to /home/olel/Projects/FPMagangBayu24/install/vision/lib/vision
[0.877s] writing list of installed files to '/home/olel/Projects/FPMagangBayu24/build/vision/install.log'
[0.893s] Invoked command in '/home/olel/Projects/FPMagangBayu24/src/vision' returned '0': AMENT_PREFIX_PATH=/home/olel/Projects/FPMagangBayu24/install/arm_interfaces CMAKE_PREFIX_PATH=/home/olel/Projects/FPMagangBayu24/install/arm_interfaces LD_LIBRARY_PATH=/home/olel/Projects/FPMagangBayu24/install/arm_interfaces/lib PYTHONPATH=/home/olel/Projects/FPMagangBayu24/build/vision/prefix_override:/home/olel/Projects/FPMagangBayu24/install/vision/lib/python3.8/site-packages:/home/olel/Projects/FPMagangBayu24/install/arm_interfaces/lib/python3.8/site-packages /usr/bin/python3 setup.py egg_info --egg-base ../../build/vision build --build-base /home/olel/Projects/FPMagangBayu24/build/vision/build install --record /home/olel/Projects/FPMagangBayu24/build/vision/install.log --install-scripts $base/lib/vision --single-version-externally-managed
