[0.286s] Invoking command in '/home/olel/Projects/FPMagangBayu24/build/translator': CMAKE_PREFIX_PATH=/home/olel/Projects/FPMagangBayu24/install/arm_interfaces:/home/olel/Projects/FPMagangBayu24/install/translator:/home/olel/Projects/FPMagangBayu24/install/control:/home/olel/Projects/FPMagangBayu24/install/vision:/opt/ros/foxy PYTHONPATH=/home/olel/Projects/FPMagangBayu24/install/arm_interfaces/lib/python3.8/site-packages:/home/olel/Projects/FPMagangBayu24/install/vision/lib/python3.8/site-packages:/opt/ros/foxy/lib/python3.8/site-packages /usr/local/bin/cmake --build /home/olel/Projects/FPMagangBayu24/build/translator -- -j16 -l16
[0.322s] [ 50%] [32mBuilding CXX object CMakeFiles/bot_translator.dir/src/translator.cpp.o[0m
[1.752s] [01m[K/home/olel/Projects/FPMagangBayu24/src/translator/src/translator.cpp:[m[K In member function ‘[01m[Kvoid TranslatorTicTacToe::timer_callback(std::vector<float>)[m[K’:
[1.753s] [01m[K/home/olel/Projects/FPMagangBayu24/src/translator/src/translator.cpp:99:44:[m[K [01;35m[Kwarning: [m[Kunused parameter ‘[01m[KServoMoves[m[K’ [[01;35m[K-Wunused-parameter[m[K]
[1.753s]    99 |     void timer_callback([01;35m[Kstd::vector<float> ServoMoves[m[K)
[1.753s]       |                         [01;35m[K~~~~~~~~~~~~~~~~~~~^~~~~~~~~~[m[K
[4.848s] [100%] [32m[1mLinking CXX executable bot_translator[0m
[5.110s] [100%] Built target bot_translator
[5.116s] Invoked command in '/home/olel/Projects/FPMagangBayu24/build/translator' returned '0': CMAKE_PREFIX_PATH=/home/olel/Projects/FPMagangBayu24/install/arm_interfaces:/home/olel/Projects/FPMagangBayu24/install/translator:/home/olel/Projects/FPMagangBayu24/install/control:/home/olel/Projects/FPMagangBayu24/install/vision:/opt/ros/foxy PYTHONPATH=/home/olel/Projects/FPMagangBayu24/install/arm_interfaces/lib/python3.8/site-packages:/home/olel/Projects/FPMagangBayu24/install/vision/lib/python3.8/site-packages:/opt/ros/foxy/lib/python3.8/site-packages /usr/local/bin/cmake --build /home/olel/Projects/FPMagangBayu24/build/translator -- -j16 -l16
[5.146s] Invoking command in '/home/olel/Projects/FPMagangBayu24/build/translator': CMAKE_PREFIX_PATH=/home/olel/Projects/FPMagangBayu24/install/arm_interfaces:/home/olel/Projects/FPMagangBayu24/install/translator:/home/olel/Projects/FPMagangBayu24/install/control:/home/olel/Projects/FPMagangBayu24/install/vision:/opt/ros/foxy PYTHONPATH=/home/olel/Projects/FPMagangBayu24/install/arm_interfaces/lib/python3.8/site-packages:/home/olel/Projects/FPMagangBayu24/install/vision/lib/python3.8/site-packages:/opt/ros/foxy/lib/python3.8/site-packages /usr/local/bin/cmake --install /home/olel/Projects/FPMagangBayu24/build/translator
[5.150s] -- Install configuration: ""
[5.152s] -- Installing: /home/olel/Projects/FPMagangBayu24/install/translator/lib/translator/bot_translator
[5.155s] -- Set non-toolchain portion of runtime path of "/home/olel/Projects/FPMagangBayu24/install/translator/lib/translator/bot_translator" to ""
[5.156s] -- Up-to-date: /home/olel/Projects/FPMagangBayu24/install/translator/share/ament_index/resource_index/package_run_dependencies/translator
[5.156s] -- Up-to-date: /home/olel/Projects/FPMagangBayu24/install/translator/share/ament_index/resource_index/parent_prefix_path/translator
[5.156s] -- Up-to-date: /home/olel/Projects/FPMagangBayu24/install/translator/share/translator/environment/ament_prefix_path.sh
[5.156s] -- Up-to-date: /home/olel/Projects/FPMagangBayu24/install/translator/share/translator/environment/ament_prefix_path.dsv
[5.156s] -- Up-to-date: /home/olel/Projects/FPMagangBayu24/install/translator/share/translator/environment/path.sh
[5.156s] -- Up-to-date: /home/olel/Projects/FPMagangBayu24/install/translator/share/translator/environment/path.dsv
[5.156s] -- Up-to-date: /home/olel/Projects/FPMagangBayu24/install/translator/share/translator/local_setup.bash
[5.156s] -- Up-to-date: /home/olel/Projects/FPMagangBayu24/install/translator/share/translator/local_setup.sh
[5.156s] -- Up-to-date: /home/olel/Projects/FPMagangBayu24/install/translator/share/translator/local_setup.zsh
[5.156s] -- Up-to-date: /home/olel/Projects/FPMagangBayu24/install/translator/share/translator/local_setup.dsv
[5.156s] -- Installing: /home/olel/Projects/FPMagangBayu24/install/translator/share/translator/package.dsv
[5.157s] -- Up-to-date: /home/olel/Projects/FPMagangBayu24/install/translator/share/ament_index/resource_index/packages/translator
[5.157s] -- Up-to-date: /home/olel/Projects/FPMagangBayu24/install/translator/share/translator/cmake/translatorConfig.cmake
[5.157s] -- Up-to-date: /home/olel/Projects/FPMagangBayu24/install/translator/share/translator/cmake/translatorConfig-version.cmake
[5.157s] -- Up-to-date: /home/olel/Projects/FPMagangBayu24/install/translator/share/translator/package.xml
[5.158s] Invoked command in '/home/olel/Projects/FPMagangBayu24/build/translator' returned '0': CMAKE_PREFIX_PATH=/home/olel/Projects/FPMagangBayu24/install/arm_interfaces:/home/olel/Projects/FPMagangBayu24/install/translator:/home/olel/Projects/FPMagangBayu24/install/control:/home/olel/Projects/FPMagangBayu24/install/vision:/opt/ros/foxy PYTHONPATH=/home/olel/Projects/FPMagangBayu24/install/arm_interfaces/lib/python3.8/site-packages:/home/olel/Projects/FPMagangBayu24/install/vision/lib/python3.8/site-packages:/opt/ros/foxy/lib/python3.8/site-packages /usr/local/bin/cmake --install /home/olel/Projects/FPMagangBayu24/build/translator
