[0.138s] Invoking command in '/home/olel/Projects/FPMagangBayu24/build/control': /usr/bin/cmake --build /home/olel/Projects/FPMagangBayu24/build/control -- -j16 -l16
[0.184s] [35m[1mScanning dependencies of target bot_control[0m
[0.214s] [ 50%] [32mBuilding CXX object CMakeFiles/bot_control.dir/src/processor.cpp.o[0m
[4.669s] [100%] [32m[1mLinking CXX executable bot_control[0m
[4.899s] [100%] Built target bot_control
[4.906s] Invoked command in '/home/olel/Projects/FPMagangBayu24/build/control' returned '0': /usr/bin/cmake --build /home/olel/Projects/FPMagangBayu24/build/control -- -j16 -l16
[4.953s] Invoking command in '/home/olel/Projects/FPMagangBayu24/build/control': /usr/bin/cmake --install /home/olel/Projects/FPMagangBayu24/build/control
[4.959s] -- Install configuration: ""
[4.959s] -- Installing: /home/olel/Projects/FPMagangBayu24/install/control/lib/control/bot_control
[4.961s] -- Set runtime path of "/home/olel/Projects/FPMagangBayu24/install/control/lib/control/bot_control" to ""
[4.961s] -- Up-to-date: /home/olel/Projects/FPMagangBayu24/install/control/share/ament_index/resource_index/package_run_dependencies/control
[4.961s] -- Up-to-date: /home/olel/Projects/FPMagangBayu24/install/control/share/ament_index/resource_index/parent_prefix_path/control
[4.961s] -- Up-to-date: /home/olel/Projects/FPMagangBayu24/install/control/share/control/environment/ament_prefix_path.sh
[4.961s] -- Up-to-date: /home/olel/Projects/FPMagangBayu24/install/control/share/control/environment/ament_prefix_path.dsv
[4.962s] -- Up-to-date: /home/olel/Projects/FPMagangBayu24/install/control/share/control/environment/path.sh
[4.962s] -- Up-to-date: /home/olel/Projects/FPMagangBayu24/install/control/share/control/environment/path.dsv
[4.962s] -- Up-to-date: /home/olel/Projects/FPMagangBayu24/install/control/share/control/local_setup.bash
[4.962s] -- Up-to-date: /home/olel/Projects/FPMagangBayu24/install/control/share/control/local_setup.sh
[4.963s] -- Up-to-date: /home/olel/Projects/FPMagangBayu24/install/control/share/control/local_setup.zsh
[4.963s] -- Up-to-date: /home/olel/Projects/FPMagangBayu24/install/control/share/control/local_setup.dsv
[4.963s] -- Installing: /home/olel/Projects/FPMagangBayu24/install/control/share/control/package.dsv
[4.963s] -- Up-to-date: /home/olel/Projects/FPMagangBayu24/install/control/share/ament_index/resource_index/packages/control
[4.963s] -- Up-to-date: /home/olel/Projects/FPMagangBayu24/install/control/share/control/cmake/controlConfig.cmake
[4.963s] -- Up-to-date: /home/olel/Projects/FPMagangBayu24/install/control/share/control/cmake/controlConfig-version.cmake
[4.964s] -- Up-to-date: /home/olel/Projects/FPMagangBayu24/install/control/share/control/package.xml
[4.965s] Invoked command in '/home/olel/Projects/FPMagangBayu24/build/control' returned '0': /usr/bin/cmake --install /home/olel/Projects/FPMagangBayu24/build/control
