[0.196s] Invoking command in '/home/olel/Projects/FPMagangBayu24/build/arm_interfaces': CMAKE_PREFIX_PATH=/opt/ros/foxy /usr/local/bin/cmake --build /home/olel/Projects/FPMagangBayu24/build/arm_interfaces -- -j16 -l16
[0.208s] -- Found ament_cmake: 0.9.12 (/opt/ros/foxy/share/ament_cmake/cmake)
[0.209s] [33mCMake Warning (dev) at /opt/ros/foxy/share/ament_cmake_core/cmake/core/python.cmake:22 (find_package):
[0.210s]   Policy CMP0148 is not set: The FindPythonInterp and FindPythonLibs modules
[0.210s]   are removed.  Run "cmake --help-policy CMP0148" for policy details.  Use
[0.210s]   the cmake_policy command to set the policy and suppress this warning.
[0.210s] 
[0.210s] Call Stack (most recent call first):
[0.210s]   /opt/ros/foxy/share/ament_cmake_core/cmake/core/all.cmake:53 (include)
[0.210s]   /opt/ros/foxy/share/ament_cmake_core/cmake/ament_cmake_core-extras.cmake:17 (include)
[0.210s]   /opt/ros/foxy/share/ament_cmake_core/cmake/ament_cmake_coreConfig.cmake:41 (include)
[0.210s]   /opt/ros/foxy/share/ament_cmake/cmake/ament_cmake_export_dependencies-extras.cmake:15 (find_package)
[0.210s]   /opt/ros/foxy/share/ament_cmake/cmake/ament_cmakeConfig.cmake:41 (include)
[0.211s]   CMakeLists.txt:18 (find_package)
[0.211s] This warning is for project developers.  Use -Wno-dev to suppress it.
[0.211s] [0m
[0.230s] -- Found PythonInterp: /usr/bin/python3 (found suitable version "3.8.10", minimum required is "3")
[0.230s] -- Using PYTHON_EXECUTABLE: /usr/bin/python3
[0.367s] -- Found rosidl_default_generators: 1.0.1 (/opt/ros/foxy/share/rosidl_default_generators/cmake)
[0.368s] -- Using all available rosidl_typesupport_c: rosidl_typesupport_fastrtps_c;rosidl_typesupport_introspection_c
[0.370s] -- Found rosidl_adapter: 1.3.1 (/opt/ros/foxy/share/rosidl_adapter/cmake)
[0.478s] -- Using all available rosidl_typesupport_cpp: rosidl_typesupport_fastrtps_cpp;rosidl_typesupport_introspection_cpp
[0.495s] [33mCMake Warning (dev) at /opt/ros/foxy/share/rosidl_adapter/cmake/rosidl_adapt_interfaces.cmake:40 (find_package):
[0.495s]   Policy CMP0148 is not set: The FindPythonInterp and FindPythonLibs modules
[0.495s]   are removed.  Run "cmake --help-policy CMP0148" for policy details.  Use
[0.495s]   the cmake_policy command to set the policy and suppress this warning.
[0.495s] 
[0.496s] Call Stack (most recent call first):
[0.496s]   /opt/ros/foxy/share/rosidl_cmake/cmake/rosidl_generate_interfaces.cmake:130 (rosidl_adapt_interfaces)
[0.496s]   CMakeLists.txt:21 (rosidl_generate_interfaces)
[0.496s] This warning is for project developers.  Use -Wno-dev to suppress it.
[0.496s] [0m
[0.517s] -- Found PythonInterp: /usr/bin/python3 (found version "3.8.10")
[0.608s] -- Found ament_cmake_ros: 0.9.2 (/opt/ros/foxy/share/ament_cmake_ros/cmake)
[0.680s] -- Using all available rosidl_typesupport_c: rosidl_typesupport_fastrtps_c;rosidl_typesupport_introspection_c
[0.683s] -- Using all available rosidl_typesupport_cpp: rosidl_typesupport_fastrtps_cpp;rosidl_typesupport_introspection_cpp
[0.685s] [33mCMake Warning (dev) at /opt/ros/foxy/share/rosidl_generator_py/cmake/rosidl_generator_py_generate_interfaces.cmake:20 (find_package):
[0.685s]   Policy CMP0148 is not set: The FindPythonInterp and FindPythonLibs modules
[0.685s]   are removed.  Run "cmake --help-policy CMP0148" for policy details.  Use
[0.685s]   the cmake_policy command to set the policy and suppress this warning.
[0.685s] 
[0.685s] Call Stack (most recent call first):
[0.685s]   /opt/ros/foxy/share/ament_cmake_core/cmake/core/ament_execute_extensions.cmake:48 (include)
[0.685s]   /opt/ros/foxy/share/rosidl_cmake/cmake/rosidl_generate_interfaces.cmake:286 (ament_execute_extensions)
[0.686s]   CMakeLists.txt:21 (rosidl_generate_interfaces)
[0.686s] This warning is for project developers.  Use -Wno-dev to suppress it.
[0.686s] [0m
[0.704s] -- Found PythonInterp: /usr/bin/python3 (found suitable version "3.8.10", minimum required is "3.5")
[0.705s] -- Found python_cmake_module: 0.8.1 (/opt/ros/foxy/share/python_cmake_module/cmake)
[0.705s] [33mCMake Warning (dev) at /opt/ros/foxy/share/python_cmake_module/cmake/Modules/FindPythonExtra.cmake:45 (find_package):
[0.706s]   Policy CMP0148 is not set: The FindPythonInterp and FindPythonLibs modules
[0.706s]   are removed.  Run "cmake --help-policy CMP0148" for policy details.  Use
[0.706s]   the cmake_policy command to set the policy and suppress this warning.
[0.706s] 
[0.706s] Call Stack (most recent call first):
[0.706s]   /opt/ros/foxy/share/rosidl_generator_py/cmake/rosidl_generator_py_generate_interfaces.cmake:23 (find_package)
[0.706s]   /opt/ros/foxy/share/ament_cmake_core/cmake/core/ament_execute_extensions.cmake:48 (include)
[0.706s]   /opt/ros/foxy/share/rosidl_cmake/cmake/rosidl_generate_interfaces.cmake:286 (ament_execute_extensions)
[0.706s]   CMakeLists.txt:21 (rosidl_generate_interfaces)
[0.707s] This warning is for project developers.  Use -Wno-dev to suppress it.
[0.707s] [0m
[0.724s] [33mCMake Warning (dev) at /opt/ros/foxy/share/python_cmake_module/cmake/Modules/FindPythonExtra.cmake:133 (find_package):
[0.724s]   Policy CMP0148 is not set: The FindPythonInterp and FindPythonLibs modules
[0.725s]   are removed.  Run "cmake --help-policy CMP0148" for policy details.  Use
[0.725s]   the cmake_policy command to set the policy and suppress this warning.
[0.725s] 
[0.725s] Call Stack (most recent call first):
[0.725s]   /opt/ros/foxy/share/rosidl_generator_py/cmake/rosidl_generator_py_generate_interfaces.cmake:23 (find_package)
[0.725s]   /opt/ros/foxy/share/ament_cmake_core/cmake/core/ament_execute_extensions.cmake:48 (include)
[0.725s]   /opt/ros/foxy/share/rosidl_cmake/cmake/rosidl_generate_interfaces.cmake:286 (ament_execute_extensions)
[0.726s]   CMakeLists.txt:21 (rosidl_generate_interfaces)
[0.726s] This warning is for project developers.  Use -Wno-dev to suppress it.
[0.726s] [0m
[0.728s] -- Using PYTHON_EXECUTABLE: /usr/bin/python3
[0.729s] -- Using PYTHON_INCLUDE_DIRS: /usr/include/python3.8
[0.729s] -- Using PYTHON_LIBRARIES: /usr/lib/x86_64-linux-gnu/libpython3.8.so
[0.737s] -- Found ament_lint_auto: 0.9.8 (/opt/ros/foxy/share/ament_lint_auto/cmake)
[0.744s] -- Added test 'copyright' to check source files copyright and LICENSE
[0.744s] -- Added test 'lint_cmake' to check CMake code style
[0.745s] -- Added test 'xmllint' to check XML markup files
[0.746s] -- Configuring done (0.5s)
[0.766s] -- Generating done (0.0s)
[0.768s] -- Build files have been written to: /home/olel/Projects/FPMagangBayu24/build/arm_interfaces
[0.782s] [  3%] Built target arm_interfaces__cpp
[0.785s] [ 12%] Built target arm_interfaces__rosidl_generator_c
[0.788s] [ 22%] Built target arm_interfaces__rosidl_typesupport_cpp
[0.791s] [ 41%] Built target arm_interfaces__rosidl_typesupport_introspection_cpp
[0.791s] [ 41%] Built target arm_interfaces__rosidl_typesupport_introspection_c
[0.791s] [ 51%] Built target arm_interfaces__rosidl_typesupport_c
[0.792s] [ 61%] Built target arm_interfaces__rosidl_typesupport_fastrtps_cpp
[0.800s] [ 70%] Built target arm_interfaces__rosidl_typesupport_fastrtps_c
[0.808s] [ 70%] Built target arm_interfaces
[0.818s] [ 74%] Built target arm_interfaces__py
[0.829s] [ 80%] Built target arm_interfaces__python
[0.841s] [ 87%] Built target arm_interfaces__rosidl_typesupport_c__pyext
[0.842s] [ 93%] Built target arm_interfaces__rosidl_typesupport_fastrtps_c__pyext
[0.842s] [100%] Built target arm_interfaces__rosidl_typesupport_introspection_c__pyext
[0.846s] Invoked command in '/home/olel/Projects/FPMagangBayu24/build/arm_interfaces' returned '0': CMAKE_PREFIX_PATH=/opt/ros/foxy /usr/local/bin/cmake --build /home/olel/Projects/FPMagangBayu24/build/arm_interfaces -- -j16 -l16
[0.906s] Invoking command in '/home/olel/Projects/FPMagangBayu24/build/arm_interfaces': CMAKE_PREFIX_PATH=/opt/ros/foxy /usr/local/bin/cmake --install /home/olel/Projects/FPMagangBayu24/build/arm_interfaces
[0.910s] -- Install configuration: ""
[0.911s] -- Up-to-date: /home/olel/Projects/FPMagangBayu24/install/arm_interfaces/share/ament_index/resource_index/rosidl_interfaces/arm_interfaces
[0.911s] -- Up-to-date: /home/olel/Projects/FPMagangBayu24/install/arm_interfaces/include/arm_interfaces
[0.911s] -- Up-to-date: /home/olel/Projects/FPMagangBayu24/install/arm_interfaces/include/arm_interfaces/msg
[0.911s] -- Up-to-date: /home/olel/Projects/FPMagangBayu24/install/arm_interfaces/include/arm_interfaces/msg/detail
[0.911s] -- Up-to-date: /home/olel/Projects/FPMagangBayu24/install/arm_interfaces/include/arm_interfaces/msg/detail/servo_parameters__functions.h
[0.911s] -- Up-to-date: /home/olel/Projects/FPMagangBayu24/install/arm_interfaces/include/arm_interfaces/msg/detail/servo_parameters__type_support.h
[0.911s] -- Up-to-date: /home/olel/Projects/FPMagangBayu24/install/arm_interfaces/include/arm_interfaces/msg/detail/servo_parameters__struct.h
[0.911s] -- Up-to-date: /home/olel/Projects/FPMagangBayu24/install/arm_interfaces/include/arm_interfaces/msg/detail/servo_parameters__functions.c
[0.912s] -- Up-to-date: /home/olel/Projects/FPMagangBayu24/install/arm_interfaces/include/arm_interfaces/msg/rosidl_generator_c__visibility_control.h
[0.912s] -- Up-to-date: /home/olel/Projects/FPMagangBayu24/install/arm_interfaces/include/arm_interfaces/msg/servo_parameters.h
[0.912s] -- Up-to-date: /home/olel/Projects/FPMagangBayu24/install/arm_interfaces/share/arm_interfaces/environment/library_path.sh
[0.912s] -- Installing: /home/olel/Projects/FPMagangBayu24/install/arm_interfaces/share/arm_interfaces/environment/library_path.dsv
[0.912s] -- Up-to-date: /home/olel/Projects/FPMagangBayu24/install/arm_interfaces/lib/libarm_interfaces__rosidl_generator_c.so
[0.912s] -- Up-to-date: /home/olel/Projects/FPMagangBayu24/install/arm_interfaces/include/arm_interfaces
[0.912s] -- Up-to-date: /home/olel/Projects/FPMagangBayu24/install/arm_interfaces/include/arm_interfaces/msg
[0.912s] -- Up-to-date: /home/olel/Projects/FPMagangBayu24/install/arm_interfaces/include/arm_interfaces/msg/detail
[0.912s] -- Up-to-date: /home/olel/Projects/FPMagangBayu24/install/arm_interfaces/include/arm_interfaces/msg/detail/servo_parameters__rosidl_typesupport_fastrtps_c.h
[0.913s] -- Up-to-date: /home/olel/Projects/FPMagangBayu24/install/arm_interfaces/include/arm_interfaces/msg/rosidl_typesupport_fastrtps_c__visibility_control.h
[0.913s] -- Up-to-date: /home/olel/Projects/FPMagangBayu24/install/arm_interfaces/lib/libarm_interfaces__rosidl_typesupport_fastrtps_c.so
[0.913s] -- Up-to-date: /home/olel/Projects/FPMagangBayu24/install/arm_interfaces/include/arm_interfaces
[0.913s] -- Up-to-date: /home/olel/Projects/FPMagangBayu24/install/arm_interfaces/include/arm_interfaces/msg
[0.913s] -- Up-to-date: /home/olel/Projects/FPMagangBayu24/install/arm_interfaces/include/arm_interfaces/msg/rosidl_typesupport_fastrtps_cpp__visibility_control.h
[0.913s] -- Up-to-date: /home/olel/Projects/FPMagangBayu24/install/arm_interfaces/include/arm_interfaces/msg/detail
[0.914s] -- Up-to-date: /home/olel/Projects/FPMagangBayu24/install/arm_interfaces/include/arm_interfaces/msg/detail/dds_fastrtps
[0.914s] -- Up-to-date: /home/olel/Projects/FPMagangBayu24/install/arm_interfaces/include/arm_interfaces/msg/detail/servo_parameters__rosidl_typesupport_fastrtps_cpp.hpp
[0.914s] -- Up-to-date: /home/olel/Projects/FPMagangBayu24/install/arm_interfaces/lib/libarm_interfaces__rosidl_typesupport_fastrtps_cpp.so
[0.914s] -- Up-to-date: /home/olel/Projects/FPMagangBayu24/install/arm_interfaces/include/arm_interfaces
[0.914s] -- Up-to-date: /home/olel/Projects/FPMagangBayu24/install/arm_interfaces/include/arm_interfaces/msg
[0.914s] -- Up-to-date: /home/olel/Projects/FPMagangBayu24/install/arm_interfaces/include/arm_interfaces/msg/detail
[0.914s] -- Up-to-date: /home/olel/Projects/FPMagangBayu24/install/arm_interfaces/include/arm_interfaces/msg/detail/servo_parameters__rosidl_typesupport_introspection_c.h
[0.914s] -- Up-to-date: /home/olel/Projects/FPMagangBayu24/install/arm_interfaces/include/arm_interfaces/msg/detail/servo_parameters__type_support.c
[0.914s] -- Up-to-date: /home/olel/Projects/FPMagangBayu24/install/arm_interfaces/include/arm_interfaces/msg/rosidl_typesupport_introspection_c__visibility_control.h
[0.915s] -- Up-to-date: /home/olel/Projects/FPMagangBayu24/install/arm_interfaces/lib/libarm_interfaces__rosidl_typesupport_introspection_c.so
[0.915s] -- Up-to-date: /home/olel/Projects/FPMagangBayu24/install/arm_interfaces/lib/libarm_interfaces__rosidl_typesupport_c.so
[0.916s] -- Up-to-date: /home/olel/Projects/FPMagangBayu24/install/arm_interfaces/include/arm_interfaces
[0.916s] -- Up-to-date: /home/olel/Projects/FPMagangBayu24/install/arm_interfaces/include/arm_interfaces/msg
[0.916s] -- Up-to-date: /home/olel/Projects/FPMagangBayu24/install/arm_interfaces/include/arm_interfaces/msg/rosidl_generator_cpp__visibility_control.hpp
[0.916s] -- Up-to-date: /home/olel/Projects/FPMagangBayu24/install/arm_interfaces/include/arm_interfaces/msg/servo_parameters.hpp
[0.916s] -- Up-to-date: /home/olel/Projects/FPMagangBayu24/install/arm_interfaces/include/arm_interfaces/msg/detail
[0.916s] -- Up-to-date: /home/olel/Projects/FPMagangBayu24/install/arm_interfaces/include/arm_interfaces/msg/detail/servo_parameters__builder.hpp
[0.916s] -- Up-to-date: /home/olel/Projects/FPMagangBayu24/install/arm_interfaces/include/arm_interfaces/msg/detail/servo_parameters__struct.hpp
[0.916s] -- Up-to-date: /home/olel/Projects/FPMagangBayu24/install/arm_interfaces/include/arm_interfaces/msg/detail/servo_parameters__type_support.hpp
[0.917s] -- Up-to-date: /home/olel/Projects/FPMagangBayu24/install/arm_interfaces/include/arm_interfaces/msg/detail/servo_parameters__traits.hpp
[0.917s] -- Up-to-date: /home/olel/Projects/FPMagangBayu24/install/arm_interfaces/include/arm_interfaces
[0.917s] -- Up-to-date: /home/olel/Projects/FPMagangBayu24/install/arm_interfaces/include/arm_interfaces/msg
[0.917s] -- Up-to-date: /home/olel/Projects/FPMagangBayu24/install/arm_interfaces/include/arm_interfaces/msg/detail
[0.917s] -- Up-to-date: /home/olel/Projects/FPMagangBayu24/install/arm_interfaces/include/arm_interfaces/msg/detail/servo_parameters__rosidl_typesupport_introspection_cpp.hpp
[0.917s] -- Up-to-date: /home/olel/Projects/FPMagangBayu24/install/arm_interfaces/include/arm_interfaces/msg/detail/servo_parameters__type_support.cpp
[0.917s] -- Up-to-date: /home/olel/Projects/FPMagangBayu24/install/arm_interfaces/lib/libarm_interfaces__rosidl_typesupport_introspection_cpp.so
[0.917s] -- Up-to-date: /home/olel/Projects/FPMagangBayu24/install/arm_interfaces/lib/libarm_interfaces__rosidl_typesupport_cpp.so
[0.917s] -- Up-to-date: /home/olel/Projects/FPMagangBayu24/install/arm_interfaces/share/arm_interfaces/environment/pythonpath.sh
[0.917s] -- Installing: /home/olel/Projects/FPMagangBayu24/install/arm_interfaces/share/arm_interfaces/environment/pythonpath.dsv
[0.917s] -- Installing: /home/olel/Projects/FPMagangBayu24/install/arm_interfaces/lib/python3.8/site-packages/arm_interfaces/__init__.py
[0.948s] Compiling '/home/olel/Projects/FPMagangBayu24/install/arm_interfaces/lib/python3.8/site-packages/arm_interfaces/__init__.py'...
[0.951s] -- Up-to-date: /home/olel/Projects/FPMagangBayu24/install/arm_interfaces/lib/python3.8/site-packages/arm_interfaces/msg
[0.951s] -- Up-to-date: /home/olel/Projects/FPMagangBayu24/install/arm_interfaces/lib/python3.8/site-packages/arm_interfaces/msg/__init__.py
[0.951s] -- Up-to-date: /home/olel/Projects/FPMagangBayu24/install/arm_interfaces/lib/python3.8/site-packages/arm_interfaces/msg/_servo_parameters_s.c
[0.951s] -- Up-to-date: /home/olel/Projects/FPMagangBayu24/install/arm_interfaces/lib/python3.8/site-packages/arm_interfaces/msg/_servo_parameters.py
[0.951s] -- Up-to-date: /home/olel/Projects/FPMagangBayu24/install/arm_interfaces/lib/python3.8/site-packages/arm_interfaces/arm_interfaces_s__rosidl_typesupport_fastrtps_c.cpython-38-x86_64-linux-gnu.so
[0.952s] -- Up-to-date: /home/olel/Projects/FPMagangBayu24/install/arm_interfaces/lib/python3.8/site-packages/arm_interfaces/arm_interfaces_s__rosidl_typesupport_introspection_c.cpython-38-x86_64-linux-gnu.so
[0.952s] -- Up-to-date: /home/olel/Projects/FPMagangBayu24/install/arm_interfaces/lib/python3.8/site-packages/arm_interfaces/arm_interfaces_s__rosidl_typesupport_c.cpython-38-x86_64-linux-gnu.so
[0.952s] -- Up-to-date: /home/olel/Projects/FPMagangBayu24/install/arm_interfaces/lib/libarm_interfaces__python.so
[0.953s] -- Up-to-date: /home/olel/Projects/FPMagangBayu24/install/arm_interfaces/share/arm_interfaces/msg/ServoParameters.idl
[0.953s] -- Installing: /home/olel/Projects/FPMagangBayu24/install/arm_interfaces/share/arm_interfaces/msg/ServoParameters.msg
[0.953s] -- Up-to-date: /home/olel/Projects/FPMagangBayu24/install/arm_interfaces/share/ament_index/resource_index/package_run_dependencies/arm_interfaces
[0.953s] -- Up-to-date: /home/olel/Projects/FPMagangBayu24/install/arm_interfaces/share/ament_index/resource_index/parent_prefix_path/arm_interfaces
[0.954s] -- Up-to-date: /home/olel/Projects/FPMagangBayu24/install/arm_interfaces/share/arm_interfaces/environment/ament_prefix_path.sh
[0.954s] -- Installing: /home/olel/Projects/FPMagangBayu24/install/arm_interfaces/share/arm_interfaces/environment/ament_prefix_path.dsv
[0.954s] -- Up-to-date: /home/olel/Projects/FPMagangBayu24/install/arm_interfaces/share/arm_interfaces/environment/path.sh
[0.954s] -- Installing: /home/olel/Projects/FPMagangBayu24/install/arm_interfaces/share/arm_interfaces/environment/path.dsv
[0.954s] -- Up-to-date: /home/olel/Projects/FPMagangBayu24/install/arm_interfaces/share/arm_interfaces/local_setup.bash
[0.954s] -- Up-to-date: /home/olel/Projects/FPMagangBayu24/install/arm_interfaces/share/arm_interfaces/local_setup.sh
[0.954s] -- Up-to-date: /home/olel/Projects/FPMagangBayu24/install/arm_interfaces/share/arm_interfaces/local_setup.zsh
[0.955s] -- Installing: /home/olel/Projects/FPMagangBayu24/install/arm_interfaces/share/arm_interfaces/local_setup.dsv
[0.955s] -- Installing: /home/olel/Projects/FPMagangBayu24/install/arm_interfaces/share/arm_interfaces/package.dsv
[0.955s] -- Up-to-date: /home/olel/Projects/FPMagangBayu24/install/arm_interfaces/share/ament_index/resource_index/packages/arm_interfaces
[0.955s] -- Up-to-date: /home/olel/Projects/FPMagangBayu24/install/arm_interfaces/share/arm_interfaces/cmake/arm_interfaces__rosidl_generator_cExport.cmake
[0.955s] -- Up-to-date: /home/olel/Projects/FPMagangBayu24/install/arm_interfaces/share/arm_interfaces/cmake/arm_interfaces__rosidl_generator_cExport-noconfig.cmake
[0.955s] -- Up-to-date: /home/olel/Projects/FPMagangBayu24/install/arm_interfaces/share/arm_interfaces/cmake/arm_interfaces__rosidl_typesupport_introspection_cExport.cmake
[0.955s] -- Up-to-date: /home/olel/Projects/FPMagangBayu24/install/arm_interfaces/share/arm_interfaces/cmake/arm_interfaces__rosidl_typesupport_introspection_cExport-noconfig.cmake
[0.955s] -- Up-to-date: /home/olel/Projects/FPMagangBayu24/install/arm_interfaces/share/arm_interfaces/cmake/arm_interfaces__rosidl_typesupport_cExport.cmake
[0.955s] -- Up-to-date: /home/olel/Projects/FPMagangBayu24/install/arm_interfaces/share/arm_interfaces/cmake/arm_interfaces__rosidl_typesupport_cExport-noconfig.cmake
[0.956s] -- Up-to-date: /home/olel/Projects/FPMagangBayu24/install/arm_interfaces/share/arm_interfaces/cmake/arm_interfaces__rosidl_generator_cppExport.cmake
[0.956s] -- Up-to-date: /home/olel/Projects/FPMagangBayu24/install/arm_interfaces/share/arm_interfaces/cmake/arm_interfaces__rosidl_typesupport_introspection_cppExport.cmake
[0.956s] -- Up-to-date: /home/olel/Projects/FPMagangBayu24/install/arm_interfaces/share/arm_interfaces/cmake/arm_interfaces__rosidl_typesupport_introspection_cppExport-noconfig.cmake
[0.956s] -- Up-to-date: /home/olel/Projects/FPMagangBayu24/install/arm_interfaces/share/arm_interfaces/cmake/arm_interfaces__rosidl_typesupport_cppExport.cmake
[0.956s] -- Up-to-date: /home/olel/Projects/FPMagangBayu24/install/arm_interfaces/share/arm_interfaces/cmake/arm_interfaces__rosidl_typesupport_cppExport-noconfig.cmake
[0.956s] -- Up-to-date: /home/olel/Projects/FPMagangBayu24/install/arm_interfaces/share/arm_interfaces/cmake/rosidl_cmake-extras.cmake
[0.956s] -- Up-to-date: /home/olel/Projects/FPMagangBayu24/install/arm_interfaces/share/arm_interfaces/cmake/ament_cmake_export_dependencies-extras.cmake
[0.957s] -- Up-to-date: /home/olel/Projects/FPMagangBayu24/install/arm_interfaces/share/arm_interfaces/cmake/ament_cmake_export_libraries-extras.cmake
[0.957s] -- Up-to-date: /home/olel/Projects/FPMagangBayu24/install/arm_interfaces/share/arm_interfaces/cmake/ament_cmake_export_targets-extras.cmake
[0.957s] -- Up-to-date: /home/olel/Projects/FPMagangBayu24/install/arm_interfaces/share/arm_interfaces/cmake/ament_cmake_export_include_directories-extras.cmake
[0.957s] -- Up-to-date: /home/olel/Projects/FPMagangBayu24/install/arm_interfaces/share/arm_interfaces/cmake/rosidl_cmake_export_typesupport_libraries-extras.cmake
[0.958s] -- Up-to-date: /home/olel/Projects/FPMagangBayu24/install/arm_interfaces/share/arm_interfaces/cmake/rosidl_cmake_export_typesupport_targets-extras.cmake
[0.959s] -- Up-to-date: /home/olel/Projects/FPMagangBayu24/install/arm_interfaces/share/arm_interfaces/cmake/arm_interfacesConfig.cmake
[0.959s] -- Up-to-date: /home/olel/Projects/FPMagangBayu24/install/arm_interfaces/share/arm_interfaces/cmake/arm_interfacesConfig-version.cmake
[0.959s] -- Up-to-date: /home/olel/Projects/FPMagangBayu24/install/arm_interfaces/share/arm_interfaces/package.xml
[0.959s] Invoked command in '/home/olel/Projects/FPMagangBayu24/build/arm_interfaces' returned '0': CMAKE_PREFIX_PATH=/opt/ros/foxy /usr/local/bin/cmake --install /home/olel/Projects/FPMagangBayu24/build/arm_interfaces
