[4.058s] DEBUG:colcon:Command line arguments: ['/usr/bin/colcon', 'list', '-p', '--base-paths', '/home/olel/Projects/FPMagangBayu24']
[4.058s] DEBUG:colcon:Parsed command line arguments: Namespace(allow_overriding=[], base_paths=['/home/olel/Projects/FPMagangBayu24'], build_base='build', ignore_user_meta=False, log_base=None, log_level=None, main=<bound method ListVerb.main of <colcon_package_information.verb.list.ListVerb object at 0x7f3635d525b0>>, metas=['./colcon.meta'], names_only=False, packages_above=None, packages_above_and_dependencies=None, packages_above_depth=None, packages_end=None, packages_ignore=None, packages_ignore_regex=None, packages_select=None, packages_select_build_failed=False, packages_select_by_dep=None, packages_select_regex=None, packages_select_test_failures=False, packages_skip=None, packages_skip_build_finished=False, packages_skip_by_dep=None, packages_skip_regex=None, packages_skip_test_passed=False, packages_skip_up_to=None, packages_start=None, packages_up_to=None, packages_up_to_regex=None, paths=None, paths_only=True, topological_graph=False, topological_graph_density=False, topological_graph_dot=False, topological_graph_dot_cluster=False, topological_graph_dot_include_skipped=False, topological_graph_legend=False, topological_order=False, verb_extension=<colcon_package_information.verb.list.ListVerb object at 0x7f3635d525b0>, verb_name='list', verb_parser=<colcon_defaults.argument_parser.defaults.DefaultArgumentsDecorator object at 0x7f3635a006a0>)
[4.209s] Level 1:colcon.colcon_core.package_discovery:discover_packages(colcon_meta) check parameters
[4.209s] Level 1:colcon.colcon_core.package_discovery:discover_packages(recursive) check parameters
[4.209s] Level 1:colcon.colcon_core.package_discovery:discover_packages(ignore) check parameters
[4.209s] Level 1:colcon.colcon_core.package_discovery:discover_packages(path) check parameters
[4.209s] Level 1:colcon.colcon_core.package_discovery:discover_packages(recursive) discover
[4.209s] INFO:colcon.colcon_core.package_discovery:Crawling recursively for packages in '/home/olel/Projects/FPMagangBayu24'
[4.209s] Level 1:colcon.colcon_core.package_identification:_identify(/home/olel/Projects/FPMagangBayu24) by extensions ['ignore', 'ignore_ament_install']
[4.210s] Level 1:colcon.colcon_core.package_identification:_identify(/home/olel/Projects/FPMagangBayu24) by extension 'ignore'
[4.210s] Level 1:colcon.colcon_core.package_identification:_identify(/home/olel/Projects/FPMagangBayu24) by extension 'ignore_ament_install'
[4.210s] Level 1:colcon.colcon_core.package_identification:_identify(/home/olel/Projects/FPMagangBayu24) by extensions ['colcon_pkg']
[4.210s] Level 1:colcon.colcon_core.package_identification:_identify(/home/olel/Projects/FPMagangBayu24) by extension 'colcon_pkg'
[4.210s] Level 1:colcon.colcon_core.package_identification:_identify(/home/olel/Projects/FPMagangBayu24) by extensions ['colcon_meta']
[4.210s] Level 1:colcon.colcon_core.package_identification:_identify(/home/olel/Projects/FPMagangBayu24) by extension 'colcon_meta'
[4.210s] Level 1:colcon.colcon_core.package_identification:_identify(/home/olel/Projects/FPMagangBayu24) by extensions ['ros']
[4.210s] Level 1:colcon.colcon_core.package_identification:_identify(/home/olel/Projects/FPMagangBayu24) by extension 'ros'
[4.232s] Level 1:colcon.colcon_core.package_identification:_identify(/home/olel/Projects/FPMagangBayu24) by extensions ['cmake', 'python']
[4.232s] Level 1:colcon.colcon_core.package_identification:_identify(/home/olel/Projects/FPMagangBayu24) by extension 'cmake'
[4.232s] Level 1:colcon.colcon_core.package_identification:_identify(/home/olel/Projects/FPMagangBayu24) by extension 'python'
[4.232s] Level 1:colcon.colcon_core.package_identification:_identify(/home/olel/Projects/FPMagangBayu24) by extensions ['python_setup_py']
[4.232s] Level 1:colcon.colcon_core.package_identification:_identify(/home/olel/Projects/FPMagangBayu24) by extension 'python_setup_py'
[4.232s] Level 1:colcon.colcon_core.package_identification:_identify(/home/olel/Projects/FPMagangBayu24/build) by extensions ['ignore', 'ignore_ament_install']
[4.232s] Level 1:colcon.colcon_core.package_identification:_identify(/home/olel/Projects/FPMagangBayu24/build) by extension 'ignore'
[4.232s] Level 1:colcon.colcon_core.package_identification:_identify(/home/olel/Projects/FPMagangBayu24/build) ignored
[4.232s] Level 1:colcon.colcon_core.package_identification:_identify(/home/olel/Projects/FPMagangBayu24/docs) by extensions ['ignore', 'ignore_ament_install']
[4.232s] Level 1:colcon.colcon_core.package_identification:_identify(/home/olel/Projects/FPMagangBayu24/docs) by extension 'ignore'
[4.232s] Level 1:colcon.colcon_core.package_identification:_identify(/home/olel/Projects/FPMagangBayu24/docs) by extension 'ignore_ament_install'
[4.232s] Level 1:colcon.colcon_core.package_identification:_identify(/home/olel/Projects/FPMagangBayu24/docs) by extensions ['colcon_pkg']
[4.233s] Level 1:colcon.colcon_core.package_identification:_identify(/home/olel/Projects/FPMagangBayu24/docs) by extension 'colcon_pkg'
[4.233s] Level 1:colcon.colcon_core.package_identification:_identify(/home/olel/Projects/FPMagangBayu24/docs) by extensions ['colcon_meta']
[4.233s] Level 1:colcon.colcon_core.package_identification:_identify(/home/olel/Projects/FPMagangBayu24/docs) by extension 'colcon_meta'
[4.233s] Level 1:colcon.colcon_core.package_identification:_identify(/home/olel/Projects/FPMagangBayu24/docs) by extensions ['ros']
[4.233s] Level 1:colcon.colcon_core.package_identification:_identify(/home/olel/Projects/FPMagangBayu24/docs) by extension 'ros'
[4.233s] Level 1:colcon.colcon_core.package_identification:_identify(/home/olel/Projects/FPMagangBayu24/docs) by extensions ['cmake', 'python']
[4.233s] Level 1:colcon.colcon_core.package_identification:_identify(/home/olel/Projects/FPMagangBayu24/docs) by extension 'cmake'
[4.233s] Level 1:colcon.colcon_core.package_identification:_identify(/home/olel/Projects/FPMagangBayu24/docs) by extension 'python'
[4.233s] Level 1:colcon.colcon_core.package_identification:_identify(/home/olel/Projects/FPMagangBayu24/docs) by extensions ['python_setup_py']
[4.233s] Level 1:colcon.colcon_core.package_identification:_identify(/home/olel/Projects/FPMagangBayu24/docs) by extension 'python_setup_py'
[4.233s] Level 1:colcon.colcon_core.package_identification:_identify(/home/olel/Projects/FPMagangBayu24/install) by extensions ['ignore', 'ignore_ament_install']
[4.233s] Level 1:colcon.colcon_core.package_identification:_identify(/home/olel/Projects/FPMagangBayu24/install) by extension 'ignore'
[4.233s] Level 1:colcon.colcon_core.package_identification:_identify(/home/olel/Projects/FPMagangBayu24/install) ignored
[4.233s] Level 1:colcon.colcon_core.package_identification:_identify(/home/olel/Projects/FPMagangBayu24/log) by extensions ['ignore', 'ignore_ament_install']
[4.233s] Level 1:colcon.colcon_core.package_identification:_identify(/home/olel/Projects/FPMagangBayu24/log) by extension 'ignore'
[4.233s] Level 1:colcon.colcon_core.package_identification:_identify(/home/olel/Projects/FPMagangBayu24/log) ignored
[4.234s] Level 1:colcon.colcon_core.package_identification:_identify(/home/olel/Projects/FPMagangBayu24/src) by extensions ['ignore', 'ignore_ament_install']
[4.234s] Level 1:colcon.colcon_core.package_identification:_identify(/home/olel/Projects/FPMagangBayu24/src) by extension 'ignore'
[4.234s] Level 1:colcon.colcon_core.package_identification:_identify(/home/olel/Projects/FPMagangBayu24/src) by extension 'ignore_ament_install'
[4.234s] Level 1:colcon.colcon_core.package_identification:_identify(/home/olel/Projects/FPMagangBayu24/src) by extensions ['colcon_pkg']
[4.234s] Level 1:colcon.colcon_core.package_identification:_identify(/home/olel/Projects/FPMagangBayu24/src) by extension 'colcon_pkg'
[4.234s] Level 1:colcon.colcon_core.package_identification:_identify(/home/olel/Projects/FPMagangBayu24/src) by extensions ['colcon_meta']
[4.234s] Level 1:colcon.colcon_core.package_identification:_identify(/home/olel/Projects/FPMagangBayu24/src) by extension 'colcon_meta'
[4.234s] Level 1:colcon.colcon_core.package_identification:_identify(/home/olel/Projects/FPMagangBayu24/src) by extensions ['ros']
[4.234s] Level 1:colcon.colcon_core.package_identification:_identify(/home/olel/Projects/FPMagangBayu24/src) by extension 'ros'
[4.234s] Level 1:colcon.colcon_core.package_identification:_identify(/home/olel/Projects/FPMagangBayu24/src) by extensions ['cmake', 'python']
[4.234s] Level 1:colcon.colcon_core.package_identification:_identify(/home/olel/Projects/FPMagangBayu24/src) by extension 'cmake'
[4.234s] Level 1:colcon.colcon_core.package_identification:_identify(/home/olel/Projects/FPMagangBayu24/src) by extension 'python'
[4.234s] Level 1:colcon.colcon_core.package_identification:_identify(/home/olel/Projects/FPMagangBayu24/src) by extensions ['python_setup_py']
[4.234s] Level 1:colcon.colcon_core.package_identification:_identify(/home/olel/Projects/FPMagangBayu24/src) by extension 'python_setup_py'
[4.234s] Level 1:colcon.colcon_core.package_identification:_identify(/home/olel/Projects/FPMagangBayu24/src/arm) by extensions ['ignore', 'ignore_ament_install']
[4.234s] Level 1:colcon.colcon_core.package_identification:_identify(/home/olel/Projects/FPMagangBayu24/src/arm) by extension 'ignore'
[4.234s] Level 1:colcon.colcon_core.package_identification:_identify(/home/olel/Projects/FPMagangBayu24/src/arm) by extension 'ignore_ament_install'
[4.234s] Level 1:colcon.colcon_core.package_identification:_identify(/home/olel/Projects/FPMagangBayu24/src/arm) by extensions ['colcon_pkg']
[4.234s] Level 1:colcon.colcon_core.package_identification:_identify(/home/olel/Projects/FPMagangBayu24/src/arm) by extension 'colcon_pkg'
[4.234s] Level 1:colcon.colcon_core.package_identification:_identify(/home/olel/Projects/FPMagangBayu24/src/arm) by extensions ['colcon_meta']
[4.234s] Level 1:colcon.colcon_core.package_identification:_identify(/home/olel/Projects/FPMagangBayu24/src/arm) by extension 'colcon_meta'
[4.234s] Level 1:colcon.colcon_core.package_identification:_identify(/home/olel/Projects/FPMagangBayu24/src/arm) by extensions ['ros']
[4.234s] Level 1:colcon.colcon_core.package_identification:_identify(/home/olel/Projects/FPMagangBayu24/src/arm) by extension 'ros'
[4.234s] Level 1:colcon.colcon_core.package_identification:_identify(/home/olel/Projects/FPMagangBayu24/src/arm) by extensions ['cmake', 'python']
[4.235s] Level 1:colcon.colcon_core.package_identification:_identify(/home/olel/Projects/FPMagangBayu24/src/arm) by extension 'cmake'
[4.235s] Level 1:colcon.colcon_core.package_identification:_identify(/home/olel/Projects/FPMagangBayu24/src/arm) by extension 'python'
[4.235s] Level 1:colcon.colcon_core.package_identification:_identify(/home/olel/Projects/FPMagangBayu24/src/arm) by extensions ['python_setup_py']
[4.235s] Level 1:colcon.colcon_core.package_identification:_identify(/home/olel/Projects/FPMagangBayu24/src/arm) by extension 'python_setup_py'
[4.235s] Level 1:colcon.colcon_core.package_identification:_identify(/home/olel/Projects/FPMagangBayu24/src/arm_interfaces) by extensions ['ignore', 'ignore_ament_install']
[4.235s] Level 1:colcon.colcon_core.package_identification:_identify(/home/olel/Projects/FPMagangBayu24/src/arm_interfaces) by extension 'ignore'
[4.235s] Level 1:colcon.colcon_core.package_identification:_identify(/home/olel/Projects/FPMagangBayu24/src/arm_interfaces) by extension 'ignore_ament_install'
[4.235s] Level 1:colcon.colcon_core.package_identification:_identify(/home/olel/Projects/FPMagangBayu24/src/arm_interfaces) by extensions ['colcon_pkg']
[4.235s] Level 1:colcon.colcon_core.package_identification:_identify(/home/olel/Projects/FPMagangBayu24/src/arm_interfaces) by extension 'colcon_pkg'
[4.235s] Level 1:colcon.colcon_core.package_identification:_identify(/home/olel/Projects/FPMagangBayu24/src/arm_interfaces) by extensions ['colcon_meta']
[4.235s] Level 1:colcon.colcon_core.package_identification:_identify(/home/olel/Projects/FPMagangBayu24/src/arm_interfaces) by extension 'colcon_meta'
[4.235s] Level 1:colcon.colcon_core.package_identification:_identify(/home/olel/Projects/FPMagangBayu24/src/arm_interfaces) by extensions ['ros']
[4.235s] Level 1:colcon.colcon_core.package_identification:_identify(/home/olel/Projects/FPMagangBayu24/src/arm_interfaces) by extension 'ros'
[4.237s] DEBUG:colcon.colcon_core.package_identification:Package '/home/olel/Projects/FPMagangBayu24/src/arm_interfaces' with type 'ros.ament_cmake' and name 'arm_interfaces'
[4.237s] Level 1:colcon.colcon_core.package_identification:_identify(/home/olel/Projects/FPMagangBayu24/src/control) by extensions ['ignore', 'ignore_ament_install']
[4.237s] Level 1:colcon.colcon_core.package_identification:_identify(/home/olel/Projects/FPMagangBayu24/src/control) by extension 'ignore'
[4.237s] Level 1:colcon.colcon_core.package_identification:_identify(/home/olel/Projects/FPMagangBayu24/src/control) by extension 'ignore_ament_install'
[4.238s] Level 1:colcon.colcon_core.package_identification:_identify(/home/olel/Projects/FPMagangBayu24/src/control) by extensions ['colcon_pkg']
[4.238s] Level 1:colcon.colcon_core.package_identification:_identify(/home/olel/Projects/FPMagangBayu24/src/control) by extension 'colcon_pkg'
[4.238s] Level 1:colcon.colcon_core.package_identification:_identify(/home/olel/Projects/FPMagangBayu24/src/control) by extensions ['colcon_meta']
[4.238s] Level 1:colcon.colcon_core.package_identification:_identify(/home/olel/Projects/FPMagangBayu24/src/control) by extension 'colcon_meta'
[4.238s] Level 1:colcon.colcon_core.package_identification:_identify(/home/olel/Projects/FPMagangBayu24/src/control) by extensions ['ros']
[4.238s] Level 1:colcon.colcon_core.package_identification:_identify(/home/olel/Projects/FPMagangBayu24/src/control) by extension 'ros'
[4.238s] DEBUG:colcon.colcon_core.package_identification:Package '/home/olel/Projects/FPMagangBayu24/src/control' with type 'ros.ament_cmake' and name 'control'
[4.238s] Level 1:colcon.colcon_core.package_identification:_identify(/home/olel/Projects/FPMagangBayu24/src/translator) by extensions ['ignore', 'ignore_ament_install']
[4.238s] Level 1:colcon.colcon_core.package_identification:_identify(/home/olel/Projects/FPMagangBayu24/src/translator) by extension 'ignore'
[4.239s] Level 1:colcon.colcon_core.package_identification:_identify(/home/olel/Projects/FPMagangBayu24/src/translator) by extension 'ignore_ament_install'
[4.239s] Level 1:colcon.colcon_core.package_identification:_identify(/home/olel/Projects/FPMagangBayu24/src/translator) by extensions ['colcon_pkg']
[4.239s] Level 1:colcon.colcon_core.package_identification:_identify(/home/olel/Projects/FPMagangBayu24/src/translator) by extension 'colcon_pkg'
[4.239s] Level 1:colcon.colcon_core.package_identification:_identify(/home/olel/Projects/FPMagangBayu24/src/translator) by extensions ['colcon_meta']
[4.239s] Level 1:colcon.colcon_core.package_identification:_identify(/home/olel/Projects/FPMagangBayu24/src/translator) by extension 'colcon_meta'
[4.239s] Level 1:colcon.colcon_core.package_identification:_identify(/home/olel/Projects/FPMagangBayu24/src/translator) by extensions ['ros']
[4.239s] Level 1:colcon.colcon_core.package_identification:_identify(/home/olel/Projects/FPMagangBayu24/src/translator) by extension 'ros'
[4.239s] DEBUG:colcon.colcon_core.package_identification:Package '/home/olel/Projects/FPMagangBayu24/src/translator' with type 'ros.ament_cmake' and name 'translator'
[4.239s] Level 1:colcon.colcon_core.package_identification:_identify(/home/olel/Projects/FPMagangBayu24/src/vision) by extensions ['ignore', 'ignore_ament_install']
[4.239s] Level 1:colcon.colcon_core.package_identification:_identify(/home/olel/Projects/FPMagangBayu24/src/vision) by extension 'ignore'
[4.239s] Level 1:colcon.colcon_core.package_identification:_identify(/home/olel/Projects/FPMagangBayu24/src/vision) by extension 'ignore_ament_install'
[4.239s] Level 1:colcon.colcon_core.package_identification:_identify(/home/olel/Projects/FPMagangBayu24/src/vision) by extensions ['colcon_pkg']
[4.239s] Level 1:colcon.colcon_core.package_identification:_identify(/home/olel/Projects/FPMagangBayu24/src/vision) by extension 'colcon_pkg'
[4.239s] Level 1:colcon.colcon_core.package_identification:_identify(/home/olel/Projects/FPMagangBayu24/src/vision) by extensions ['colcon_meta']
[4.239s] Level 1:colcon.colcon_core.package_identification:_identify(/home/olel/Projects/FPMagangBayu24/src/vision) by extension 'colcon_meta'
[4.239s] Level 1:colcon.colcon_core.package_identification:_identify(/home/olel/Projects/FPMagangBayu24/src/vision) by extensions ['ros']
[4.240s] Level 1:colcon.colcon_core.package_identification:_identify(/home/olel/Projects/FPMagangBayu24/src/vision) by extension 'ros'
[4.240s] DEBUG:colcon.colcon_core.package_identification:Package '/home/olel/Projects/FPMagangBayu24/src/vision' with type 'ros.ament_python' and name 'vision'
[4.240s] Level 1:colcon.colcon_core.package_discovery:discover_packages(recursive) using defaults
